{"C:\\Users\\MAUANDR\\Desktop\\team-manager-complete\\src\\App.jsx": {"path":"C:\\Users\\MAUANDR\\Desktop\\team-manager-complete\\src\\App.jsx","statementMap":{"0":{"start":{"line":16,"column":26},"end":{"line":16,"column":76}},"1":{"start":{"line":16,"column":32},"end":{"line":16,"column":76}},"2":{"start":{"line":29,"column":24},"end":{"line":29,"column":67}},"3":{"start":{"line":29,"column":30},"end":{"line":29,"column":67}},"4":{"start":{"line":33,"column":22},"end":{"line":33,"column":63}},"5":{"start":{"line":33,"column":28},"end":{"line":33,"column":63}},"6":{"start":{"line":39,"column":27},"end":{"line":39,"column":74}},"7":{"start":{"line":39,"column":33},"end":{"line":39,"column":74}},"8":{"start":{"line":47,"column":20},"end":{"line":47,"column":58}},"9":{"start":{"line":47,"column":26},"end":{"line":47,"column":58}},"10":{"start":{"line":48,"column":26},"end":{"line":48,"column":70}},"11":{"start":{"line":48,"column":32},"end":{"line":48,"column":70}},"12":{"start":{"line":49,"column":21},"end":{"line":49,"column":60}},"13":{"start":{"line":49,"column":27},"end":{"line":49,"column":60}},"14":{"start":{"line":50,"column":21},"end":{"line":50,"column":58}},"15":{"start":{"line":50,"column":27},"end":{"line":50,"column":58}},"16":{"start":{"line":57,"column":12},"end":{"line":122,"column":1}},"17":{"start":{"line":58,"column":2},"end":{"line":121,"column":4}}},"fnMap":{"0":{"name":"(anonymous_0)","decl":{"start":{"line":16,"column":26},"end":{"line":16,"column":27}},"loc":{"start":{"line":16,"column":32},"end":{"line":16,"column":76}},"line":16},"1":{"name":"(anonymous_1)","decl":{"start":{"line":29,"column":24},"end":{"line":29,"column":25}},"loc":{"start":{"line":29,"column":30},"end":{"line":29,"column":67}},"line":29},"2":{"name":"(anonymous_2)","decl":{"start":{"line":33,"column":22},"end":{"line":33,"column":23}},"loc":{"start":{"line":33,"column":28},"end":{"line":33,"column":63}},"line":33},"3":{"name":"(anonymous_3)","decl":{"start":{"line":39,"column":27},"end":{"line":39,"column":28}},"loc":{"start":{"line":39,"column":33},"end":{"line":39,"column":74}},"line":39},"4":{"name":"(anonymous_4)","decl":{"start":{"line":47,"column":20},"end":{"line":47,"column":21}},"loc":{"start":{"line":47,"column":26},"end":{"line":47,"column":58}},"line":47},"5":{"name":"(anonymous_5)","decl":{"start":{"line":48,"column":26},"end":{"line":48,"column":27}},"loc":{"start":{"line":48,"column":32},"end":{"line":48,"column":70}},"line":48},"6":{"name":"(anonymous_6)","decl":{"start":{"line":49,"column":21},"end":{"line":49,"column":22}},"loc":{"start":{"line":49,"column":27},"end":{"line":49,"column":60}},"line":49},"7":{"name":"(anonymous_7)","decl":{"start":{"line":50,"column":21},"end":{"line":50,"column":22}},"loc":{"start":{"line":50,"column":27},"end":{"line":50,"column":58}},"line":50},"8":{"name":"(anonymous_8)","decl":{"start":{"line":57,"column":12},"end":{"line":57,"column":13}},"loc":{"start":{"line":57,"column":18},"end":{"line":122,"column":1}},"line":57}},"branchMap":{},"s":{"0":0,"1":0,"2":0,"3":0,"4":0,"5":0,"6":0,"7":0,"8":0,"9":0,"10":0,"11":0,"12":0,"13":0,"14":0,"15":0,"16":0,"17":0},"f":{"0":0,"1":0,"2":0,"3":0,"4":0,"5":0,"6":0,"7":0,"8":0},"b":{}}
,"C:\\Users\\MAUANDR\\Desktop\\team-manager-complete\\src\\components\\AddPlayerModal.jsx": {"path":"C:\\Users\\MAUANDR\\Desktop\\team-manager-complete\\src\\components\\AddPlayerModal.jsx","statementMap":{"0":{"start":{"line":20,"column":23},"end":{"line":162,"column":1}},"1":{"start":{"line":27,"column":65},"end":{"line":27,"column":75}},"2":{"start":{"line":28,"column":38},"end":{"line":28,"column":50}},"3":{"start":{"line":29,"column":46},"end":{"line":29,"column":60}},"4":{"start":{"line":30,"column":42},"end":{"line":30,"column":56}},"5":{"start":{"line":33,"column":27},"end":{"line":36,"column":3}},"6":{"start":{"line":34,"column":4},"end":{"line":35,"column":49}},"7":{"start":{"line":39,"column":26},"end":{"line":45,"column":22}},"8":{"start":{"line":41,"column":8},"end":{"line":43,"column":70}},"9":{"start":{"line":48,"column":2},"end":{"line":54,"column":15}},"10":{"start":{"line":49,"column":4},"end":{"line":53,"column":5}},"11":{"start":{"line":50,"column":6},"end":{"line":50,"column":30}},"12":{"start":{"line":51,"column":6},"end":{"line":51,"column":24}},"13":{"start":{"line":52,"column":6},"end":{"line":52,"column":28}},"14":{"start":{"line":56,"column":29},"end":{"line":58,"column":3}},"15":{"start":{"line":57,"column":4},"end":{"line":57,"column":34}},"16":{"start":{"line":60,"column":29},"end":{"line":62,"column":3}},"17":{"start":{"line":61,"column":4},"end":{"line":61,"column":30}},"18":{"start":{"line":64,"column":26},"end":{"line":74,"column":3}},"19":{"start":{"line":65,"column":4},"end":{"line":71,"column":5}},"20":{"start":{"line":66,"column":6},"end":{"line":69,"column":9}},"21":{"start":{"line":70,"column":6},"end":{"line":70,"column":13}},"22":{"start":{"line":73,"column":4},"end":{"line":73,"column":57}},"23":{"start":{"line":76,"column":30},"end":{"line":78,"column":3}},"24":{"start":{"line":77,"column":4},"end":{"line":77,"column":26}},"25":{"start":{"line":80,"column":2},"end":{"line":161,"column":4}},"26":{"start":{"line":127,"column":16},"end":{"line":138,"column":21}},"27":{"start":{"line":130,"column":33},"end":{"line":130,"column":59}}},"fnMap":{"0":{"name":"(anonymous_0)","decl":{"start":{"line":20,"column":23},"end":{"line":20,"column":24}},"loc":{"start":{"line":26,"column":6},"end":{"line":162,"column":1}},"line":26},"1":{"name":"(anonymous_1)","decl":{"start":{"line":33,"column":40},"end":{"line":33,"column":41}},"loc":{"start":{"line":34,"column":4},"end":{"line":35,"column":49}},"line":34},"2":{"name":"(anonymous_2)","decl":{"start":{"line":40,"column":30},"end":{"line":40,"column":31}},"loc":{"start":{"line":41,"column":8},"end":{"line":43,"column":70}},"line":41},"3":{"name":"(anonymous_3)","decl":{"start":{"line":48,"column":12},"end":{"line":48,"column":13}},"loc":{"start":{"line":48,"column":18},"end":{"line":54,"column":3}},"line":48},"4":{"name":"(anonymous_4)","decl":{"start":{"line":56,"column":29},"end":{"line":56,"column":30}},"loc":{"start":{"line":56,"column":36},"end":{"line":58,"column":3}},"line":56},"5":{"name":"(anonymous_5)","decl":{"start":{"line":60,"column":29},"end":{"line":60,"column":30}},"loc":{"start":{"line":60,"column":41},"end":{"line":62,"column":3}},"line":60},"6":{"name":"(anonymous_6)","decl":{"start":{"line":64,"column":26},"end":{"line":64,"column":27}},"loc":{"start":{"line":64,"column":32},"end":{"line":74,"column":3}},"line":64},"7":{"name":"(anonymous_7)","decl":{"start":{"line":76,"column":30},"end":{"line":76,"column":31}},"loc":{"start":{"line":76,"column":36},"end":{"line":78,"column":3}},"line":76},"8":{"name":"(anonymous_8)","decl":{"start":{"line":126,"column":35},"end":{"line":126,"column":36}},"loc":{"start":{"line":127,"column":16},"end":{"line":138,"column":21}},"line":127},"9":{"name":"(anonymous_9)","decl":{"start":{"line":130,"column":27},"end":{"line":130,"column":28}},"loc":{"start":{"line":130,"column":33},"end":{"line":130,"column":59}},"line":130}},"branchMap":{"0":{"loc":{"start":{"line":24,"column":2},"end":{"line":24,"column":21}},"type":"default-arg","locations":[{"start":{"line":24,"column":19},"end":{"line":24,"column":21}}],"line":24},"1":{"loc":{"start":{"line":25,"column":2},"end":{"line":25,"column":19}},"type":"default-arg","locations":[{"start":{"line":25,"column":14},"end":{"line":25,"column":19}}],"line":25},"2":{"loc":{"start":{"line":27,"column":16},"end":{"line":27,"column":26}},"type":"default-arg","locations":[{"start":{"line":27,"column":24},"end":{"line":27,"column":26}}],"line":27},"3":{"loc":{"start":{"line":34,"column":4},"end":{"line":35,"column":49}},"type":"binary-expr","locations":[{"start":{"line":34,"column":4},"end":{"line":34,"column":26}},{"start":{"line":35,"column":4},"end":{"line":35,"column":49}}],"line":34},"4":{"loc":{"start":{"line":35,"column":29},"end":{"line":35,"column":48}},"type":"binary-expr","locations":[{"start":{"line":35,"column":29},"end":{"line":35,"column":37}},{"start":{"line":35,"column":41},"end":{"line":35,"column":48}}],"line":35},"5":{"loc":{"start":{"line":39,"column":26},"end":{"line":45,"column":22}},"type":"cond-expr","locations":[{"start":{"line":40,"column":6},"end":{"line":44,"column":7}},{"start":{"line":45,"column":6},"end":{"line":45,"column":22}}],"line":39},"6":{"loc":{"start":{"line":41,"column":8},"end":{"line":43,"column":70}},"type":"binary-expr","locations":[{"start":{"line":41,"column":8},"end":{"line":41,"column":74}},{"start":{"line":42,"column":8},"end":{"line":42,"column":73}},{"start":{"line":43,"column":8},"end":{"line":43,"column":70}}],"line":41},"7":{"loc":{"start":{"line":49,"column":4},"end":{"line":53,"column":5}},"type":"if","locations":[{"start":{"line":49,"column":4},"end":{"line":53,"column":5}},{"start":{},"end":{}}],"line":49},"8":{"loc":{"start":{"line":65,"column":4},"end":{"line":71,"column":5}},"type":"if","locations":[{"start":{"line":65,"column":4},"end":{"line":71,"column":5}},{"start":{},"end":{}}],"line":65},"9":{"loc":{"start":{"line":73,"column":16},"end":{"line":73,"column":55}},"type":"binary-expr","locations":[{"start":{"line":73,"column":16},"end":{"line":73,"column":34}},{"start":{"line":73,"column":38},"end":{"line":73,"column":55}}],"line":73},"10":{"loc":{"start":{"line":88,"column":9},"end":{"line":95,"column":9}},"type":"binary-expr","locations":[{"start":{"line":88,"column":9},"end":{"line":88,"column":21}},{"start":{"line":89,"column":10},"end":{"line":94,"column":12}}],"line":88},"11":{"loc":{"start":{"line":97,"column":9},"end":{"line":102,"column":9}},"type":"binary-expr","locations":[{"start":{"line":97,"column":9},"end":{"line":97,"column":14}},{"start":{"line":98,"column":10},"end":{"line":101,"column":12}}],"line":97},"12":{"loc":{"start":{"line":116,"column":11},"end":{"line":141,"column":11}},"type":"cond-expr","locations":[{"start":{"line":117,"column":12},"end":{"line":117,"column":66}},{"start":{"line":118,"column":14},"end":{"line":141,"column":11}}],"line":116},"13":{"loc":{"start":{"line":118,"column":14},"end":{"line":141,"column":11}},"type":"cond-expr","locations":[{"start":{"line":119,"column":12},"end":{"line":123,"column":18}},{"start":{"line":125,"column":12},"end":{"line":140,"column":17}}],"line":118},"14":{"loc":{"start":{"line":120,"column":15},"end":{"line":122,"column":55}},"type":"cond-expr","locations":[{"start":{"line":121,"column":18},"end":{"line":121,"column":80}},{"start":{"line":122,"column":18},"end":{"line":122,"column":55}}],"line":120},"15":{"loc":{"start":{"line":128,"column":23},"end":{"line":128,"column":46}},"type":"binary-expr","locations":[{"start":{"line":128,"column":23},"end":{"line":128,"column":33}},{"start":{"line":128,"column":37},"end":{"line":128,"column":46}}],"line":128},"16":{"loc":{"start":{"line":129,"column":44},"end":{"line":129,"column":151}},"type":"cond-expr","locations":[{"start":{"line":129,"column":136},"end":{"line":129,"column":146}},{"start":{"line":129,"column":149},"end":{"line":129,"column":151}}],"line":129},"17":{"loc":{"start":{"line":129,"column":44},"end":{"line":129,"column":133}},"type":"binary-expr","locations":[{"start":{"line":129,"column":44},"end":{"line":129,"column":58}},{"start":{"line":129,"column":62},"end":{"line":129,"column":133}}],"line":129},"18":{"loc":{"start":{"line":129,"column":63},"end":{"line":129,"column":102}},"type":"binary-expr","locations":[{"start":{"line":129,"column":63},"end":{"line":129,"column":81}},{"start":{"line":129,"column":85},"end":{"line":129,"column":102}}],"line":129},"19":{"loc":{"start":{"line":129,"column":109},"end":{"line":129,"column":132}},"type":"binary-expr","locations":[{"start":{"line":129,"column":109},"end":{"line":129,"column":119}},{"start":{"line":129,"column":123},"end":{"line":129,"column":132}}],"line":129},"20":{"loc":{"start":{"line":147,"column":22},"end":{"line":147,"column":50}},"type":"binary-expr","locations":[{"start":{"line":147,"column":22},"end":{"line":147,"column":37}},{"start":{"line":147,"column":41},"end":{"line":147,"column":50}}],"line":147},"21":{"loc":{"start":{"line":149,"column":13},"end":{"line":149,"column":69}},"type":"cond-expr","locations":[{"start":{"line":149,"column":25},"end":{"line":149,"column":46}},{"start":{"line":149,"column":49},"end":{"line":149,"column":69}}],"line":149}},"s":{"0":0,"1":0,"2":0,"3":0,"4":0,"5":0,"6":0,"7":0,"8":0,"9":0,"10":0,"11":0,"12":0,"13":0,"14":0,"15":0,"16":0,"17":0,"18":0,"19":0,"20":0,"21":0,"22":0,"23":0,"24":0,"25":0,"26":0,"27":0},"f":{"0":0,"1":0,"2":0,"3":0,"4":0,"5":0,"6":0,"7":0,"8":0,"9":0},"b":{"0":[0],"1":[0],"2":[0],"3":[0,0],"4":[0,0],"5":[0,0],"6":[0,0,0],"7":[0,0],"8":[0,0],"9":[0,0],"10":[0,0],"11":[0,0],"12":[0,0],"13":[0,0],"14":[0,0],"15":[0,0],"16":[0,0],"17":[0,0],"18":[0,0],"19":[0,0],"20":[0,0],"21":[0,0]}}
,"C:\\Users\\MAUANDR\\Desktop\\team-manager-complete\\src\\components\\AddTrainerModal.jsx": {"path":"C:\\Users\\MAUANDR\\Desktop\\team-manager-complete\\src\\components\\AddTrainerModal.jsx","statementMap":{"0":{"start":{"line":20,"column":24},"end":{"line":162,"column":1}},"1":{"start":{"line":27,"column":65},"end":{"line":27,"column":75}},"2":{"start":{"line":28,"column":38},"end":{"line":28,"column":50}},"3":{"start":{"line":29,"column":48},"end":{"line":29,"column":62}},"4":{"start":{"line":30,"column":42},"end":{"line":30,"column":56}},"5":{"start":{"line":33,"column":28},"end":{"line":36,"column":3}},"6":{"start":{"line":34,"column":4},"end":{"line":35,"column":50}},"7":{"start":{"line":39,"column":27},"end":{"line":45,"column":23}},"8":{"start":{"line":41,"column":8},"end":{"line":43,"column":71}},"9":{"start":{"line":48,"column":2},"end":{"line":54,"column":15}},"10":{"start":{"line":49,"column":4},"end":{"line":53,"column":5}},"11":{"start":{"line":50,"column":6},"end":{"line":50,"column":31}},"12":{"start":{"line":51,"column":6},"end":{"line":51,"column":24}},"13":{"start":{"line":52,"column":6},"end":{"line":52,"column":28}},"14":{"start":{"line":56,"column":29},"end":{"line":58,"column":3}},"15":{"start":{"line":57,"column":4},"end":{"line":57,"column":34}},"16":{"start":{"line":60,"column":30},"end":{"line":62,"column":3}},"17":{"start":{"line":61,"column":4},"end":{"line":61,"column":32}},"18":{"start":{"line":64,"column":27},"end":{"line":74,"column":3}},"19":{"start":{"line":65,"column":4},"end":{"line":71,"column":5}},"20":{"start":{"line":66,"column":6},"end":{"line":69,"column":9}},"21":{"start":{"line":70,"column":6},"end":{"line":70,"column":13}},"22":{"start":{"line":73,"column":4},"end":{"line":73,"column":60}},"23":{"start":{"line":76,"column":30},"end":{"line":78,"column":3}},"24":{"start":{"line":77,"column":4},"end":{"line":77,"column":26}},"25":{"start":{"line":80,"column":2},"end":{"line":161,"column":4}},"26":{"start":{"line":127,"column":16},"end":{"line":138,"column":21}},"27":{"start":{"line":130,"column":33},"end":{"line":130,"column":61}}},"fnMap":{"0":{"name":"(anonymous_0)","decl":{"start":{"line":20,"column":24},"end":{"line":20,"column":25}},"loc":{"start":{"line":26,"column":6},"end":{"line":162,"column":1}},"line":26},"1":{"name":"(anonymous_1)","decl":{"start":{"line":33,"column":41},"end":{"line":33,"column":42}},"loc":{"start":{"line":34,"column":4},"end":{"line":35,"column":50}},"line":34},"2":{"name":"(anonymous_2)","decl":{"start":{"line":40,"column":31},"end":{"line":40,"column":32}},"loc":{"start":{"line":41,"column":8},"end":{"line":43,"column":71}},"line":41},"3":{"name":"(anonymous_3)","decl":{"start":{"line":48,"column":12},"end":{"line":48,"column":13}},"loc":{"start":{"line":48,"column":18},"end":{"line":54,"column":3}},"line":48},"4":{"name":"(anonymous_4)","decl":{"start":{"line":56,"column":29},"end":{"line":56,"column":30}},"loc":{"start":{"line":56,"column":36},"end":{"line":58,"column":3}},"line":56},"5":{"name":"(anonymous_5)","decl":{"start":{"line":60,"column":30},"end":{"line":60,"column":31}},"loc":{"start":{"line":60,"column":43},"end":{"line":62,"column":3}},"line":60},"6":{"name":"(anonymous_6)","decl":{"start":{"line":64,"column":27},"end":{"line":64,"column":28}},"loc":{"start":{"line":64,"column":33},"end":{"line":74,"column":3}},"line":64},"7":{"name":"(anonymous_7)","decl":{"start":{"line":76,"column":30},"end":{"line":76,"column":31}},"loc":{"start":{"line":76,"column":36},"end":{"line":78,"column":3}},"line":76},"8":{"name":"(anonymous_8)","decl":{"start":{"line":126,"column":36},"end":{"line":126,"column":37}},"loc":{"start":{"line":127,"column":16},"end":{"line":138,"column":21}},"line":127},"9":{"name":"(anonymous_9)","decl":{"start":{"line":130,"column":27},"end":{"line":130,"column":28}},"loc":{"start":{"line":130,"column":33},"end":{"line":130,"column":61}},"line":130}},"branchMap":{"0":{"loc":{"start":{"line":24,"column":2},"end":{"line":24,"column":22}},"type":"default-arg","locations":[{"start":{"line":24,"column":20},"end":{"line":24,"column":22}}],"line":24},"1":{"loc":{"start":{"line":25,"column":2},"end":{"line":25,"column":19}},"type":"default-arg","locations":[{"start":{"line":25,"column":14},"end":{"line":25,"column":19}}],"line":25},"2":{"loc":{"start":{"line":27,"column":16},"end":{"line":27,"column":26}},"type":"default-arg","locations":[{"start":{"line":27,"column":24},"end":{"line":27,"column":26}}],"line":27},"3":{"loc":{"start":{"line":34,"column":4},"end":{"line":35,"column":50}},"type":"binary-expr","locations":[{"start":{"line":34,"column":5},"end":{"line":34,"column":28}},{"start":{"line":34,"column":32},"end":{"line":34,"column":53}},{"start":{"line":35,"column":4},"end":{"line":35,"column":50}}],"line":34},"4":{"loc":{"start":{"line":35,"column":30},"end":{"line":35,"column":49}},"type":"binary-expr","locations":[{"start":{"line":35,"column":30},"end":{"line":35,"column":38}},{"start":{"line":35,"column":42},"end":{"line":35,"column":49}}],"line":35},"5":{"loc":{"start":{"line":39,"column":27},"end":{"line":45,"column":23}},"type":"cond-expr","locations":[{"start":{"line":40,"column":6},"end":{"line":44,"column":7}},{"start":{"line":45,"column":6},"end":{"line":45,"column":23}}],"line":39},"6":{"loc":{"start":{"line":41,"column":8},"end":{"line":43,"column":71}},"type":"binary-expr","locations":[{"start":{"line":41,"column":8},"end":{"line":41,"column":75}},{"start":{"line":42,"column":8},"end":{"line":42,"column":74}},{"start":{"line":43,"column":8},"end":{"line":43,"column":71}}],"line":41},"7":{"loc":{"start":{"line":49,"column":4},"end":{"line":53,"column":5}},"type":"if","locations":[{"start":{"line":49,"column":4},"end":{"line":53,"column":5}},{"start":{},"end":{}}],"line":49},"8":{"loc":{"start":{"line":65,"column":4},"end":{"line":71,"column":5}},"type":"if","locations":[{"start":{"line":65,"column":4},"end":{"line":71,"column":5}},{"start":{},"end":{}}],"line":65},"9":{"loc":{"start":{"line":73,"column":17},"end":{"line":73,"column":58}},"type":"binary-expr","locations":[{"start":{"line":73,"column":17},"end":{"line":73,"column":36}},{"start":{"line":73,"column":40},"end":{"line":73,"column":58}}],"line":73},"10":{"loc":{"start":{"line":88,"column":9},"end":{"line":95,"column":9}},"type":"binary-expr","locations":[{"start":{"line":88,"column":9},"end":{"line":88,"column":21}},{"start":{"line":89,"column":10},"end":{"line":94,"column":12}}],"line":88},"11":{"loc":{"start":{"line":97,"column":9},"end":{"line":102,"column":9}},"type":"binary-expr","locations":[{"start":{"line":97,"column":9},"end":{"line":97,"column":14}},{"start":{"line":98,"column":10},"end":{"line":101,"column":12}}],"line":97},"12":{"loc":{"start":{"line":116,"column":11},"end":{"line":141,"column":11}},"type":"cond-expr","locations":[{"start":{"line":117,"column":12},"end":{"line":117,"column":66}},{"start":{"line":118,"column":14},"end":{"line":141,"column":11}}],"line":116},"13":{"loc":{"start":{"line":118,"column":14},"end":{"line":141,"column":11}},"type":"cond-expr","locations":[{"start":{"line":119,"column":12},"end":{"line":123,"column":18}},{"start":{"line":125,"column":12},"end":{"line":140,"column":17}}],"line":118},"14":{"loc":{"start":{"line":120,"column":15},"end":{"line":122,"column":55}},"type":"cond-expr","locations":[{"start":{"line":121,"column":18},"end":{"line":121,"column":80}},{"start":{"line":122,"column":18},"end":{"line":122,"column":55}}],"line":120},"15":{"loc":{"start":{"line":128,"column":23},"end":{"line":128,"column":48}},"type":"binary-expr","locations":[{"start":{"line":128,"column":23},"end":{"line":128,"column":34}},{"start":{"line":128,"column":38},"end":{"line":128,"column":48}}],"line":128},"16":{"loc":{"start":{"line":129,"column":44},"end":{"line":129,"column":156}},"type":"cond-expr","locations":[{"start":{"line":129,"column":141},"end":{"line":129,"column":151}},{"start":{"line":129,"column":154},"end":{"line":129,"column":156}}],"line":129},"17":{"loc":{"start":{"line":129,"column":44},"end":{"line":129,"column":138}},"type":"binary-expr","locations":[{"start":{"line":129,"column":44},"end":{"line":129,"column":59}},{"start":{"line":129,"column":63},"end":{"line":129,"column":138}}],"line":129},"18":{"loc":{"start":{"line":129,"column":64},"end":{"line":129,"column":105}},"type":"binary-expr","locations":[{"start":{"line":129,"column":64},"end":{"line":129,"column":83}},{"start":{"line":129,"column":87},"end":{"line":129,"column":105}}],"line":129},"19":{"loc":{"start":{"line":129,"column":112},"end":{"line":129,"column":137}},"type":"binary-expr","locations":[{"start":{"line":129,"column":112},"end":{"line":129,"column":123}},{"start":{"line":129,"column":127},"end":{"line":129,"column":137}}],"line":129},"20":{"loc":{"start":{"line":147,"column":22},"end":{"line":147,"column":51}},"type":"binary-expr","locations":[{"start":{"line":147,"column":22},"end":{"line":147,"column":38}},{"start":{"line":147,"column":42},"end":{"line":147,"column":51}}],"line":147},"21":{"loc":{"start":{"line":149,"column":13},"end":{"line":149,"column":69}},"type":"cond-expr","locations":[{"start":{"line":149,"column":25},"end":{"line":149,"column":46}},{"start":{"line":149,"column":49},"end":{"line":149,"column":69}}],"line":149}},"s":{"0":0,"1":0,"2":0,"3":0,"4":0,"5":0,"6":0,"7":0,"8":0,"9":0,"10":0,"11":0,"12":0,"13":0,"14":0,"15":0,"16":0,"17":0,"18":0,"19":0,"20":0,"21":0,"22":0,"23":0,"24":0,"25":0,"26":0,"27":0},"f":{"0":0,"1":0,"2":0,"3":0,"4":0,"5":0,"6":0,"7":0,"8":0,"9":0},"b":{"0":[0],"1":[0],"2":[0],"3":[0,0,0],"4":[0,0],"5":[0,0],"6":[0,0,0],"7":[0,0],"8":[0,0],"9":[0,0],"10":[0,0],"11":[0,0],"12":[0,0],"13":[0,0],"14":[0,0],"15":[0,0],"16":[0,0],"17":[0,0],"18":[0,0],"19":[0,0],"20":[0,0],"21":[0,0]}}
,"C:\\Users\\MAUANDR\\Desktop\\team-manager-complete\\src\\components\\AppWrapper.jsx": {"path":"C:\\Users\\MAUANDR\\Desktop\\team-manager-complete\\src\\components\\AppWrapper.jsx","statementMap":{"0":{"start":{"line":13,"column":19},"end":{"line":22,"column":1}},"1":{"start":{"line":14,"column":2},"end":{"line":21,"column":4}}},"fnMap":{"0":{"name":"(anonymous_0)","decl":{"start":{"line":13,"column":19},"end":{"line":13,"column":20}},"loc":{"start":{"line":13,"column":37},"end":{"line":22,"column":1}},"line":13}},"branchMap":{},"s":{"0":0,"1":0},"f":{"0":0},"b":{}}
,"C:\\Users\\MAUANDR\\Desktop\\team-manager-complete\\src\\components\\ConfirmationDialog.jsx": {"path":"C:\\Users\\MAUANDR\\Desktop\\team-manager-complete\\src\\components\\ConfirmationDialog.jsx","statementMap":{"0":{"start":{"line":20,"column":27},"end":{"line":60,"column":1}},"1":{"start":{"line":31,"column":2},"end":{"line":59,"column":4}}},"fnMap":{"0":{"name":"(anonymous_0)","decl":{"start":{"line":20,"column":27},"end":{"line":20,"column":28}},"loc":{"start":{"line":30,"column":6},"end":{"line":60,"column":1}},"line":30}},"branchMap":{"0":{"loc":{"start":{"line":26,"column":2},"end":{"line":26,"column":28}},"type":"default-arg","locations":[{"start":{"line":26,"column":16},"end":{"line":26,"column":28}}],"line":26},"1":{"loc":{"start":{"line":27,"column":2},"end":{"line":27,"column":26}},"type":"default-arg","locations":[{"start":{"line":27,"column":15},"end":{"line":27,"column":26}}],"line":27},"2":{"loc":{"start":{"line":28,"column":2},"end":{"line":28,"column":27}},"type":"default-arg","locations":[{"start":{"line":28,"column":19},"end":{"line":28,"column":27}}],"line":28},"3":{"loc":{"start":{"line":29,"column":2},"end":{"line":29,"column":19}},"type":"default-arg","locations":[{"start":{"line":29,"column":14},"end":{"line":29,"column":19}}],"line":29},"4":{"loc":{"start":{"line":47,"column":13},"end":{"line":47,"column":60}},"type":"cond-expr","locations":[{"start":{"line":47,"column":25},"end":{"line":47,"column":46}},{"start":{"line":47,"column":49},"end":{"line":47,"column":60}}],"line":47}},"s":{"0":1,"1":0},"f":{"0":0},"b":{"0":[0],"1":[0],"2":[0],"3":[0],"4":[0,0]},"_coverageSchema":"1a1c01bbd47fc00a2c39e90264f33305004495a9","hash":"801b00a572bf157c729e70ba14ce7c1151ed11ad"}
,"C:\\Users\\MAUANDR\\Desktop\\team-manager-complete\\src\\components\\ErrorBoundary.jsx": {"path":"C:\\Users\\MAUANDR\\Desktop\\team-manager-complete\\src\\components\\ErrorBoundary.jsx","statementMap":{"0":{"start":{"line":14,"column":4},"end":{"line":14,"column":17}},"1":{"start":{"line":15,"column":4},"end":{"line":19,"column":6}},"2":{"start":{"line":24,"column":4},"end":{"line":24,"column":30}},"3":{"start":{"line":29,"column":4},"end":{"line":32,"column":7}},"4":{"start":{"line":35,"column":4},"end":{"line":35,"column":82}},"5":{"start":{"line":41,"column":16},"end":{"line":47,"column":3}},"6":{"start":{"line":42,"column":4},"end":{"line":46,"column":7}},"7":{"start":{"line":50,"column":4},"end":{"line":85,"column":5}},"8":{"start":{"line":52,"column":6},"end":{"line":84,"column":8}},"9":{"start":{"line":77,"column":31},"end":{"line":77,"column":57}},"10":{"start":{"line":87,"column":4},"end":{"line":87,"column":31}},"11":{"start":{"line":98,"column":31},"end":{"line":142,"column":1}},"12":{"start":{"line":99,"column":40},"end":{"line":99,"column":54}},"13":{"start":{"line":101,"column":2},"end":{"line":106,"column":14}},"14":{"start":{"line":102,"column":4},"end":{"line":105,"column":5}},"15":{"start":{"line":103,"column":6},"end":{"line":103,"column":28}},"16":{"start":{"line":104,"column":6},"end":{"line":104,"column":75}},"17":{"start":{"line":108,"column":2},"end":{"line":139,"column":3}},"18":{"start":{"line":109,"column":4},"end":{"line":138,"column":6}},"19":{"start":{"line":125,"column":29},"end":{"line":125,"column":49}},"20":{"start":{"line":131,"column":29},"end":{"line":131,"column":55}},"21":{"start":{"line":141,"column":2},"end":{"line":141,"column":14}}},"fnMap":{"0":{"name":"(anonymous_0)","decl":{"start":{"line":13,"column":2},"end":{"line":13,"column":3}},"loc":{"start":{"line":13,"column":21},"end":{"line":20,"column":3}},"line":13},"1":{"name":"(anonymous_1)","decl":{"start":{"line":22,"column":2},"end":{"line":22,"column":3}},"loc":{"start":{"line":22,"column":41},"end":{"line":25,"column":3}},"line":22},"2":{"name":"(anonymous_2)","decl":{"start":{"line":27,"column":2},"end":{"line":27,"column":3}},"loc":{"start":{"line":27,"column":38},"end":{"line":39,"column":3}},"line":27},"3":{"name":"(anonymous_3)","decl":{"start":{"line":41,"column":16},"end":{"line":41,"column":17}},"loc":{"start":{"line":41,"column":22},"end":{"line":47,"column":3}},"line":41},"4":{"name":"(anonymous_4)","decl":{"start":{"line":49,"column":2},"end":{"line":49,"column":3}},"loc":{"start":{"line":49,"column":11},"end":{"line":88,"column":3}},"line":49},"5":{"name":"(anonymous_5)","decl":{"start":{"line":77,"column":25},"end":{"line":77,"column":26}},"loc":{"start":{"line":77,"column":31},"end":{"line":77,"column":57}},"line":77},"6":{"name":"(anonymous_6)","decl":{"start":{"line":98,"column":31},"end":{"line":98,"column":32}},"loc":{"start":{"line":98,"column":59},"end":{"line":142,"column":1}},"line":98},"7":{"name":"(anonymous_7)","decl":{"start":{"line":101,"column":12},"end":{"line":101,"column":13}},"loc":{"start":{"line":101,"column":18},"end":{"line":106,"column":3}},"line":101},"8":{"name":"(anonymous_8)","decl":{"start":{"line":125,"column":23},"end":{"line":125,"column":24}},"loc":{"start":{"line":125,"column":29},"end":{"line":125,"column":49}},"line":125},"9":{"name":"(anonymous_9)","decl":{"start":{"line":131,"column":23},"end":{"line":131,"column":24}},"loc":{"start":{"line":131,"column":29},"end":{"line":131,"column":55}},"line":131}},"branchMap":{"0":{"loc":{"start":{"line":50,"column":4},"end":{"line":85,"column":5}},"type":"if","locations":[{"start":{"line":50,"column":4},"end":{"line":85,"column":5}},{"start":{},"end":{}}],"line":50},"1":{"loc":{"start":{"line":56,"column":16},"end":{"line":56,"column":78}},"type":"binary-expr","locations":[{"start":{"line":56,"column":16},"end":{"line":56,"column":42}},{"start":{"line":56,"column":46},"end":{"line":56,"column":78}}],"line":56},"2":{"loc":{"start":{"line":58,"column":13},"end":{"line":66,"column":13}},"type":"binary-expr","locations":[{"start":{"line":58,"column":13},"end":{"line":58,"column":50}},{"start":{"line":58,"column":54},"end":{"line":58,"column":70}},{"start":{"line":59,"column":14},"end":{"line":65,"column":20}}],"line":58},"3":{"loc":{"start":{"line":63,"column":24},"end":{"line":63,"column":83}},"type":"binary-expr","locations":[{"start":{"line":63,"column":24},"end":{"line":63,"column":44}},{"start":{"line":63,"column":48},"end":{"line":63,"column":83}}],"line":63},"4":{"loc":{"start":{"line":102,"column":4},"end":{"line":105,"column":5}},"type":"if","locations":[{"start":{"line":102,"column":4},"end":{"line":105,"column":5}},{"start":{},"end":{}}],"line":102},"5":{"loc":{"start":{"line":108,"column":2},"end":{"line":139,"column":3}},"type":"if","locations":[{"start":{"line":108,"column":2},"end":{"line":139,"column":3}},{"start":{},"end":{}}],"line":108},"6":{"loc":{"start":{"line":113,"column":14},"end":{"line":113,"column":65}},"type":"binary-expr","locations":[{"start":{"line":113,"column":14},"end":{"line":113,"column":29}},{"start":{"line":113,"column":33},"end":{"line":113,"column":65}}],"line":113},"7":{"loc":{"start":{"line":115,"column":11},"end":{"line":120,"column":11}},"type":"binary-expr","locations":[{"start":{"line":115,"column":11},"end":{"line":115,"column":48}},{"start":{"line":116,"column":12},"end":{"line":119,"column":18}}],"line":115}},"s":{"0":0,"1":0,"2":0,"3":0,"4":0,"5":0,"6":0,"7":0,"8":0,"9":0,"10":0,"11":0,"12":0,"13":0,"14":0,"15":0,"16":0,"17":0,"18":0,"19":0,"20":0,"21":0},"f":{"0":0,"1":0,"2":0,"3":0,"4":0,"5":0,"6":0,"7":0,"8":0,"9":0},"b":{"0":[0,0],"1":[0,0],"2":[0,0,0],"3":[0,0],"4":[0,0],"5":[0,0],"6":[0,0],"7":[0,0]}}
,"C:\\Users\\MAUANDR\\Desktop\\team-manager-complete\\src\\components\\Modal.jsx": {"path":"C:\\Users\\MAUANDR\\Desktop\\team-manager-complete\\src\\components\\Modal.jsx","statementMap":{"0":{"start":{"line":17,"column":14},"end":{"line":100,"column":1}},"1":{"start":{"line":26,"column":2},"end":{"line":26,"column":27}},"2":{"start":{"line":26,"column":15},"end":{"line":26,"column":27}},"3":{"start":{"line":29,"column":22},"end":{"line":33,"column":4}},"4":{"start":{"line":30,"column":17},"end":{"line":30,"column":46}},"5":{"start":{"line":31,"column":4},"end":{"line":31,"column":34}},"6":{"start":{"line":32,"column":4},"end":{"line":32,"column":16}},"7":{"start":{"line":36,"column":2},"end":{"line":41,"column":18}},"8":{"start":{"line":37,"column":4},"end":{"line":37,"column":41}},"9":{"start":{"line":38,"column":4},"end":{"line":40,"column":6}},"10":{"start":{"line":39,"column":6},"end":{"line":39,"column":43}},"11":{"start":{"line":44,"column":2},"end":{"line":61,"column":16}},"12":{"start":{"line":45,"column":26},"end":{"line":45,"column":73}},"13":{"start":{"line":46,"column":4},"end":{"line":46,"column":44}},"14":{"start":{"line":49,"column":25},"end":{"line":53,"column":5}},"15":{"start":{"line":50,"column":6},"end":{"line":52,"column":7}},"16":{"start":{"line":51,"column":8},"end":{"line":51,"column":18}},"17":{"start":{"line":55,"column":4},"end":{"line":55,"column":53}},"18":{"start":{"line":57,"column":4},"end":{"line":60,"column":6}},"19":{"start":{"line":58,"column":6},"end":{"line":58,"column":51}},"20":{"start":{"line":59,"column":6},"end":{"line":59,"column":58}},"21":{"start":{"line":64,"column":30},"end":{"line":68,"column":3}},"22":{"start":{"line":65,"column":4},"end":{"line":67,"column":5}},"23":{"start":{"line":66,"column":6},"end":{"line":66,"column":16}},"24":{"start":{"line":70,"column":23},"end":{"line":73,"column":29}},"25":{"start":{"line":77,"column":4},"end":{"line":96,"column":10}},"26":{"start":{"line":99,"column":2},"end":{"line":99,"column":56}}},"fnMap":{"0":{"name":"(anonymous_0)","decl":{"start":{"line":17,"column":14},"end":{"line":17,"column":15}},"loc":{"start":{"line":24,"column":6},"end":{"line":100,"column":1}},"line":24},"1":{"name":"(anonymous_1)","decl":{"start":{"line":29,"column":31},"end":{"line":29,"column":32}},"loc":{"start":{"line":29,"column":37},"end":{"line":33,"column":3}},"line":29},"2":{"name":"(anonymous_2)","decl":{"start":{"line":36,"column":18},"end":{"line":36,"column":19}},"loc":{"start":{"line":36,"column":24},"end":{"line":41,"column":3}},"line":36},"3":{"name":"(anonymous_3)","decl":{"start":{"line":38,"column":11},"end":{"line":38,"column":12}},"loc":{"start":{"line":38,"column":17},"end":{"line":40,"column":5}},"line":38},"4":{"name":"(anonymous_4)","decl":{"start":{"line":44,"column":12},"end":{"line":44,"column":13}},"loc":{"start":{"line":44,"column":18},"end":{"line":61,"column":3}},"line":44},"5":{"name":"(anonymous_5)","decl":{"start":{"line":49,"column":25},"end":{"line":49,"column":26}},"loc":{"start":{"line":49,"column":32},"end":{"line":53,"column":5}},"line":49},"6":{"name":"(anonymous_6)","decl":{"start":{"line":57,"column":11},"end":{"line":57,"column":12}},"loc":{"start":{"line":57,"column":17},"end":{"line":60,"column":5}},"line":57},"7":{"name":"(anonymous_7)","decl":{"start":{"line":64,"column":30},"end":{"line":64,"column":31}},"loc":{"start":{"line":64,"column":37},"end":{"line":68,"column":3}},"line":64}},"branchMap":{"0":{"loc":{"start":{"line":22,"column":2},"end":{"line":22,"column":17}},"type":"default-arg","locations":[{"start":{"line":22,"column":9},"end":{"line":22,"column":17}}],"line":22},"1":{"loc":{"start":{"line":23,"column":2},"end":{"line":23,"column":29}},"type":"default-arg","locations":[{"start":{"line":23,"column":25},"end":{"line":23,"column":29}}],"line":23},"2":{"loc":{"start":{"line":26,"column":2},"end":{"line":26,"column":27}},"type":"if","locations":[{"start":{"line":26,"column":2},"end":{"line":26,"column":27}},{"start":{},"end":{}}],"line":26},"3":{"loc":{"start":{"line":50,"column":6},"end":{"line":52,"column":7}},"type":"if","locations":[{"start":{"line":50,"column":6},"end":{"line":52,"column":7}},{"start":{},"end":{}}],"line":50},"4":{"loc":{"start":{"line":65,"column":4},"end":{"line":67,"column":5}},"type":"if","locations":[{"start":{"line":65,"column":4},"end":{"line":67,"column":5}},{"start":{},"end":{}}],"line":65},"5":{"loc":{"start":{"line":65,"column":8},"end":{"line":65,"column":60}},"type":"binary-expr","locations":[{"start":{"line":65,"column":8},"end":{"line":65,"column":28}},{"start":{"line":65,"column":32},"end":{"line":65,"column":60}}],"line":65},"6":{"loc":{"start":{"line":79,"column":9},"end":{"line":91,"column":9}},"type":"binary-expr","locations":[{"start":{"line":79,"column":9},"end":{"line":79,"column":14}},{"start":{"line":80,"column":10},"end":{"line":90,"column":16}}],"line":79}},"s":{"0":0,"1":0,"2":0,"3":0,"4":0,"5":0,"6":0,"7":0,"8":0,"9":0,"10":0,"11":0,"12":0,"13":0,"14":0,"15":0,"16":0,"17":0,"18":0,"19":0,"20":0,"21":0,"22":0,"23":0,"24":0,"25":0,"26":0},"f":{"0":0,"1":0,"2":0,"3":0,"4":0,"5":0,"6":0,"7":0},"b":{"0":[0],"1":[0],"2":[0,0],"3":[0,0],"4":[0,0],"5":[0,0],"6":[0,0]}}
,"C:\\Users\\MAUANDR\\Desktop\\team-manager-complete\\src\\components\\auth\\PrivateRoute.jsx": {"path":"C:\\Users\\MAUANDR\\Desktop\\team-manager-complete\\src\\components\\auth\\PrivateRoute.jsx","statementMap":{"0":{"start":{"line":11,"column":21},"end":{"line":26,"column":1}},"1":{"start":{"line":12,"column":41},"end":{"line":12,"column":50}},"2":{"start":{"line":15,"column":2},"end":{"line":17,"column":3}},"3":{"start":{"line":16,"column":4},"end":{"line":16,"column":16}},"4":{"start":{"line":20,"column":2},"end":{"line":22,"column":3}},"5":{"start":{"line":21,"column":4},"end":{"line":21,"column":44}},"6":{"start":{"line":25,"column":2},"end":{"line":25,"column":20}}},"fnMap":{"0":{"name":"(anonymous_0)","decl":{"start":{"line":11,"column":21},"end":{"line":11,"column":22}},"loc":{"start":{"line":11,"column":27},"end":{"line":26,"column":1}},"line":11}},"branchMap":{"0":{"loc":{"start":{"line":15,"column":2},"end":{"line":17,"column":3}},"type":"if","locations":[{"start":{"line":15,"column":2},"end":{"line":17,"column":3}},{"start":{},"end":{}}],"line":15},"1":{"loc":{"start":{"line":20,"column":2},"end":{"line":22,"column":3}},"type":"if","locations":[{"start":{"line":20,"column":2},"end":{"line":22,"column":3}},{"start":{},"end":{}}],"line":20}},"s":{"0":0,"1":0,"2":0,"3":0,"4":0,"5":0,"6":0},"f":{"0":0},"b":{"0":[0,0],"1":[0,0]}}
,"C:\\Users\\MAUANDR\\Desktop\\team-manager-complete\\src\\components\\auth\\RoleBasedAccess.jsx": {"path":"C:\\Users\\MAUANDR\\Desktop\\team-manager-complete\\src\\components\\auth\\RoleBasedAccess.jsx","statementMap":{"0":{"start":{"line":13,"column":24},"end":{"line":33,"column":1}},"1":{"start":{"line":18,"column":36},"end":{"line":18,"column":45}},"2":{"start":{"line":21,"column":2},"end":{"line":23,"column":3}},"3":{"start":{"line":22,"column":4},"end":{"line":22,"column":20}},"4":{"start":{"line":27,"column":2},"end":{"line":29,"column":3}},"5":{"start":{"line":28,"column":4},"end":{"line":28,"column":20}},"6":{"start":{"line":32,"column":2},"end":{"line":32,"column":18}}},"fnMap":{"0":{"name":"(anonymous_0)","decl":{"start":{"line":13,"column":24},"end":{"line":13,"column":25}},"loc":{"start":{"line":17,"column":6},"end":{"line":33,"column":1}},"line":17}},"branchMap":{"0":{"loc":{"start":{"line":14,"column":2},"end":{"line":14,"column":12}},"type":"default-arg","locations":[{"start":{"line":14,"column":10},"end":{"line":14,"column":12}}],"line":14},"1":{"loc":{"start":{"line":16,"column":2},"end":{"line":16,"column":17}},"type":"default-arg","locations":[{"start":{"line":16,"column":13},"end":{"line":16,"column":17}}],"line":16},"2":{"loc":{"start":{"line":21,"column":2},"end":{"line":23,"column":3}},"type":"if","locations":[{"start":{"line":21,"column":2},"end":{"line":23,"column":3}},{"start":{},"end":{}}],"line":21},"3":{"loc":{"start":{"line":21,"column":6},"end":{"line":21,"column":45}},"type":"binary-expr","locations":[{"start":{"line":21,"column":6},"end":{"line":21,"column":22}},{"start":{"line":21,"column":26},"end":{"line":21,"column":31}},{"start":{"line":21,"column":35},"end":{"line":21,"column":45}}],"line":21},"4":{"loc":{"start":{"line":27,"column":2},"end":{"line":29,"column":3}},"type":"if","locations":[{"start":{"line":27,"column":2},"end":{"line":29,"column":3}},{"start":{},"end":{}}],"line":27},"5":{"loc":{"start":{"line":27,"column":6},"end":{"line":27,"column":53}},"type":"binary-expr","locations":[{"start":{"line":27,"column":6},"end":{"line":27,"column":24}},{"start":{"line":27,"column":28},"end":{"line":27,"column":53}}],"line":27}},"s":{"0":0,"1":0,"2":0,"3":0,"4":0,"5":0,"6":0},"f":{"0":0},"b":{"0":[0],"1":[0],"2":[0,0],"3":[0,0,0],"4":[0,0],"5":[0,0]}}
,"C:\\Users\\MAUANDR\\Desktop\\team-manager-complete\\src\\components\\auth\\RoleBasedRedirect.jsx": {"path":"C:\\Users\\MAUANDR\\Desktop\\team-manager-complete\\src\\components\\auth\\RoleBasedRedirect.jsx","statementMap":{"0":{"start":{"line":11,"column":26},"end":{"line":38,"column":1}},"1":{"start":{"line":12,"column":47},"end":{"line":12,"column":56}},"2":{"start":{"line":15,"column":2},"end":{"line":17,"column":3}},"3":{"start":{"line":16,"column":4},"end":{"line":16,"column":16}},"4":{"start":{"line":20,"column":2},"end":{"line":22,"column":3}},"5":{"start":{"line":21,"column":4},"end":{"line":21,"column":44}},"6":{"start":{"line":25,"column":2},"end":{"line":37,"column":3}},"7":{"start":{"line":27,"column":6},"end":{"line":27,"column":46}},"8":{"start":{"line":29,"column":6},"end":{"line":29,"column":48}},"9":{"start":{"line":31,"column":6},"end":{"line":31,"column":47}},"10":{"start":{"line":33,"column":6},"end":{"line":33,"column":47}},"11":{"start":{"line":36,"column":6},"end":{"line":36,"column":50}}},"fnMap":{"0":{"name":"(anonymous_0)","decl":{"start":{"line":11,"column":26},"end":{"line":11,"column":27}},"loc":{"start":{"line":11,"column":32},"end":{"line":38,"column":1}},"line":11}},"branchMap":{"0":{"loc":{"start":{"line":15,"column":2},"end":{"line":17,"column":3}},"type":"if","locations":[{"start":{"line":15,"column":2},"end":{"line":17,"column":3}},{"start":{},"end":{}}],"line":15},"1":{"loc":{"start":{"line":20,"column":2},"end":{"line":22,"column":3}},"type":"if","locations":[{"start":{"line":20,"column":2},"end":{"line":22,"column":3}},{"start":{},"end":{}}],"line":20},"2":{"loc":{"start":{"line":25,"column":2},"end":{"line":37,"column":3}},"type":"switch","locations":[{"start":{"line":26,"column":4},"end":{"line":27,"column":46}},{"start":{"line":28,"column":4},"end":{"line":29,"column":48}},{"start":{"line":30,"column":4},"end":{"line":31,"column":47}},{"start":{"line":32,"column":4},"end":{"line":33,"column":47}},{"start":{"line":34,"column":4},"end":{"line":36,"column":50}}],"line":25}},"s":{"0":0,"1":0,"2":0,"3":0,"4":0,"5":0,"6":0,"7":0,"8":0,"9":0,"10":0,"11":0},"f":{"0":0},"b":{"0":[0,0],"1":[0,0],"2":[0,0,0,0,0]}}
,"C:\\Users\\MAUANDR\\Desktop\\team-manager-complete\\src\\components\\auth\\RoleBasedRoute.jsx": {"path":"C:\\Users\\MAUANDR\\Desktop\\team-manager-complete\\src\\components\\auth\\RoleBasedRoute.jsx","statementMap":{"0":{"start":{"line":13,"column":23},"end":{"line":36,"column":1}},"1":{"start":{"line":14,"column":47},"end":{"line":14,"column":56}},"2":{"start":{"line":15,"column":19},"end":{"line":15,"column":32}},"3":{"start":{"line":18,"column":2},"end":{"line":20,"column":3}},"4":{"start":{"line":19,"column":4},"end":{"line":19,"column":16}},"5":{"start":{"line":23,"column":2},"end":{"line":25,"column":3}},"6":{"start":{"line":24,"column":4},"end":{"line":24,"column":71}},"7":{"start":{"line":29,"column":2},"end":{"line":31,"column":3}},"8":{"start":{"line":30,"column":4},"end":{"line":30,"column":48}},"9":{"start":{"line":35,"column":2},"end":{"line":35,"column":20}}},"fnMap":{"0":{"name":"(anonymous_0)","decl":{"start":{"line":13,"column":23},"end":{"line":13,"column":24}},"loc":{"start":{"line":13,"column":61},"end":{"line":36,"column":1}},"line":13}},"branchMap":{"0":{"loc":{"start":{"line":13,"column":26},"end":{"line":13,"column":36}},"type":"default-arg","locations":[{"start":{"line":13,"column":34},"end":{"line":13,"column":36}}],"line":13},"1":{"loc":{"start":{"line":13,"column":38},"end":{"line":13,"column":54}},"type":"default-arg","locations":[{"start":{"line":13,"column":51},"end":{"line":13,"column":54}}],"line":13},"2":{"loc":{"start":{"line":18,"column":2},"end":{"line":20,"column":3}},"type":"if","locations":[{"start":{"line":18,"column":2},"end":{"line":20,"column":3}},{"start":{},"end":{}}],"line":18},"3":{"loc":{"start":{"line":23,"column":2},"end":{"line":25,"column":3}},"type":"if","locations":[{"start":{"line":23,"column":2},"end":{"line":25,"column":3}},{"start":{},"end":{}}],"line":23},"4":{"loc":{"start":{"line":29,"column":2},"end":{"line":31,"column":3}},"type":"if","locations":[{"start":{"line":29,"column":2},"end":{"line":31,"column":3}},{"start":{},"end":{}}],"line":29},"5":{"loc":{"start":{"line":29,"column":6},"end":{"line":29,"column":52}},"type":"binary-expr","locations":[{"start":{"line":29,"column":6},"end":{"line":29,"column":22}},{"start":{"line":29,"column":26},"end":{"line":29,"column":52}}],"line":29}},"s":{"0":0,"1":0,"2":0,"3":0,"4":0,"5":0,"6":0,"7":0,"8":0,"9":0},"f":{"0":0},"b":{"0":[0],"1":[0],"2":[0,0],"3":[0,0],"4":[0,0],"5":[0,0]}}
,"C:\\Users\\MAUANDR\\Desktop\\team-manager-complete\\src\\components\\ui\\Alert.jsx": {"path":"C:\\Users\\MAUANDR\\Desktop\\team-manager-complete\\src\\components\\ui\\Alert.jsx","statementMap":{"0":{"start":{"line":14,"column":14},"end":{"line":41,"column":1}},"1":{"start":{"line":21,"column":23},"end":{"line":24,"column":29}},"2":{"start":{"line":26,"column":2},"end":{"line":40,"column":4}}},"fnMap":{"0":{"name":"(anonymous_0)","decl":{"start":{"line":14,"column":14},"end":{"line":14,"column":15}},"loc":{"start":{"line":20,"column":6},"end":{"line":41,"column":1}},"line":20}},"branchMap":{"0":{"loc":{"start":{"line":15,"column":2},"end":{"line":15,"column":15}},"type":"default-arg","locations":[{"start":{"line":15,"column":9},"end":{"line":15,"column":15}}],"line":15},"1":{"loc":{"start":{"line":17,"column":2},"end":{"line":17,"column":21}},"type":"default-arg","locations":[{"start":{"line":17,"column":16},"end":{"line":17,"column":21}}],"line":17},"2":{"loc":{"start":{"line":29,"column":7},"end":{"line":38,"column":7}},"type":"binary-expr","locations":[{"start":{"line":29,"column":7},"end":{"line":29,"column":18}},{"start":{"line":30,"column":8},"end":{"line":37,"column":17}}],"line":29}},"s":{"0":1,"1":0,"2":0},"f":{"0":0},"b":{"0":[0],"1":[0],"2":[0,0]},"_coverageSchema":"1a1c01bbd47fc00a2c39e90264f33305004495a9","hash":"e0d80535ed0ae059966903bd70c25de8797f335d"}
,"C:\\Users\\MAUANDR\\Desktop\\team-manager-complete\\src\\components\\ui\\Button.jsx": {"path":"C:\\Users\\MAUANDR\\Desktop\\team-manager-complete\\src\\components\\ui\\Button.jsx","statementMap":{"0":{"start":{"line":16,"column":15},"end":{"line":42,"column":1}},"1":{"start":{"line":25,"column":24},"end":{"line":30,"column":29}},"2":{"start":{"line":32,"column":2},"end":{"line":41,"column":4}}},"fnMap":{"0":{"name":"(anonymous_0)","decl":{"start":{"line":16,"column":15},"end":{"line":16,"column":16}},"loc":{"start":{"line":24,"column":6},"end":{"line":42,"column":1}},"line":24}},"branchMap":{"0":{"loc":{"start":{"line":17,"column":2},"end":{"line":17,"column":21}},"type":"default-arg","locations":[{"start":{"line":17,"column":12},"end":{"line":17,"column":21}}],"line":17},"1":{"loc":{"start":{"line":18,"column":2},"end":{"line":18,"column":17}},"type":"default-arg","locations":[{"start":{"line":18,"column":9},"end":{"line":18,"column":17}}],"line":18},"2":{"loc":{"start":{"line":19,"column":2},"end":{"line":19,"column":19}},"type":"default-arg","locations":[{"start":{"line":19,"column":14},"end":{"line":19,"column":19}}],"line":19},"3":{"loc":{"start":{"line":20,"column":2},"end":{"line":20,"column":18}},"type":"default-arg","locations":[{"start":{"line":20,"column":13},"end":{"line":20,"column":18}}],"line":20},"4":{"loc":{"start":{"line":29,"column":4},"end":{"line":29,"column":41}},"type":"cond-expr","locations":[{"start":{"line":29,"column":16},"end":{"line":29,"column":36}},{"start":{"line":29,"column":39},"end":{"line":29,"column":41}}],"line":29}},"s":{"0":1,"1":0,"2":0},"f":{"0":0},"b":{"0":[0],"1":[0],"2":[0],"3":[0],"4":[0,0]},"_coverageSchema":"1a1c01bbd47fc00a2c39e90264f33305004495a9","hash":"d7ef2e15c1d77a5e2c372b89b01acffd3f48659d"}
,"C:\\Users\\MAUANDR\\Desktop\\team-manager-complete\\src\\components\\ui\\Card.jsx": {"path":"C:\\Users\\MAUANDR\\Desktop\\team-manager-complete\\src\\components\\ui\\Card.jsx","statementMap":{"0":{"start":{"line":13,"column":13},"end":{"line":24,"column":1}},"1":{"start":{"line":14,"column":22},"end":{"line":14,"column":67}},"2":{"start":{"line":16,"column":2},"end":{"line":23,"column":4}}},"fnMap":{"0":{"name":"(anonymous_0)","decl":{"start":{"line":13,"column":13},"end":{"line":13,"column":14}},"loc":{"start":{"line":13,"column":63},"end":{"line":24,"column":1}},"line":13}},"branchMap":{"0":{"loc":{"start":{"line":13,"column":33},"end":{"line":13,"column":47}},"type":"default-arg","locations":[{"start":{"line":13,"column":45},"end":{"line":13,"column":47}}],"line":13},"1":{"loc":{"start":{"line":18,"column":7},"end":{"line":18,"column":59}},"type":"binary-expr","locations":[{"start":{"line":18,"column":7},"end":{"line":18,"column":12}},{"start":{"line":18,"column":16},"end":{"line":18,"column":59}}],"line":18}},"s":{"0":1,"1":0,"2":0},"f":{"0":0},"b":{"0":[0],"1":[0,0]},"_coverageSchema":"1a1c01bbd47fc00a2c39e90264f33305004495a9","hash":"40671e1ce33fc8216489a0d4bf43470efc2b7485"}
,"C:\\Users\\MAUANDR\\Desktop\\team-manager-complete\\src\\components\\ui\\Input.jsx": {"path":"C:\\Users\\MAUANDR\\Desktop\\team-manager-complete\\src\\components\\ui\\Input.jsx","statementMap":{"0":{"start":{"line":19,"column":14},"end":{"line":53,"column":1}},"1":{"start":{"line":31,"column":2},"end":{"line":52,"column":4}}},"fnMap":{"0":{"name":"(anonymous_0)","decl":{"start":{"line":19,"column":14},"end":{"line":19,"column":15}},"loc":{"start":{"line":30,"column":6},"end":{"line":53,"column":1}},"line":30}},"branchMap":{"0":{"loc":{"start":{"line":22,"column":2},"end":{"line":22,"column":15}},"type":"default-arg","locations":[{"start":{"line":22,"column":9},"end":{"line":22,"column":15}}],"line":22},"1":{"loc":{"start":{"line":28,"column":2},"end":{"line":28,"column":18}},"type":"default-arg","locations":[{"start":{"line":28,"column":13},"end":{"line":28,"column":18}}],"line":28},"2":{"loc":{"start":{"line":32,"column":35},"end":{"line":32,"column":68}},"type":"cond-expr","locations":[{"start":{"line":32,"column":43},"end":{"line":32,"column":63}},{"start":{"line":32,"column":66},"end":{"line":32,"column":68}}],"line":32},"3":{"loc":{"start":{"line":33,"column":7},"end":{"line":38,"column":7}},"type":"binary-expr","locations":[{"start":{"line":33,"column":7},"end":{"line":33,"column":12}},{"start":{"line":34,"column":8},"end":{"line":37,"column":16}}],"line":33},"4":{"loc":{"start":{"line":36,"column":11},"end":{"line":36,"column":64}},"type":"binary-expr","locations":[{"start":{"line":36,"column":11},"end":{"line":36,"column":19}},{"start":{"line":36,"column":23},"end":{"line":36,"column":64}}],"line":36},"5":{"loc":{"start":{"line":50,"column":7},"end":{"line":50,"column":58}},"type":"binary-expr","locations":[{"start":{"line":50,"column":7},"end":{"line":50,"column":12}},{"start":{"line":50,"column":16},"end":{"line":50,"column":58}}],"line":50}},"s":{"0":1,"1":0},"f":{"0":0},"b":{"0":[0],"1":[0],"2":[0,0],"3":[0,0],"4":[0,0],"5":[0,0]},"_coverageSchema":"1a1c01bbd47fc00a2c39e90264f33305004495a9","hash":"411d2ed626a05b43d52b5bd3ae5ca3461450d820"}
,"C:\\Users\\MAUANDR\\Desktop\\team-manager-complete\\src\\components\\ui\\LoadingIndicator.jsx": {"path":"C:\\Users\\MAUANDR\\Desktop\\team-manager-complete\\src\\components\\ui\\LoadingIndicator.jsx","statementMap":{"0":{"start":{"line":15,"column":25},"end":{"line":63,"column":1}},"1":{"start":{"line":22,"column":32},"end":{"line":22,"column":47}},"2":{"start":{"line":25,"column":2},"end":{"line":39,"column":18}},"3":{"start":{"line":28,"column":4},"end":{"line":34,"column":5}},"4":{"start":{"line":29,"column":6},"end":{"line":31,"column":14}},"5":{"start":{"line":30,"column":8},"end":{"line":30,"column":25}},"6":{"start":{"line":33,"column":6},"end":{"line":33,"column":24}},"7":{"start":{"line":36,"column":4},"end":{"line":38,"column":6}},"8":{"start":{"line":37,"column":6},"end":{"line":37,"column":28}},"9":{"start":{"line":41,"column":2},"end":{"line":43,"column":3}},"10":{"start":{"line":42,"column":4},"end":{"line":42,"column":16}},"11":{"start":{"line":45,"column":27},"end":{"line":50,"column":29}},"12":{"start":{"line":52,"column":2},"end":{"line":62,"column":4}}},"fnMap":{"0":{"name":"(anonymous_0)","decl":{"start":{"line":15,"column":25},"end":{"line":15,"column":26}},"loc":{"start":{"line":21,"column":6},"end":{"line":63,"column":1}},"line":21},"1":{"name":"(anonymous_1)","decl":{"start":{"line":25,"column":12},"end":{"line":25,"column":13}},"loc":{"start":{"line":25,"column":18},"end":{"line":39,"column":3}},"line":25},"2":{"name":"(anonymous_2)","decl":{"start":{"line":29,"column":27},"end":{"line":29,"column":28}},"loc":{"start":{"line":29,"column":33},"end":{"line":31,"column":7}},"line":29},"3":{"name":"(anonymous_3)","decl":{"start":{"line":36,"column":11},"end":{"line":36,"column":12}},"loc":{"start":{"line":36,"column":17},"end":{"line":38,"column":5}},"line":36}},"branchMap":{"0":{"loc":{"start":{"line":16,"column":2},"end":{"line":16,"column":18}},"type":"default-arg","locations":[{"start":{"line":16,"column":14},"end":{"line":16,"column":18}}],"line":16},"1":{"loc":{"start":{"line":17,"column":2},"end":{"line":17,"column":17}},"type":"default-arg","locations":[{"start":{"line":17,"column":9},"end":{"line":17,"column":17}}],"line":17},"2":{"loc":{"start":{"line":18,"column":2},"end":{"line":18,"column":26}},"type":"default-arg","locations":[{"start":{"line":18,"column":9},"end":{"line":18,"column":26}}],"line":18},"3":{"loc":{"start":{"line":19,"column":2},"end":{"line":19,"column":20}},"type":"default-arg","locations":[{"start":{"line":19,"column":15},"end":{"line":19,"column":20}}],"line":19},"4":{"loc":{"start":{"line":20,"column":2},"end":{"line":20,"column":19}},"type":"default-arg","locations":[{"start":{"line":20,"column":10},"end":{"line":20,"column":19}}],"line":20},"5":{"loc":{"start":{"line":28,"column":4},"end":{"line":34,"column":5}},"type":"if","locations":[{"start":{"line":28,"column":4},"end":{"line":34,"column":5}},{"start":{"line":32,"column":11},"end":{"line":34,"column":5}}],"line":28},"6":{"loc":{"start":{"line":41,"column":2},"end":{"line":43,"column":3}},"type":"if","locations":[{"start":{"line":41,"column":2},"end":{"line":43,"column":3}},{"start":{},"end":{}}],"line":41},"7":{"loc":{"start":{"line":41,"column":6},"end":{"line":41,"column":28}},"type":"binary-expr","locations":[{"start":{"line":41,"column":6},"end":{"line":41,"column":16}},{"start":{"line":41,"column":20},"end":{"line":41,"column":28}}],"line":41},"8":{"loc":{"start":{"line":49,"column":4},"end":{"line":49,"column":53}},"type":"cond-expr","locations":[{"start":{"line":49,"column":17},"end":{"line":49,"column":48}},{"start":{"line":49,"column":51},"end":{"line":49,"column":53}}],"line":49},"9":{"loc":{"start":{"line":60,"column":7},"end":{"line":60,"column":68}},"type":"binary-expr","locations":[{"start":{"line":60,"column":7},"end":{"line":60,"column":11}},{"start":{"line":60,"column":15},"end":{"line":60,"column":68}}],"line":60}},"s":{"0":1,"1":0,"2":0,"3":0,"4":0,"5":0,"6":0,"7":0,"8":0,"9":0,"10":0,"11":0,"12":0},"f":{"0":0,"1":0,"2":0,"3":0},"b":{"0":[0],"1":[0],"2":[0],"3":[0],"4":[0],"5":[0,0],"6":[0,0],"7":[0,0],"8":[0,0],"9":[0,0]},"_coverageSchema":"1a1c01bbd47fc00a2c39e90264f33305004495a9","hash":"12569af624314173e84067755ff12c017d88bc57"}
,"C:\\Users\\MAUANDR\\Desktop\\team-manager-complete\\src\\components\\ui\\Modal.jsx": {"path":"C:\\Users\\MAUANDR\\Desktop\\team-manager-complete\\src\\components\\ui\\Modal.jsx","statementMap":{"0":{"start":{"line":16,"column":14},"end":{"line":89,"column":1}},"1":{"start":{"line":25,"column":2},"end":{"line":25,"column":27}},"2":{"start":{"line":25,"column":15},"end":{"line":25,"column":27}},"3":{"start":{"line":28,"column":2},"end":{"line":36,"column":15}},"4":{"start":{"line":29,"column":4},"end":{"line":31,"column":5}},"5":{"start":{"line":30,"column":6},"end":{"line":30,"column":46}},"6":{"start":{"line":33,"column":4},"end":{"line":35,"column":6}},"7":{"start":{"line":34,"column":6},"end":{"line":34,"column":44}},"8":{"start":{"line":39,"column":30},"end":{"line":43,"column":3}},"9":{"start":{"line":40,"column":4},"end":{"line":42,"column":5}},"10":{"start":{"line":41,"column":6},"end":{"line":41,"column":16}},"11":{"start":{"line":46,"column":2},"end":{"line":60,"column":24}},"12":{"start":{"line":47,"column":25},"end":{"line":51,"column":5}},"13":{"start":{"line":48,"column":6},"end":{"line":50,"column":7}},"14":{"start":{"line":49,"column":8},"end":{"line":49,"column":18}},"15":{"start":{"line":53,"column":4},"end":{"line":55,"column":5}},"16":{"start":{"line":54,"column":6},"end":{"line":54,"column":55}},"17":{"start":{"line":57,"column":4},"end":{"line":59,"column":6}},"18":{"start":{"line":58,"column":6},"end":{"line":58,"column":58}},"19":{"start":{"line":62,"column":23},"end":{"line":65,"column":29}},"20":{"start":{"line":67,"column":2},"end":{"line":88,"column":4}}},"fnMap":{"0":{"name":"(anonymous_0)","decl":{"start":{"line":16,"column":14},"end":{"line":16,"column":15}},"loc":{"start":{"line":23,"column":6},"end":{"line":89,"column":1}},"line":23},"1":{"name":"(anonymous_1)","decl":{"start":{"line":28,"column":12},"end":{"line":28,"column":13}},"loc":{"start":{"line":28,"column":18},"end":{"line":36,"column":3}},"line":28},"2":{"name":"(anonymous_2)","decl":{"start":{"line":33,"column":11},"end":{"line":33,"column":12}},"loc":{"start":{"line":33,"column":17},"end":{"line":35,"column":5}},"line":33},"3":{"name":"(anonymous_3)","decl":{"start":{"line":39,"column":30},"end":{"line":39,"column":31}},"loc":{"start":{"line":39,"column":37},"end":{"line":43,"column":3}},"line":39},"4":{"name":"(anonymous_4)","decl":{"start":{"line":46,"column":12},"end":{"line":46,"column":13}},"loc":{"start":{"line":46,"column":18},"end":{"line":60,"column":3}},"line":46},"5":{"name":"(anonymous_5)","decl":{"start":{"line":47,"column":25},"end":{"line":47,"column":26}},"loc":{"start":{"line":47,"column":32},"end":{"line":51,"column":5}},"line":47},"6":{"name":"(anonymous_6)","decl":{"start":{"line":57,"column":11},"end":{"line":57,"column":12}},"loc":{"start":{"line":57,"column":17},"end":{"line":59,"column":5}},"line":57}},"branchMap":{"0":{"loc":{"start":{"line":21,"column":2},"end":{"line":21,"column":17}},"type":"default-arg","locations":[{"start":{"line":21,"column":9},"end":{"line":21,"column":17}}],"line":21},"1":{"loc":{"start":{"line":22,"column":2},"end":{"line":22,"column":29}},"type":"default-arg","locations":[{"start":{"line":22,"column":25},"end":{"line":22,"column":29}}],"line":22},"2":{"loc":{"start":{"line":25,"column":2},"end":{"line":25,"column":27}},"type":"if","locations":[{"start":{"line":25,"column":2},"end":{"line":25,"column":27}},{"start":{},"end":{}}],"line":25},"3":{"loc":{"start":{"line":29,"column":4},"end":{"line":31,"column":5}},"type":"if","locations":[{"start":{"line":29,"column":4},"end":{"line":31,"column":5}},{"start":{},"end":{}}],"line":29},"4":{"loc":{"start":{"line":40,"column":4},"end":{"line":42,"column":5}},"type":"if","locations":[{"start":{"line":40,"column":4},"end":{"line":42,"column":5}},{"start":{},"end":{}}],"line":40},"5":{"loc":{"start":{"line":40,"column":8},"end":{"line":40,"column":60}},"type":"binary-expr","locations":[{"start":{"line":40,"column":8},"end":{"line":40,"column":28}},{"start":{"line":40,"column":32},"end":{"line":40,"column":60}}],"line":40},"6":{"loc":{"start":{"line":48,"column":6},"end":{"line":50,"column":7}},"type":"if","locations":[{"start":{"line":48,"column":6},"end":{"line":50,"column":7}},{"start":{},"end":{}}],"line":48},"7":{"loc":{"start":{"line":53,"column":4},"end":{"line":55,"column":5}},"type":"if","locations":[{"start":{"line":53,"column":4},"end":{"line":55,"column":5}},{"start":{},"end":{}}],"line":53},"8":{"loc":{"start":{"line":70,"column":9},"end":{"line":82,"column":9}},"type":"binary-expr","locations":[{"start":{"line":70,"column":9},"end":{"line":70,"column":14}},{"start":{"line":71,"column":10},"end":{"line":81,"column":16}}],"line":70}},"s":{"0":1,"1":0,"2":0,"3":0,"4":0,"5":0,"6":0,"7":0,"8":0,"9":0,"10":0,"11":0,"12":0,"13":0,"14":0,"15":0,"16":0,"17":0,"18":0,"19":0,"20":0},"f":{"0":0,"1":0,"2":0,"3":0,"4":0,"5":0,"6":0},"b":{"0":[0],"1":[0],"2":[0,0],"3":[0,0],"4":[0,0],"5":[0,0],"6":[0,0],"7":[0,0],"8":[0,0]},"_coverageSchema":"1a1c01bbd47fc00a2c39e90264f33305004495a9","hash":"7aa7c112c5fdea918383d1cb0c82f16b1ebe587f"}
,"C:\\Users\\MAUANDR\\Desktop\\team-manager-complete\\src\\components\\ui\\Toast.jsx": {"path":"C:\\Users\\MAUANDR\\Desktop\\team-manager-complete\\src\\components\\ui\\Toast.jsx","statementMap":{"0":{"start":{"line":14,"column":14},"end":{"line":48,"column":1}},"1":{"start":{"line":15,"column":32},"end":{"line":15,"column":46}},"2":{"start":{"line":17,"column":2},"end":{"line":28,"column":26}},"3":{"start":{"line":18,"column":18},"end":{"line":23,"column":16}},"4":{"start":{"line":19,"column":6},"end":{"line":19,"column":24}},"5":{"start":{"line":20,"column":6},"end":{"line":22,"column":14}},"6":{"start":{"line":21,"column":8},"end":{"line":21,"column":18}},"7":{"start":{"line":25,"column":4},"end":{"line":27,"column":6}},"8":{"start":{"line":26,"column":6},"end":{"line":26,"column":26}},"9":{"start":{"line":30,"column":23},"end":{"line":34,"column":29}},"10":{"start":{"line":36,"column":2},"end":{"line":47,"column":4}},"11":{"start":{"line":41,"column":23},"end":{"line":41,"column":40}},"12":{"start":{"line":55,"column":30},"end":{"line":87,"column":1}},"13":{"start":{"line":56,"column":30},"end":{"line":56,"column":42}},"14":{"start":{"line":59,"column":2},"end":{"line":63,"column":4}},"15":{"start":{"line":60,"column":15},"end":{"line":60,"column":36}},"16":{"start":{"line":61,"column":4},"end":{"line":61,"column":78}},"17":{"start":{"line":61,"column":28},"end":{"line":61,"column":76}},"18":{"start":{"line":62,"column":4},"end":{"line":62,"column":14}},"19":{"start":{"line":66,"column":2},"end":{"line":68,"column":4}},"20":{"start":{"line":67,"column":4},"end":{"line":67,"column":73}},"21":{"start":{"line":67,"column":28},"end":{"line":67,"column":71}},"22":{"start":{"line":67,"column":55},"end":{"line":67,"column":70}},"23":{"start":{"line":70,"column":22},"end":{"line":72,"column":3}},"24":{"start":{"line":71,"column":4},"end":{"line":71,"column":73}},"25":{"start":{"line":71,"column":28},"end":{"line":71,"column":71}},"26":{"start":{"line":71,"column":55},"end":{"line":71,"column":70}},"27":{"start":{"line":74,"column":2},"end":{"line":86,"column":4}},"28":{"start":{"line":77,"column":8},"end":{"line":83,"column":10}},"29":{"start":{"line":82,"column":25},"end":{"line":82,"column":46}}},"fnMap":{"0":{"name":"(anonymous_0)","decl":{"start":{"line":14,"column":14},"end":{"line":14,"column":15}},"loc":{"start":{"line":14,"column":72},"end":{"line":48,"column":1}},"line":14},"1":{"name":"(anonymous_1)","decl":{"start":{"line":17,"column":12},"end":{"line":17,"column":13}},"loc":{"start":{"line":17,"column":18},"end":{"line":28,"column":3}},"line":17},"2":{"name":"(anonymous_2)","decl":{"start":{"line":18,"column":29},"end":{"line":18,"column":30}},"loc":{"start":{"line":18,"column":35},"end":{"line":23,"column":5}},"line":18},"3":{"name":"(anonymous_3)","decl":{"start":{"line":20,"column":17},"end":{"line":20,"column":18}},"loc":{"start":{"line":20,"column":23},"end":{"line":22,"column":7}},"line":20},"4":{"name":"(anonymous_4)","decl":{"start":{"line":25,"column":11},"end":{"line":25,"column":12}},"loc":{"start":{"line":25,"column":17},"end":{"line":27,"column":5}},"line":25},"5":{"name":"(anonymous_5)","decl":{"start":{"line":41,"column":17},"end":{"line":41,"column":18}},"loc":{"start":{"line":41,"column":23},"end":{"line":41,"column":40}},"line":41},"6":{"name":"(anonymous_6)","decl":{"start":{"line":55,"column":30},"end":{"line":55,"column":31}},"loc":{"start":{"line":55,"column":36},"end":{"line":87,"column":1}},"line":55},"7":{"name":"(anonymous_7)","decl":{"start":{"line":59,"column":21},"end":{"line":59,"column":22}},"loc":{"start":{"line":59,"column":66},"end":{"line":63,"column":3}},"line":59},"8":{"name":"(anonymous_8)","decl":{"start":{"line":61,"column":14},"end":{"line":61,"column":15}},"loc":{"start":{"line":61,"column":28},"end":{"line":61,"column":76}},"line":61},"9":{"name":"(anonymous_9)","decl":{"start":{"line":66,"column":23},"end":{"line":66,"column":24}},"loc":{"start":{"line":66,"column":31},"end":{"line":68,"column":3}},"line":66},"10":{"name":"(anonymous_10)","decl":{"start":{"line":67,"column":14},"end":{"line":67,"column":15}},"loc":{"start":{"line":67,"column":28},"end":{"line":67,"column":71}},"line":67},"11":{"name":"(anonymous_11)","decl":{"start":{"line":67,"column":46},"end":{"line":67,"column":47}},"loc":{"start":{"line":67,"column":55},"end":{"line":67,"column":70}},"line":67},"12":{"name":"(anonymous_12)","decl":{"start":{"line":70,"column":22},"end":{"line":70,"column":23}},"loc":{"start":{"line":70,"column":30},"end":{"line":72,"column":3}},"line":70},"13":{"name":"(anonymous_13)","decl":{"start":{"line":71,"column":14},"end":{"line":71,"column":15}},"loc":{"start":{"line":71,"column":28},"end":{"line":71,"column":71}},"line":71},"14":{"name":"(anonymous_14)","decl":{"start":{"line":71,"column":46},"end":{"line":71,"column":47}},"loc":{"start":{"line":71,"column":55},"end":{"line":71,"column":70}},"line":71},"15":{"name":"(anonymous_15)","decl":{"start":{"line":76,"column":18},"end":{"line":76,"column":19}},"loc":{"start":{"line":77,"column":8},"end":{"line":83,"column":10}},"line":77},"16":{"name":"(anonymous_16)","decl":{"start":{"line":82,"column":19},"end":{"line":82,"column":20}},"loc":{"start":{"line":82,"column":25},"end":{"line":82,"column":46}},"line":82}},"branchMap":{"0":{"loc":{"start":{"line":14,"column":26},"end":{"line":14,"column":39}},"type":"default-arg","locations":[{"start":{"line":14,"column":33},"end":{"line":14,"column":39}}],"line":14},"1":{"loc":{"start":{"line":14,"column":41},"end":{"line":14,"column":56}},"type":"default-arg","locations":[{"start":{"line":14,"column":52},"end":{"line":14,"column":56}}],"line":14},"2":{"loc":{"start":{"line":33,"column":4},"end":{"line":33,"column":48}},"type":"cond-expr","locations":[{"start":{"line":33,"column":14},"end":{"line":33,"column":30}},{"start":{"line":33,"column":33},"end":{"line":33,"column":48}}],"line":33},"3":{"loc":{"start":{"line":59,"column":31},"end":{"line":59,"column":44}},"type":"default-arg","locations":[{"start":{"line":59,"column":38},"end":{"line":59,"column":44}}],"line":59},"4":{"loc":{"start":{"line":59,"column":46},"end":{"line":59,"column":61}},"type":"default-arg","locations":[{"start":{"line":59,"column":57},"end":{"line":59,"column":61}}],"line":59}},"s":{"0":0,"1":0,"2":0,"3":0,"4":0,"5":0,"6":0,"7":0,"8":0,"9":0,"10":0,"11":0,"12":0,"13":0,"14":0,"15":0,"16":0,"17":0,"18":0,"19":0,"20":0,"21":0,"22":0,"23":0,"24":0,"25":0,"26":0,"27":0,"28":0,"29":0},"f":{"0":0,"1":0,"2":0,"3":0,"4":0,"5":0,"6":0,"7":0,"8":0,"9":0,"10":0,"11":0,"12":0,"13":0,"14":0,"15":0,"16":0},"b":{"0":[0],"1":[0],"2":[0,0],"3":[0],"4":[0]}}
,"C:\\Users\\MAUANDR\\Desktop\\team-manager-complete\\src\\components\\ui\\Avatar\\Avatar.jsx": {"path":"C:\\Users\\MAUANDR\\Desktop\\team-manager-complete\\src\\components\\ui\\Avatar\\Avatar.jsx","statementMap":{"0":{"start":{"line":16,"column":15},"end":{"line":92,"column":1}},"1":{"start":{"line":24,"column":34},"end":{"line":24,"column":49}},"2":{"start":{"line":27,"column":22},"end":{"line":29,"column":3}},"3":{"start":{"line":28,"column":4},"end":{"line":28,"column":22}},"4":{"start":{"line":32,"column":22},"end":{"line":43,"column":3}},"5":{"start":{"line":33,"column":4},"end":{"line":33,"column":26}},"6":{"start":{"line":33,"column":15},"end":{"line":33,"column":26}},"7":{"start":{"line":35,"column":22},"end":{"line":35,"column":69}},"8":{"start":{"line":35,"column":53},"end":{"line":35,"column":68}},"9":{"start":{"line":36,"column":4},"end":{"line":36,"column":43}},"10":{"start":{"line":36,"column":32},"end":{"line":36,"column":43}},"11":{"start":{"line":38,"column":4},"end":{"line":40,"column":5}},"12":{"start":{"line":39,"column":6},"end":{"line":39,"column":50}},"13":{"start":{"line":42,"column":4},"end":{"line":42,"column":94}},"14":{"start":{"line":46,"column":29},"end":{"line":57,"column":3}},"15":{"start":{"line":47,"column":4},"end":{"line":47,"column":32}},"16":{"start":{"line":47,"column":15},"end":{"line":47,"column":32}},"17":{"start":{"line":49,"column":24},"end":{"line":49,"column":89}},"18":{"start":{"line":49,"column":61},"end":{"line":49,"column":85}},"19":{"start":{"line":50,"column":19},"end":{"line":54,"column":5}},"20":{"start":{"line":56,"column":4},"end":{"line":56,"column":47}},"21":{"start":{"line":59,"column":24},"end":{"line":63,"column":29}},"22":{"start":{"line":65,"column":24},"end":{"line":65,"column":77}},"23":{"start":{"line":67,"column":2},"end":{"line":91,"column":4}}},"fnMap":{"0":{"name":"(anonymous_0)","decl":{"start":{"line":16,"column":15},"end":{"line":16,"column":16}},"loc":{"start":{"line":23,"column":6},"end":{"line":92,"column":1}},"line":23},"1":{"name":"(anonymous_1)","decl":{"start":{"line":27,"column":22},"end":{"line":27,"column":23}},"loc":{"start":{"line":27,"column":28},"end":{"line":29,"column":3}},"line":27},"2":{"name":"(anonymous_2)","decl":{"start":{"line":32,"column":22},"end":{"line":32,"column":23}},"loc":{"start":{"line":32,"column":28},"end":{"line":43,"column":3}},"line":32},"3":{"name":"(anonymous_3)","decl":{"start":{"line":35,"column":45},"end":{"line":35,"column":46}},"loc":{"start":{"line":35,"column":53},"end":{"line":35,"column":68}},"line":35},"4":{"name":"(anonymous_4)","decl":{"start":{"line":46,"column":29},"end":{"line":46,"column":30}},"loc":{"start":{"line":46,"column":35},"end":{"line":57,"column":3}},"line":46},"5":{"name":"(anonymous_5)","decl":{"start":{"line":49,"column":46},"end":{"line":49,"column":47}},"loc":{"start":{"line":49,"column":61},"end":{"line":49,"column":85}},"line":49}},"branchMap":{"0":{"loc":{"start":{"line":19,"column":2},"end":{"line":19,"column":17}},"type":"default-arg","locations":[{"start":{"line":19,"column":9},"end":{"line":19,"column":17}}],"line":19},"1":{"loc":{"start":{"line":20,"column":2},"end":{"line":20,"column":11}},"type":"default-arg","locations":[{"start":{"line":20,"column":9},"end":{"line":20,"column":11}}],"line":20},"2":{"loc":{"start":{"line":33,"column":4},"end":{"line":33,"column":26}},"type":"if","locations":[{"start":{"line":33,"column":4},"end":{"line":33,"column":26}},{"start":{},"end":{}}],"line":33},"3":{"loc":{"start":{"line":36,"column":4},"end":{"line":36,"column":43}},"type":"if","locations":[{"start":{"line":36,"column":4},"end":{"line":36,"column":43}},{"start":{},"end":{}}],"line":36},"4":{"loc":{"start":{"line":38,"column":4},"end":{"line":40,"column":5}},"type":"if","locations":[{"start":{"line":38,"column":4},"end":{"line":40,"column":5}},{"start":{},"end":{}}],"line":38},"5":{"loc":{"start":{"line":47,"column":4},"end":{"line":47,"column":32}},"type":"if","locations":[{"start":{"line":47,"column":4},"end":{"line":47,"column":32}},{"start":{},"end":{}}],"line":47},"6":{"loc":{"start":{"line":62,"column":4},"end":{"line":62,"column":37}},"type":"cond-expr","locations":[{"start":{"line":62,"column":14},"end":{"line":62,"column":32}},{"start":{"line":62,"column":35},"end":{"line":62,"column":37}}],"line":62},"7":{"loc":{"start":{"line":65,"column":24},"end":{"line":65,"column":77}},"type":"cond-expr","locations":[{"start":{"line":65,"column":33},"end":{"line":65,"column":72}},{"start":{"line":65,"column":75},"end":{"line":65,"column":77}}],"line":65},"8":{"loc":{"start":{"line":73,"column":7},"end":{"line":87,"column":7}},"type":"cond-expr","locations":[{"start":{"line":74,"column":8},"end":{"line":79,"column":10}},{"start":{"line":81,"column":8},"end":{"line":86,"column":14}}],"line":73},"9":{"loc":{"start":{"line":73,"column":7},"end":{"line":73,"column":23}},"type":"binary-expr","locations":[{"start":{"line":73,"column":7},"end":{"line":73,"column":16}},{"start":{"line":73,"column":20},"end":{"line":73,"column":23}}],"line":73},"10":{"loc":{"start":{"line":76,"column":15},"end":{"line":76,"column":38}},"type":"binary-expr","locations":[{"start":{"line":76,"column":15},"end":{"line":76,"column":18}},{"start":{"line":76,"column":22},"end":{"line":76,"column":26}},{"start":{"line":76,"column":30},"end":{"line":76,"column":38}}],"line":76},"11":{"loc":{"start":{"line":89,"column":7},"end":{"line":89,"column":56}},"type":"binary-expr","locations":[{"start":{"line":89,"column":7},"end":{"line":89,"column":13}},{"start":{"line":89,"column":17},"end":{"line":89,"column":56}}],"line":89}},"s":{"0":1,"1":11,"2":11,"3":1,"4":11,"5":9,"6":1,"7":8,"8":15,"9":8,"10":0,"11":8,"12":1,"13":7,"14":11,"15":9,"16":1,"17":8,"18":101,"19":8,"20":8,"21":11,"22":11,"23":11},"f":{"0":11,"1":1,"2":9,"3":15,"4":9,"5":101},"b":{"0":[9],"1":[1],"2":[1,8],"3":[0,8],"4":[1,7],"5":[1,8],"6":[1,10],"7":[2,9],"8":[2,9],"9":[11,10],"10":[2,1,0],"11":[11,2]},"_coverageSchema":"1a1c01bbd47fc00a2c39e90264f33305004495a9","hash":"04a5a1f156d63d81696f2deaff9ca5623ed33b39"}
,"C:\\Users\\MAUANDR\\Desktop\\team-manager-complete\\src\\components\\ui\\Badge\\Badge.jsx": {"path":"C:\\Users\\MAUANDR\\Desktop\\team-manager-complete\\src\\components\\ui\\Badge\\Badge.jsx","statementMap":{"0":{"start":{"line":16,"column":14},"end":{"line":49,"column":1}},"1":{"start":{"line":24,"column":23},"end":{"line":31,"column":29}},"2":{"start":{"line":33,"column":22},"end":{"line":37,"column":3}},"3":{"start":{"line":34,"column":4},"end":{"line":36,"column":5}},"4":{"start":{"line":35,"column":6},"end":{"line":35,"column":21}},"5":{"start":{"line":39,"column":2},"end":{"line":48,"column":4}}},"fnMap":{"0":{"name":"(anonymous_0)","decl":{"start":{"line":16,"column":14},"end":{"line":16,"column":15}},"loc":{"start":{"line":23,"column":6},"end":{"line":49,"column":1}},"line":23},"1":{"name":"(anonymous_1)","decl":{"start":{"line":33,"column":22},"end":{"line":33,"column":23}},"loc":{"start":{"line":33,"column":33},"end":{"line":37,"column":3}},"line":33}},"branchMap":{"0":{"loc":{"start":{"line":18,"column":2},"end":{"line":18,"column":21}},"type":"default-arg","locations":[{"start":{"line":18,"column":12},"end":{"line":18,"column":21}}],"line":18},"1":{"loc":{"start":{"line":19,"column":2},"end":{"line":19,"column":17}},"type":"default-arg","locations":[{"start":{"line":19,"column":9},"end":{"line":19,"column":17}}],"line":19},"2":{"loc":{"start":{"line":20,"column":2},"end":{"line":20,"column":14}},"type":"default-arg","locations":[{"start":{"line":20,"column":9},"end":{"line":20,"column":14}}],"line":20},"3":{"loc":{"start":{"line":21,"column":2},"end":{"line":21,"column":17}},"type":"default-arg","locations":[{"start":{"line":21,"column":12},"end":{"line":21,"column":17}}],"line":21},"4":{"loc":{"start":{"line":28,"column":4},"end":{"line":28,"column":28}},"type":"cond-expr","locations":[{"start":{"line":28,"column":11},"end":{"line":28,"column":23}},{"start":{"line":28,"column":26},"end":{"line":28,"column":28}}],"line":28},"5":{"loc":{"start":{"line":29,"column":4},"end":{"line":29,"column":34}},"type":"cond-expr","locations":[{"start":{"line":29,"column":14},"end":{"line":29,"column":29}},{"start":{"line":29,"column":32},"end":{"line":29,"column":34}}],"line":29},"6":{"loc":{"start":{"line":30,"column":4},"end":{"line":30,"column":36}},"type":"cond-expr","locations":[{"start":{"line":30,"column":14},"end":{"line":30,"column":31}},{"start":{"line":30,"column":34},"end":{"line":30,"column":36}}],"line":30},"7":{"loc":{"start":{"line":34,"column":4},"end":{"line":36,"column":5}},"type":"if","locations":[{"start":{"line":34,"column":4},"end":{"line":36,"column":5}},{"start":{},"end":{}}],"line":34},"8":{"loc":{"start":{"line":43,"column":12},"end":{"line":43,"column":41}},"type":"cond-expr","locations":[{"start":{"line":43,"column":22},"end":{"line":43,"column":30}},{"start":{"line":43,"column":33},"end":{"line":43,"column":41}}],"line":43},"9":{"loc":{"start":{"line":44,"column":16},"end":{"line":44,"column":39}},"type":"cond-expr","locations":[{"start":{"line":44,"column":26},"end":{"line":44,"column":27}},{"start":{"line":44,"column":30},"end":{"line":44,"column":39}}],"line":44}},"s":{"0":1,"1":7,"2":7,"3":2,"4":2,"5":7},"f":{"0":7,"1":2},"b":{"0":[5],"1":[5],"2":[5],"3":[5],"4":[2,5],"5":[2,5],"6":[2,5],"7":[2,0],"8":[2,5],"9":[2,5]},"_coverageSchema":"1a1c01bbd47fc00a2c39e90264f33305004495a9","hash":"a61270ef9b2a00881e0849a82a1e9e543d6161ab"}
,"C:\\Users\\MAUANDR\\Desktop\\team-manager-complete\\src\\components\\ui\\Form\\Form.jsx": {"path":"C:\\Users\\MAUANDR\\Desktop\\team-manager-complete\\src\\components\\ui\\Form\\Form.jsx","statementMap":{"0":{"start":{"line":16,"column":13},"end":{"line":66,"column":1}},"1":{"start":{"line":24,"column":23},"end":{"line":29,"column":3}},"2":{"start":{"line":25,"column":4},"end":{"line":25,"column":27}},"3":{"start":{"line":26,"column":4},"end":{"line":28,"column":5}},"4":{"start":{"line":27,"column":6},"end":{"line":27,"column":22}},"5":{"start":{"line":31,"column":2},"end":{"line":65,"column":4}}},"fnMap":{"0":{"name":"(anonymous_0)","decl":{"start":{"line":16,"column":13},"end":{"line":16,"column":14}},"loc":{"start":{"line":23,"column":6},"end":{"line":66,"column":1}},"line":23},"1":{"name":"(anonymous_1)","decl":{"start":{"line":24,"column":23},"end":{"line":24,"column":24}},"loc":{"start":{"line":24,"column":34},"end":{"line":29,"column":3}},"line":24}},"branchMap":{"0":{"loc":{"start":{"line":19,"column":2},"end":{"line":19,"column":17}},"type":"default-arg","locations":[{"start":{"line":19,"column":12},"end":{"line":19,"column":17}}],"line":19},"1":{"loc":{"start":{"line":20,"column":2},"end":{"line":20,"column":26}},"type":"default-arg","locations":[{"start":{"line":20,"column":15},"end":{"line":20,"column":26}}],"line":20},"2":{"loc":{"start":{"line":21,"column":2},"end":{"line":21,"column":19}},"type":"default-arg","locations":[{"start":{"line":21,"column":17},"end":{"line":21,"column":19}}],"line":21},"3":{"loc":{"start":{"line":22,"column":2},"end":{"line":22,"column":21}},"type":"default-arg","locations":[{"start":{"line":22,"column":19},"end":{"line":22,"column":21}}],"line":22},"4":{"loc":{"start":{"line":26,"column":4},"end":{"line":28,"column":5}},"type":"if","locations":[{"start":{"line":26,"column":4},"end":{"line":28,"column":5}},{"start":{},"end":{}}],"line":26},"5":{"loc":{"start":{"line":26,"column":8},"end":{"line":26,"column":28}},"type":"binary-expr","locations":[{"start":{"line":26,"column":8},"end":{"line":26,"column":16}},{"start":{"line":26,"column":20},"end":{"line":26,"column":28}}],"line":26},"6":{"loc":{"start":{"line":33,"column":7},"end":{"line":37,"column":7}},"type":"binary-expr","locations":[{"start":{"line":33,"column":7},"end":{"line":33,"column":19}},{"start":{"line":34,"column":8},"end":{"line":36,"column":14}}],"line":33},"7":{"loc":{"start":{"line":39,"column":7},"end":{"line":43,"column":7}},"type":"binary-expr","locations":[{"start":{"line":39,"column":7},"end":{"line":39,"column":21}},{"start":{"line":40,"column":8},"end":{"line":42,"column":14}}],"line":39},"8":{"loc":{"start":{"line":55,"column":11},"end":{"line":61,"column":24}},"type":"cond-expr","locations":[{"start":{"line":56,"column":12},"end":{"line":60,"column":19}},{"start":{"line":61,"column":14},"end":{"line":61,"column":24}}],"line":55}},"s":{"0":1,"1":8,"2":0,"3":0,"4":0,"5":8},"f":{"0":8,"1":0},"b":{"0":[6],"1":[7],"2":[6],"3":[6],"4":[0,0],"5":[0,0],"6":[8,2],"7":[8,2],"8":[2,6]},"_coverageSchema":"1a1c01bbd47fc00a2c39e90264f33305004495a9","hash":"02fd72c1cec5bb718bcabddd9916e41750d9ee3f"}
[...]
,"C:\\Users\\MAUANDR\\Desktop\\team-manager-complete\\src\\services\\seriesService.js": {"path":"C:\\Users\\MAUANDR\\Desktop\\team-manager-complete\\src\\services\\seriesService.js","statementMap":{"0":{"start":{"line":3,"column":22},"end":{"line":74,"column":1}},"1":{"start":{"line":9,"column":21},"end":{"line":9,"column":45}},"2":{"start":{"line":10,"column":4},"end":{"line":10,"column":25}},"3":{"start":{"line":19,"column":21},"end":{"line":19,"column":57}},"4":{"start":{"line":20,"column":4},"end":{"line":20,"column":25}},"5":{"start":{"line":29,"column":21},"end":{"line":29,"column":58}},"6":{"start":{"line":30,"column":4},"end":{"line":30,"column":25}},"7":{"start":{"line":40,"column":21},"end":{"line":40,"column":69}},"8":{"start":{"line":41,"column":4},"end":{"line":41,"column":25}},"9":{"start":{"line":50,"column":21},"end":{"line":50,"column":60}},"10":{"start":{"line":51,"column":4},"end":{"line":51,"column":25}},"11":{"start":{"line":60,"column":21},"end":{"line":60,"column":64}},"12":{"start":{"line":61,"column":4},"end":{"line":61,"column":25}},"13":{"start":{"line":71,"column":21},"end":{"line":71,"column":76}},"14":{"start":{"line":72,"column":4},"end":{"line":72,"column":25}}},"fnMap":{"0":{"name":"(anonymous_0)","decl":{"start":{"line":8,"column":2},"end":{"line":8,"column":3}},"loc":{"start":{"line":8,"column":23},"end":{"line":11,"column":3}},"line":8},"1":{"name":"(anonymous_1)","decl":{"start":{"line":18,"column":2},"end":{"line":18,"column":3}},"loc":{"start":{"line":18,"column":32},"end":{"line":21,"column":3}},"line":18},"2":{"name":"(anonymous_2)","decl":{"start":{"line":28,"column":2},"end":{"line":28,"column":3}},"loc":{"start":{"line":28,"column":33},"end":{"line":31,"column":3}},"line":28},"3":{"name":"(anonymous_3)","decl":{"start":{"line":39,"column":2},"end":{"line":39,"column":3}},"loc":{"start":{"line":39,"column":43},"end":{"line":42,"column":3}},"line":39},"4":{"name":"(anonymous_4)","decl":{"start":{"line":49,"column":2},"end":{"line":49,"column":3}},"loc":{"start":{"line":49,"column":31},"end":{"line":52,"column":3}},"line":49},"5":{"name":"(anonymous_5)","decl":{"start":{"line":59,"column":2},"end":{"line":59,"column":3}},"loc":{"start":{"line":59,"column":34},"end":{"line":62,"column":3}},"line":59},"6":{"name":"(anonymous_6)","decl":{"start":{"line":70,"column":2},"end":{"line":70,"column":3}},"loc":{"start":{"line":70,"column":48},"end":{"line":73,"column":3}},"line":70}},"branchMap":{},"s":{"0":0,"1":0,"2":0,"3":0,"4":0,"5":0,"6":0,"7":0,"8":0,"9":0,"10":0,"11":0,"12":0,"13":0,"14":0},"f":{"0":0,"1":0,"2":0,"3":0,"4":0,"5":0,"6":0},"b":{}}
,"C:\\Users\\MAUANDR\\Desktop\\team-manager-complete\\src\\services\\tagService.js": {"path":"C:\\Users\\MAUANDR\\Desktop\\team-manager-complete\\src\\services\\tagService.js","statementMap":{"0":{"start":{"line":3,"column":19},"end":{"line":59,"column":1}},"1":{"start":{"line":10,"column":21},"end":{"line":10,"column":59}},"2":{"start":{"line":11,"column":4},"end":{"line":11,"column":25}},"3":{"start":{"line":21,"column":21},"end":{"line":21,"column":69}},"4":{"start":{"line":22,"column":4},"end":{"line":22,"column":25}},"5":{"start":{"line":32,"column":21},"end":{"line":32,"column":71}},"6":{"start":{"line":33,"column":4},"end":{"line":33,"column":25}},"7":{"start":{"line":44,"column":21},"end":{"line":44,"column":91}},"8":{"start":{"line":45,"column":4},"end":{"line":45,"column":25}},"9":{"start":{"line":56,"column":21},"end":{"line":56,"column":91}},"10":{"start":{"line":57,"column":4},"end":{"line":57,"column":25}}},"fnMap":{"0":{"name":"(anonymous_0)","decl":{"start":{"line":9,"column":2},"end":{"line":9,"column":3}},"loc":{"start":{"line":9,"column":30},"end":{"line":12,"column":3}},"line":9},"1":{"name":"(anonymous_1)","decl":{"start":{"line":20,"column":2},"end":{"line":20,"column":3}},"loc":{"start":{"line":20,"column":35},"end":{"line":23,"column":3}},"line":20},"2":{"name":"(anonymous_2)","decl":{"start":{"line":31,"column":2},"end":{"line":31,"column":3}},"loc":{"start":{"line":31,"column":33},"end":{"line":34,"column":3}},"line":31},"3":{"name":"(anonymous_3)","decl":{"start":{"line":43,"column":2},"end":{"line":43,"column":3}},"loc":{"start":{"line":43,"column":53},"end":{"line":46,"column":3}},"line":43},"4":{"name":"(anonymous_4)","decl":{"start":{"line":55,"column":2},"end":{"line":55,"column":3}},"loc":{"start":{"line":55,"column":55},"end":{"line":58,"column":3}},"line":55}},"branchMap":{},"s":{"0":0,"1":0,"2":0,"3":0,"4":0,"5":0,"6":0,"7":0,"8":0,"9":0,"10":0},"f":{"0":0,"1":0,"2":0,"3":0,"4":0},"b":{}}
,"C:\\Users\\MAUANDR\\Desktop\\team-manager-complete\\src\\services\\teamService.js": {"path":"C:\\Users\\MAUANDR\\Desktop\\team-manager-complete\\src\\services\\teamService.js","statementMap":{"0":{"start":{"line":3,"column":20},"end":{"line":97,"column":1}},"1":{"start":{"line":9,"column":21},"end":{"line":9,"column":44}},"2":{"start":{"line":10,"column":4},"end":{"line":10,"column":25}},"3":{"start":{"line":19,"column":21},"end":{"line":19,"column":54}},"4":{"start":{"line":20,"column":4},"end":{"line":20,"column":25}},"5":{"start":{"line":29,"column":21},"end":{"line":29,"column":61}},"6":{"start":{"line":30,"column":4},"end":{"line":30,"column":25}},"7":{"start":{"line":40,"column":21},"end":{"line":40,"column":70}},"8":{"start":{"line":41,"column":4},"end":{"line":41,"column":25}},"9":{"start":{"line":50,"column":21},"end":{"line":50,"column":63}},"10":{"start":{"line":51,"column":4},"end":{"line":51,"column":25}},"11":{"start":{"line":61,"column":21},"end":{"line":61,"column":85}},"12":{"start":{"line":62,"column":4},"end":{"line":62,"column":25}},"13":{"start":{"line":72,"column":21},"end":{"line":72,"column":83}},"14":{"start":{"line":73,"column":4},"end":{"line":73,"column":25}},"15":{"start":{"line":83,"column":21},"end":{"line":83,"column":85}},"16":{"start":{"line":84,"column":4},"end":{"line":84,"column":25}},"17":{"start":{"line":94,"column":21},"end":{"line":94,"column":83}},"18":{"start":{"line":95,"column":4},"end":{"line":95,"column":25}}},"fnMap":{"0":{"name":"(anonymous_0)","decl":{"start":{"line":8,"column":2},"end":{"line":8,"column":3}},"loc":{"start":{"line":8,"column":22},"end":{"line":11,"column":3}},"line":8},"1":{"name":"(anonymous_1)","decl":{"start":{"line":18,"column":2},"end":{"line":18,"column":3}},"loc":{"start":{"line":18,"column":28},"end":{"line":21,"column":3}},"line":18},"2":{"name":"(anonymous_2)","decl":{"start":{"line":28,"column":2},"end":{"line":28,"column":3}},"loc":{"start":{"line":28,"column":29},"end":{"line":31,"column":3}},"line":28},"3":{"name":"(anonymous_3)","decl":{"start":{"line":39,"column":2},"end":{"line":39,"column":3}},"loc":{"start":{"line":39,"column":37},"end":{"line":42,"column":3}},"line":39},"4":{"name":"(anonymous_4)","decl":{"start":{"line":49,"column":2},"end":{"line":49,"column":3}},"loc":{"start":{"line":49,"column":27},"end":{"line":52,"column":3}},"line":49},"5":{"name":"(anonymous_5)","decl":{"start":{"line":60,"column":2},"end":{"line":60,"column":3}},"loc":{"start":{"line":60,"column":44},"end":{"line":63,"column":3}},"line":60},"6":{"name":"(anonymous_6)","decl":{"start":{"line":71,"column":2},"end":{"line":71,"column":3}},"loc":{"start":{"line":71,"column":42},"end":{"line":74,"column":3}},"line":71},"7":{"name":"(anonymous_7)","decl":{"start":{"line":82,"column":2},"end":{"line":82,"column":3}},"loc":{"start":{"line":82,"column":47},"end":{"line":85,"column":3}},"line":82},"8":{"name":"(anonymous_8)","decl":{"start":{"line":93,"column":2},"end":{"line":93,"column":3}},"loc":{"start":{"line":93,"column":45},"end":{"line":96,"column":3}},"line":93}},"branchMap":{},"s":{"0":0,"1":0,"2":0,"3":0,"4":0,"5":0,"6":0,"7":0,"8":0,"9":0,"10":0,"11":0,"12":0,"13":0,"14":0,"15":0,"16":0,"17":0,"18":0},"f":{"0":0,"1":0,"2":0,"3":0,"4":0,"5":0,"6":0,"7":0,"8":0},"b":{}}
,"C:\\Users\\MAUANDR\\Desktop\\team-manager-complete\\src\\services\\userService.js": {"path":"C:\\Users\\MAUANDR\\Desktop\\team-manager-complete\\src\\services\\userService.js","statementMap":{"0":{"start":{"line":3,"column":20},"end":{"line":75,"column":1}},"1":{"start":{"line":9,"column":21},"end":{"line":9,"column":44}},"2":{"start":{"line":10,"column":4},"end":{"line":10,"column":25}},"3":{"start":{"line":19,"column":21},"end":{"line":19,"column":54}},"4":{"start":{"line":20,"column":4},"end":{"line":20,"column":25}},"5":{"start":{"line":29,"column":21},"end":{"line":29,"column":55}},"6":{"start":{"line":30,"column":4},"end":{"line":30,"column":25}},"7":{"start":{"line":40,"column":21},"end":{"line":40,"column":64}},"8":{"start":{"line":41,"column":4},"end":{"line":41,"column":25}},"9":{"start":{"line":50,"column":21},"end":{"line":50,"column":57}},"10":{"start":{"line":51,"column":4},"end":{"line":51,"column":25}},"11":{"start":{"line":61,"column":21},"end":{"line":61,"column":77}},"12":{"start":{"line":62,"column":4},"end":{"line":62,"column":25}},"13":{"start":{"line":72,"column":21},"end":{"line":72,"column":69}},"14":{"start":{"line":73,"column":4},"end":{"line":73,"column":25}}},"fnMap":{"0":{"name":"(anonymous_0)","decl":{"start":{"line":8,"column":2},"end":{"line":8,"column":3}},"loc":{"start":{"line":8,"column":22},"end":{"line":11,"column":3}},"line":8},"1":{"name":"(anonymous_1)","decl":{"start":{"line":18,"column":2},"end":{"line":18,"column":3}},"loc":{"start":{"line":18,"column":28},"end":{"line":21,"column":3}},"line":18},"2":{"name":"(anonymous_2)","decl":{"start":{"line":28,"column":2},"end":{"line":28,"column":3}},"loc":{"start":{"line":28,"column":29},"end":{"line":31,"column":3}},"line":28},"3":{"name":"(anonymous_3)","decl":{"start":{"line":39,"column":2},"end":{"line":39,"column":3}},"loc":{"start":{"line":39,"column":37},"end":{"line":42,"column":3}},"line":39},"4":{"name":"(anonymous_4)","decl":{"start":{"line":49,"column":2},"end":{"line":49,"column":3}},"loc":{"start":{"line":49,"column":27},"end":{"line":52,"column":3}},"line":49},"5":{"name":"(anonymous_5)","decl":{"start":{"line":60,"column":2},"end":{"line":60,"column":3}},"loc":{"start":{"line":60,"column":45},"end":{"line":63,"column":3}},"line":60},"6":{"name":"(anonymous_6)","decl":{"start":{"line":71,"column":2},"end":{"line":71,"column":3}},"loc":{"start":{"line":71,"column":33},"end":{"line":74,"column":3}},"line":71}},"branchMap":{},"s":{"0":0,"1":0,"2":0,"3":0,"4":0,"5":0,"6":0,"7":0,"8":0,"9":0,"10":0,"11":0,"12":0,"13":0,"14":0},"f":{"0":0,"1":0,"2":0,"3":0,"4":0,"5":0,"6":0},"b":{}}
,"C:\\Users\\MAUANDR\\Desktop\\team-manager-complete\\src\\utils\\ErrorBoundary.jsx": {"path":"C:\\Users\\MAUANDR\\Desktop\\team-manager-complete\\src\\utils\\ErrorBoundary.jsx","statementMap":{"0":{"start":{"line":9,"column":4},"end":{"line":9,"column":17}},"1":{"start":{"line":10,"column":4},"end":{"line":10,"column":67}},"2":{"start":{"line":15,"column":4},"end":{"line":15,"column":37}},"3":{"start":{"line":20,"column":4},"end":{"line":20,"column":82}},"4":{"start":{"line":21,"column":4},"end":{"line":21,"column":33}},"5":{"start":{"line":27,"column":4},"end":{"line":54,"column":5}},"6":{"start":{"line":29,"column":6},"end":{"line":53,"column":8}},"7":{"start":{"line":38,"column":33},"end":{"line":38,"column":57}},"8":{"start":{"line":56,"column":4},"end":{"line":56,"column":31}}},"fnMap":{"0":{"name":"(anonymous_0)","decl":{"start":{"line":8,"column":2},"end":{"line":8,"column":3}},"loc":{"start":{"line":8,"column":21},"end":{"line":11,"column":3}},"line":8},"1":{"name":"(anonymous_1)","decl":{"start":{"line":13,"column":2},"end":{"line":13,"column":3}},"loc":{"start":{"line":13,"column":41},"end":{"line":16,"column":3}},"line":13},"2":{"name":"(anonymous_2)","decl":{"start":{"line":18,"column":2},"end":{"line":18,"column":3}},"loc":{"start":{"line":18,"column":38},"end":{"line":24,"column":3}},"line":18},"3":{"name":"(anonymous_3)","decl":{"start":{"line":26,"column":2},"end":{"line":26,"column":3}},"loc":{"start":{"line":26,"column":11},"end":{"line":57,"column":3}},"line":26},"4":{"name":"(anonymous_4)","decl":{"start":{"line":38,"column":27},"end":{"line":38,"column":28}},"loc":{"start":{"line":38,"column":33},"end":{"line":38,"column":57}},"line":38}},"branchMap":{"0":{"loc":{"start":{"line":27,"column":4},"end":{"line":54,"column":5}},"type":"if","locations":[{"start":{"line":27,"column":4},"end":{"line":54,"column":5}},{"start":{},"end":{}}],"line":27},"1":{"loc":{"start":{"line":36,"column":20},"end":{"line":36,"column":67}},"type":"binary-expr","locations":[{"start":{"line":36,"column":20},"end":{"line":36,"column":36}},{"start":{"line":36,"column":40},"end":{"line":36,"column":67}}],"line":36},"2":{"loc":{"start":{"line":46,"column":11},"end":{"line":51,"column":11}},"type":"binary-expr","locations":[{"start":{"line":46,"column":11},"end":{"line":46,"column":33}},{"start":{"line":46,"column":37},"end":{"line":46,"column":57}},{"start":{"line":47,"column":12},"end":{"line":50,"column":22}}],"line":46}},"s":{"0":0,"1":0,"2":0,"3":0,"4":0,"5":0,"6":0,"7":0,"8":0},"f":{"0":0,"1":0,"2":0,"3":0,"4":0},"b":{"0":[0,0],"1":[0,0],"2":[0,0,0]}}
,"C:\\Users\\MAUANDR\\Desktop\\team-manager-complete\\src\\utils\\api.js": {"path":"C:\\Users\\MAUANDR\\Desktop\\team-manager-complete\\src\\utils\\api.js","statementMap":{"0":{"start":{"line":3,"column":16},"end":{"line":3,"column":75}},"1":{"start":{"line":5,"column":12},"end":{"line":10,"column":2}},"2":{"start":{"line":13,"column":0},"end":{"line":22,"column":2}},"3":{"start":{"line":15,"column":18},"end":{"line":15,"column":47}},"4":{"start":{"line":16,"column":4},"end":{"line":18,"column":5}},"5":{"start":{"line":17,"column":6},"end":{"line":17,"column":55}},"6":{"start":{"line":19,"column":4},"end":{"line":19,"column":18}},"7":{"start":{"line":21,"column":13},"end":{"line":21,"column":34}},"8":{"start":{"line":25,"column":0},"end":{"line":35,"column":2}},"9":{"start":{"line":26,"column":16},"end":{"line":26,"column":24}},"10":{"start":{"line":29,"column":4},"end":{"line":32,"column":5}},"11":{"start":{"line":30,"column":6},"end":{"line":30,"column":39}},"12":{"start":{"line":31,"column":6},"end":{"line":31,"column":38}},"13":{"start":{"line":33,"column":4},"end":{"line":33,"column":33}}},"fnMap":{"0":{"name":"(anonymous_0)","decl":{"start":{"line":14,"column":2},"end":{"line":14,"column":3}},"loc":{"start":{"line":14,"column":14},"end":{"line":20,"column":3}},"line":14},"1":{"name":"(anonymous_1)","decl":{"start":{"line":21,"column":2},"end":{"line":21,"column":3}},"loc":{"start":{"line":21,"column":13},"end":{"line":21,"column":34}},"line":21},"2":{"name":"(anonymous_2)","decl":{"start":{"line":26,"column":2},"end":{"line":26,"column":3}},"loc":{"start":{"line":26,"column":16},"end":{"line":26,"column":24}},"line":26},"3":{"name":"(anonymous_3)","decl":{"start":{"line":27,"column":2},"end":{"line":27,"column":3}},"loc":{"start":{"line":27,"column":13},"end":{"line":34,"column":3}},"line":27}},"branchMap":{"0":{"loc":{"start":{"line":3,"column":16},"end":{"line":3,"column":75}},"type":"binary-expr","locations":[{"start":{"line":3,"column":16},"end":{"line":3,"column":44}},{"start":{"line":3,"column":48},"end":{"line":3,"column":75}}],"line":3},"1":{"loc":{"start":{"line":16,"column":4},"end":{"line":18,"column":5}},"type":"if","locations":[{"start":{"line":16,"column":4},"end":{"line":18,"column":5}},{"start":{},"end":{}}],"line":16},"2":{"loc":{"start":{"line":29,"column":4},"end":{"line":32,"column":5}},"type":"if","locations":[{"start":{"line":29,"column":4},"end":{"line":32,"column":5}},{"start":{},"end":{}}],"line":29},"3":{"loc":{"start":{"line":29,"column":8},"end":{"line":29,"column":55}},"type":"binary-expr","locations":[{"start":{"line":29,"column":8},"end":{"line":29,"column":22}},{"start":{"line":29,"column":26},"end":{"line":29,"column":55}}],"line":29}},"s":{"0":0,"1":0,"2":0,"3":0,"4":0,"5":0,"6":0,"7":0,"8":0,"9":0,"10":0,"11":0,"12":0,"13":0},"f":{"0":0,"1":0,"2":0,"3":0},"b":{"0":[0,0],"1":[0,0],"2":[0,0],"3":[0,0]}}
,"C:\\Users\\MAUANDR\\Desktop\\team-manager-complete\\src\\utils\\axios.js": {"path":"C:\\Users\\MAUANDR\\Desktop\\team-manager-complete\\src\\utils\\axios.js","statementMap":{"0":{"start":{"line":3,"column":17},"end":{"line":5,"column":2}},"1":{"start":{"line":7,"column":0},"end":{"line":13,"column":3}},"2":{"start":{"line":8,"column":16},"end":{"line":8,"column":45}},"3":{"start":{"line":9,"column":2},"end":{"line":11,"column":3}},"4":{"start":{"line":10,"column":4},"end":{"line":10,"column":53}},"5":{"start":{"line":12,"column":2},"end":{"line":12,"column":16}}},"fnMap":{"0":{"name":"(anonymous_0)","decl":{"start":{"line":7,"column":34},"end":{"line":7,"column":35}},"loc":{"start":{"line":7,"column":46},"end":{"line":13,"column":1}},"line":7}},"branchMap":{"0":{"loc":{"start":{"line":9,"column":2},"end":{"line":11,"column":3}},"type":"if","locations":[{"start":{"line":9,"column":2},"end":{"line":11,"column":3}},{"start":{},"end":{}}],"line":9}},"s":{"0":0,"1":0,"2":0,"3":0,"4":0,"5":0},"f":{"0":0},"b":{"0":[0,0]}}
,"C:\\Users\\MAUANDR\\Desktop\\team-manager-complete\\src\\utils\\setup.js": {"path":"C:\\Users\\MAUANDR\\Desktop\\team-manager-complete\\src\\utils\\setup.js","statementMap":{"0":{"start":{"line":5,"column":25},"end":{"line":19,"column":4}},"1":{"start":{"line":6,"column":14},"end":{"line":6,"column":16}},"2":{"start":{"line":7,"column":2},"end":{"line":18,"column":4}},"3":{"start":{"line":8,"column":28},"end":{"line":8,"column":46}},"4":{"start":{"line":10,"column":6},"end":{"line":10,"column":36}},"5":{"start":{"line":13,"column":6},"end":{"line":13,"column":24}},"6":{"start":{"line":16,"column":6},"end":{"line":16,"column":17}},"7":{"start":{"line":21,"column":0},"end":{"line":23,"column":3}},"8":{"start":{"line":26,"column":0},"end":{"line":26,"column":25}},"9":{"start":{"line":29,"column":0},"end":{"line":31,"column":3}},"10":{"start":{"line":30,"column":2},"end":{"line":30,"column":23}}},"fnMap":{"0":{"name":"(anonymous_0)","decl":{"start":{"line":5,"column":26},"end":{"line":5,"column":27}},"loc":{"start":{"line":5,"column":37},"end":{"line":19,"column":1}},"line":5},"1":{"name":"(anonymous_1)","decl":{"start":{"line":8,"column":21},"end":{"line":8,"column":22}},"loc":{"start":{"line":8,"column":28},"end":{"line":8,"column":46}},"line":8},"2":{"name":"(anonymous_2)","decl":{"start":{"line":9,"column":21},"end":{"line":9,"column":22}},"loc":{"start":{"line":9,"column":37},"end":{"line":11,"column":5}},"line":9},"3":{"name":"(anonymous_3)","decl":{"start":{"line":12,"column":24},"end":{"line":12,"column":25}},"loc":{"start":{"line":12,"column":31},"end":{"line":14,"column":5}},"line":12},"4":{"name":"(anonymous_4)","decl":{"start":{"line":15,"column":19},"end":{"line":15,"column":20}},"loc":{"start":{"line":15,"column":25},"end":{"line":17,"column":5}},"line":15},"5":{"name":"(anonymous_5)","decl":{"start":{"line":29,"column":10},"end":{"line":29,"column":11}},"loc":{"start":{"line":29,"column":16},"end":{"line":31,"column":1}},"line":29}},"branchMap":{"0":{"loc":{"start":{"line":8,"column":28},"end":{"line":8,"column":46}},"type":"binary-expr","locations":[{"start":{"line":8,"column":28},"end":{"line":8,"column":38}},{"start":{"line":8,"column":42},"end":{"line":8,"column":46}}],"line":8}},"s":{"0":0,"1":0,"2":0,"3":0,"4":0,"5":0,"6":0,"7":0,"8":0,"9":0,"10":0},"f":{"0":0,"1":0,"2":0,"3":0,"4":0,"5":0},"b":{"0":[0,0]}}
}
