{"C:\\Users\\MAUANDR\\Desktop\\team-manager-complete\\src\\components\\auth\\RoleBasedAccess.jsx": {"path":"C:\\Users\\MAUANDR\\Desktop\\team-manager-complete\\src\\components\\auth\\RoleBasedAccess.jsx","statementMap":{"0":{"start":{"line":13,"column":24},"end":{"line":33,"column":1}},"1":{"start":{"line":18,"column":36},"end":{"line":18,"column":45}},"2":{"start":{"line":21,"column":2},"end":{"line":23,"column":3}},"3":{"start":{"line":22,"column":4},"end":{"line":22,"column":20}},"4":{"start":{"line":27,"column":2},"end":{"line":29,"column":3}},"5":{"start":{"line":28,"column":4},"end":{"line":28,"column":20}},"6":{"start":{"line":32,"column":2},"end":{"line":32,"column":18}}},"fnMap":{"0":{"name":"(anonymous_0)","decl":{"start":{"line":13,"column":24},"end":{"line":13,"column":25}},"loc":{"start":{"line":17,"column":6},"end":{"line":33,"column":1}},"line":17}},"branchMap":{"0":{"loc":{"start":{"line":14,"column":2},"end":{"line":14,"column":12}},"type":"default-arg","locations":[{"start":{"line":14,"column":10},"end":{"line":14,"column":12}}],"line":14},"1":{"loc":{"start":{"line":16,"column":2},"end":{"line":16,"column":17}},"type":"default-arg","locations":[{"start":{"line":16,"column":13},"end":{"line":16,"column":17}}],"line":16},"2":{"loc":{"start":{"line":21,"column":2},"end":{"line":23,"column":3}},"type":"if","locations":[{"start":{"line":21,"column":2},"end":{"line":23,"column":3}},{"start":{},"end":{}}],"line":21},"3":{"loc":{"start":{"line":21,"column":6},"end":{"line":21,"column":45}},"type":"binary-expr","locations":[{"start":{"line":21,"column":6},"end":{"line":21,"column":22}},{"start":{"line":21,"column":26},"end":{"line":21,"column":31}},{"start":{"line":21,"column":35},"end":{"line":21,"column":45}}],"line":21},"4":{"loc":{"start":{"line":27,"column":2},"end":{"line":29,"column":3}},"type":"if","locations":[{"start":{"line":27,"column":2},"end":{"line":29,"column":3}},{"start":{},"end":{}}],"line":27},"5":{"loc":{"start":{"line":27,"column":6},"end":{"line":27,"column":53}},"type":"binary-expr","locations":[{"start":{"line":27,"column":6},"end":{"line":27,"column":24}},{"start":{"line":27,"column":28},"end":{"line":27,"column":53}}],"line":27}},"s":{"0":0,"1":0,"2":0,"3":0,"4":0,"5":0,"6":0},"f":{"0":0},"b":{"0":[0],"1":[0],"2":[0,0],"3":[0,0,0],"4":[0,0],"5":[0,0]}}
,"C:\\Users\\MAUANDR\\Desktop\\team-manager-complete\\src\\hooks\\useAuth.js": {"path":"C:\\Users\\MAUANDR\\Desktop\\team-manager-complete\\src\\hooks\\useAuth.js","statementMap":{"0":{"start":{"line":10,"column":18},"end":{"line":10,"column":41}},"1":{"start":{"line":12,"column":2},"end":{"line":14,"column":3}},"2":{"start":{"line":13,"column":4},"end":{"line":13,"column":83}},"3":{"start":{"line":16,"column":2},"end":{"line":16,"column":17}}},"fnMap":{"0":{"name":"useAuth","decl":{"start":{"line":9,"column":16},"end":{"line":9,"column":23}},"loc":{"start":{"line":9,"column":26},"end":{"line":17,"column":1}},"line":9}},"branchMap":{"0":{"loc":{"start":{"line":12,"column":2},"end":{"line":14,"column":3}},"type":"if","locations":[{"start":{"line":12,"column":2},"end":{"line":14,"column":3}},{"start":{},"end":{}}],"line":12}},"s":{"0":0,"1":0,"2":0,"3":0},"f":{"0":0},"b":{"0":[0,0]}}
,"C:\\Users\\MAUANDR\\Desktop\\team-manager-complete\\src\\hooks\\useDashboard.js": {"path":"C:\\Users\\MAUANDR\\Desktop\\team-manager-complete\\src\\hooks\\useDashboard.js","statementMap":{"0":{"start":{"line":9,"column":2},"end":{"line":15,"column":5}},"1":{"start":{"line":12,"column":23},"end":{"line":12,"column":56}},"2":{"start":{"line":13,"column":6},"end":{"line":13,"column":27}},"3":{"start":{"line":24,"column":2},"end":{"line":30,"column":5}},"4":{"start":{"line":27,"column":23},"end":{"line":27,"column":81}},"5":{"start":{"line":28,"column":6},"end":{"line":28,"column":27}},"6":{"start":{"line":39,"column":2},"end":{"line":47,"column":5}},"7":{"start":{"line":42,"column":18},"end":{"line":42,"column":86}},"8":{"start":{"line":43,"column":23},"end":{"line":43,"column":41}},"9":{"start":{"line":44,"column":6},"end":{"line":44,"column":27}},"10":{"start":{"line":56,"column":2},"end":{"line":63,"column":5}},"11":{"start":{"line":59,"column":23},"end":{"line":59,"column":77}},"12":{"start":{"line":60,"column":6},"end":{"line":60,"column":27}},"13":{"start":{"line":72,"column":2},"end":{"line":78,"column":5}},"14":{"start":{"line":75,"column":23},"end":{"line":75,"column":69}},"15":{"start":{"line":76,"column":6},"end":{"line":76,"column":27}},"16":{"start":{"line":86,"column":22},"end":{"line":86,"column":38}},"17":{"start":{"line":88,"column":2},"end":{"line":96,"column":5}},"18":{"start":{"line":90,"column":23},"end":{"line":90,"column":79}},"19":{"start":{"line":91,"column":6},"end":{"line":91,"column":27}},"20":{"start":{"line":94,"column":6},"end":{"line":94,"column":69}},"21":{"start":{"line":104,"column":22},"end":{"line":104,"column":38}},"22":{"start":{"line":106,"column":2},"end":{"line":114,"column":5}},"23":{"start":{"line":108,"column":23},"end":{"line":108,"column":65}},"24":{"start":{"line":109,"column":6},"end":{"line":109,"column":27}},"25":{"start":{"line":112,"column":6},"end":{"line":112,"column":69}}},"fnMap":{"0":{"name":"useDashboardStats","decl":{"start":{"line":8,"column":16},"end":{"line":8,"column":33}},"loc":{"start":{"line":8,"column":36},"end":{"line":16,"column":1}},"line":8},"1":{"name":"(anonymous_1)","decl":{"start":{"line":11,"column":13},"end":{"line":11,"column":14}},"loc":{"start":{"line":11,"column":25},"end":{"line":14,"column":5}},"line":11},"2":{"name":"useUpcomingEvents","decl":{"start":{"line":23,"column":16},"end":{"line":23,"column":33}},"loc":{"start":{"line":23,"column":45},"end":{"line":31,"column":1}},"line":23},"3":{"name":"(anonymous_3)","decl":{"start":{"line":26,"column":13},"end":{"line":26,"column":14}},"loc":{"start":{"line":26,"column":25},"end":{"line":29,"column":5}},"line":26},"4":{"name":"useAttendanceStats","decl":{"start":{"line":38,"column":16},"end":{"line":38,"column":34}},"loc":{"start":{"line":38,"column":43},"end":{"line":48,"column":1}},"line":38},"5":{"name":"(anonymous_5)","decl":{"start":{"line":41,"column":13},"end":{"line":41,"column":14}},"loc":{"start":{"line":41,"column":25},"end":{"line":45,"column":5}},"line":41},"6":{"name":"useTrainerTeamStats","decl":{"start":{"line":55,"column":16},"end":{"line":55,"column":35}},"loc":{"start":{"line":55,"column":47},"end":{"line":64,"column":1}},"line":55},"7":{"name":"(anonymous_7)","decl":{"start":{"line":58,"column":13},"end":{"line":58,"column":14}},"loc":{"start":{"line":58,"column":25},"end":{"line":61,"column":5}},"line":58},"8":{"name":"useNotifications","decl":{"start":{"line":71,"column":16},"end":{"line":71,"column":32}},"loc":{"start":{"line":71,"column":45},"end":{"line":79,"column":1}},"line":71},"9":{"name":"(anonymous_9)","decl":{"start":{"line":74,"column":13},"end":{"line":74,"column":14}},"loc":{"start":{"line":74,"column":25},"end":{"line":77,"column":5}},"line":74},"10":{"name":"useMarkNotificationAsRead","decl":{"start":{"line":85,"column":16},"end":{"line":85,"column":41}},"loc":{"start":{"line":85,"column":44},"end":{"line":97,"column":1}},"line":85},"11":{"name":"(anonymous_11)","decl":{"start":{"line":89,"column":16},"end":{"line":89,"column":17}},"loc":{"start":{"line":89,"column":42},"end":{"line":92,"column":5}},"line":89},"12":{"name":"(anonymous_12)","decl":{"start":{"line":93,"column":15},"end":{"line":93,"column":16}},"loc":{"start":{"line":93,"column":21},"end":{"line":95,"column":5}},"line":93},"13":{"name":"useMarkAllNotificationsAsRead","decl":{"start":{"line":103,"column":16},"end":{"line":103,"column":45}},"loc":{"start":{"line":103,"column":48},"end":{"line":115,"column":1}},"line":103},"14":{"name":"(anonymous_14)","decl":{"start":{"line":107,"column":16},"end":{"line":107,"column":17}},"loc":{"start":{"line":107,"column":28},"end":{"line":110,"column":5}},"line":107},"15":{"name":"(anonymous_15)","decl":{"start":{"line":111,"column":15},"end":{"line":111,"column":16}},"loc":{"start":{"line":111,"column":21},"end":{"line":113,"column":5}},"line":111}},"branchMap":{"0":{"loc":{"start":{"line":23,"column":34},"end":{"line":23,"column":43}},"type":"default-arg","locations":[{"start":{"line":23,"column":42},"end":{"line":23,"column":43}}],"line":23},"1":{"loc":{"start":{"line":42,"column":18},"end":{"line":42,"column":86}},"type":"cond-expr","locations":[{"start":{"line":42,"column":27},"end":{"line":42,"column":60}},{"start":{"line":42,"column":63},"end":{"line":42,"column":86}}],"line":42},"2":{"loc":{"start":{"line":71,"column":33},"end":{"line":71,"column":43}},"type":"default-arg","locations":[{"start":{"line":71,"column":41},"end":{"line":71,"column":43}}],"line":71}},"s":{"0":0,"1":0,"2":0,"3":0,"4":0,"5":0,"6":0,"7":0,"8":0,"9":0,"10":0,"11":0,"12":0,"13":0,"14":0,"15":0,"16":0,"17":0,"18":0,"19":0,"20":0,"21":0,"22":0,"23":0,"24":0,"25":0},"f":{"0":0,"1":0,"2":0,"3":0,"4":0,"5":0,"6":0,"7":0,"8":0,"9":0,"10":0,"11":0,"12":0,"13":0,"14":0,"15":0},"b":{"0":[0],"1":[0,0],"2":[0]}}
,"C:\\Users\\MAUANDR\\Desktop\\team-manager-complete\\src\\hooks\\useEvents.js": {"path":"C:\\Users\\MAUANDR\\Desktop\\team-manager-complete\\src\\hooks\\useEvents.js","statementMap":{"0":{"start":{"line":9,"column":2},"end":{"line":12,"column":5}},"1":{"start":{"line":20,"column":2},"end":{"line":23,"column":5}},"2":{"start":{"line":32,"column":2},"end":{"line":36,"column":5}},"3":{"start":{"line":34,"column":19},"end":{"line":34,"column":49}},"4":{"start":{"line":45,"column":2},"end":{"line":49,"column":5}},"5":{"start":{"line":47,"column":19},"end":{"line":47,"column":55}},"6":{"start":{"line":57,"column":22},"end":{"line":57,"column":38}},"7":{"start":{"line":59,"column":2},"end":{"line":65,"column":5}},"8":{"start":{"line":60,"column":29},"end":{"line":60,"column":64}},"9":{"start":{"line":63,"column":6},"end":{"line":63,"column":62}},"10":{"start":{"line":73,"column":22},"end":{"line":73,"column":38}},"11":{"start":{"line":75,"column":2},"end":{"line":82,"column":5}},"12":{"start":{"line":76,"column":44},"end":{"line":76,"column":88}},"13":{"start":{"line":79,"column":6},"end":{"line":79,"column":62}},"14":{"start":{"line":80,"column":6},"end":{"line":80,"column":80}},"15":{"start":{"line":90,"column":22},"end":{"line":90,"column":38}},"16":{"start":{"line":92,"column":2},"end":{"line":98,"column":5}},"17":{"start":{"line":93,"column":27},"end":{"line":93,"column":60}},"18":{"start":{"line":96,"column":6},"end":{"line":96,"column":62}},"19":{"start":{"line":106,"column":22},"end":{"line":106,"column":38}},"20":{"start":{"line":108,"column":2},"end":{"line":115,"column":5}},"21":{"start":{"line":110,"column":6},"end":{"line":110,"column":65}},"22":{"start":{"line":113,"column":6},"end":{"line":113,"column":80}},"23":{"start":{"line":123,"column":22},"end":{"line":123,"column":38}},"24":{"start":{"line":125,"column":2},"end":{"line":132,"column":5}},"25":{"start":{"line":127,"column":6},"end":{"line":127,"column":69}},"26":{"start":{"line":130,"column":6},"end":{"line":130,"column":80}}},"fnMap":{"0":{"name":"useEvents","decl":{"start":{"line":8,"column":16},"end":{"line":8,"column":25}},"loc":{"start":{"line":8,"column":28},"end":{"line":13,"column":1}},"line":8},"1":{"name":"useFilteredEvents","decl":{"start":{"line":19,"column":16},"end":{"line":19,"column":33}},"loc":{"start":{"line":19,"column":36},"end":{"line":24,"column":1}},"line":19},"2":{"name":"useEvent","decl":{"start":{"line":31,"column":16},"end":{"line":31,"column":24}},"loc":{"start":{"line":31,"column":34},"end":{"line":37,"column":1}},"line":31},"3":{"name":"(anonymous_3)","decl":{"start":{"line":34,"column":13},"end":{"line":34,"column":14}},"loc":{"start":{"line":34,"column":19},"end":{"line":34,"column":49}},"line":34},"4":{"name":"useTeamEvents","decl":{"start":{"line":44,"column":16},"end":{"line":44,"column":29}},"loc":{"start":{"line":44,"column":38},"end":{"line":50,"column":1}},"line":44},"5":{"name":"(anonymous_5)","decl":{"start":{"line":47,"column":13},"end":{"line":47,"column":14}},"loc":{"start":{"line":47,"column":19},"end":{"line":47,"column":55}},"line":47},"6":{"name":"useCreateEvent","decl":{"start":{"line":56,"column":16},"end":{"line":56,"column":30}},"loc":{"start":{"line":56,"column":33},"end":{"line":66,"column":1}},"line":56},"7":{"name":"(anonymous_7)","decl":{"start":{"line":60,"column":16},"end":{"line":60,"column":17}},"loc":{"start":{"line":60,"column":29},"end":{"line":60,"column":64}},"line":60},"8":{"name":"(anonymous_8)","decl":{"start":{"line":61,"column":15},"end":{"line":61,"column":16}},"loc":{"start":{"line":61,"column":21},"end":{"line":64,"column":5}},"line":61},"9":{"name":"useUpdateEvent","decl":{"start":{"line":72,"column":16},"end":{"line":72,"column":30}},"loc":{"start":{"line":72,"column":33},"end":{"line":83,"column":1}},"line":72},"10":{"name":"(anonymous_10)","decl":{"start":{"line":76,"column":16},"end":{"line":76,"column":17}},"loc":{"start":{"line":76,"column":44},"end":{"line":76,"column":88}},"line":76},"11":{"name":"(anonymous_11)","decl":{"start":{"line":77,"column":15},"end":{"line":77,"column":16}},"loc":{"start":{"line":77,"column":36},"end":{"line":81,"column":5}},"line":77},"12":{"name":"useDeleteEvent","decl":{"start":{"line":89,"column":16},"end":{"line":89,"column":30}},"loc":{"start":{"line":89,"column":33},"end":{"line":99,"column":1}},"line":89},"13":{"name":"(anonymous_13)","decl":{"start":{"line":93,"column":16},"end":{"line":93,"column":17}},"loc":{"start":{"line":93,"column":27},"end":{"line":93,"column":60}},"line":93},"14":{"name":"(anonymous_14)","decl":{"start":{"line":94,"column":15},"end":{"line":94,"column":16}},"loc":{"start":{"line":94,"column":21},"end":{"line":97,"column":5}},"line":94},"15":{"name":"useUpdateParticipation","decl":{"start":{"line":105,"column":16},"end":{"line":105,"column":38}},"loc":{"start":{"line":105,"column":41},"end":{"line":116,"column":1}},"line":105},"16":{"name":"(anonymous_16)","decl":{"start":{"line":109,"column":16},"end":{"line":109,"column":17}},"loc":{"start":{"line":110,"column":6},"end":{"line":110,"column":65}},"line":110},"17":{"name":"(anonymous_17)","decl":{"start":{"line":111,"column":15},"end":{"line":111,"column":16}},"loc":{"start":{"line":111,"column":36},"end":{"line":114,"column":5}},"line":111},"18":{"name":"useUpdateChildParticipation","decl":{"start":{"line":122,"column":16},"end":{"line":122,"column":43}},"loc":{"start":{"line":122,"column":46},"end":{"line":133,"column":1}},"line":122},"19":{"name":"(anonymous_19)","decl":{"start":{"line":126,"column":16},"end":{"line":126,"column":17}},"loc":{"start":{"line":127,"column":6},"end":{"line":127,"column":69}},"line":127},"20":{"name":"(anonymous_20)","decl":{"start":{"line":128,"column":15},"end":{"line":128,"column":16}},"loc":{"start":{"line":128,"column":36},"end":{"line":131,"column":5}},"line":128}},"branchMap":{},"s":{"0":0,"1":0,"2":0,"3":0,"4":0,"5":0,"6":0,"7":0,"8":0,"9":0,"10":0,"11":0,"12":0,"13":0,"14":0,"15":0,"16":0,"17":0,"18":0,"19":0,"20":0,"21":0,"22":0,"23":0,"24":0,"25":0,"26":0},"f":{"0":0,"1":0,"2":0,"3":0,"4":0,"5":0,"6":0,"7":0,"8":0,"9":0,"10":0,"11":0,"12":0,"13":0,"14":0,"15":0,"16":0,"17":0,"18":0,"19":0,"20":0},"b":{}}
,"C:\\Users\\MAUANDR\\Desktop\\team-manager-complete\\src\\hooks\\useNotifications.js": {"path":"C:\\Users\\MAUANDR\\Desktop\\team-manager-complete\\src\\hooks\\useNotifications.js","statementMap":{"0":{"start":{"line":10,"column":2},"end":{"line":13,"column":5}},"1":{"start":{"line":12,"column":19},"end":{"line":12,"column":62}},"2":{"start":{"line":21,"column":22},"end":{"line":21,"column":38}},"3":{"start":{"line":23,"column":2},"end":{"line":28,"column":5}},"4":{"start":{"line":24,"column":36},"end":{"line":24,"column":82}},"5":{"start":{"line":26,"column":6},"end":{"line":26,"column":69}},"6":{"start":{"line":36,"column":22},"end":{"line":36,"column":38}},"7":{"start":{"line":38,"column":2},"end":{"line":43,"column":5}},"8":{"start":{"line":39,"column":22},"end":{"line":39,"column":57}},"9":{"start":{"line":41,"column":6},"end":{"line":41,"column":69}},"10":{"start":{"line":51,"column":22},"end":{"line":51,"column":38}},"11":{"start":{"line":53,"column":2},"end":{"line":58,"column":5}},"12":{"start":{"line":54,"column":36},"end":{"line":54,"column":90}},"13":{"start":{"line":56,"column":6},"end":{"line":56,"column":69}},"14":{"start":{"line":66,"column":22},"end":{"line":66,"column":38}},"15":{"start":{"line":68,"column":2},"end":{"line":73,"column":5}},"16":{"start":{"line":69,"column":22},"end":{"line":69,"column":66}},"17":{"start":{"line":71,"column":6},"end":{"line":71,"column":69}}},"fnMap":{"0":{"name":"useNotifications","decl":{"start":{"line":9,"column":16},"end":{"line":9,"column":32}},"loc":{"start":{"line":9,"column":45},"end":{"line":14,"column":1}},"line":9},"1":{"name":"(anonymous_1)","decl":{"start":{"line":12,"column":13},"end":{"line":12,"column":14}},"loc":{"start":{"line":12,"column":19},"end":{"line":12,"column":62}},"line":12},"2":{"name":"useMarkNotificationAsRead","decl":{"start":{"line":20,"column":16},"end":{"line":20,"column":41}},"loc":{"start":{"line":20,"column":44},"end":{"line":29,"column":1}},"line":20},"3":{"name":"(anonymous_3)","decl":{"start":{"line":24,"column":16},"end":{"line":24,"column":17}},"loc":{"start":{"line":24,"column":36},"end":{"line":24,"column":82}},"line":24},"4":{"name":"(anonymous_4)","decl":{"start":{"line":25,"column":15},"end":{"line":25,"column":16}},"loc":{"start":{"line":25,"column":21},"end":{"line":27,"column":5}},"line":25},"5":{"name":"useMarkAllNotificationsAsRead","decl":{"start":{"line":35,"column":16},"end":{"line":35,"column":45}},"loc":{"start":{"line":35,"column":48},"end":{"line":44,"column":1}},"line":35},"6":{"name":"(anonymous_6)","decl":{"start":{"line":39,"column":16},"end":{"line":39,"column":17}},"loc":{"start":{"line":39,"column":22},"end":{"line":39,"column":57}},"line":39},"7":{"name":"(anonymous_7)","decl":{"start":{"line":40,"column":15},"end":{"line":40,"column":16}},"loc":{"start":{"line":40,"column":21},"end":{"line":42,"column":5}},"line":40},"8":{"name":"useDeleteNotification","decl":{"start":{"line":50,"column":16},"end":{"line":50,"column":37}},"loc":{"start":{"line":50,"column":40},"end":{"line":59,"column":1}},"line":50},"9":{"name":"(anonymous_9)","decl":{"start":{"line":54,"column":16},"end":{"line":54,"column":17}},"loc":{"start":{"line":54,"column":36},"end":{"line":54,"column":90}},"line":54},"10":{"name":"(anonymous_10)","decl":{"start":{"line":55,"column":15},"end":{"line":55,"column":16}},"loc":{"start":{"line":55,"column":21},"end":{"line":57,"column":5}},"line":55},"11":{"name":"useDeleteAllNotifications","decl":{"start":{"line":65,"column":16},"end":{"line":65,"column":41}},"loc":{"start":{"line":65,"column":44},"end":{"line":74,"column":1}},"line":65},"12":{"name":"(anonymous_12)","decl":{"start":{"line":69,"column":16},"end":{"line":69,"column":17}},"loc":{"start":{"line":69,"column":22},"end":{"line":69,"column":66}},"line":69},"13":{"name":"(anonymous_13)","decl":{"start":{"line":70,"column":15},"end":{"line":70,"column":16}},"loc":{"start":{"line":70,"column":21},"end":{"line":72,"column":5}},"line":70}},"branchMap":{"0":{"loc":{"start":{"line":9,"column":33},"end":{"line":9,"column":43}},"type":"default-arg","locations":[{"start":{"line":9,"column":41},"end":{"line":9,"column":43}}],"line":9}},"s":{"0":0,"1":0,"2":0,"3":0,"4":0,"5":0,"6":0,"7":0,"8":0,"9":0,"10":0,"11":0,"12":0,"13":0,"14":0,"15":0,"16":0,"17":0},"f":{"0":0,"1":0,"2":0,"3":0,"4":0,"5":0,"6":0,"7":0,"8":0,"9":0,"10":0,"11":0,"12":0,"13":0},"b":{"0":[0]}}
,"C:\\Users\\MAUANDR\\Desktop\\team-manager-complete\\src\\hooks\\usePlayerEvents.js": {"path":"C:\\Users\\MAUANDR\\Desktop\\team-manager-complete\\src\\hooks\\usePlayerEvents.js","statementMap":{"0":{"start":{"line":10,"column":2},"end":{"line":14,"column":5}},"1":{"start":{"line":12,"column":19},"end":{"line":12,"column":59}}},"fnMap":{"0":{"name":"usePlayerEvents","decl":{"start":{"line":9,"column":16},"end":{"line":9,"column":31}},"loc":{"start":{"line":9,"column":42},"end":{"line":15,"column":1}},"line":9},"1":{"name":"(anonymous_1)","decl":{"start":{"line":12,"column":13},"end":{"line":12,"column":14}},"loc":{"start":{"line":12,"column":19},"end":{"line":12,"column":59}},"line":12}},"branchMap":{},"s":{"0":0,"1":0},"f":{"0":0,"1":0},"b":{}}
,"C:\\Users\\MAUANDR\\Desktop\\team-manager-complete\\src\\hooks\\usePlayers.js": {"path":"C:\\Users\\MAUANDR\\Desktop\\team-manager-complete\\src\\hooks\\usePlayers.js","statementMap":{"0":{"start":{"line":9,"column":2},"end":{"line":12,"column":5}},"1":{"start":{"line":21,"column":2},"end":{"line":25,"column":5}},"2":{"start":{"line":23,"column":19},"end":{"line":23,"column":56}},"3":{"start":{"line":34,"column":2},"end":{"line":38,"column":5}},"4":{"start":{"line":36,"column":19},"end":{"line":36,"column":57}},"5":{"start":{"line":46,"column":22},"end":{"line":46,"column":38}},"6":{"start":{"line":48,"column":2},"end":{"line":54,"column":5}},"7":{"start":{"line":49,"column":30},"end":{"line":49,"column":68}},"8":{"start":{"line":52,"column":6},"end":{"line":52,"column":63}},"9":{"start":{"line":62,"column":22},"end":{"line":62,"column":38}},"10":{"start":{"line":64,"column":2},"end":{"line":71,"column":5}},"11":{"start":{"line":65,"column":46},"end":{"line":65,"column":94}},"12":{"start":{"line":68,"column":6},"end":{"line":68,"column":63}},"13":{"start":{"line":69,"column":6},"end":{"line":69,"column":82}},"14":{"start":{"line":79,"column":22},"end":{"line":79,"column":38}},"15":{"start":{"line":81,"column":2},"end":{"line":87,"column":5}},"16":{"start":{"line":82,"column":28},"end":{"line":82,"column":64}},"17":{"start":{"line":85,"column":6},"end":{"line":85,"column":63}},"18":{"start":{"line":96,"column":2},"end":{"line":100,"column":5}},"19":{"start":{"line":98,"column":19},"end":{"line":98,"column":62}},"20":{"start":{"line":108,"column":22},"end":{"line":108,"column":38}},"21":{"start":{"line":110,"column":2},"end":{"line":116,"column":5}},"22":{"start":{"line":111,"column":40},"end":{"line":111,"column":85}},"23":{"start":{"line":114,"column":6},"end":{"line":114,"column":82}},"24":{"start":{"line":124,"column":22},"end":{"line":124,"column":38}},"25":{"start":{"line":126,"column":2},"end":{"line":132,"column":5}},"26":{"start":{"line":127,"column":40},"end":{"line":127,"column":90}},"27":{"start":{"line":130,"column":6},"end":{"line":130,"column":82}}},"fnMap":{"0":{"name":"usePlayers","decl":{"start":{"line":8,"column":16},"end":{"line":8,"column":26}},"loc":{"start":{"line":8,"column":29},"end":{"line":13,"column":1}},"line":8},"1":{"name":"usePlayer","decl":{"start":{"line":20,"column":16},"end":{"line":20,"column":25}},"loc":{"start":{"line":20,"column":36},"end":{"line":26,"column":1}},"line":20},"2":{"name":"(anonymous_2)","decl":{"start":{"line":23,"column":13},"end":{"line":23,"column":14}},"loc":{"start":{"line":23,"column":19},"end":{"line":23,"column":56}},"line":23},"3":{"name":"useTeamPlayers","decl":{"start":{"line":33,"column":16},"end":{"line":33,"column":30}},"loc":{"start":{"line":33,"column":39},"end":{"line":39,"column":1}},"line":33},"4":{"name":"(anonymous_4)","decl":{"start":{"line":36,"column":13},"end":{"line":36,"column":14}},"loc":{"start":{"line":36,"column":19},"end":{"line":36,"column":57}},"line":36},"5":{"name":"useCreatePlayer","decl":{"start":{"line":45,"column":16},"end":{"line":45,"column":31}},"loc":{"start":{"line":45,"column":34},"end":{"line":55,"column":1}},"line":45},"6":{"name":"(anonymous_6)","decl":{"start":{"line":49,"column":16},"end":{"line":49,"column":17}},"loc":{"start":{"line":49,"column":30},"end":{"line":49,"column":68}},"line":49},"7":{"name":"(anonymous_7)","decl":{"start":{"line":50,"column":15},"end":{"line":50,"column":16}},"loc":{"start":{"line":50,"column":21},"end":{"line":53,"column":5}},"line":50},"8":{"name":"useUpdatePlayer","decl":{"start":{"line":61,"column":16},"end":{"line":61,"column":31}},"loc":{"start":{"line":61,"column":34},"end":{"line":72,"column":1}},"line":61},"9":{"name":"(anonymous_9)","decl":{"start":{"line":65,"column":16},"end":{"line":65,"column":17}},"loc":{"start":{"line":65,"column":46},"end":{"line":65,"column":94}},"line":65},"10":{"name":"(anonymous_10)","decl":{"start":{"line":66,"column":15},"end":{"line":66,"column":16}},"loc":{"start":{"line":66,"column":36},"end":{"line":70,"column":5}},"line":66},"11":{"name":"useDeletePlayer","decl":{"start":{"line":78,"column":16},"end":{"line":78,"column":31}},"loc":{"start":{"line":78,"column":34},"end":{"line":88,"column":1}},"line":78},"12":{"name":"(anonymous_12)","decl":{"start":{"line":82,"column":16},"end":{"line":82,"column":17}},"loc":{"start":{"line":82,"column":28},"end":{"line":82,"column":64}},"line":82},"13":{"name":"(anonymous_13)","decl":{"start":{"line":83,"column":15},"end":{"line":83,"column":16}},"loc":{"start":{"line":83,"column":21},"end":{"line":86,"column":5}},"line":83},"14":{"name":"useParentChildren","decl":{"start":{"line":95,"column":16},"end":{"line":95,"column":33}},"loc":{"start":{"line":95,"column":44},"end":{"line":101,"column":1}},"line":95},"15":{"name":"(anonymous_15)","decl":{"start":{"line":98,"column":13},"end":{"line":98,"column":14}},"loc":{"start":{"line":98,"column":19},"end":{"line":98,"column":62}},"line":98},"16":{"name":"useAddTagsToPlayer","decl":{"start":{"line":107,"column":16},"end":{"line":107,"column":34}},"loc":{"start":{"line":107,"column":37},"end":{"line":117,"column":1}},"line":107},"17":{"name":"(anonymous_17)","decl":{"start":{"line":111,"column":16},"end":{"line":111,"column":17}},"loc":{"start":{"line":111,"column":40},"end":{"line":111,"column":85}},"line":111},"18":{"name":"(anonymous_18)","decl":{"start":{"line":112,"column":15},"end":{"line":112,"column":16}},"loc":{"start":{"line":112,"column":36},"end":{"line":115,"column":5}},"line":112},"19":{"name":"useRemoveTagsFromPlayer","decl":{"start":{"line":123,"column":16},"end":{"line":123,"column":39}},"loc":{"start":{"line":123,"column":42},"end":{"line":133,"column":1}},"line":123},"20":{"name":"(anonymous_20)","decl":{"start":{"line":127,"column":16},"end":{"line":127,"column":17}},"loc":{"start":{"line":127,"column":40},"end":{"line":127,"column":90}},"line":127},"21":{"name":"(anonymous_21)","decl":{"start":{"line":128,"column":15},"end":{"line":128,"column":16}},"loc":{"start":{"line":128,"column":36},"end":{"line":131,"column":5}},"line":128}},"branchMap":{},"s":{"0":0,"1":0,"2":0,"3":0,"4":0,"5":0,"6":0,"7":0,"8":0,"9":0,"10":0,"11":0,"12":0,"13":0,"14":0,"15":0,"16":0,"17":0,"18":0,"19":0,"20":0,"21":0,"22":0,"23":0,"24":0,"25":0,"26":0,"27":0},"f":{"0":0,"1":0,"2":0,"3":0,"4":0,"5":0,"6":0,"7":0,"8":0,"9":0,"10":0,"11":0,"12":0,"13":0,"14":0,"15":0,"16":0,"17":0,"18":0,"19":0,"20":0,"21":0},"b":{}}
,"C:\\Users\\MAUANDR\\Desktop\\team-manager-complete\\src\\hooks\\useSeries.js": {"path":"C:\\Users\\MAUANDR\\Desktop\\team-manager-complete\\src\\hooks\\useSeries.js","statementMap":{"0":{"start":{"line":9,"column":2},"end":{"line":12,"column":5}},"1":{"start":{"line":21,"column":2},"end":{"line":25,"column":5}},"2":{"start":{"line":23,"column":19},"end":{"line":23,"column":56}},"3":{"start":{"line":33,"column":22},"end":{"line":33,"column":38}},"4":{"start":{"line":35,"column":2},"end":{"line":41,"column":5}},"5":{"start":{"line":36,"column":30},"end":{"line":36,"column":68}},"6":{"start":{"line":39,"column":6},"end":{"line":39,"column":62}},"7":{"start":{"line":49,"column":22},"end":{"line":49,"column":38}},"8":{"start":{"line":51,"column":2},"end":{"line":58,"column":5}},"9":{"start":{"line":52,"column":46},"end":{"line":52,"column":94}},"10":{"start":{"line":55,"column":6},"end":{"line":55,"column":62}},"11":{"start":{"line":56,"column":6},"end":{"line":56,"column":82}},"12":{"start":{"line":66,"column":22},"end":{"line":66,"column":38}},"13":{"start":{"line":68,"column":2},"end":{"line":76,"column":5}},"14":{"start":{"line":69,"column":28},"end":{"line":69,"column":64}},"15":{"start":{"line":72,"column":6},"end":{"line":72,"column":62}},"16":{"start":{"line":74,"column":6},"end":{"line":74,"column":62}},"17":{"start":{"line":85,"column":2},"end":{"line":89,"column":5}},"18":{"start":{"line":87,"column":19},"end":{"line":87,"column":58}},"19":{"start":{"line":97,"column":22},"end":{"line":97,"column":38}},"20":{"start":{"line":99,"column":2},"end":{"line":106,"column":5}},"21":{"start":{"line":100,"column":43},"end":{"line":100,"column":96}},"22":{"start":{"line":103,"column":6},"end":{"line":103,"column":62}},"23":{"start":{"line":104,"column":6},"end":{"line":104,"column":92}}},"fnMap":{"0":{"name":"useSeries","decl":{"start":{"line":8,"column":16},"end":{"line":8,"column":25}},"loc":{"start":{"line":8,"column":28},"end":{"line":13,"column":1}},"line":8},"1":{"name":"useSeriesById","decl":{"start":{"line":20,"column":16},"end":{"line":20,"column":29}},"loc":{"start":{"line":20,"column":40},"end":{"line":26,"column":1}},"line":20},"2":{"name":"(anonymous_2)","decl":{"start":{"line":23,"column":13},"end":{"line":23,"column":14}},"loc":{"start":{"line":23,"column":19},"end":{"line":23,"column":56}},"line":23},"3":{"name":"useCreateSeries","decl":{"start":{"line":32,"column":16},"end":{"line":32,"column":31}},"loc":{"start":{"line":32,"column":34},"end":{"line":42,"column":1}},"line":32},"4":{"name":"(anonymous_4)","decl":{"start":{"line":36,"column":16},"end":{"line":36,"column":17}},"loc":{"start":{"line":36,"column":30},"end":{"line":36,"column":68}},"line":36},"5":{"name":"(anonymous_5)","decl":{"start":{"line":37,"column":15},"end":{"line":37,"column":16}},"loc":{"start":{"line":37,"column":21},"end":{"line":40,"column":5}},"line":37},"6":{"name":"useUpdateSeries","decl":{"start":{"line":48,"column":16},"end":{"line":48,"column":31}},"loc":{"start":{"line":48,"column":34},"end":{"line":59,"column":1}},"line":48},"7":{"name":"(anonymous_7)","decl":{"start":{"line":52,"column":16},"end":{"line":52,"column":17}},"loc":{"start":{"line":52,"column":46},"end":{"line":52,"column":94}},"line":52},"8":{"name":"(anonymous_8)","decl":{"start":{"line":53,"column":15},"end":{"line":53,"column":16}},"loc":{"start":{"line":53,"column":36},"end":{"line":57,"column":5}},"line":53},"9":{"name":"useDeleteSeries","decl":{"start":{"line":65,"column":16},"end":{"line":65,"column":31}},"loc":{"start":{"line":65,"column":34},"end":{"line":77,"column":1}},"line":65},"10":{"name":"(anonymous_10)","decl":{"start":{"line":69,"column":16},"end":{"line":69,"column":17}},"loc":{"start":{"line":69,"column":28},"end":{"line":69,"column":64}},"line":69},"11":{"name":"(anonymous_11)","decl":{"start":{"line":70,"column":15},"end":{"line":70,"column":16}},"loc":{"start":{"line":70,"column":21},"end":{"line":75,"column":5}},"line":70},"12":{"name":"useSeriesEvents","decl":{"start":{"line":84,"column":16},"end":{"line":84,"column":31}},"loc":{"start":{"line":84,"column":42},"end":{"line":90,"column":1}},"line":84},"13":{"name":"(anonymous_13)","decl":{"start":{"line":87,"column":13},"end":{"line":87,"column":14}},"loc":{"start":{"line":87,"column":19},"end":{"line":87,"column":58}},"line":87},"14":{"name":"useGenerateSeriesEvents","decl":{"start":{"line":96,"column":16},"end":{"line":96,"column":39}},"loc":{"start":{"line":96,"column":42},"end":{"line":107,"column":1}},"line":96},"15":{"name":"(anonymous_15)","decl":{"start":{"line":100,"column":16},"end":{"line":100,"column":17}},"loc":{"start":{"line":100,"column":43},"end":{"line":100,"column":96}},"line":100},"16":{"name":"(anonymous_16)","decl":{"start":{"line":101,"column":15},"end":{"line":101,"column":16}},"loc":{"start":{"line":101,"column":36},"end":{"line":105,"column":5}},"line":101}},"branchMap":{},"s":{"0":0,"1":0,"2":0,"3":0,"4":0,"5":0,"6":0,"7":0,"8":0,"9":0,"10":0,"11":0,"12":0,"13":0,"14":0,"15":0,"16":0,"17":0,"18":0,"19":0,"20":0,"21":0,"22":0,"23":0},"f":{"0":0,"1":0,"2":0,"3":0,"4":0,"5":0,"6":0,"7":0,"8":0,"9":0,"10":0,"11":0,"12":0,"13":0,"14":0,"15":0,"16":0},"b":{}}
,"C:\\Users\\MAUANDR\\Desktop\\team-manager-complete\\src\\hooks\\useTags.js": {"path":"C:\\Users\\MAUANDR\\Desktop\\team-manager-complete\\src\\hooks\\useTags.js","statementMap":{"0":{"start":{"line":10,"column":2},"end":{"line":14,"column":5}},"1":{"start":{"line":12,"column":19},"end":{"line":12,"column":51}},"2":{"start":{"line":22,"column":22},"end":{"line":22,"column":38}},"3":{"start":{"line":24,"column":2},"end":{"line":30,"column":5}},"4":{"start":{"line":25,"column":41},"end":{"line":25,"column":78}},"5":{"start":{"line":28,"column":6},"end":{"line":28,"column":86}},"6":{"start":{"line":38,"column":22},"end":{"line":38,"column":38}},"7":{"start":{"line":40,"column":2},"end":{"line":46,"column":5}},"8":{"start":{"line":41,"column":39},"end":{"line":41,"column":74}},"9":{"start":{"line":44,"column":6},"end":{"line":44,"column":86}},"10":{"start":{"line":54,"column":22},"end":{"line":54,"column":38}},"11":{"start":{"line":56,"column":2},"end":{"line":69,"column":5}},"12":{"start":{"line":58,"column":6},"end":{"line":58,"column":61}},"13":{"start":{"line":61,"column":6},"end":{"line":61,"column":86}},"14":{"start":{"line":63,"column":6},"end":{"line":65,"column":9}},"15":{"start":{"line":64,"column":8},"end":{"line":64,"column":74}},"16":{"start":{"line":67,"column":6},"end":{"line":67,"column":89}},"17":{"start":{"line":77,"column":22},"end":{"line":77,"column":38}},"18":{"start":{"line":79,"column":2},"end":{"line":92,"column":5}},"19":{"start":{"line":81,"column":6},"end":{"line":81,"column":63}},"20":{"start":{"line":84,"column":6},"end":{"line":84,"column":86}},"21":{"start":{"line":86,"column":6},"end":{"line":88,"column":9}},"22":{"start":{"line":87,"column":8},"end":{"line":87,"column":74}},"23":{"start":{"line":90,"column":6},"end":{"line":90,"column":89}}},"fnMap":{"0":{"name":"useTeamTags","decl":{"start":{"line":9,"column":16},"end":{"line":9,"column":27}},"loc":{"start":{"line":9,"column":36},"end":{"line":15,"column":1}},"line":9},"1":{"name":"(anonymous_1)","decl":{"start":{"line":12,"column":13},"end":{"line":12,"column":14}},"loc":{"start":{"line":12,"column":19},"end":{"line":12,"column":51}},"line":12},"2":{"name":"useCreateTag","decl":{"start":{"line":21,"column":16},"end":{"line":21,"column":28}},"loc":{"start":{"line":21,"column":31},"end":{"line":31,"column":1}},"line":21},"3":{"name":"(anonymous_3)","decl":{"start":{"line":25,"column":16},"end":{"line":25,"column":17}},"loc":{"start":{"line":25,"column":41},"end":{"line":25,"column":78}},"line":25},"4":{"name":"(anonymous_4)","decl":{"start":{"line":26,"column":15},"end":{"line":26,"column":16}},"loc":{"start":{"line":26,"column":36},"end":{"line":29,"column":5}},"line":26},"5":{"name":"useDeleteTag","decl":{"start":{"line":37,"column":16},"end":{"line":37,"column":28}},"loc":{"start":{"line":37,"column":31},"end":{"line":47,"column":1}},"line":37},"6":{"name":"(anonymous_6)","decl":{"start":{"line":41,"column":16},"end":{"line":41,"column":17}},"loc":{"start":{"line":41,"column":39},"end":{"line":41,"column":74}},"line":41},"7":{"name":"(anonymous_7)","decl":{"start":{"line":42,"column":15},"end":{"line":42,"column":16}},"loc":{"start":{"line":42,"column":36},"end":{"line":45,"column":5}},"line":42},"8":{"name":"useAssignTagToPlayers","decl":{"start":{"line":53,"column":16},"end":{"line":53,"column":37}},"loc":{"start":{"line":53,"column":40},"end":{"line":70,"column":1}},"line":53},"9":{"name":"(anonymous_9)","decl":{"start":{"line":57,"column":16},"end":{"line":57,"column":17}},"loc":{"start":{"line":58,"column":6},"end":{"line":58,"column":61}},"line":58},"10":{"name":"(anonymous_10)","decl":{"start":{"line":59,"column":15},"end":{"line":59,"column":16}},"loc":{"start":{"line":59,"column":36},"end":{"line":68,"column":5}},"line":59},"11":{"name":"(anonymous_11)","decl":{"start":{"line":63,"column":34},"end":{"line":63,"column":35}},"loc":{"start":{"line":63,"column":46},"end":{"line":65,"column":7}},"line":63},"12":{"name":"useRemoveTagFromPlayers","decl":{"start":{"line":76,"column":16},"end":{"line":76,"column":39}},"loc":{"start":{"line":76,"column":42},"end":{"line":93,"column":1}},"line":76},"13":{"name":"(anonymous_13)","decl":{"start":{"line":80,"column":16},"end":{"line":80,"column":17}},"loc":{"start":{"line":81,"column":6},"end":{"line":81,"column":63}},"line":81},"14":{"name":"(anonymous_14)","decl":{"start":{"line":82,"column":15},"end":{"line":82,"column":16}},"loc":{"start":{"line":82,"column":36},"end":{"line":91,"column":5}},"line":82},"15":{"name":"(anonymous_15)","decl":{"start":{"line":86,"column":34},"end":{"line":86,"column":35}},"loc":{"start":{"line":86,"column":46},"end":{"line":88,"column":7}},"line":86}},"branchMap":{},"s":{"0":0,"1":0,"2":0,"3":0,"4":0,"5":0,"6":0,"7":0,"8":0,"9":0,"10":0,"11":0,"12":0,"13":0,"14":0,"15":0,"16":0,"17":0,"18":0,"19":0,"20":0,"21":0,"22":0,"23":0},"f":{"0":0,"1":0,"2":0,"3":0,"4":0,"5":0,"6":0,"7":0,"8":0,"9":0,"10":0,"11":0,"12":0,"13":0,"14":0,"15":0},"b":{}}
,"C:\\Users\\MAUANDR\\Desktop\\team-manager-complete\\src\\hooks\\useTeams.js": {"path":"C:\\Users\\MAUANDR\\Desktop\\team-manager-complete\\src\\hooks\\useTeams.js","statementMap":{"0":{"start":{"line":9,"column":2},"end":{"line":12,"column":5}},"1":{"start":{"line":21,"column":2},"end":{"line":25,"column":5}},"2":{"start":{"line":23,"column":19},"end":{"line":23,"column":50}},"3":{"start":{"line":33,"column":22},"end":{"line":33,"column":38}},"4":{"start":{"line":35,"column":2},"end":{"line":41,"column":5}},"5":{"start":{"line":36,"column":28},"end":{"line":36,"column":60}},"6":{"start":{"line":39,"column":6},"end":{"line":39,"column":61}},"7":{"start":{"line":49,"column":22},"end":{"line":49,"column":38}},"8":{"start":{"line":51,"column":2},"end":{"line":58,"column":5}},"9":{"start":{"line":52,"column":42},"end":{"line":52,"column":82}},"10":{"start":{"line":55,"column":6},"end":{"line":55,"column":61}},"11":{"start":{"line":56,"column":6},"end":{"line":56,"column":78}},"12":{"start":{"line":66,"column":22},"end":{"line":66,"column":38}},"13":{"start":{"line":68,"column":2},"end":{"line":74,"column":5}},"14":{"start":{"line":69,"column":26},"end":{"line":69,"column":56}},"15":{"start":{"line":72,"column":6},"end":{"line":72,"column":61}},"16":{"start":{"line":82,"column":22},"end":{"line":82,"column":38}},"17":{"start":{"line":84,"column":2},"end":{"line":90,"column":5}},"18":{"start":{"line":85,"column":43},"end":{"line":85,"column":90}},"19":{"start":{"line":88,"column":6},"end":{"line":88,"column":78}},"20":{"start":{"line":98,"column":22},"end":{"line":98,"column":38}},"21":{"start":{"line":100,"column":2},"end":{"line":106,"column":5}},"22":{"start":{"line":101,"column":42},"end":{"line":101,"column":87}},"23":{"start":{"line":104,"column":6},"end":{"line":104,"column":78}},"24":{"start":{"line":114,"column":22},"end":{"line":114,"column":38}},"25":{"start":{"line":116,"column":2},"end":{"line":122,"column":5}},"26":{"start":{"line":117,"column":44},"end":{"line":117,"column":94}},"27":{"start":{"line":120,"column":6},"end":{"line":120,"column":78}},"28":{"start":{"line":130,"column":22},"end":{"line":130,"column":38}},"29":{"start":{"line":132,"column":2},"end":{"line":138,"column":5}},"30":{"start":{"line":133,"column":43},"end":{"line":133,"column":91}},"31":{"start":{"line":136,"column":6},"end":{"line":136,"column":78}}},"fnMap":{"0":{"name":"useTeams","decl":{"start":{"line":8,"column":16},"end":{"line":8,"column":24}},"loc":{"start":{"line":8,"column":27},"end":{"line":13,"column":1}},"line":8},"1":{"name":"useTeam","decl":{"start":{"line":20,"column":16},"end":{"line":20,"column":23}},"loc":{"start":{"line":20,"column":32},"end":{"line":26,"column":1}},"line":20},"2":{"name":"(anonymous_2)","decl":{"start":{"line":23,"column":13},"end":{"line":23,"column":14}},"loc":{"start":{"line":23,"column":19},"end":{"line":23,"column":50}},"line":23},"3":{"name":"useCreateTeam","decl":{"start":{"line":32,"column":16},"end":{"line":32,"column":29}},"loc":{"start":{"line":32,"column":32},"end":{"line":42,"column":1}},"line":32},"4":{"name":"(anonymous_4)","decl":{"start":{"line":36,"column":16},"end":{"line":36,"column":17}},"loc":{"start":{"line":36,"column":28},"end":{"line":36,"column":60}},"line":36},"5":{"name":"(anonymous_5)","decl":{"start":{"line":37,"column":15},"end":{"line":37,"column":16}},"loc":{"start":{"line":37,"column":21},"end":{"line":40,"column":5}},"line":37},"6":{"name":"useUpdateTeam","decl":{"start":{"line":48,"column":16},"end":{"line":48,"column":29}},"loc":{"start":{"line":48,"column":32},"end":{"line":59,"column":1}},"line":48},"7":{"name":"(anonymous_7)","decl":{"start":{"line":52,"column":16},"end":{"line":52,"column":17}},"loc":{"start":{"line":52,"column":42},"end":{"line":52,"column":82}},"line":52},"8":{"name":"(anonymous_8)","decl":{"start":{"line":53,"column":15},"end":{"line":53,"column":16}},"loc":{"start":{"line":53,"column":36},"end":{"line":57,"column":5}},"line":53},"9":{"name":"useDeleteTeam","decl":{"start":{"line":65,"column":16},"end":{"line":65,"column":29}},"loc":{"start":{"line":65,"column":32},"end":{"line":75,"column":1}},"line":65},"10":{"name":"(anonymous_10)","decl":{"start":{"line":69,"column":16},"end":{"line":69,"column":17}},"loc":{"start":{"line":69,"column":26},"end":{"line":69,"column":56}},"line":69},"11":{"name":"(anonymous_11)","decl":{"start":{"line":70,"column":15},"end":{"line":70,"column":16}},"loc":{"start":{"line":70,"column":21},"end":{"line":73,"column":5}},"line":70},"12":{"name":"useAddTrainerToTeam","decl":{"start":{"line":81,"column":16},"end":{"line":81,"column":35}},"loc":{"start":{"line":81,"column":38},"end":{"line":91,"column":1}},"line":81},"13":{"name":"(anonymous_13)","decl":{"start":{"line":85,"column":16},"end":{"line":85,"column":17}},"loc":{"start":{"line":85,"column":43},"end":{"line":85,"column":90}},"line":85},"14":{"name":"(anonymous_14)","decl":{"start":{"line":86,"column":15},"end":{"line":86,"column":16}},"loc":{"start":{"line":86,"column":36},"end":{"line":89,"column":5}},"line":86},"15":{"name":"useAddPlayerToTeam","decl":{"start":{"line":97,"column":16},"end":{"line":97,"column":34}},"loc":{"start":{"line":97,"column":37},"end":{"line":107,"column":1}},"line":97},"16":{"name":"(anonymous_16)","decl":{"start":{"line":101,"column":16},"end":{"line":101,"column":17}},"loc":{"start":{"line":101,"column":42},"end":{"line":101,"column":87}},"line":101},"17":{"name":"(anonymous_17)","decl":{"start":{"line":102,"column":15},"end":{"line":102,"column":16}},"loc":{"start":{"line":102,"column":36},"end":{"line":105,"column":5}},"line":102},"18":{"name":"useUpdateTeamTrainers","decl":{"start":{"line":113,"column":16},"end":{"line":113,"column":37}},"loc":{"start":{"line":113,"column":40},"end":{"line":123,"column":1}},"line":113},"19":{"name":"(anonymous_19)","decl":{"start":{"line":117,"column":16},"end":{"line":117,"column":17}},"loc":{"start":{"line":117,"column":44},"end":{"line":117,"column":94}},"line":117},"20":{"name":"(anonymous_20)","decl":{"start":{"line":118,"column":15},"end":{"line":118,"column":16}},"loc":{"start":{"line":118,"column":36},"end":{"line":121,"column":5}},"line":118},"21":{"name":"useUpdateTeamPlayers","decl":{"start":{"line":129,"column":16},"end":{"line":129,"column":36}},"loc":{"start":{"line":129,"column":39},"end":{"line":139,"column":1}},"line":129},"22":{"name":"(anonymous_22)","decl":{"start":{"line":133,"column":16},"end":{"line":133,"column":17}},"loc":{"start":{"line":133,"column":43},"end":{"line":133,"column":91}},"line":133},"23":{"name":"(anonymous_23)","decl":{"start":{"line":134,"column":15},"end":{"line":134,"column":16}},"loc":{"start":{"line":134,"column":36},"end":{"line":137,"column":5}},"line":134}},"branchMap":{},"s":{"0":0,"1":0,"2":0,"3":0,"4":0,"5":0,"6":0,"7":0,"8":0,"9":0,"10":0,"11":0,"12":0,"13":0,"14":0,"15":0,"16":0,"17":0,"18":0,"19":0,"20":0,"21":0,"22":0,"23":0,"24":0,"25":0,"26":0,"27":0,"28":0,"29":0,"30":0,"31":0},"f":{"0":0,"1":0,"2":0,"3":0,"4":0,"5":0,"6":0,"7":0,"8":0,"9":0,"10":0,"11":0,"12":0,"13":0,"14":0,"15":0,"16":0,"17":0,"18":0,"19":0,"20":0,"21":0,"22":0,"23":0},"b":{}}
,"C:\\Users\\MAUANDR\\Desktop\\team-manager-complete\\src\\hooks\\useUsers.js": {"path":"C:\\Users\\MAUANDR\\Desktop\\team-manager-complete\\src\\hooks\\useUsers.js","statementMap":{"0":{"start":{"line":9,"column":2},"end":{"line":12,"column":5}},"1":{"start":{"line":21,"column":2},"end":{"line":25,"column":5}},"2":{"start":{"line":23,"column":19},"end":{"line":23,"column":50}},"3":{"start":{"line":33,"column":22},"end":{"line":33,"column":38}},"4":{"start":{"line":35,"column":2},"end":{"line":41,"column":5}},"5":{"start":{"line":36,"column":28},"end":{"line":36,"column":60}},"6":{"start":{"line":39,"column":6},"end":{"line":39,"column":61}},"7":{"start":{"line":49,"column":22},"end":{"line":49,"column":38}},"8":{"start":{"line":51,"column":2},"end":{"line":58,"column":5}},"9":{"start":{"line":52,"column":42},"end":{"line":52,"column":82}},"10":{"start":{"line":55,"column":6},"end":{"line":55,"column":61}},"11":{"start":{"line":56,"column":6},"end":{"line":56,"column":78}},"12":{"start":{"line":66,"column":22},"end":{"line":66,"column":38}},"13":{"start":{"line":68,"column":2},"end":{"line":74,"column":5}},"14":{"start":{"line":69,"column":26},"end":{"line":69,"column":56}},"15":{"start":{"line":72,"column":6},"end":{"line":72,"column":61}},"16":{"start":{"line":82,"column":2},"end":{"line":84,"column":5}},"17":{"start":{"line":83,"column":46},"end":{"line":83,"column":94}},"18":{"start":{"line":92,"column":22},"end":{"line":92,"column":38}},"19":{"start":{"line":94,"column":2},"end":{"line":101,"column":5}},"20":{"start":{"line":95,"column":38},"end":{"line":95,"column":74}},"21":{"start":{"line":98,"column":6},"end":{"line":98,"column":61}},"22":{"start":{"line":99,"column":6},"end":{"line":99,"column":78}}},"fnMap":{"0":{"name":"useUsers","decl":{"start":{"line":8,"column":16},"end":{"line":8,"column":24}},"loc":{"start":{"line":8,"column":27},"end":{"line":13,"column":1}},"line":8},"1":{"name":"useUser","decl":{"start":{"line":20,"column":16},"end":{"line":20,"column":23}},"loc":{"start":{"line":20,"column":32},"end":{"line":26,"column":1}},"line":20},"2":{"name":"(anonymous_2)","decl":{"start":{"line":23,"column":13},"end":{"line":23,"column":14}},"loc":{"start":{"line":23,"column":19},"end":{"line":23,"column":50}},"line":23},"3":{"name":"useCreateUser","decl":{"start":{"line":32,"column":16},"end":{"line":32,"column":29}},"loc":{"start":{"line":32,"column":32},"end":{"line":42,"column":1}},"line":32},"4":{"name":"(anonymous_4)","decl":{"start":{"line":36,"column":16},"end":{"line":36,"column":17}},"loc":{"start":{"line":36,"column":28},"end":{"line":36,"column":60}},"line":36},"5":{"name":"(anonymous_5)","decl":{"start":{"line":37,"column":15},"end":{"line":37,"column":16}},"loc":{"start":{"line":37,"column":21},"end":{"line":40,"column":5}},"line":37},"6":{"name":"useUpdateUser","decl":{"start":{"line":48,"column":16},"end":{"line":48,"column":29}},"loc":{"start":{"line":48,"column":32},"end":{"line":59,"column":1}},"line":48},"7":{"name":"(anonymous_7)","decl":{"start":{"line":52,"column":16},"end":{"line":52,"column":17}},"loc":{"start":{"line":52,"column":42},"end":{"line":52,"column":82}},"line":52},"8":{"name":"(anonymous_8)","decl":{"start":{"line":53,"column":15},"end":{"line":53,"column":16}},"loc":{"start":{"line":53,"column":36},"end":{"line":57,"column":5}},"line":53},"9":{"name":"useDeleteUser","decl":{"start":{"line":65,"column":16},"end":{"line":65,"column":29}},"loc":{"start":{"line":65,"column":32},"end":{"line":75,"column":1}},"line":65},"10":{"name":"(anonymous_10)","decl":{"start":{"line":69,"column":16},"end":{"line":69,"column":17}},"loc":{"start":{"line":69,"column":26},"end":{"line":69,"column":56}},"line":69},"11":{"name":"(anonymous_11)","decl":{"start":{"line":70,"column":15},"end":{"line":70,"column":16}},"loc":{"start":{"line":70,"column":21},"end":{"line":73,"column":5}},"line":70},"12":{"name":"useChangePassword","decl":{"start":{"line":81,"column":16},"end":{"line":81,"column":33}},"loc":{"start":{"line":81,"column":36},"end":{"line":85,"column":1}},"line":81},"13":{"name":"(anonymous_13)","decl":{"start":{"line":83,"column":16},"end":{"line":83,"column":17}},"loc":{"start":{"line":83,"column":46},"end":{"line":83,"column":94}},"line":83},"14":{"name":"useChangeRole","decl":{"start":{"line":91,"column":16},"end":{"line":91,"column":29}},"loc":{"start":{"line":91,"column":32},"end":{"line":102,"column":1}},"line":91},"15":{"name":"(anonymous_15)","decl":{"start":{"line":95,"column":16},"end":{"line":95,"column":17}},"loc":{"start":{"line":95,"column":38},"end":{"line":95,"column":74}},"line":95},"16":{"name":"(anonymous_16)","decl":{"start":{"line":96,"column":15},"end":{"line":96,"column":16}},"loc":{"start":{"line":96,"column":36},"end":{"line":100,"column":5}},"line":96}},"branchMap":{},"s":{"0":0,"1":0,"2":0,"3":0,"4":0,"5":0,"6":0,"7":0,"8":0,"9":0,"10":0,"11":0,"12":0,"13":0,"14":0,"15":0,"16":0,"17":0,"18":0,"19":0,"20":0,"21":0,"22":0},"f":{"0":0,"1":0,"2":0,"3":0,"4":0,"5":0,"6":0,"7":0,"8":0,"9":0,"10":0,"11":0,"12":0,"13":0,"14":0,"15":0,"16":0},"b":{}}
,"C:\\Users\\MAUANDR\\Desktop\\team-manager-complete\\src\\pages\\index.js": {"path":"C:\\Users\\MAUANDR\\Desktop\\team-manager-complete\\src\\pages\\index.js","statementMap":{"0":{"start":{"line":2,"column":18},"end":{"line":2,"column":38}},"1":{"start":{"line":4,"column":0},"end":{"line":37,"column":2}},"2":{"start":{"line":5,"column":16},"end":{"line":5,"column":27}},"3":{"start":{"line":7,"column":1},"end":{"line":9,"column":2}},"4":{"start":{"line":8,"column":2},"end":{"line":8,"column":33}},"5":{"start":{"line":11,"column":15},"end":{"line":11,"column":20}},"6":{"start":{"line":14,"column":1},"end":{"line":14,"column":16}},"7":{"start":{"line":16,"column":1},"end":{"line":36,"column":2}},"8":{"start":{"line":17,"column":25},"end":{"line":17,"column":44}},"9":{"start":{"line":19,"column":2},"end":{"line":21,"column":3}},"10":{"start":{"line":20,"column":3},"end":{"line":20,"column":12}},"11":{"start":{"line":23,"column":2},"end":{"line":26,"column":3}},"12":{"start":{"line":24,"column":3},"end":{"line":24,"column":18}},"13":{"start":{"line":25,"column":3},"end":{"line":25,"column":12}},"14":{"start":{"line":29,"column":2},"end":{"line":31,"column":3}},"15":{"start":{"line":30,"column":3},"end":{"line":30,"column":12}},"16":{"start":{"line":33,"column":2},"end":{"line":35,"column":3}},"17":{"start":{"line":34,"column":3},"end":{"line":34,"column":25}}},"fnMap":{"0":{"name":"(anonymous_0)","decl":{"start":{"line":4,"column":17},"end":{"line":4,"column":18}},"loc":{"start":{"line":4,"column":29},"end":{"line":37,"column":1}},"line":4}},"branchMap":{"0":{"loc":{"start":{"line":7,"column":1},"end":{"line":9,"column":2}},"type":"if","locations":[{"start":{"line":7,"column":1},"end":{"line":9,"column":2}},{"start":{},"end":{}}],"line":7},"1":{"loc":{"start":{"line":19,"column":2},"end":{"line":21,"column":3}},"type":"if","locations":[{"start":{"line":19,"column":2},"end":{"line":21,"column":3}},{"start":{},"end":{}}],"line":19},"2":{"loc":{"start":{"line":23,"column":2},"end":{"line":26,"column":3}},"type":"if","locations":[{"start":{"line":23,"column":2},"end":{"line":26,"column":3}},{"start":{},"end":{}}],"line":23},"3":{"loc":{"start":{"line":29,"column":2},"end":{"line":31,"column":3}},"type":"if","locations":[{"start":{"line":29,"column":2},"end":{"line":31,"column":3}},{"start":{},"end":{}}],"line":29},"4":{"loc":{"start":{"line":33,"column":2},"end":{"line":35,"column":3}},"type":"if","locations":[{"start":{"line":33,"column":2},"end":{"line":35,"column":3}},{"start":{},"end":{}}],"line":33},"5":{"loc":{"start":{"line":33,"column":6},"end":{"line":33,"column":44}},"type":"binary-expr","locations":[{"start":{"line":33,"column":6},"end":{"line":33,"column":13}},{"start":{"line":33,"column":17},"end":{"line":33,"column":44}}],"line":33}},"s":{"0":0,"1":0,"2":0,"3":0,"4":0,"5":0,"6":0,"7":0,"8":0,"9":0,"10":0,"11":0,"12":0,"13":0,"14":0,"15":0,"16":0,"17":0},"f":{"0":0},"b":{"0":[0,0],"1":[0,0],"2":[0,0],"3":[0,0],"4":[0,0],"5":[0,0]}}
,"C:\\Users\\MAUANDR\\Desktop\\team-manager-complete\\src\\pages\\parentPaths.js": {"path":"C:\\Users\\MAUANDR\\Desktop\\team-manager-complete\\src\\pages\\parentPaths.js","statementMap":{"0":{"start":{"line":3,"column":14},"end":{"line":3,"column":19}},"1":{"start":{"line":4,"column":0},"end":{"line":18,"column":2}},"2":{"start":{"line":5,"column":2},"end":{"line":7,"column":3}},"3":{"start":{"line":6,"column":4},"end":{"line":6,"column":18}},"4":{"start":{"line":8,"column":17},"end":{"line":8,"column":34}},"5":{"start":{"line":9,"column":14},"end":{"line":9,"column":27}},"6":{"start":{"line":10,"column":14},"end":{"line":10,"column":28}},"7":{"start":{"line":11,"column":12},"end":{"line":11,"column":14}},"8":{"start":{"line":12,"column":2},"end":{"line":15,"column":3}},"9":{"start":{"line":12,"column":15},"end":{"line":12,"column":16}},"10":{"start":{"line":13,"column":4},"end":{"line":13,"column":60}},"11":{"start":{"line":14,"column":4},"end":{"line":14,"column":17}},"12":{"start":{"line":17,"column":2},"end":{"line":17,"column":13}}},"fnMap":{"0":{"name":"parentPaths","decl":{"start":{"line":4,"column":26},"end":{"line":4,"column":37}},"loc":{"start":{"line":4,"column":44},"end":{"line":18,"column":1}},"line":4}},"branchMap":{"0":{"loc":{"start":{"line":5,"column":2},"end":{"line":7,"column":3}},"type":"if","locations":[{"start":{"line":5,"column":2},"end":{"line":7,"column":3}},{"start":{},"end":{}}],"line":5},"1":{"loc":{"start":{"line":13,"column":11},"end":{"line":13,"column":59}},"type":"cond-expr","locations":[{"start":{"line":13,"column":32},"end":{"line":13,"column":47}},{"start":{"line":13,"column":50},"end":{"line":13,"column":59}}],"line":13}},"s":{"0":0,"1":0,"2":0,"3":0,"4":0,"5":0,"6":0,"7":0,"8":0,"9":0,"10":0,"11":0,"12":0},"f":{"0":0},"b":{"0":[0,0],"1":[0,0]}}
,"C:\\Users\\MAUANDR\\Desktop\\team-manager-complete\\src\\pages\\parentheses.js": {"path":"C:\\Users\\MAUANDR\\Desktop\\team-manager-complete\\src\\pages\\parentheses.js","statementMap":{"0":{"start":{"line":3,"column":0},"end":{"line":5,"column":3}},"1":{"start":{"line":6,"column":0},"end":{"line":6,"column":52}},"2":{"start":{"line":7,"column":0},"end":{"line":7,"column":24}},"3":{"start":{"line":8,"column":0},"end":{"line":8,"column":44}},"4":{"start":{"line":9,"column":0},"end":{"line":9,"column":42}},"5":{"start":{"line":10,"column":0},"end":{"line":10,"column":88}},"6":{"start":{"line":11,"column":0},"end":{"line":11,"column":36}},"7":{"start":{"line":12,"column":0},"end":{"line":12,"column":48}},"8":{"start":{"line":13,"column":0},"end":{"line":13,"column":56}},"9":{"start":{"line":14,"column":0},"end":{"line":14,"column":32}},"10":{"start":{"line":15,"column":0},"end":{"line":15,"column":46}},"11":{"start":{"line":16,"column":0},"end":{"line":16,"column":56}},"12":{"start":{"line":17,"column":0},"end":{"line":17,"column":44}},"13":{"start":{"line":18,"column":0},"end":{"line":18,"column":62}},"14":{"start":{"line":19,"column":0},"end":{"line":19,"column":93}},"15":{"start":{"line":20,"column":0},"end":{"line":20,"column":48}},"16":{"start":{"line":21,"column":0},"end":{"line":21,"column":72}},"17":{"start":{"line":22,"column":0},"end":{"line":22,"column":46}},"18":{"start":{"line":23,"column":0},"end":{"line":23,"column":68}},"19":{"start":{"line":24,"column":0},"end":{"line":24,"column":34}},"20":{"start":{"line":25,"column":0},"end":{"line":25,"column":62}},"21":{"start":{"line":26,"column":0},"end":{"line":26,"column":48}},"22":{"start":{"line":27,"column":0},"end":{"line":27,"column":56}},"23":{"start":{"line":28,"column":0},"end":{"line":28,"column":40}},"24":{"start":{"line":29,"column":0},"end":{"line":29,"column":34}},"25":{"start":{"line":30,"column":0},"end":{"line":30,"column":87}},"26":{"start":{"line":31,"column":0},"end":{"line":31,"column":44}},"27":{"start":{"line":32,"column":0},"end":{"line":32,"column":68}},"28":{"start":{"line":33,"column":9},"end":{"line":33,"column":32}},"29":{"start":{"line":34,"column":13},"end":{"line":34,"column":34}},"30":{"start":{"line":46,"column":4},"end":{"line":46,"column":6}},"31":{"start":{"line":47,"column":19},"end":{"line":47,"column":316}},"32":{"start":{"line":49,"column":2},"end":{"line":51,"column":3}},"33":{"start":{"line":50,"column":4},"end":{"line":50,"column":41}},"34":{"start":{"line":52,"column":2},"end":{"line":54,"column":3}},"35":{"start":{"line":53,"column":4},"end":{"line":53,"column":32}},"36":{"start":{"line":57,"column":2},"end":{"line":57,"column":113}},"37":{"start":{"line":59,"column":29},"end":{"line":62,"column":1}},"38":{"start":{"line":60,"column":21},"end":{"line":60,"column":32}},"39":{"start":{"line":61,"column":2},"end":{"line":61,"column":111}},"40":{"start":{"line":63,"column":23},"end":{"line":66,"column":1}},"41":{"start":{"line":64,"column":21},"end":{"line":64,"column":32}},"42":{"start":{"line":65,"column":2},"end":{"line":65,"column":364}},"43":{"start":{"line":68,"column":2},"end":{"line":68,"column":39}},"44":{"start":{"line":71,"column":21},"end":{"line":71,"column":32}},"45":{"start":{"line":72,"column":2},"end":{"line":73,"column":4}},"46":{"start":{"line":76,"column":2},"end":{"line":76,"column":76}},"47":{"start":{"line":79,"column":2},"end":{"line":79,"column":107}},"48":{"start":{"line":82,"column":2},"end":{"line":82,"column":55}},"49":{"start":{"line":85,"column":2},"end":{"line":85,"column":88}},"50":{"start":{"line":88,"column":21},"end":{"line":88,"column":32}},"51":{"start":{"line":89,"column":2},"end":{"line":91,"column":3}},"52":{"start":{"line":90,"column":4},"end":{"line":90,"column":32}},"53":{"start":{"line":92,"column":2},"end":{"line":94,"column":3}},"54":{"start":{"line":93,"column":4},"end":{"line":93,"column":16}},"55":{"start":{"line":95,"column":2},"end":{"line":97,"column":3}},"56":{"start":{"line":96,"column":4},"end":{"line":96,"column":16}},"57":{"start":{"line":98,"column":20},"end":{"line":98,"column":59}},"58":{"start":{"line":99,"column":2},"end":{"line":104,"column":3}},"59":{"start":{"line":100,"column":20},"end":{"line":100,"column":56}},"60":{"start":{"line":101,"column":4},"end":{"line":103,"column":5}},"61":{"start":{"line":102,"column":6},"end":{"line":102,"column":18}},"62":{"start":{"line":105,"column":2},"end":{"line":105,"column":19}},"63":{"start":{"line":108,"column":21},"end":{"line":108,"column":32}},"64":{"start":{"line":109,"column":2},"end":{"line":109,"column":176}},"65":{"start":{"line":112,"column":2},"end":{"line":112,"column":67}},"66":{"start":{"line":115,"column":2},"end":{"line":117,"column":3}},"67":{"start":{"line":116,"column":4},"end":{"line":116,"column":16}},"68":{"start":{"line":118,"column":2},"end":{"line":120,"column":3}},"69":{"start":{"line":119,"column":4},"end":{"line":119,"column":16}},"70":{"start":{"line":121,"column":2},"end":{"line":121,"column":30}},"71":{"start":{"line":124,"column":21},"end":{"line":124,"column":32}},"72":{"start":{"line":125,"column":2},"end":{"line":127,"column":3}},"73":{"start":{"line":126,"column":4},"end":{"line":126,"column":16}},"74":{"start":{"line":128,"column":2},"end":{"line":130,"column":3}},"75":{"start":{"line":129,"column":4},"end":{"line":129,"column":16}},"76":{"start":{"line":131,"column":2},"end":{"line":133,"column":3}},"77":{"start":{"line":132,"column":4},"end":{"line":132,"column":16}},"78":{"start":{"line":134,"column":2},"end":{"line":134,"column":15}},"79":{"start":{"line":137,"column":21},"end":{"line":137,"column":32}},"80":{"start":{"line":138,"column":2},"end":{"line":138,"column":217}},"81":{"start":{"line":141,"column":21},"end":{"line":141,"column":32}},"82":{"start":{"line":142,"column":2},"end":{"line":142,"column":178}},"83":{"start":{"line":145,"column":21},"end":{"line":145,"column":32}},"84":{"start":{"line":146,"column":2},"end":{"line":148,"column":3}},"85":{"start":{"line":147,"column":4},"end":{"line":147,"column":16}},"86":{"start":{"line":149,"column":2},"end":{"line":153,"column":3}},"87":{"start":{"line":150,"column":4},"end":{"line":152,"column":5}},"88":{"start":{"line":151,"column":6},"end":{"line":151,"column":18}},"89":{"start":{"line":154,"column":2},"end":{"line":154,"column":15}},"90":{"start":{"line":157,"column":21},"end":{"line":157,"column":32}},"91":{"start":{"line":158,"column":2},"end":{"line":158,"column":143}},"92":{"start":{"line":161,"column":21},"end":{"line":161,"column":32}},"93":{"start":{"line":162,"column":2},"end":{"line":162,"column":193}},"94":{"start":{"line":165,"column":21},"end":{"line":165,"column":32}},"95":{"start":{"line":166,"column":2},"end":{"line":166,"column":349}},"96":{"start":{"line":169,"column":2},"end":{"line":169,"column":54}},"97":{"start":{"line":172,"column":21},"end":{"line":172,"column":32}},"98":{"start":{"line":173,"column":2},"end":{"line":175,"column":3}},"99":{"start":{"line":174,"column":4},"end":{"line":174,"column":17}},"100":{"start":{"line":176,"column":2},"end":{"line":178,"column":3}},"101":{"start":{"line":177,"column":4},"end":{"line":177,"column":16}},"102":{"start":{"line":179,"column":2},"end":{"line":181,"column":3}},"103":{"start":{"line":180,"column":4},"end":{"line":180,"column":33}},"104":{"start":{"line":182,"column":2},"end":{"line":184,"column":3}},"105":{"start":{"line":183,"column":4},"end":{"line":183,"column":16}},"106":{"start":{"line":185,"column":2},"end":{"line":185,"column":30}},"107":{"start":{"line":188,"column":21},"end":{"line":188,"column":32}},"108":{"start":{"line":189,"column":2},"end":{"line":189,"column":384}},"109":{"start":{"line":192,"column":2},"end":{"line":192,"column":111}},"110":{"start":{"line":195,"column":2},"end":{"line":195,"column":158}},"111":{"start":{"line":198,"column":2},"end":{"line":198,"column":111}},"112":{"start":{"line":201,"column":21},"end":{"line":201,"column":32}},"113":{"start":{"line":202,"column":2},"end":{"line":204,"column":3}},"114":{"start":{"line":203,"column":4},"end":{"line":203,"column":16}},"115":{"start":{"line":205,"column":2},"end":{"line":205,"column":33}},"116":{"start":{"line":208,"column":2},"end":{"line":208,"column":116}},"117":{"start":{"line":211,"column":2},"end":{"line":215,"column":3}},"118":{"start":{"line":212,"column":4},"end":{"line":212,"column":16}},"119":{"start":{"line":214,"column":4},"end":{"line":214,"column":47}},"120":{"start":{"line":218,"column":21},"end":{"line":218,"column":32}},"121":{"start":{"line":219,"column":2},"end":{"line":219,"column":50}},"122":{"start":{"line":219,"column":38},"end":{"line":219,"column":50}},"123":{"start":{"line":220,"column":2},"end":{"line":220,"column":55}},"124":{"start":{"line":220,"column":42},"end":{"line":220,"column":55}},"125":{"start":{"line":221,"column":2},"end":{"line":228,"column":3}},"126":{"start":{"line":223,"column":6},"end":{"line":223,"column":66}},"127":{"start":{"line":225,"column":6},"end":{"line":225,"column":38}},"128":{"start":{"line":227,"column":6},"end":{"line":227,"column":38}},"129":{"start":{"line":232,"column":21},"end":{"line":232,"column":32}},"130":{"start":{"line":233,"column":2},"end":{"line":238,"column":3}},"131":{"start":{"line":234,"column":22},"end":{"line":234,"column":39}},"132":{"start":{"line":235,"column":4},"end":{"line":237,"column":5}},"133":{"start":{"line":236,"column":6},"end":{"line":236,"column":18}},"134":{"start":{"line":239,"column":2},"end":{"line":241,"column":3}},"135":{"start":{"line":240,"column":4},"end":{"line":240,"column":17}},"136":{"start":{"line":242,"column":2},"end":{"line":255,"column":3}},"137":{"start":{"line":243,"column":32},"end":{"line":250,"column":6}},"138":{"start":{"line":251,"column":4},"end":{"line":253,"column":5}},"139":{"start":{"line":252,"column":6},"end":{"line":252,"column":18}},"140":{"start":{"line":254,"column":4},"end":{"line":254,"column":65}},"141":{"start":{"line":256,"column":2},"end":{"line":259,"column":5}}},"fnMap":{"0":{"name":"getBinaryPrecedence","decl":{"start":{"line":48,"column":9},"end":{"line":48,"column":28}},"loc":{"start":{"line":48,"column":45},"end":{"line":55,"column":1}},"line":48},"1":{"name":"isTSTypeExpression","decl":{"start":{"line":56,"column":9},"end":{"line":56,"column":27}},"loc":{"start":{"line":56,"column":38},"end":{"line":58,"column":1}},"line":56},"2":{"name":"(anonymous_2)","decl":{"start":{"line":59,"column":29},"end":{"line":59,"column":30}},"loc":{"start":{"line":59,"column":47},"end":{"line":62,"column":1}},"line":59},"3":{"name":"(anonymous_3)","decl":{"start":{"line":63,"column":23},"end":{"line":63,"column":24}},"loc":{"start":{"line":63,"column":41},"end":{"line":66,"column":1}},"line":63},"4":{"name":"NullableTypeAnnotation","decl":{"start":{"line":67,"column":9},"end":{"line":67,"column":31}},"loc":{"start":{"line":67,"column":46},"end":{"line":69,"column":1}},"line":67},"5":{"name":"FunctionTypeAnnotation","decl":{"start":{"line":70,"column":9},"end":{"line":70,"column":31}},"loc":{"start":{"line":70,"column":60},"end":{"line":74,"column":1}},"line":70},"6":{"name":"UpdateExpression","decl":{"start":{"line":75,"column":9},"end":{"line":75,"column":25}},"loc":{"start":{"line":75,"column":40},"end":{"line":77,"column":1}},"line":75},"7":{"name":"needsParenBeforeExpressionBrace","decl":{"start":{"line":78,"column":9},"end":{"line":78,"column":40}},"loc":{"start":{"line":78,"column":55},"end":{"line":80,"column":1}},"line":78},"8":{"name":"ObjectExpression","decl":{"start":{"line":81,"column":9},"end":{"line":81,"column":25}},"loc":{"start":{"line":81,"column":54},"end":{"line":83,"column":1}},"line":81},"9":{"name":"DoExpression","decl":{"start":{"line":84,"column":9},"end":{"line":84,"column":21}},"loc":{"start":{"line":84,"column":50},"end":{"line":86,"column":1}},"line":84},"10":{"name":"Binary","decl":{"start":{"line":87,"column":9},"end":{"line":87,"column":15}},"loc":{"start":{"line":87,"column":30},"end":{"line":106,"column":1}},"line":87},"11":{"name":"UnionTypeAnnotation","decl":{"start":{"line":107,"column":9},"end":{"line":107,"column":28}},"loc":{"start":{"line":107,"column":43},"end":{"line":110,"column":1}},"line":107},"12":{"name":"OptionalIndexedAccessType","decl":{"start":{"line":111,"column":9},"end":{"line":111,"column":34}},"loc":{"start":{"line":111,"column":49},"end":{"line":113,"column":1}},"line":111},"13":{"name":"TSAsExpression","decl":{"start":{"line":114,"column":9},"end":{"line":114,"column":23}},"loc":{"start":{"line":114,"column":38},"end":{"line":122,"column":1}},"line":114},"14":{"name":"TSConditionalType","decl":{"start":{"line":123,"column":9},"end":{"line":123,"column":26}},"loc":{"start":{"line":123,"column":41},"end":{"line":135,"column":1}},"line":123},"15":{"name":"TSUnionType","decl":{"start":{"line":136,"column":9},"end":{"line":136,"column":20}},"loc":{"start":{"line":136,"column":35},"end":{"line":139,"column":1}},"line":136},"16":{"name":"TSIntersectionType","decl":{"start":{"line":140,"column":9},"end":{"line":140,"column":27}},"loc":{"start":{"line":140,"column":42},"end":{"line":143,"column":1}},"line":140},"17":{"name":"TSInferType","decl":{"start":{"line":144,"column":9},"end":{"line":144,"column":20}},"loc":{"start":{"line":144,"column":35},"end":{"line":155,"column":1}},"line":144},"18":{"name":"TSTypeOperator","decl":{"start":{"line":156,"column":9},"end":{"line":156,"column":23}},"loc":{"start":{"line":156,"column":38},"end":{"line":159,"column":1}},"line":156},"19":{"name":"TSInstantiationExpression","decl":{"start":{"line":160,"column":9},"end":{"line":160,"column":34}},"loc":{"start":{"line":160,"column":49},"end":{"line":163,"column":1}},"line":160},"20":{"name":"TSFunctionType","decl":{"start":{"line":164,"column":9},"end":{"line":164,"column":23}},"loc":{"start":{"line":164,"column":38},"end":{"line":167,"column":1}},"line":164},"21":{"name":"BinaryExpression","decl":{"start":{"line":168,"column":9},"end":{"line":168,"column":25}},"loc":{"start":{"line":168,"column":74},"end":{"line":170,"column":1}},"line":168},"22":{"name":"SequenceExpression","decl":{"start":{"line":171,"column":9},"end":{"line":171,"column":27}},"loc":{"start":{"line":171,"column":42},"end":{"line":186,"column":1}},"line":171},"23":{"name":"YieldExpression","decl":{"start":{"line":187,"column":9},"end":{"line":187,"column":24}},"loc":{"start":{"line":187,"column":39},"end":{"line":190,"column":1}},"line":187},"24":{"name":"ClassExpression","decl":{"start":{"line":191,"column":9},"end":{"line":191,"column":24}},"loc":{"start":{"line":191,"column":53},"end":{"line":193,"column":1}},"line":191},"25":{"name":"UnaryLike","decl":{"start":{"line":194,"column":9},"end":{"line":194,"column":18}},"loc":{"start":{"line":194,"column":33},"end":{"line":196,"column":1}},"line":194},"26":{"name":"FunctionExpression","decl":{"start":{"line":197,"column":9},"end":{"line":197,"column":27}},"loc":{"start":{"line":197,"column":56},"end":{"line":199,"column":1}},"line":197},"27":{"name":"ConditionalExpression","decl":{"start":{"line":200,"column":9},"end":{"line":200,"column":30}},"loc":{"start":{"line":200,"column":45},"end":{"line":206,"column":1}},"line":200},"28":{"name":"OptionalMemberExpression","decl":{"start":{"line":207,"column":9},"end":{"line":207,"column":33}},"loc":{"start":{"line":207,"column":48},"end":{"line":209,"column":1}},"line":207},"29":{"name":"AssignmentExpression","decl":{"start":{"line":210,"column":9},"end":{"line":210,"column":29}},"loc":{"start":{"line":210,"column":58},"end":{"line":216,"column":1}},"line":210},"30":{"name":"LogicalExpression","decl":{"start":{"line":217,"column":9},"end":{"line":217,"column":26}},"loc":{"start":{"line":217,"column":41},"end":{"line":229,"column":1}},"line":217},"31":{"name":"Identifier","decl":{"start":{"line":230,"column":9},"end":{"line":230,"column":19}},"loc":{"start":{"line":230,"column":78},"end":{"line":260,"column":1}},"line":230}},"branchMap":{"0":{"loc":{"start":{"line":49,"column":2},"end":{"line":51,"column":3}},"type":"if","locations":[{"start":{"line":49,"column":2},"end":{"line":51,"column":3}},{"start":{},"end":{}}],"line":49},"1":{"loc":{"start":{"line":49,"column":6},"end":{"line":49,"column":73}},"type":"binary-expr","locations":[{"start":{"line":49,"column":6},"end":{"line":49,"column":37}},{"start":{"line":49,"column":41},"end":{"line":49,"column":73}}],"line":49},"2":{"loc":{"start":{"line":52,"column":2},"end":{"line":54,"column":3}},"type":"if","locations":[{"start":{"line":52,"column":2},"end":{"line":54,"column":3}},{"start":{},"end":{}}],"line":52},"3":{"loc":{"start":{"line":52,"column":6},"end":{"line":52,"column":75}},"type":"binary-expr","locations":[{"start":{"line":52,"column":6},"end":{"line":52,"column":35}},{"start":{"line":52,"column":39},"end":{"line":52,"column":75}}],"line":52},"4":{"loc":{"start":{"line":57,"column":9},"end":{"line":57,"column":112}},"type":"binary-expr","locations":[{"start":{"line":57,"column":9},"end":{"line":57,"column":38}},{"start":{"line":57,"column":42},"end":{"line":57,"column":78}},{"start":{"line":57,"column":82},"end":{"line":57,"column":112}}],"line":57},"5":{"loc":{"start":{"line":61,"column":9},"end":{"line":61,"column":110}},"type":"binary-expr","locations":[{"start":{"line":61,"column":10},"end":{"line":61,"column":43}},{"start":{"line":61,"column":47},"end":{"line":61,"column":79}},{"start":{"line":61,"column":84},"end":{"line":61,"column":110}}],"line":61},"6":{"loc":{"start":{"line":65,"column":9},"end":{"line":65,"column":363}},"type":"binary-expr","locations":[{"start":{"line":65,"column":10},"end":{"line":65,"column":43}},{"start":{"line":65,"column":47},"end":{"line":65,"column":88}},{"start":{"line":65,"column":93},"end":{"line":65,"column":115}},{"start":{"line":65,"column":120},"end":{"line":65,"column":151}},{"start":{"line":65,"column":155},"end":{"line":65,"column":194}},{"start":{"line":65,"column":198},"end":{"line":65,"column":228}},{"start":{"line":65,"column":233},"end":{"line":65,"column":255}},{"start":{"line":65,"column":259},"end":{"line":65,"column":300}},{"start":{"line":65,"column":304},"end":{"line":65,"column":323}},{"start":{"line":65,"column":327},"end":{"line":65,"column":363}}],"line":65},"7":{"loc":{"start":{"line":72,"column":10},"end":{"line":72,"column":200}},"type":"binary-expr","locations":[{"start":{"line":72,"column":10},"end":{"line":72,"column":46}},{"start":{"line":72,"column":50},"end":{"line":72,"column":93}},{"start":{"line":72,"column":97},"end":{"line":72,"column":133}},{"start":{"line":72,"column":137},"end":{"line":72,"column":200}}],"line":72},"8":{"loc":{"start":{"line":76,"column":9},"end":{"line":76,"column":75}},"type":"binary-expr","locations":[{"start":{"line":76,"column":9},"end":{"line":76,"column":37}},{"start":{"line":76,"column":41},"end":{"line":76,"column":75}}],"line":76},"9":{"loc":{"start":{"line":85,"column":9},"end":{"line":85,"column":87}},"type":"binary-expr","locations":[{"start":{"line":85,"column":9},"end":{"line":85,"column":20}},{"start":{"line":85,"column":24},"end":{"line":85,"column":87}}],"line":85},"10":{"loc":{"start":{"line":89,"column":2},"end":{"line":91,"column":3}},"type":"if","locations":[{"start":{"line":89,"column":2},"end":{"line":91,"column":3}},{"start":{},"end":{}}],"line":89},"11":{"loc":{"start":{"line":89,"column":6},"end":{"line":89,"column":129}},"type":"binary-expr","locations":[{"start":{"line":89,"column":6},"end":{"line":89,"column":38}},{"start":{"line":89,"column":42},"end":{"line":89,"column":64}},{"start":{"line":89,"column":68},"end":{"line":89,"column":101}},{"start":{"line":89,"column":105},"end":{"line":89,"column":129}}],"line":89},"12":{"loc":{"start":{"line":92,"column":2},"end":{"line":94,"column":3}},"type":"if","locations":[{"start":{"line":92,"column":2},"end":{"line":94,"column":3}},{"start":{},"end":{}}],"line":92},"13":{"loc":{"start":{"line":95,"column":2},"end":{"line":97,"column":3}},"type":"if","locations":[{"start":{"line":95,"column":2},"end":{"line":97,"column":3}},{"start":{},"end":{}}],"line":95},"14":{"loc":{"start":{"line":95,"column":6},"end":{"line":95,"column":140}},"type":"binary-expr","locations":[{"start":{"line":95,"column":6},"end":{"line":95,"column":34}},{"start":{"line":95,"column":38},"end":{"line":95,"column":70}},{"start":{"line":95,"column":74},"end":{"line":95,"column":104}},{"start":{"line":95,"column":108},"end":{"line":95,"column":140}}],"line":95},"15":{"loc":{"start":{"line":99,"column":2},"end":{"line":104,"column":3}},"type":"if","locations":[{"start":{"line":99,"column":2},"end":{"line":104,"column":3}},{"start":{},"end":{}}],"line":99},"16":{"loc":{"start":{"line":101,"column":4},"end":{"line":103,"column":5}},"type":"if","locations":[{"start":{"line":101,"column":4},"end":{"line":103,"column":5}},{"start":{},"end":{}}],"line":101},"17":{"loc":{"start":{"line":101,"column":8},"end":{"line":101,"column":114}},"type":"binary-expr","locations":[{"start":{"line":101,"column":8},"end":{"line":101,"column":29}},{"start":{"line":101,"column":33},"end":{"line":101,"column":66}},{"start":{"line":101,"column":70},"end":{"line":101,"column":91}},{"start":{"line":101,"column":95},"end":{"line":101,"column":114}}],"line":101},"18":{"loc":{"start":{"line":109,"column":9},"end":{"line":109,"column":175}},"type":"binary-expr","locations":[{"start":{"line":109,"column":9},"end":{"line":109,"column":45}},{"start":{"line":109,"column":49},"end":{"line":109,"column":88}},{"start":{"line":109,"column":92},"end":{"line":109,"column":135}},{"start":{"line":109,"column":139},"end":{"line":109,"column":175}}],"line":109},"19":{"loc":{"start":{"line":112,"column":9},"end":{"line":112,"column":66}},"type":"binary-expr","locations":[{"start":{"line":112,"column":9},"end":{"line":112,"column":36}},{"start":{"line":112,"column":40},"end":{"line":112,"column":66}}],"line":112},"20":{"loc":{"start":{"line":115,"column":2},"end":{"line":117,"column":3}},"type":"if","locations":[{"start":{"line":115,"column":2},"end":{"line":117,"column":3}},{"start":{},"end":{}}],"line":115},"21":{"loc":{"start":{"line":115,"column":6},"end":{"line":115,"column":109}},"type":"binary-expr","locations":[{"start":{"line":115,"column":7},"end":{"line":115,"column":45}},{"start":{"line":115,"column":49},"end":{"line":115,"column":84}},{"start":{"line":115,"column":89},"end":{"line":115,"column":109}}],"line":115},"22":{"loc":{"start":{"line":118,"column":2},"end":{"line":120,"column":3}},"type":"if","locations":[{"start":{"line":118,"column":2},"end":{"line":120,"column":3}},{"start":{},"end":{}}],"line":118},"23":{"loc":{"start":{"line":118,"column":6},"end":{"line":118,"column":120}},"type":"binary-expr","locations":[{"start":{"line":118,"column":6},"end":{"line":118,"column":40}},{"start":{"line":118,"column":45},"end":{"line":118,"column":68}},{"start":{"line":118,"column":72},"end":{"line":118,"column":95}},{"start":{"line":118,"column":100},"end":{"line":118,"column":120}}],"line":118},"24":{"loc":{"start":{"line":125,"column":2},"end":{"line":127,"column":3}},"type":"if","locations":[{"start":{"line":125,"column":2},"end":{"line":127,"column":3}},{"start":{},"end":{}}],"line":125},"25":{"loc":{"start":{"line":125,"column":6},"end":{"line":125,"column":210}},"type":"binary-expr","locations":[{"start":{"line":125,"column":6},"end":{"line":125,"column":34}},{"start":{"line":125,"column":38},"end":{"line":125,"column":74}},{"start":{"line":125,"column":78},"end":{"line":125,"column":104}},{"start":{"line":125,"column":108},"end":{"line":125,"column":139}},{"start":{"line":125,"column":143},"end":{"line":125,"column":174}},{"start":{"line":125,"column":178},"end":{"line":125,"column":210}}],"line":125},"26":{"loc":{"start":{"line":128,"column":2},"end":{"line":130,"column":3}},"type":"if","locations":[{"start":{"line":128,"column":2},"end":{"line":130,"column":3}},{"start":{},"end":{}}],"line":128},"27":{"loc":{"start":{"line":128,"column":6},"end":{"line":128,"column":103}},"type":"binary-expr","locations":[{"start":{"line":128,"column":7},"end":{"line":128,"column":42}},{"start":{"line":128,"column":46},"end":{"line":128,"column":74}},{"start":{"line":128,"column":79},"end":{"line":128,"column":103}}],"line":128},"28":{"loc":{"start":{"line":131,"column":2},"end":{"line":133,"column":3}},"type":"if","locations":[{"start":{"line":131,"column":2},"end":{"line":133,"column":3}},{"start":{},"end":{}}],"line":131},"29":{"loc":{"start":{"line":131,"column":6},"end":{"line":131,"column":102}},"type":"binary-expr","locations":[{"start":{"line":131,"column":6},"end":{"line":131,"column":40}},{"start":{"line":131,"column":45},"end":{"line":131,"column":70}},{"start":{"line":131,"column":74},"end":{"line":131,"column":101}}],"line":131},"30":{"loc":{"start":{"line":138,"column":9},"end":{"line":138,"column":216}},"type":"binary-expr","locations":[{"start":{"line":138,"column":9},"end":{"line":138,"column":44}},{"start":{"line":138,"column":48},"end":{"line":138,"column":79}},{"start":{"line":138,"column":83},"end":{"line":138,"column":111}},{"start":{"line":138,"column":115},"end":{"line":138,"column":151}},{"start":{"line":138,"column":155},"end":{"line":138,"column":181}},{"start":{"line":138,"column":185},"end":{"line":138,"column":216}}],"line":138},"31":{"loc":{"start":{"line":142,"column":9},"end":{"line":142,"column":177}},"type":"binary-expr","locations":[{"start":{"line":142,"column":9},"end":{"line":142,"column":40}},{"start":{"line":142,"column":44},"end":{"line":142,"column":72}},{"start":{"line":142,"column":76},"end":{"line":142,"column":112}},{"start":{"line":142,"column":116},"end":{"line":142,"column":142}},{"start":{"line
[...]
ers\\MAUANDR\\Desktop\\team-manager-complete\\src\\services\\playerService.js","statementMap":{"0":{"start":{"line":3,"column":22},"end":{"line":95,"column":1}},"1":{"start":{"line":9,"column":21},"end":{"line":9,"column":46}},"2":{"start":{"line":10,"column":4},"end":{"line":10,"column":25}},"3":{"start":{"line":19,"column":21},"end":{"line":19,"column":58}},"4":{"start":{"line":20,"column":4},"end":{"line":20,"column":25}},"5":{"start":{"line":29,"column":21},"end":{"line":29,"column":62}},"6":{"start":{"line":30,"column":4},"end":{"line":30,"column":25}},"7":{"start":{"line":39,"column":21},"end":{"line":39,"column":59}},"8":{"start":{"line":40,"column":4},"end":{"line":40,"column":25}},"9":{"start":{"line":50,"column":21},"end":{"line":50,"column":70}},"10":{"start":{"line":51,"column":4},"end":{"line":51,"column":25}},"11":{"start":{"line":60,"column":21},"end":{"line":60,"column":61}},"12":{"start":{"line":61,"column":4},"end":{"line":61,"column":25}},"13":{"start":{"line":70,"column":21},"end":{"line":70,"column":67}},"14":{"start":{"line":71,"column":4},"end":{"line":71,"column":25}},"15":{"start":{"line":81,"column":21},"end":{"line":81,"column":74}},"16":{"start":{"line":82,"column":4},"end":{"line":82,"column":25}},"17":{"start":{"line":92,"column":21},"end":{"line":92,"column":86}},"18":{"start":{"line":93,"column":4},"end":{"line":93,"column":25}}},"fnMap":{"0":{"name":"(anonymous_0)","decl":{"start":{"line":8,"column":2},"end":{"line":8,"column":3}},"loc":{"start":{"line":8,"column":24},"end":{"line":11,"column":3}},"line":8},"1":{"name":"(anonymous_1)","decl":{"start":{"line":18,"column":2},"end":{"line":18,"column":3}},"loc":{"start":{"line":18,"column":32},"end":{"line":21,"column":3}},"line":18},"2":{"name":"(anonymous_2)","decl":{"start":{"line":28,"column":2},"end":{"line":28,"column":3}},"loc":{"start":{"line":28,"column":33},"end":{"line":31,"column":3}},"line":28},"3":{"name":"(anonymous_3)","decl":{"start":{"line":38,"column":2},"end":{"line":38,"column":3}},"loc":{"start":{"line":38,"column":33},"end":{"line":41,"column":3}},"line":38},"4":{"name":"(anonymous_4)","decl":{"start":{"line":49,"column":2},"end":{"line":49,"column":3}},"loc":{"start":{"line":49,"column":43},"end":{"line":52,"column":3}},"line":49},"5":{"name":"(anonymous_5)","decl":{"start":{"line":59,"column":2},"end":{"line":59,"column":3}},"loc":{"start":{"line":59,"column":31},"end":{"line":62,"column":3}},"line":59},"6":{"name":"(anonymous_6)","decl":{"start":{"line":69,"column":2},"end":{"line":69,"column":3}},"loc":{"start":{"line":69,"column":38},"end":{"line":72,"column":3}},"line":69},"7":{"name":"(anonymous_7)","decl":{"start":{"line":80,"column":2},"end":{"line":80,"column":3}},"loc":{"start":{"line":80,"column":40},"end":{"line":83,"column":3}},"line":80},"8":{"name":"(anonymous_8)","decl":{"start":{"line":91,"column":2},"end":{"line":91,"column":3}},"loc":{"start":{"line":91,"column":45},"end":{"line":94,"column":3}},"line":91}},"branchMap":{},"s":{"0":0,"1":0,"2":0,"3":0,"4":0,"5":0,"6":0,"7":0,"8":0,"9":0,"10":0,"11":0,"12":0,"13":0,"14":0,"15":0,"16":0,"17":0,"18":0},"f":{"0":0,"1":0,"2":0,"3":0,"4":0,"5":0,"6":0,"7":0,"8":0},"b":{}}
,"C:\\Users\\MAUANDR\\Desktop\\team-manager-complete\\src\\services\\seriesService.js": {"path":"C:\\Users\\MAUANDR\\Desktop\\team-manager-complete\\src\\services\\seriesService.js","statementMap":{"0":{"start":{"line":3,"column":22},"end":{"line":74,"column":1}},"1":{"start":{"line":9,"column":21},"end":{"line":9,"column":45}},"2":{"start":{"line":10,"column":4},"end":{"line":10,"column":25}},"3":{"start":{"line":19,"column":21},"end":{"line":19,"column":57}},"4":{"start":{"line":20,"column":4},"end":{"line":20,"column":25}},"5":{"start":{"line":29,"column":21},"end":{"line":29,"column":58}},"6":{"start":{"line":30,"column":4},"end":{"line":30,"column":25}},"7":{"start":{"line":40,"column":21},"end":{"line":40,"column":69}},"8":{"start":{"line":41,"column":4},"end":{"line":41,"column":25}},"9":{"start":{"line":50,"column":21},"end":{"line":50,"column":60}},"10":{"start":{"line":51,"column":4},"end":{"line":51,"column":25}},"11":{"start":{"line":60,"column":21},"end":{"line":60,"column":64}},"12":{"start":{"line":61,"column":4},"end":{"line":61,"column":25}},"13":{"start":{"line":71,"column":21},"end":{"line":71,"column":76}},"14":{"start":{"line":72,"column":4},"end":{"line":72,"column":25}}},"fnMap":{"0":{"name":"(anonymous_0)","decl":{"start":{"line":8,"column":2},"end":{"line":8,"column":3}},"loc":{"start":{"line":8,"column":23},"end":{"line":11,"column":3}},"line":8},"1":{"name":"(anonymous_1)","decl":{"start":{"line":18,"column":2},"end":{"line":18,"column":3}},"loc":{"start":{"line":18,"column":32},"end":{"line":21,"column":3}},"line":18},"2":{"name":"(anonymous_2)","decl":{"start":{"line":28,"column":2},"end":{"line":28,"column":3}},"loc":{"start":{"line":28,"column":33},"end":{"line":31,"column":3}},"line":28},"3":{"name":"(anonymous_3)","decl":{"start":{"line":39,"column":2},"end":{"line":39,"column":3}},"loc":{"start":{"line":39,"column":43},"end":{"line":42,"column":3}},"line":39},"4":{"name":"(anonymous_4)","decl":{"start":{"line":49,"column":2},"end":{"line":49,"column":3}},"loc":{"start":{"line":49,"column":31},"end":{"line":52,"column":3}},"line":49},"5":{"name":"(anonymous_5)","decl":{"start":{"line":59,"column":2},"end":{"line":59,"column":3}},"loc":{"start":{"line":59,"column":34},"end":{"line":62,"column":3}},"line":59},"6":{"name":"(anonymous_6)","decl":{"start":{"line":70,"column":2},"end":{"line":70,"column":3}},"loc":{"start":{"line":70,"column":48},"end":{"line":73,"column":3}},"line":70}},"branchMap":{},"s":{"0":0,"1":0,"2":0,"3":0,"4":0,"5":0,"6":0,"7":0,"8":0,"9":0,"10":0,"11":0,"12":0,"13":0,"14":0},"f":{"0":0,"1":0,"2":0,"3":0,"4":0,"5":0,"6":0},"b":{}}
,"C:\\Users\\MAUANDR\\Desktop\\team-manager-complete\\src\\services\\tagService.js": {"path":"C:\\Users\\MAUANDR\\Desktop\\team-manager-complete\\src\\services\\tagService.js","statementMap":{"0":{"start":{"line":3,"column":19},"end":{"line":59,"column":1}},"1":{"start":{"line":10,"column":21},"end":{"line":10,"column":59}},"2":{"start":{"line":11,"column":4},"end":{"line":11,"column":25}},"3":{"start":{"line":21,"column":21},"end":{"line":21,"column":69}},"4":{"start":{"line":22,"column":4},"end":{"line":22,"column":25}},"5":{"start":{"line":32,"column":21},"end":{"line":32,"column":71}},"6":{"start":{"line":33,"column":4},"end":{"line":33,"column":25}},"7":{"start":{"line":44,"column":21},"end":{"line":44,"column":91}},"8":{"start":{"line":45,"column":4},"end":{"line":45,"column":25}},"9":{"start":{"line":56,"column":21},"end":{"line":56,"column":91}},"10":{"start":{"line":57,"column":4},"end":{"line":57,"column":25}}},"fnMap":{"0":{"name":"(anonymous_0)","decl":{"start":{"line":9,"column":2},"end":{"line":9,"column":3}},"loc":{"start":{"line":9,"column":30},"end":{"line":12,"column":3}},"line":9},"1":{"name":"(anonymous_1)","decl":{"start":{"line":20,"column":2},"end":{"line":20,"column":3}},"loc":{"start":{"line":20,"column":35},"end":{"line":23,"column":3}},"line":20},"2":{"name":"(anonymous_2)","decl":{"start":{"line":31,"column":2},"end":{"line":31,"column":3}},"loc":{"start":{"line":31,"column":33},"end":{"line":34,"column":3}},"line":31},"3":{"name":"(anonymous_3)","decl":{"start":{"line":43,"column":2},"end":{"line":43,"column":3}},"loc":{"start":{"line":43,"column":53},"end":{"line":46,"column":3}},"line":43},"4":{"name":"(anonymous_4)","decl":{"start":{"line":55,"column":2},"end":{"line":55,"column":3}},"loc":{"start":{"line":55,"column":55},"end":{"line":58,"column":3}},"line":55}},"branchMap":{},"s":{"0":0,"1":0,"2":0,"3":0,"4":0,"5":0,"6":0,"7":0,"8":0,"9":0,"10":0},"f":{"0":0,"1":0,"2":0,"3":0,"4":0},"b":{}}
,"C:\\Users\\MAUANDR\\Desktop\\team-manager-complete\\src\\services\\teamService.js": {"path":"C:\\Users\\MAUANDR\\Desktop\\team-manager-complete\\src\\services\\teamService.js","statementMap":{"0":{"start":{"line":3,"column":20},"end":{"line":97,"column":1}},"1":{"start":{"line":9,"column":21},"end":{"line":9,"column":44}},"2":{"start":{"line":10,"column":4},"end":{"line":10,"column":25}},"3":{"start":{"line":19,"column":21},"end":{"line":19,"column":54}},"4":{"start":{"line":20,"column":4},"end":{"line":20,"column":25}},"5":{"start":{"line":29,"column":21},"end":{"line":29,"column":61}},"6":{"start":{"line":30,"column":4},"end":{"line":30,"column":25}},"7":{"start":{"line":40,"column":21},"end":{"line":40,"column":70}},"8":{"start":{"line":41,"column":4},"end":{"line":41,"column":25}},"9":{"start":{"line":50,"column":21},"end":{"line":50,"column":63}},"10":{"start":{"line":51,"column":4},"end":{"line":51,"column":25}},"11":{"start":{"line":61,"column":21},"end":{"line":61,"column":85}},"12":{"start":{"line":62,"column":4},"end":{"line":62,"column":25}},"13":{"start":{"line":72,"column":21},"end":{"line":72,"column":83}},"14":{"start":{"line":73,"column":4},"end":{"line":73,"column":25}},"15":{"start":{"line":83,"column":21},"end":{"line":83,"column":85}},"16":{"start":{"line":84,"column":4},"end":{"line":84,"column":25}},"17":{"start":{"line":94,"column":21},"end":{"line":94,"column":83}},"18":{"start":{"line":95,"column":4},"end":{"line":95,"column":25}}},"fnMap":{"0":{"name":"(anonymous_0)","decl":{"start":{"line":8,"column":2},"end":{"line":8,"column":3}},"loc":{"start":{"line":8,"column":22},"end":{"line":11,"column":3}},"line":8},"1":{"name":"(anonymous_1)","decl":{"start":{"line":18,"column":2},"end":{"line":18,"column":3}},"loc":{"start":{"line":18,"column":28},"end":{"line":21,"column":3}},"line":18},"2":{"name":"(anonymous_2)","decl":{"start":{"line":28,"column":2},"end":{"line":28,"column":3}},"loc":{"start":{"line":28,"column":29},"end":{"line":31,"column":3}},"line":28},"3":{"name":"(anonymous_3)","decl":{"start":{"line":39,"column":2},"end":{"line":39,"column":3}},"loc":{"start":{"line":39,"column":37},"end":{"line":42,"column":3}},"line":39},"4":{"name":"(anonymous_4)","decl":{"start":{"line":49,"column":2},"end":{"line":49,"column":3}},"loc":{"start":{"line":49,"column":27},"end":{"line":52,"column":3}},"line":49},"5":{"name":"(anonymous_5)","decl":{"start":{"line":60,"column":2},"end":{"line":60,"column":3}},"loc":{"start":{"line":60,"column":44},"end":{"line":63,"column":3}},"line":60},"6":{"name":"(anonymous_6)","decl":{"start":{"line":71,"column":2},"end":{"line":71,"column":3}},"loc":{"start":{"line":71,"column":42},"end":{"line":74,"column":3}},"line":71},"7":{"name":"(anonymous_7)","decl":{"start":{"line":82,"column":2},"end":{"line":82,"column":3}},"loc":{"start":{"line":82,"column":47},"end":{"line":85,"column":3}},"line":82},"8":{"name":"(anonymous_8)","decl":{"start":{"line":93,"column":2},"end":{"line":93,"column":3}},"loc":{"start":{"line":93,"column":45},"end":{"line":96,"column":3}},"line":93}},"branchMap":{},"s":{"0":0,"1":0,"2":0,"3":0,"4":0,"5":0,"6":0,"7":0,"8":0,"9":0,"10":0,"11":0,"12":0,"13":0,"14":0,"15":0,"16":0,"17":0,"18":0},"f":{"0":0,"1":0,"2":0,"3":0,"4":0,"5":0,"6":0,"7":0,"8":0},"b":{}}
,"C:\\Users\\MAUANDR\\Desktop\\team-manager-complete\\src\\services\\userService.js": {"path":"C:\\Users\\MAUANDR\\Desktop\\team-manager-complete\\src\\services\\userService.js","statementMap":{"0":{"start":{"line":3,"column":20},"end":{"line":75,"column":1}},"1":{"start":{"line":9,"column":21},"end":{"line":9,"column":44}},"2":{"start":{"line":10,"column":4},"end":{"line":10,"column":25}},"3":{"start":{"line":19,"column":21},"end":{"line":19,"column":54}},"4":{"start":{"line":20,"column":4},"end":{"line":20,"column":25}},"5":{"start":{"line":29,"column":21},"end":{"line":29,"column":55}},"6":{"start":{"line":30,"column":4},"end":{"line":30,"column":25}},"7":{"start":{"line":40,"column":21},"end":{"line":40,"column":64}},"8":{"start":{"line":41,"column":4},"end":{"line":41,"column":25}},"9":{"start":{"line":50,"column":21},"end":{"line":50,"column":57}},"10":{"start":{"line":51,"column":4},"end":{"line":51,"column":25}},"11":{"start":{"line":61,"column":21},"end":{"line":61,"column":77}},"12":{"start":{"line":62,"column":4},"end":{"line":62,"column":25}},"13":{"start":{"line":72,"column":21},"end":{"line":72,"column":69}},"14":{"start":{"line":73,"column":4},"end":{"line":73,"column":25}}},"fnMap":{"0":{"name":"(anonymous_0)","decl":{"start":{"line":8,"column":2},"end":{"line":8,"column":3}},"loc":{"start":{"line":8,"column":22},"end":{"line":11,"column":3}},"line":8},"1":{"name":"(anonymous_1)","decl":{"start":{"line":18,"column":2},"end":{"line":18,"column":3}},"loc":{"start":{"line":18,"column":28},"end":{"line":21,"column":3}},"line":18},"2":{"name":"(anonymous_2)","decl":{"start":{"line":28,"column":2},"end":{"line":28,"column":3}},"loc":{"start":{"line":28,"column":29},"end":{"line":31,"column":3}},"line":28},"3":{"name":"(anonymous_3)","decl":{"start":{"line":39,"column":2},"end":{"line":39,"column":3}},"loc":{"start":{"line":39,"column":37},"end":{"line":42,"column":3}},"line":39},"4":{"name":"(anonymous_4)","decl":{"start":{"line":49,"column":2},"end":{"line":49,"column":3}},"loc":{"start":{"line":49,"column":27},"end":{"line":52,"column":3}},"line":49},"5":{"name":"(anonymous_5)","decl":{"start":{"line":60,"column":2},"end":{"line":60,"column":3}},"loc":{"start":{"line":60,"column":45},"end":{"line":63,"column":3}},"line":60},"6":{"name":"(anonymous_6)","decl":{"start":{"line":71,"column":2},"end":{"line":71,"column":3}},"loc":{"start":{"line":71,"column":33},"end":{"line":74,"column":3}},"line":71}},"branchMap":{},"s":{"0":0,"1":0,"2":0,"3":0,"4":0,"5":0,"6":0,"7":0,"8":0,"9":0,"10":0,"11":0,"12":0,"13":0,"14":0},"f":{"0":0,"1":0,"2":0,"3":0,"4":0,"5":0,"6":0},"b":{}}
,"C:\\Users\\MAUANDR\\Desktop\\team-manager-complete\\src\\utils\\api.js": {"path":"C:\\Users\\MAUANDR\\Desktop\\team-manager-complete\\src\\utils\\api.js","statementMap":{"0":{"start":{"line":3,"column":16},"end":{"line":3,"column":75}},"1":{"start":{"line":5,"column":12},"end":{"line":10,"column":2}},"2":{"start":{"line":13,"column":0},"end":{"line":22,"column":2}},"3":{"start":{"line":15,"column":18},"end":{"line":15,"column":47}},"4":{"start":{"line":16,"column":4},"end":{"line":18,"column":5}},"5":{"start":{"line":17,"column":6},"end":{"line":17,"column":55}},"6":{"start":{"line":19,"column":4},"end":{"line":19,"column":18}},"7":{"start":{"line":21,"column":13},"end":{"line":21,"column":34}},"8":{"start":{"line":25,"column":0},"end":{"line":35,"column":2}},"9":{"start":{"line":26,"column":16},"end":{"line":26,"column":24}},"10":{"start":{"line":29,"column":4},"end":{"line":32,"column":5}},"11":{"start":{"line":30,"column":6},"end":{"line":30,"column":39}},"12":{"start":{"line":31,"column":6},"end":{"line":31,"column":38}},"13":{"start":{"line":33,"column":4},"end":{"line":33,"column":33}}},"fnMap":{"0":{"name":"(anonymous_0)","decl":{"start":{"line":14,"column":2},"end":{"line":14,"column":3}},"loc":{"start":{"line":14,"column":14},"end":{"line":20,"column":3}},"line":14},"1":{"name":"(anonymous_1)","decl":{"start":{"line":21,"column":2},"end":{"line":21,"column":3}},"loc":{"start":{"line":21,"column":13},"end":{"line":21,"column":34}},"line":21},"2":{"name":"(anonymous_2)","decl":{"start":{"line":26,"column":2},"end":{"line":26,"column":3}},"loc":{"start":{"line":26,"column":16},"end":{"line":26,"column":24}},"line":26},"3":{"name":"(anonymous_3)","decl":{"start":{"line":27,"column":2},"end":{"line":27,"column":3}},"loc":{"start":{"line":27,"column":13},"end":{"line":34,"column":3}},"line":27}},"branchMap":{"0":{"loc":{"start":{"line":3,"column":16},"end":{"line":3,"column":75}},"type":"binary-expr","locations":[{"start":{"line":3,"column":16},"end":{"line":3,"column":44}},{"start":{"line":3,"column":48},"end":{"line":3,"column":75}}],"line":3},"1":{"loc":{"start":{"line":16,"column":4},"end":{"line":18,"column":5}},"type":"if","locations":[{"start":{"line":16,"column":4},"end":{"line":18,"column":5}},{"start":{},"end":{}}],"line":16},"2":{"loc":{"start":{"line":29,"column":4},"end":{"line":32,"column":5}},"type":"if","locations":[{"start":{"line":29,"column":4},"end":{"line":32,"column":5}},{"start":{},"end":{}}],"line":29},"3":{"loc":{"start":{"line":29,"column":8},"end":{"line":29,"column":55}},"type":"binary-expr","locations":[{"start":{"line":29,"column":8},"end":{"line":29,"column":22}},{"start":{"line":29,"column":26},"end":{"line":29,"column":55}}],"line":29}},"s":{"0":0,"1":0,"2":0,"3":0,"4":0,"5":0,"6":0,"7":0,"8":0,"9":0,"10":0,"11":0,"12":0,"13":0},"f":{"0":0,"1":0,"2":0,"3":0},"b":{"0":[0,0],"1":[0,0],"2":[0,0],"3":[0,0]}}
,"C:\\Users\\MAUANDR\\Desktop\\team-manager-complete\\src\\utils\\axios.js": {"path":"C:\\Users\\MAUANDR\\Desktop\\team-manager-complete\\src\\utils\\axios.js","statementMap":{"0":{"start":{"line":3,"column":17},"end":{"line":5,"column":2}},"1":{"start":{"line":7,"column":0},"end":{"line":13,"column":3}},"2":{"start":{"line":8,"column":16},"end":{"line":8,"column":45}},"3":{"start":{"line":9,"column":2},"end":{"line":11,"column":3}},"4":{"start":{"line":10,"column":4},"end":{"line":10,"column":53}},"5":{"start":{"line":12,"column":2},"end":{"line":12,"column":16}}},"fnMap":{"0":{"name":"(anonymous_0)","decl":{"start":{"line":7,"column":34},"end":{"line":7,"column":35}},"loc":{"start":{"line":7,"column":46},"end":{"line":13,"column":1}},"line":7}},"branchMap":{"0":{"loc":{"start":{"line":9,"column":2},"end":{"line":11,"column":3}},"type":"if","locations":[{"start":{"line":9,"column":2},"end":{"line":11,"column":3}},{"start":{},"end":{}}],"line":9}},"s":{"0":0,"1":0,"2":0,"3":0,"4":0,"5":0},"f":{"0":0},"b":{"0":[0,0]}}
,"C:\\Users\\MAUANDR\\Desktop\\team-manager-complete\\src\\utils\\setup.js": {"path":"C:\\Users\\MAUANDR\\Desktop\\team-manager-complete\\src\\utils\\setup.js","statementMap":{"0":{"start":{"line":5,"column":25},"end":{"line":19,"column":4}},"1":{"start":{"line":6,"column":14},"end":{"line":6,"column":16}},"2":{"start":{"line":7,"column":2},"end":{"line":18,"column":4}},"3":{"start":{"line":8,"column":28},"end":{"line":8,"column":46}},"4":{"start":{"line":10,"column":6},"end":{"line":10,"column":36}},"5":{"start":{"line":13,"column":6},"end":{"line":13,"column":24}},"6":{"start":{"line":16,"column":6},"end":{"line":16,"column":17}},"7":{"start":{"line":21,"column":0},"end":{"line":23,"column":3}},"8":{"start":{"line":26,"column":0},"end":{"line":26,"column":25}},"9":{"start":{"line":29,"column":0},"end":{"line":31,"column":3}},"10":{"start":{"line":30,"column":2},"end":{"line":30,"column":23}}},"fnMap":{"0":{"name":"(anonymous_0)","decl":{"start":{"line":5,"column":26},"end":{"line":5,"column":27}},"loc":{"start":{"line":5,"column":37},"end":{"line":19,"column":1}},"line":5},"1":{"name":"(anonymous_1)","decl":{"start":{"line":8,"column":21},"end":{"line":8,"column":22}},"loc":{"start":{"line":8,"column":28},"end":{"line":8,"column":46}},"line":8},"2":{"name":"(anonymous_2)","decl":{"start":{"line":9,"column":21},"end":{"line":9,"column":22}},"loc":{"start":{"line":9,"column":37},"end":{"line":11,"column":5}},"line":9},"3":{"name":"(anonymous_3)","decl":{"start":{"line":12,"column":24},"end":{"line":12,"column":25}},"loc":{"start":{"line":12,"column":31},"end":{"line":14,"column":5}},"line":12},"4":{"name":"(anonymous_4)","decl":{"start":{"line":15,"column":19},"end":{"line":15,"column":20}},"loc":{"start":{"line":15,"column":25},"end":{"line":17,"column":5}},"line":15},"5":{"name":"(anonymous_5)","decl":{"start":{"line":29,"column":10},"end":{"line":29,"column":11}},"loc":{"start":{"line":29,"column":16},"end":{"line":31,"column":1}},"line":29}},"branchMap":{"0":{"loc":{"start":{"line":8,"column":28},"end":{"line":8,"column":46}},"type":"binary-expr","locations":[{"start":{"line":8,"column":28},"end":{"line":8,"column":38}},{"start":{"line":8,"column":42},"end":{"line":8,"column":46}}],"line":8}},"s":{"0":0,"1":0,"2":0,"3":0,"4":0,"5":0,"6":0,"7":0,"8":0,"9":0,"10":0},"f":{"0":0,"1":0,"2":0,"3":0,"4":0,"5":0},"b":{"0":[0,0]}}
}
