TN:
SF:src\components\auth\RoleBasedAccess.jsx
FN:13,(anonymous_0)
FNF:1
FNH:0
FNDA:0,(anonymous_0)
DA:13,0
DA:18,0
DA:21,0
DA:22,0
DA:27,0
DA:28,0
DA:32,0
LF:7
LH:0
BRDA:14,0,0,0
BRDA:16,1,0,0
BRDA:21,2,0,0
BRDA:21,2,1,0
BRDA:21,3,0,0
BRDA:21,3,1,0
BRDA:21,3,2,0
BRDA:27,4,0,0
BRDA:27,4,1,0
BRDA:27,5,0,0
BRDA:27,5,1,0
BRF:11
BRH:0
end_of_record
TN:
SF:src\hooks\useAuth.js
FN:9,useAuth
FNF:1
FNH:0
FNDA:0,useAuth
DA:10,0
DA:12,0
DA:13,0
DA:16,0
LF:4
LH:0
BRDA:12,0,0,0
BRDA:12,0,1,0
BRF:2
BRH:0
end_of_record
TN:
SF:src\hooks\useDashboard.js
FN:8,useDashboardStats
FN:11,(anonymous_1)
FN:23,useUpcomingEvents
FN:26,(anonymous_3)
FN:38,useAttendanceStats
FN:41,(anonymous_5)
FN:55,useTrainerTeamStats
FN:58,(anonymous_7)
FN:71,useNotifications
FN:74,(anonymous_9)
FN:85,useMarkNotificationAsRead
FN:89,(anonymous_11)
FN:93,(anonymous_12)
FN:103,useMarkAllNotificationsAsRead
FN:107,(anonymous_14)
FN:111,(anonymous_15)
FNF:16
FNH:0
FNDA:0,useDashboardStats
FNDA:0,(anonymous_1)
FNDA:0,useUpcomingEvents
FNDA:0,(anonymous_3)
FNDA:0,useAttendanceStats
FNDA:0,(anonymous_5)
FNDA:0,useTrainerTeamStats
FNDA:0,(anonymous_7)
FNDA:0,useNotifications
FNDA:0,(anonymous_9)
FNDA:0,useMarkNotificationAsRead
FNDA:0,(anonymous_11)
FNDA:0,(anonymous_12)
FNDA:0,useMarkAllNotificationsAsRead
FNDA:0,(anonymous_14)
FNDA:0,(anonymous_15)
DA:9,0
DA:12,0
DA:13,0
DA:24,0
DA:27,0
DA:28,0
DA:39,0
DA:42,0
DA:43,0
DA:44,0
DA:56,0
DA:59,0
DA:60,0
DA:72,0
DA:75,0
DA:76,0
DA:86,0
DA:88,0
DA:90,0
DA:91,0
DA:94,0
DA:104,0
DA:106,0
DA:108,0
DA:109,0
DA:112,0
LF:26
LH:0
BRDA:23,0,0,0
BRDA:42,1,0,0
BRDA:42,1,1,0
BRDA:71,2,0,0
BRF:4
BRH:0
end_of_record
TN:
SF:src\hooks\useEvents.js
FN:8,useEvents
FN:19,useFilteredEvents
FN:31,useEvent
FN:34,(anonymous_3)
FN:44,useTeamEvents
FN:47,(anonymous_5)
FN:56,useCreateEvent
FN:60,(anonymous_7)
FN:61,(anonymous_8)
FN:72,useUpdateEvent
FN:76,(anonymous_10)
FN:77,(anonymous_11)
FN:89,useDeleteEvent
FN:93,(anonymous_13)
FN:94,(anonymous_14)
FN:105,useUpdateParticipation
FN:109,(anonymous_16)
FN:111,(anonymous_17)
FN:122,useUpdateChildParticipation
FN:126,(anonymous_19)
FN:128,(anonymous_20)
FNF:21
FNH:0
FNDA:0,useEvents
FNDA:0,useFilteredEvents
FNDA:0,useEvent
FNDA:0,(anonymous_3)
FNDA:0,useTeamEvents
FNDA:0,(anonymous_5)
FNDA:0,useCreateEvent
FNDA:0,(anonymous_7)
FNDA:0,(anonymous_8)
FNDA:0,useUpdateEvent
FNDA:0,(anonymous_10)
FNDA:0,(anonymous_11)
FNDA:0,useDeleteEvent
FNDA:0,(anonymous_13)
FNDA:0,(anonymous_14)
FNDA:0,useUpdateParticipation
FNDA:0,(anonymous_16)
FNDA:0,(anonymous_17)
FNDA:0,useUpdateChildParticipation
FNDA:0,(anonymous_19)
FNDA:0,(anonymous_20)
DA:9,0
DA:20,0
DA:32,0
DA:34,0
DA:45,0
DA:47,0
DA:57,0
DA:59,0
DA:60,0
DA:63,0
DA:73,0
DA:75,0
DA:76,0
DA:79,0
DA:80,0
DA:90,0
DA:92,0
DA:93,0
DA:96,0
DA:106,0
DA:108,0
DA:110,0
DA:113,0
DA:123,0
DA:125,0
DA:127,0
DA:130,0
LF:27
LH:0
BRF:0
BRH:0
end_of_record
TN:
SF:src\hooks\useNotifications.js
FN:9,useNotifications
FN:12,(anonymous_1)
FN:20,useMarkNotificationAsRead
FN:24,(anonymous_3)
FN:25,(anonymous_4)
FN:35,useMarkAllNotificationsAsRead
FN:39,(anonymous_6)
FN:40,(anonymous_7)
FN:50,useDeleteNotification
FN:54,(anonymous_9)
FN:55,(anonymous_10)
FN:65,useDeleteAllNotifications
FN:69,(anonymous_12)
FN:70,(anonymous_13)
FNF:14
FNH:0
FNDA:0,useNotifications
FNDA:0,(anonymous_1)
FNDA:0,useMarkNotificationAsRead
FNDA:0,(anonymous_3)
FNDA:0,(anonymous_4)
FNDA:0,useMarkAllNotificationsAsRead
FNDA:0,(anonymous_6)
FNDA:0,(anonymous_7)
FNDA:0,useDeleteNotification
FNDA:0,(anonymous_9)
FNDA:0,(anonymous_10)
FNDA:0,useDeleteAllNotifications
FNDA:0,(anonymous_12)
FNDA:0,(anonymous_13)
DA:10,0
DA:12,0
DA:21,0
DA:23,0
DA:24,0
DA:26,0
DA:36,0
DA:38,0
DA:39,0
DA:41,0
DA:51,0
DA:53,0
DA:54,0
DA:56,0
DA:66,0
DA:68,0
DA:69,0
DA:71,0
LF:18
LH:0
BRDA:9,0,0,0
BRF:1
BRH:0
end_of_record
TN:
SF:src\hooks\usePlayerEvents.js
FN:9,usePlayerEvents
FN:12,(anonymous_1)
FNF:2
FNH:0
FNDA:0,usePlayerEvents
FNDA:0,(anonymous_1)
DA:10,0
DA:12,0
LF:2
LH:0
BRF:0
BRH:0
end_of_record
TN:
SF:src\hooks\usePlayers.js
FN:8,usePlayers
FN:20,usePlayer
FN:23,(anonymous_2)
FN:33,useTeamPlayers
FN:36,(anonymous_4)
FN:45,useCreatePlayer
FN:49,(anonymous_6)
FN:50,(anonymous_7)
FN:61,useUpdatePlayer
FN:65,(anonymous_9)
FN:66,(anonymous_10)
FN:78,useDeletePlayer
FN:82,(anonymous_12)
FN:83,(anonymous_13)
FN:95,useParentChildren
FN:98,(anonymous_15)
FN:107,useAddTagsToPlayer
FN:111,(anonymous_17)
FN:112,(anonymous_18)
FN:123,useRemoveTagsFromPlayer
FN:127,(anonymous_20)
FN:128,(anonymous_21)
FNF:22
FNH:0
FNDA:0,usePlayers
FNDA:0,usePlayer
FNDA:0,(anonymous_2)
FNDA:0,useTeamPlayers
FNDA:0,(anonymous_4)
FNDA:0,useCreatePlayer
FNDA:0,(anonymous_6)
FNDA:0,(anonymous_7)
FNDA:0,useUpdatePlayer
FNDA:0,(anonymous_9)
FNDA:0,(anonymous_10)
FNDA:0,useDeletePlayer
FNDA:0,(anonymous_12)
FNDA:0,(anonymous_13)
FNDA:0,useParentChildren
FNDA:0,(anonymous_15)
FNDA:0,useAddTagsToPlayer
FNDA:0,(anonymous_17)
FNDA:0,(anonymous_18)
FNDA:0,useRemoveTagsFromPlayer
FNDA:0,(anonymous_20)
FNDA:0,(anonymous_21)
DA:9,0
DA:21,0
DA:23,0
DA:34,0
DA:36,0
DA:46,0
DA:48,0
DA:49,0
DA:52,0
DA:62,0
DA:64,0
DA:65,0
DA:68,0
DA:69,0
DA:79,0
DA:81,0
DA:82,0
DA:85,0
DA:96,0
DA:98,0
DA:108,0
DA:110,0
DA:111,0
DA:114,0
DA:124,0
DA:126,0
DA:127,0
DA:130,0
LF:28
LH:0
BRF:0
BRH:0
end_of_record
TN:
SF:src\hooks\useSeries.js
FN:8,useSeries
FN:20,useSeriesById
FN:23,(anonymous_2)
FN:32,useCreateSeries
FN:36,(anonymous_4)
FN:37,(anonymous_5)
FN:48,useUpdateSeries
FN:52,(anonymous_7)
FN:53,(anonymous_8)
FN:65,useDeleteSeries
FN:69,(anonymous_10)
FN:70,(anonymous_11)
FN:84,useSeriesEvents
FN:87,(anonymous_13)
FN:96,useGenerateSeriesEvents
FN:100,(anonymous_15)
FN:101,(anonymous_16)
FNF:17
FNH:0
FNDA:0,useSeries
FNDA:0,useSeriesById
FNDA:0,(anonymous_2)
FNDA:0,useCreateSeries
FNDA:0,(anonymous_4)
FNDA:0,(anonymous_5)
FNDA:0,useUpdateSeries
FNDA:0,(anonymous_7)
FNDA:0,(anonymous_8)
FNDA:0,useDeleteSeries
FNDA:0,(anonymous_10)
FNDA:0,(anonymous_11)
FNDA:0,useSeriesEvents
FNDA:0,(anonymous_13)
FNDA:0,useGenerateSeriesEvents
FNDA:0,(anonymous_15)
FNDA:0,(anonymous_16)
DA:9,0
DA:21,0
DA:23,0
DA:33,0
DA:35,0
DA:36,0
DA:39,0
DA:49,0
DA:51,0
DA:52,0
DA:55,0
DA:56,0
DA:66,0
DA:68,0
DA:69,0
DA:72,0
DA:74,0
DA:85,0
DA:87,0
DA:97,0
DA:99,0
DA:100,0
DA:103,0
DA:104,0
LF:24
LH:0
BRF:0
BRH:0
end_of_record
TN:
SF:src\hooks\useTags.js
FN:9,useTeamTags
FN:12,(anonymous_1)
FN:21,useCreateTag
FN:25,(anonymous_3)
FN:26,(anonymous_4)
FN:37,useDeleteTag
FN:41,(anonymous_6)
FN:42,(anonymous_7)
FN:53,useAssignTagToPlayers
FN:57,(anonymous_9)
FN:59,(anonymous_10)
FN:63,(anonymous_11)
FN:76,useRemoveTagFromPlayers
FN:80,(anonymous_13)
FN:82,(anonymous_14)
FN:86,(anonymous_15)
FNF:16
FNH:0
FNDA:0,useTeamTags
FNDA:0,(anonymous_1)
FNDA:0,useCreateTag
FNDA:0,(anonymous_3)
FNDA:0,(anonymous_4)
FNDA:0,useDeleteTag
FNDA:0,(anonymous_6)
FNDA:0,(anonymous_7)
FNDA:0,useAssignTagToPlayers
FNDA:0,(anonymous_9)
FNDA:0,(anonymous_10)
FNDA:0,(anonymous_11)
FNDA:0,useRemoveTagFromPlayers
FNDA:0,(anonymous_13)
FNDA:0,(anonymous_14)
FNDA:0,(anonymous_15)
DA:10,0
DA:12,0
DA:22,0
DA:24,0
DA:25,0
DA:28,0
DA:38,0
DA:40,0
DA:41,0
DA:44,0
DA:54,0
DA:56,0
DA:58,0
DA:61,0
DA:63,0
DA:64,0
DA:67,0
DA:77,0
DA:79,0
DA:81,0
DA:84,0
DA:86,0
DA:87,0
DA:90,0
LF:24
LH:0
BRF:0
BRH:0
end_of_record
TN:
SF:src\hooks\useTeams.js
FN:8,useTeams
FN:20,useTeam
FN:23,(anonymous_2)
FN:32,useCreateTeam
FN:36,(anonymous_4)
FN:37,(anonymous_5)
FN:48,useUpdateTeam
FN:52,(anonymous_7)
FN:53,(anonymous_8)
FN:65,useDeleteTeam
FN:69,(anonymous_10)
FN:70,(anonymous_11)
FN:81,useAddTrainerToTeam
FN:85,(anonymous_13)
FN:86,(anonymous_14)
FN:97,useAddPlayerToTeam
FN:101,(anonymous_16)
FN:102,(anonymous_17)
FN:113,useUpdateTeamTrainers
FN:117,(anonymous_19)
FN:118,(anonymous_20)
FN:129,useUpdateTeamPlayers
FN:133,(anonymous_22)
FN:134,(anonymous_23)
FNF:24
FNH:0
FNDA:0,useTeams
FNDA:0,useTeam
FNDA:0,(anonymous_2)
FNDA:0,useCreateTeam
FNDA:0,(anonymous_4)
FNDA:0,(anonymous_5)
FNDA:0,useUpdateTeam
FNDA:0,(anonymous_7)
FNDA:0,(anonymous_8)
FNDA:0,useDeleteTeam
FNDA:0,(anonymous_10)
FNDA:0,(anonymous_11)
FNDA:0,useAddTrainerToTeam
FNDA:0,(anonymous_13)
FNDA:0,(anonymous_14)
FNDA:0,useAddPlayerToTeam
FNDA:0,(anonymous_16)
FNDA:0,(anonymous_17)
FNDA:0,useUpdateTeamTrainers
FNDA:0,(anonymous_19)
FNDA:0,(anonymous_20)
FNDA:0,useUpdateTeamPlayers
FNDA:0,(anonymous_22)
FNDA:0,(anonymous_23)
DA:9,0
DA:21,0
DA:23,0
DA:33,0
DA:35,0
DA:36,0
DA:39,0
DA:49,0
DA:51,0
DA:52,0
DA:55,0
DA:56,0
DA:66,0
DA:68,0
DA:69,0
DA:72,0
DA:82,0
DA:84,0
DA:85,0
DA:88,0
DA:98,0
DA:100,0
DA:101,0
DA:104,0
DA:114,0
DA:116,0
DA:117,0
DA:120,0
DA:130,0
DA:132,0
DA:133,0
DA:136,0
LF:32
LH:0
BRF:0
BRH:0
end_of_record
TN:
SF:src\hooks\useUsers.js
FN:8,useUsers
FN:20,useUser
FN:23,(anonymous_2)
FN:32,useCreateUser
FN:36,(anonymous_4)
FN:37,(anonymous_5)
FN:48,useUpdateUser
FN:52,(anonymous_7)
FN:53,(anonymous_8)
FN:65,useDeleteUser
FN:69,(anonymous_10)
FN:70,(anonymous_11)
FN:81,useChangePassword
FN:83,(anonymous_13)
FN:91,useChangeRole
FN:95,(anonymous_15)
FN:96,(anonymous_16)
FNF:17
FNH:0
FNDA:0,useUsers
FNDA:0,useUser
FNDA:0,(anonymous_2)
FNDA:0,useCreateUser
FNDA:0,(anonymous_4)
FNDA:0,(anonymous_5)
FNDA:0,useUpdateUser
FNDA:0,(anonymous_7)
FNDA:0,(anonymous_8)
FNDA:0,useDeleteUser
FNDA:0,(anonymous_10)
FNDA:0,(anonymous_11)
FNDA:0,useChangePassword
FNDA:0,(anonymous_13)
FNDA:0,useChangeRole
FNDA:0,(anonymous_15)
FNDA:0,(anonymous_16)
DA:9,0
DA:21,0
DA:23,0
DA:33,0
DA:35,0
DA:36,0
DA:39,0
DA:49,0
DA:51,0
DA:52,0
DA:55,0
DA:56,0
DA:66,0
DA:68,0
DA:69,0
DA:72,0
DA:82,0
DA:83,0
DA:92,0
DA:94,0
DA:95,0
DA:98,0
DA:99,0
LF:23
LH:0
BRF:0
BRH:0
end_of_record
TN:
SF:src\pages\index.js
FN:4,(anonymous_0)
FNF:1
FNH:0
FNDA:0,(anonymous_0)
DA:2,0
DA:4,0
DA:5,0
DA:7,0
DA:8,0
DA:11,0
DA:14,0
DA:16,0
DA:17,0
DA:19,0
DA:20,0
DA:23,0
DA:24,0
DA:25,0
DA:29,0
DA:30,0
DA:33,0
DA:34,0
LF:18
LH:0
BRDA:7,0,0,0
BRDA:7,0,1,0
BRDA:19,1,0,0
BRDA:19,1,1,0
BRDA:23,2,0,0
BRDA:23,2,1,0
BRDA:29,3,0,0
BRDA:29,3,1,0
BRDA:33,4,0,0
BRDA:33,4,1,0
BRDA:33,5,0,0
BRDA:33,5,1,0
BRF:12
BRH:0
end_of_record
TN:
SF:src\pages\parentPaths.js
FN:4,parentPaths
FNF:1
FNH:0
FNDA:0,parentPaths
DA:3,0
DA:4,0
DA:5,0
DA:6,0
DA:8,0
DA:9,0
DA:10,0
DA:11,0
DA:12,0
DA:13,0
DA:14,0
DA:17,0
LF:12
LH:0
BRDA:5,0,0,0
BRDA:5,0,1,0
BRDA:13,1,0,0
BRDA:13,1,1,0
BRF:4
BRH:0
end_of_record
TN:
SF:src\pages\parentheses.js
FN:48,getBinaryPrecedence
FN:56,isTSTypeExpression
FN:59,(anonymous_2)
FN:63,(anonymous_3)
FN:67,NullableTypeAnnotation
FN:70,FunctionTypeAnnotation
FN:75,UpdateExpression
FN:78,needsParenBeforeExpressionBrace
FN:81,ObjectExpression
FN:84,DoExpression
FN:87,Binary
FN:107,UnionTypeAnnotation
FN:111,OptionalIndexedAccessType
FN:114,TSAsExpression
FN:123,TSConditionalType
FN:136,TSUnionType
FN:140,TSIntersectionType
FN:144,TSInferType
FN:156,TSTypeOperator
FN:160,TSInstantiationExpression
FN:164,TSFunctionType
FN:168,BinaryExpression
FN:171,SequenceExpression
FN:187,YieldExpression
FN:191,ClassExpression
FN:194,UnaryLike
FN:197,FunctionExpression
FN:200,ConditionalExpression
FN:207,OptionalMemberExpression
FN:210,AssignmentExpression
FN:217,LogicalExpression
FN:230,Identifier
FNF:32
FNH:0
FNDA:0,getBinaryPrecedence
FNDA:0,isTSTypeExpression
FNDA:0,(anonymous_2)
FNDA:0,(anonymous_3)
FNDA:0,NullableTypeAnnotation
FNDA:0,FunctionTypeAnnotation
FNDA:0,UpdateExpression
FNDA:0,needsParenBeforeExpressionBrace
FNDA:0,ObjectExpression
FNDA:0,DoExpression
FNDA:0,Binary
FNDA:0,UnionTypeAnnotation
FNDA:0,OptionalIndexedAccessType
FNDA:0,TSAsExpression
FNDA:0,TSConditionalType
FNDA:0,TSUnionType
FNDA:0,TSIntersectionType
FNDA:0,TSInferType
FNDA:0,TSTypeOperator
FNDA:0,TSInstantiationExpression
FNDA:0,TSFunctionType
FNDA:0,BinaryExpression
FNDA:0,SequenceExpression
FNDA:0,YieldExpression
FNDA:0,ClassExpression
FNDA:0,UnaryLike
FNDA:0,FunctionExpression
FNDA:0,ConditionalExpression
FNDA:0,OptionalMemberExpression
FNDA:0,AssignmentExpression
FNDA:0,LogicalExpression
FNDA:0,Identifier
DA:3,0
DA:6,0
DA:7,0
DA:8,0
DA:9,0
DA:10,0
DA:11,0
DA:12,0
DA:13,0
DA:14,0
DA:15,0
DA:16,0
DA:17,0
DA:18,0
DA:19,0
DA:20,0
DA:21,0
DA:22,0
DA:23,0
DA:24,0
DA:25,0
DA:26,0
DA:27,0
DA:28,0
DA:29,0
DA:30,0
DA:31,0
DA:32,0
DA:33,0
DA:34,0
DA:46,0
DA:47,0
DA:49,0
DA:50,0
DA:52,0
DA:53,0
DA:57,0
DA:59,0
DA:60,0
DA:61,0
DA:63,0
DA:64,0
DA:65,0
DA:68,0
DA:71,0
DA:72,0
DA:76,0
DA:79,0
DA:82,0
DA:85,0
DA:88,0
DA:89,0
DA:90,0
DA:92,0
DA:93,0
DA:95,0
DA:96,0
DA:98,0
DA:99,0
DA:100,0
DA:101,0
DA:102,0
DA:105,0
DA:108,0
DA:109,0
DA:112,0
DA:115,0
DA:116,0
DA:118,0
DA:119,0
DA:121,0
DA:124,0
DA:125,0
DA:126,0
DA:128,0
DA:129,0
DA:131,0
DA:132,0
DA:134,0
DA:137,0
DA:138,0
DA:141,0
DA:142,0
DA:145,0
DA:146,0
DA:147,0
DA:149,0
DA:150,0
DA:151,0
DA:154,0
DA:157,0
DA:158,0
DA:161,0
DA:162,0
DA:165,0
DA:166,0
DA:169,0
DA:172,0
DA:173,0
DA:174,0
DA:176,0
DA:177,0
DA:179,0
DA:180,0
DA:182,0
DA:183,0
DA:185,0
DA:188,0
DA:189,0
DA:192,0
DA:195,0
DA:198,0
DA:201,0
DA:202,0
DA:203,0
DA:205,0
DA:208,0
DA:211,0
DA:212,0
DA:214,0
DA:218,0
DA:219,0
DA:220,0
DA:221,0
DA:223,0
DA:225,0
DA:227,0
DA:232,0
DA:233,0
DA:234,0
DA:235,0
DA:236,0
DA:239,0
DA:240,0
DA:242,0
DA:243,0
DA:251,0
DA:252,0
DA:254,0
DA:256,0
LF:140
LH:0
BRDA:49,0,0,0
BRDA:49,0,1,0
BRDA:49,1,0,0
BRDA:49,1,1,0
BRDA:52,2,0,0
BRDA:52,2,1,0
BRDA:52,3,0,0
BRDA:52,3,1,0
BRDA:57,4,0,0
BRDA:57,4,1,0
BRDA:57,4,2,0
BRDA:61,5,0,0
BRDA:61,5,1,0
BRDA:61,5,2,0
BRDA:65,6,0,0
BRDA:65,6,1,0
BRDA:65,6,2,0
BRDA:65,6,3,0
BRDA:65,6,4,0
BRDA:65,6,5,0
BRDA:65,6,6,0
BRDA:65,6,7,0
BRDA:65,6,8,0
BRDA:65,6,9,0
BRDA:72,7,0,0
BRDA:72,7,1,0
BRDA:72,7,2,0
BRDA:72,7,3,0
BRDA:76,8,0,0
BRDA:76,8,1,0
BRDA:85,9,0,0
BRDA:85,9,1,0
BRDA:89,10,0,0
BRDA:89,10,1,0
BRDA:89,11,0,0
BRDA:89,11,1,0
BRDA:89,11,2,0
BRDA:89,11,3,0
BRDA:92,12,0,0
BRDA:92,12,1,0
BRDA:95,13,0,0
BRDA:95,13,1,0
BRDA:95,14,0,0
BRDA:95,14,1,0
BRDA:95,14,2,0
BRDA:95,14,3,0
BRDA:99,15,0,0
BRDA:99,15,1,0
BRDA:101,16,0,0
BRDA:101,16,1,0
BRDA:101,17,0,0
BRDA:101,17,1,0
BRDA:101,17,2,0
BRDA:101,17,3,0
BRDA:109,18,0,0
BRDA:109,18,1,0
BRDA:109,18,2,0
BRDA:109,18,3,0
BRDA:112,19,0,0
BRDA:112,19,1,0
BRDA:115,20,0,0
BRDA:115,20,1,0
BRDA:115,21,0,0
BRDA:115,21,1,0
BRDA:115,21,2,0
BRDA:118,22,0,0
BRDA:118,22,1,0
BRDA:118,23,0,0
BRDA:118,23,1,0
BRDA:118,23,2,0
BRDA:118,23,3,0
BRDA:125,24,0,0
BRDA:125,24,1,0
BRDA:125,25,0,0
BRDA:125,25,1,0
BRDA:125,25,2,0
BRDA:125,25,3,0
BRDA:125,25,4,0
BRDA:125,25,5,0
BRDA:128,26,0,0
BRDA:128,26,1,0
BRDA:128,27,0,0
BRDA:128,27,1,0
BRDA:128,27,2,0
BRDA:131,28,0,0
BRDA:131,28,1,0
BRDA:131,29,0,0
BRDA:131,29,1,0
BRDA:131,29,2,0
BRDA:138,30,0,0
BRDA:138,30,1,0
BRDA:138,30,2,0
BRDA:138,30,3,0
BRDA:138,30,4,0
BRDA:138,30,5,0
BRDA:142,31,0,0
BRDA:142,31,1,0
BRDA:142,31,2,0
BRDA:142,31,3,0
BRDA:142,31,4,0
BRDA:146,32,0,0
BRDA:146,32,1,0
BRDA:146,33,0,0
BRDA:146,33,1,0
BRDA:146,33,2,0
BRDA:146,33,3,0
BRDA:149,34,0,0
BRDA:149,34,1,0
BRDA:150,35,0,0
BRDA:150,35,1,0
BRDA:150,36,0,0
BRDA:150,36,1,0
BRDA:150,36,2,0
BRDA:158,37,0,0
BRDA:158,37,1,0
BRDA:158,37,2,0
BRDA:158,37,3,0
BRDA:162,38,0,0
BRDA:162,38,1,0
BRDA:162,38,2,0
BRDA:162,38,3,0
BRDA:162,38,4,0
BRDA:166,39,0,0
BRDA:166,39,1,0
BRDA:166,39,2,0
BRDA:166,39,3,0
BRDA:166,39,4,0
BRDA:166,39,5,0
BRDA:166,39,6,0
BRDA:166,39,7,0
BRDA:166,39,8,0
BRDA:166,39,9,0
BRDA:169,40,0,0
BRDA:169,40,1,0
BRDA:173,41,0,0
BRDA:173,41,1,0
BRDA:173,42,0,0
BRDA:173,42,1,0
BRDA:173,42,2,0
BRDA:173,42,3,0
BRDA:173,42,4,0
BRDA:173,42,5,0
BRDA:173,42,6,0
BRDA:176,43,0,0
BRDA:176,43,1,0
BRDA:179,44,0,0
BRDA:179,44,1,0
BRDA:182,45,0,0
BRDA:182,45,1,0
BRDA:189,46,0,0
BRDA:189,46,1,0
BRDA:189,46,2,0
BRDA:189,46,3,0
BRDA:189,46,4,0
BRDA:189,46,5,0
BRDA:189,46,6,0
BRDA:189,46,7,0
BRDA:189,46,8,0
BRDA:189,46,9,0
BRDA:189,46,10,0
BRDA:195,47,0,0
BRDA:195,47,1,0
BRDA:195,47,2,0
BRDA:195,47,3,0
BRDA:195,47,4,0
BRDA:202,48,0,0
BRDA:202,48,1,0
BRDA:202,49,0,0
BRDA:202,49,1,0
BRDA:202,49,2,0
BRDA:202,49,3,0
BRDA:202,49,4,0
BRDA:202,49,5,0
BRDA:202,49,6,0
BRDA:202,49,7,0
BRDA:208,50,0,0
BRDA:208,50,1,0
BRDA:208,50,2,0
BRDA:208,50,3,0
BRDA:211,51,0,0
BRDA:211,51,1,0
BRDA:211,52,0,0
BRDA:211,52,1,0
BRDA:219,53,0,0
BRDA:219,53,1,0
BRDA:220,54,0,0
BRDA:220,54,1,0
BRDA:221,55,0,0
BRDA:221,55,1,0
BRDA:221,55,2,0
BRDA:223,56,0,0
BRDA:223,56,1,0
BRDA:233,57,0,0
BRDA:233,57,1,0
BRDA:233,58,0,0
BRDA:233,58,1,0
BRDA:233,58,2,0
BRDA:233,58,3,0
BRDA:235,59,0,0
BRDA:235,59,1,0
BRDA:235,60,0,0
BRDA:235,60,1,0
BRDA:235,60,2,0
BRDA:239,61,0,0
BRDA:239,61,1,0
BRDA:239,62,0,0
BRDA:239,62,1,0
BRDA:242,63,0,0
BRDA:242,63,1,0
BRDA:243,64,0,0
BRDA:243,64,1,0
BRDA:251,65,0,0
BRDA:251,65,1,0
BRDA:251,66,0,0
BRDA:251,66,1,0
BRDA:256,67,0,0
BRDA:256,67,1,0
BRF:217
BRH:0
end_of_record
TN:
SF:src\services\api.js
FN:16,(anonymous_0)
FN:23,(anonymous_1)
FN:30,(anonymous_2)
FN:33,(anonymous_3)
FNF:4
FNH:0
FNDA:0,(anonymous_0)
FNDA:0,(anonymous_1)
FNDA:0,(anonymous_2)
FNDA:0,(anonymous_3)
DA:4,0
DA:7,0
DA:15,0
DA:17,0
DA:18,0
DA:19,0
DA:21,0
DA:24,0
DA:29,0
DA:31,0
DA:35,0
DA:36,0
DA:37,0
DA:38,0
DA:39,0
DA:41,0
LF:16
LH:0
BRDA:4,0,0,0
BRDA:4,0,1,0
BRDA:17,1,0,0
BRDA:17,1,1,0
BRDA:18,2,0,0
BRDA:18,2,1,0
BRDA:35,3,0,0
BRDA:35,3,1,0
BRDA:35,4,0,0
BRDA:35,4,1,0
BRF:10
BRH:0
end_of_record
TN:
SF:src\services\authService.js
FN:5,(anonymous_0)
FN:19,(anonymous_1)
FN:33,(anonymous_2)
FN:39,(anonymous_3)
FN:45,(anonymous_4)
FNF:5
FNH:0
FNDA:0,(anonymous_0)
FNDA:0,(anonymous_1)
FNDA:0,(anonymous_2)
FNDA:0,(anonymous_3)
FNDA:0,(anonymous_4)
DA:5,0
DA:6,0
DA:7,0
DA:9,0
DA:19,0
DA:20,0
DA:21,0
DA:23,0
DA:33,0
DA:34,0
DA:35,0
DA:39,0
DA:41,0
DA:45,0
DA:46,0
DA:47,0
LF:16
LH:0
BRF:0
BRH:0
end_of_record
TN:
SF:src\services\dashboardService.js
FN:8,(anonymous_0)
FN:18,(anonymous_1)
FN:28,(anonymous_2)
FN:39,(anonymous_3)
FNF:4
FNH:0
FNDA:0,(anonymous_0)
FNDA:0,(anonymous_1)
FNDA:0,(anonymous_2)
FNDA:0,(anonymous_3)
DA:3,0
DA:9,0
DA:10,0
DA:19,0
DA:20,0
DA:29,0
DA:30,0
DA:31,0
DA:40,0
DA:41,0
LF:10
LH:0
BRDA:18,0,0,0
BRDA:29,1,0,0
BRDA:29,1,1,0
BRF:3
BRH:0
end_of_record
TN:
SF:src\services\eventService.js
FN:8,(anonymous_0)
FN:17,(anonymous_1)
FN:27,(anonymous_2)
FN:37,(anonymous_3)
FN:47,(anonymous_4)
FN:58,(anonymous_5)
FN:68,(anonymous_6)
FN:79,(anonymous_7)
FN:90,(anonymous_8)
FN:102,(anonymous_9)
FN:114,(anonymous_10)
FNF:11
FNH:0
FNDA:0,(anonymous_0)
FNDA:0,(anonymous_1)
FNDA:0,(anonymous_2)
FNDA:0,(anonymous_3)
FNDA:0,(anonymous_4)
FNDA:0,(anonymous_5)
FNDA:0,(anonymous_6)
FNDA:0,(anonymous_7)
FNDA:0,(anonymous_8)
FNDA:0,(anonymous_9)
FNDA:0,(anonymous_10)
DA:3,0
DA:9,0
DA:10,0
DA:18,0
DA:19,0
DA:28,0
DA:29,0
DA:38,0
DA:39,0
DA:48,0
DA:49,0
DA:59,0
DA:60,0
DA:69,0
DA:70,0
DA:80,0
DA:81,0
DA:91,0
DA:92,0
DA:103,0
DA:104,0
DA:115,0
DA:116,0
LF:23
LH:0
BRF:0
BRH:0
end_of_record
TN:
SF:src\services\notificationService.js
FN:9,(anonymous_0)
FN:19,(anonymous_1)
FN:28,(anonymous_2)
FN:38,(anonymous_3)
FN:47,(anonymous_4)
FNF:5
FNH:0
FNDA:0,(anonymous_0)
FNDA:0,(anonymous_1)
FNDA:0,(anonymous_2)
FNDA:0,(anonymous_3)
FNDA:0,(anonymous_4)
DA:3,0
DA:10,0
DA:11,0
DA:20,0
DA:21,0
DA:29,0
DA:30,0
DA:39,0
DA:40,0
DA:48,0
DA:49,0
LF:11
LH:0
BRDA:9,0,0,0
BRF:1
BRH:0
end_of_record
TN:
SF:src\services\playerService.js
FN:8,(anonymous_0)
FN:18,(anonymous_1)
FN:28,(anonymous_2)
FN:38,(anonymous_3)
FN:49,(anonymous_4)
FN:59,(anonymous_5)
FN:69,(anonymous_6)
FN:80,(anonymous_7)
FN:91,(anonymous_8)
FNF:9
FNH:0
FNDA:0,(anonymous_0)
FNDA:0,(anonymous_1)
FNDA:0,(anonymous_2)
FNDA:0,(anonymous_3)
FNDA:0,(anonymous_4)
FNDA:0,(anonymous_5)
FNDA:0,(anonymous_6)
FNDA:0,(anonymous_7)
FNDA:0,(anonymous_8)
DA:3,0
DA:9,0
DA:10,0
DA:19,0
DA:20,0
DA:29,0
DA:30,0
DA:39,0
DA:40,0
DA:50,0
DA:51,0
DA:60,0
DA:61,0
DA:70,0
DA:71,0
DA:81,0
DA:82,0
DA:92,0
DA:93,0
LF:19
LH:0
BRF:0
BRH:0
end_of_record
TN:
SF:src\services\seriesService.js
FN:8,(anonymous_0)
FN:18,(anonymous_1)
FN:28,(anonymous_2)
FN:39,(anonymous_3)
FN:49,(anonymous_4)
FN:59,(anonymous_5)
FN:70,(anonymous_6)
FNF:7
FNH:0
FNDA:0,(anonymous_0)
FNDA:0,(anonymous_1)
FNDA:0,(anonymous_2)
FNDA:0,(anonymous_3)
FNDA:0,(anonymous_4)
FNDA:0,(anonymous_5)
FNDA:0,(anonymous_6)
DA:3,0
DA:9,0
DA:10,0
DA:19,0
DA:20,0
DA:29,0
DA:30,0
DA:40,0
DA:41,0
DA:50,0
DA:51,0
DA:60,0
DA:61,0
DA:71,0
DA:72,0
LF:15
LH:0
BRF:0
BRH:0
end_of_record
TN:
SF:src\services\tagService.js
FN:9,(anonymous_0)
FN:20,(anonymous_1)
FN:31,(anonymous_2)
FN:43,(anonymous_3)
FN:55,(anonymous_4)
FNF:5
FNH:0
FNDA:0,(anonymous_0)
FNDA:0,(anonymous_1)
FNDA:0,(anonymous_2)
FNDA:0,(anonymous_3)
FNDA:0,(anonymous_4)
DA:3,0
DA:10,0
DA:11,0
DA:21,0
DA:22,0
DA:32,0
DA:33,0
DA:44,0
DA:45,0
DA:56,0
DA:57,0
LF:11
LH:0
BRF:0
BRH:0
end_of_record
TN:
SF:src\services\teamService.js
FN:8,(anonymous_0)
FN:18,(anonymous_1)
FN:28,(anonymous_2)
FN:39,(anonymous_3)
FN:49,(anonymous_4)
FN:60,(anonymous_5)
FN:71,(anonymous_6)
FN:82,(anonymous_7)
FN:93,(anonymous_8)
FNF:9
FNH:0
FNDA:0,(anonymous_0)
FNDA:0,(anonymous_1)
FNDA:0,(anonymous_2)
FNDA:0,(anonymous_3)
FNDA:0,(anonymous_4)
FNDA:0,(anonymous_5)
FNDA:0,(anonymous_6)
FNDA:0,(anonymous_7)
FNDA:0,(anonymous_8)
DA:3,0
DA:9,0
DA:10,0
DA:19,0
DA:20,0
DA:29,0
DA:30,0
DA:40,0
DA:41,0
DA:50,0
DA:51,0
DA:61,0
DA:62,0
DA:72,0
DA:73,0
DA:83,0
DA:84,0
DA:94,0
DA:95,0
LF:19
LH:0
BRF:0
BRH:0
end_of_record
TN:
SF:src\services\userService.js
FN:8,(anonymous_0)
FN:18,(anonymous_1)
FN:28,(anonymous_2)
FN:39,(anonymous_3)
FN:49,(anonymous_4)
FN:60,(anonymous_5)
FN:71,(anonymous_6)
FNF:7
FNH:0
FNDA:0,(anonymous_0)
FNDA:0,(anonymous_1)
FNDA:0,(anonymous_2)
FNDA:0,(anonymous_3)
FNDA:0,(anonymous_4)
FNDA:0,(anonymous_5)
FNDA:0,(anonymous_6)
DA:3,0
DA:9,0
DA:10,0
DA:19,0
DA:20,0
DA:29,0
DA:30,0
DA:40,0
DA:41,0
DA:50,0
DA:51,0
DA:61,0
DA:62,0
DA:72,0
DA:73,0
LF:15
LH:0
BRF:0
BRH:0
end_of_record
TN:
SF:src\utils\api.js
FN:14,(anonymous_0)
FN:21,(anonymous_1)
FN:26,(anonymous_2)
FN:27,(anonymous_3)
FNF:4
FNH:0
FNDA:0,(anonymous_0)
FNDA:0,(anonymous_1)
FNDA:0,(anonymous_2)
FNDA:0,(anonymous_3)
DA:3,0
DA:5,0
DA:13,0
DA:15,0
DA:16,0
DA:17,0
DA:19,0
DA:21,0
DA:25,0
DA:26,0
DA:29,0
DA:30,0
DA:31,0
DA:33,0
LF:14
LH:0
BRDA:3,0,0,0
BRDA:3,0,1,0
BRDA:16,1,0,0
BRDA:16,1,1,0
BRDA:29,2,0,0
BRDA:29,2,1,0
BRDA:29,3,0,0
BRDA:29,3,1,0
BRF:8
BRH:0
end_of_record
TN:
SF:src\utils\axios.js
FN:7,(anonymous_0)
FNF:1
FNH:0
FNDA:0,(anonymous_0)
DA:3,0
DA:7,0
DA:8,0
DA:9,0
DA:10,0
DA:12,0
LF:6
LH:0
BRDA:9,0,0,0
BRDA:9,0,1,0
BRF:2
BRH:0
end_of_record
TN:
SF:src\utils\setup.js
FN:5,(anonymous_0)
FN:8,(anonymous_1)
FN:9,(anonymous_2)
FN:12,(anonymous_3)
FN:15,(anonymous_4)
FN:29,(anonymous_5)
FNF:6
FNH:0
FNDA:0,(anonymous_0)
FNDA:0,(anonymous_1)
FNDA:0,(anonymous_2)
FNDA:0,(anonymous_3)
FNDA:0,(anonymous_4)
FNDA:0,(anonymous_5)
DA:5,0
DA:6,0
DA:7,0
DA:8,0
DA:10,0
DA:13,0
DA:16,0
DA:21,0
DA:26,0
DA:29,0
DA:30,0
LF:11
LH:0
BRDA:8,0,0,0
BRDA:8,0,1,0
BRF:2
BRH:0
end_of_record
