TN:
SF:src\App.jsx
FN:16,(anonymous_0)
FN:29,(anonymous_1)
FN:33,(anonymous_2)
FN:39,(anonymous_3)
FN:47,(anonymous_4)
FN:48,(anonymous_5)
FN:49,(anonymous_6)
FN:50,(anonymous_7)
FN:57,(anonymous_8)
FNF:9
FNH:0
FNDA:0,(anonymous_0)
FNDA:0,(anonymous_1)
FNDA:0,(anonymous_2)
FNDA:0,(anonymous_3)
FNDA:0,(anonymous_4)
FNDA:0,(anonymous_5)
FNDA:0,(anonymous_6)
FNDA:0,(anonymous_7)
FNDA:0,(anonymous_8)
DA:16,0
DA:29,0
DA:33,0
DA:39,0
DA:47,0
DA:48,0
DA:49,0
DA:50,0
DA:57,0
DA:58,0
LF:10
LH:0
BRF:0
BRH:0
end_of_record
TN:
SF:src\components\AddPlayerModal.jsx
FN:20,(anonymous_0)
FN:33,(anonymous_1)
FN:40,(anonymous_2)
FN:48,(anonymous_3)
FN:56,(anonymous_4)
FN:60,(anonymous_5)
FN:64,(anonymous_6)
FN:76,(anonymous_7)
FN:126,(anonymous_8)
FN:130,(anonymous_9)
FNF:10
FNH:0
FNDA:0,(anonymous_0)
FNDA:0,(anonymous_1)
FNDA:0,(anonymous_2)
FNDA:0,(anonymous_3)
FNDA:0,(anonymous_4)
FNDA:0,(anonymous_5)
FNDA:0,(anonymous_6)
FNDA:0,(anonymous_7)
FNDA:0,(anonymous_8)
FNDA:0,(anonymous_9)
DA:20,0
DA:27,0
DA:28,0
DA:29,0
DA:30,0
DA:33,0
DA:34,0
DA:39,0
DA:41,0
DA:48,0
DA:49,0
DA:50,0
DA:51,0
DA:52,0
DA:56,0
DA:57,0
DA:60,0
DA:61,0
DA:64,0
DA:65,0
DA:66,0
DA:70,0
DA:73,0
DA:76,0
DA:77,0
DA:80,0
DA:127,0
DA:130,0
LF:28
LH:0
BRDA:24,0,0,0
BRDA:25,1,0,0
BRDA:27,2,0,0
BRDA:34,3,0,0
BRDA:34,3,1,0
BRDA:35,4,0,0
BRDA:35,4,1,0
BRDA:39,5,0,0
BRDA:39,5,1,0
BRDA:41,6,0,0
BRDA:41,6,1,0
BRDA:41,6,2,0
BRDA:49,7,0,0
BRDA:49,7,1,0
BRDA:65,8,0,0
BRDA:65,8,1,0
BRDA:73,9,0,0
BRDA:73,9,1,0
BRDA:88,10,0,0
BRDA:88,10,1,0
BRDA:97,11,0,0
BRDA:97,11,1,0
BRDA:116,12,0,0
BRDA:116,12,1,0
BRDA:118,13,0,0
BRDA:118,13,1,0
BRDA:120,14,0,0
BRDA:120,14,1,0
BRDA:128,15,0,0
BRDA:128,15,1,0
BRDA:129,16,0,0
BRDA:129,16,1,0
BRDA:129,17,0,0
BRDA:129,17,1,0
BRDA:129,18,0,0
BRDA:129,18,1,0
BRDA:129,19,0,0
BRDA:129,19,1,0
BRDA:147,20,0,0
BRDA:147,20,1,0
BRDA:149,21,0,0
BRDA:149,21,1,0
BRF:42
BRH:0
end_of_record
TN:
SF:src\components\AddTrainerModal.jsx
FN:20,(anonymous_0)
FN:33,(anonymous_1)
FN:40,(anonymous_2)
FN:48,(anonymous_3)
FN:56,(anonymous_4)
FN:60,(anonymous_5)
FN:64,(anonymous_6)
FN:76,(anonymous_7)
FN:126,(anonymous_8)
FN:130,(anonymous_9)
FNF:10
FNH:0
FNDA:0,(anonymous_0)
FNDA:0,(anonymous_1)
FNDA:0,(anonymous_2)
FNDA:0,(anonymous_3)
FNDA:0,(anonymous_4)
FNDA:0,(anonymous_5)
FNDA:0,(anonymous_6)
FNDA:0,(anonymous_7)
FNDA:0,(anonymous_8)
FNDA:0,(anonymous_9)
DA:20,0
DA:27,0
DA:28,0
DA:29,0
DA:30,0
DA:33,0
DA:34,0
DA:39,0
DA:41,0
DA:48,0
DA:49,0
DA:50,0
DA:51,0
DA:52,0
DA:56,0
DA:57,0
DA:60,0
DA:61,0
DA:64,0
DA:65,0
DA:66,0
DA:70,0
DA:73,0
DA:76,0
DA:77,0
DA:80,0
DA:127,0
DA:130,0
LF:28
LH:0
BRDA:24,0,0,0
BRDA:25,1,0,0
BRDA:27,2,0,0
BRDA:34,3,0,0
BRDA:34,3,1,0
BRDA:34,3,2,0
BRDA:35,4,0,0
BRDA:35,4,1,0
BRDA:39,5,0,0
BRDA:39,5,1,0
BRDA:41,6,0,0
BRDA:41,6,1,0
BRDA:41,6,2,0
BRDA:49,7,0,0
BRDA:49,7,1,0
BRDA:65,8,0,0
BRDA:65,8,1,0
BRDA:73,9,0,0
BRDA:73,9,1,0
BRDA:88,10,0,0
BRDA:88,10,1,0
BRDA:97,11,0,0
BRDA:97,11,1,0
BRDA:116,12,0,0
BRDA:116,12,1,0
BRDA:118,13,0,0
BRDA:118,13,1,0
BRDA:120,14,0,0
BRDA:120,14,1,0
BRDA:128,15,0,0
BRDA:128,15,1,0
BRDA:129,16,0,0
BRDA:129,16,1,0
BRDA:129,17,0,0
BRDA:129,17,1,0
BRDA:129,18,0,0
BRDA:129,18,1,0
BRDA:129,19,0,0
BRDA:129,19,1,0
BRDA:147,20,0,0
BRDA:147,20,1,0
BRDA:149,21,0,0
BRDA:149,21,1,0
BRF:43
BRH:0
end_of_record
TN:
SF:src\components\AppWrapper.jsx
FN:13,(anonymous_0)
FNF:1
FNH:0
FNDA:0,(anonymous_0)
DA:13,0
DA:14,0
LF:2
LH:0
BRF:0
BRH:0
end_of_record
TN:
SF:src\components\ConfirmationDialog.jsx
FN:20,(anonymous_0)
FNF:1
FNH:0
FNDA:0,(anonymous_0)
DA:20,1
DA:31,0
LF:2
LH:1
BRDA:26,0,0,0
BRDA:27,1,0,0
BRDA:28,2,0,0
BRDA:29,3,0,0
BRDA:47,4,0,0
BRDA:47,4,1,0
BRF:6
BRH:0
end_of_record
TN:
SF:src\components\ErrorBoundary.jsx
FN:13,(anonymous_0)
FN:22,(anonymous_1)
FN:27,(anonymous_2)
FN:41,(anonymous_3)
FN:49,(anonymous_4)
FN:77,(anonymous_5)
FN:98,(anonymous_6)
FN:101,(anonymous_7)
FN:125,(anonymous_8)
FN:131,(anonymous_9)
FNF:10
FNH:0
FNDA:0,(anonymous_0)
FNDA:0,(anonymous_1)
FNDA:0,(anonymous_2)
FNDA:0,(anonymous_3)
FNDA:0,(anonymous_4)
FNDA:0,(anonymous_5)
FNDA:0,(anonymous_6)
FNDA:0,(anonymous_7)
FNDA:0,(anonymous_8)
FNDA:0,(anonymous_9)
DA:14,0
DA:15,0
DA:24,0
DA:29,0
DA:35,0
DA:41,0
DA:42,0
DA:50,0
DA:52,0
DA:77,0
DA:87,0
DA:98,0
DA:99,0
DA:101,0
DA:102,0
DA:103,0
DA:104,0
DA:108,0
DA:109,0
DA:125,0
DA:131,0
DA:141,0
LF:22
LH:0
BRDA:50,0,0,0
BRDA:50,0,1,0
BRDA:56,1,0,0
BRDA:56,1,1,0
BRDA:58,2,0,0
BRDA:58,2,1,0
BRDA:58,2,2,0
BRDA:63,3,0,0
BRDA:63,3,1,0
BRDA:102,4,0,0
BRDA:102,4,1,0
BRDA:108,5,0,0
BRDA:108,5,1,0
BRDA:113,6,0,0
BRDA:113,6,1,0
BRDA:115,7,0,0
BRDA:115,7,1,0
BRF:17
BRH:0
end_of_record
TN:
SF:src\components\Modal.jsx
FN:17,(anonymous_0)
FN:29,(anonymous_1)
FN:36,(anonymous_2)
FN:38,(anonymous_3)
FN:44,(anonymous_4)
FN:49,(anonymous_5)
FN:57,(anonymous_6)
FN:64,(anonymous_7)
FNF:8
FNH:0
FNDA:0,(anonymous_0)
FNDA:0,(anonymous_1)
FNDA:0,(anonymous_2)
FNDA:0,(anonymous_3)
FNDA:0,(anonymous_4)
FNDA:0,(anonymous_5)
FNDA:0,(anonymous_6)
FNDA:0,(anonymous_7)
DA:17,0
DA:26,0
DA:29,0
DA:30,0
DA:31,0
DA:32,0
DA:36,0
DA:37,0
DA:38,0
DA:39,0
DA:44,0
DA:45,0
DA:46,0
DA:49,0
DA:50,0
DA:51,0
DA:55,0
DA:57,0
DA:58,0
DA:59,0
DA:64,0
DA:65,0
DA:66,0
DA:70,0
DA:77,0
DA:99,0
LF:26
LH:0
BRDA:22,0,0,0
BRDA:23,1,0,0
BRDA:26,2,0,0
BRDA:26,2,1,0
BRDA:50,3,0,0
BRDA:50,3,1,0
BRDA:65,4,0,0
BRDA:65,4,1,0
BRDA:65,5,0,0
BRDA:65,5,1,0
BRDA:79,6,0,0
BRDA:79,6,1,0
BRF:12
BRH:0
end_of_record
TN:
SF:src\components\auth\PrivateRoute.jsx
FN:11,(anonymous_0)
FNF:1
FNH:0
FNDA:0,(anonymous_0)
DA:11,0
DA:12,0
DA:15,0
DA:16,0
DA:20,0
DA:21,0
DA:25,0
LF:7
LH:0
BRDA:15,0,0,0
BRDA:15,0,1,0
BRDA:20,1,0,0
BRDA:20,1,1,0
BRF:4
BRH:0
end_of_record
TN:
SF:src\components\auth\RoleBasedAccess.jsx
FN:13,(anonymous_0)
FNF:1
FNH:0
FNDA:0,(anonymous_0)
DA:13,0
DA:18,0
DA:21,0
DA:22,0
DA:27,0
DA:28,0
DA:32,0
LF:7
LH:0
BRDA:14,0,0,0
BRDA:16,1,0,0
BRDA:21,2,0,0
BRDA:21,2,1,0
BRDA:21,3,0,0
BRDA:21,3,1,0
BRDA:21,3,2,0
BRDA:27,4,0,0
BRDA:27,4,1,0
BRDA:27,5,0,0
BRDA:27,5,1,0
BRF:11
BRH:0
end_of_record
TN:
SF:src\components\auth\RoleBasedRedirect.jsx
FN:11,(anonymous_0)
FNF:1
FNH:0
FNDA:0,(anonymous_0)
DA:11,0
DA:12,0
DA:15,0
DA:16,0
DA:20,0
DA:21,0
DA:25,0
DA:27,0
DA:29,0
DA:31,0
DA:33,0
DA:36,0
LF:12
LH:0
BRDA:15,0,0,0
BRDA:15,0,1,0
BRDA:20,1,0,0
BRDA:20,1,1,0
BRDA:25,2,0,0
BRDA:25,2,1,0
BRDA:25,2,2,0
BRDA:25,2,3,0
BRDA:25,2,4,0
BRF:9
BRH:0
end_of_record
TN:
SF:src\components\auth\RoleBasedRoute.jsx
FN:13,(anonymous_0)
FNF:1
FNH:0
FNDA:0,(anonymous_0)
DA:13,0
DA:14,0
DA:15,0
DA:18,0
DA:19,0
DA:23,0
DA:24,0
DA:29,0
DA:30,0
DA:35,0
LF:10
LH:0
BRDA:13,0,0,0
BRDA:13,1,0,0
BRDA:18,2,0,0
BRDA:18,2,1,0
BRDA:23,3,0,0
BRDA:23,3,1,0
BRDA:29,4,0,0
BRDA:29,4,1,0
BRDA:29,5,0,0
BRDA:29,5,1,0
BRF:10
BRH:0
end_of_record
TN:
SF:src\components\ui\Alert.jsx
FN:14,(anonymous_0)
FNF:1
FNH:0
FNDA:0,(anonymous_0)
DA:14,1
DA:21,0
DA:26,0
LF:3
LH:1
BRDA:15,0,0,0
BRDA:17,1,0,0
BRDA:29,2,0,0
BRDA:29,2,1,0
BRF:4
BRH:0
end_of_record
TN:
SF:src\components\ui\Button.jsx
FN:16,(anonymous_0)
FNF:1
FNH:0
FNDA:0,(anonymous_0)
DA:16,1
DA:25,0
DA:32,0
LF:3
LH:1
BRDA:17,0,0,0
BRDA:18,1,0,0
BRDA:19,2,0,0
BRDA:20,3,0,0
BRDA:29,4,0,0
BRDA:29,4,1,0
BRF:6
BRH:0
end_of_record
TN:
SF:src\components\ui\Card.jsx
FN:13,(anonymous_0)
FNF:1
FNH:0
FNDA:0,(anonymous_0)
DA:13,1
DA:14,0
DA:16,0
LF:3
LH:1
BRDA:13,0,0,0
BRDA:18,1,0,0
BRDA:18,1,1,0
BRF:3
BRH:0
end_of_record
TN:
SF:src\components\ui\Input.jsx
FN:19,(anonymous_0)
FNF:1
FNH:0
FNDA:0,(anonymous_0)
DA:19,1
DA:31,0
LF:2
LH:1
BRDA:22,0,0,0
BRDA:28,1,0,0
BRDA:32,2,0,0
BRDA:32,2,1,0
BRDA:33,3,0,0
BRDA:33,3,1,0
BRDA:36,4,0,0
BRDA:36,4,1,0
BRDA:50,5,0,0
BRDA:50,5,1,0
BRF:10
BRH:0
end_of_record
TN:
SF:src\components\ui\LoadingIndicator.jsx
FN:15,(anonymous_0)
FN:25,(anonymous_1)
FN:29,(anonymous_2)
FN:36,(anonymous_3)
FNF:4
FNH:0
FNDA:0,(anonymous_0)
FNDA:0,(anonymous_1)
FNDA:0,(anonymous_2)
FNDA:0,(anonymous_3)
DA:15,1
DA:22,0
DA:25,0
DA:28,0
DA:29,0
DA:30,0
DA:33,0
DA:36,0
DA:37,0
DA:41,0
DA:42,0
DA:45,0
DA:52,0
LF:13
LH:1
BRDA:16,0,0,0
BRDA:17,1,0,0
BRDA:18,2,0,0
BRDA:19,3,0,0
BRDA:20,4,0,0
BRDA:28,5,0,0
BRDA:28,5,1,0
BRDA:41,6,0,0
BRDA:41,6,1,0
BRDA:41,7,0,0
BRDA:41,7,1,0
BRDA:49,8,0,0
BRDA:49,8,1,0
BRDA:60,9,0,0
BRDA:60,9,1,0
BRF:15
BRH:0
end_of_record
TN:
SF:src\components\ui\Modal.jsx
FN:16,(anonymous_0)
FN:28,(anonymous_1)
FN:33,(anonymous_2)
FN:39,(anonymous_3)
FN:46,(anonymous_4)
FN:47,(anonymous_5)
FN:57,(anonymous_6)
FNF:7
FNH:0
FNDA:0,(anonymous_0)
FNDA:0,(anonymous_1)
FNDA:0,(anonymous_2)
FNDA:0,(anonymous_3)
FNDA:0,(anonymous_4)
FNDA:0,(anonymous_5)
FNDA:0,(anonymous_6)
DA:16,1
DA:25,0
DA:28,0
DA:29,0
DA:30,0
DA:33,0
DA:34,0
DA:39,0
DA:40,0
DA:41,0
DA:46,0
DA:47,0
DA:48,0
DA:49,0
DA:53,0
DA:54,0
DA:57,0
DA:58,0
DA:62,0
DA:67,0
LF:20
LH:1
BRDA:21,0,0,0
BRDA:22,1,0,0
BRDA:25,2,0,0
BRDA:25,2,1,0
BRDA:29,3,0,0
BRDA:29,3,1,0
BRDA:40,4,0,0
BRDA:40,4,1,0
BRDA:40,5,0,0
BRDA:40,5,1,0
BRDA:48,6,0,0
BRDA:48,6,1,0
BRDA:53,7,0,0
BRDA:53,7,1,0
BRDA:70,8,0,0
BRDA:70,8,1,0
BRF:16
BRH:0
end_of_record
TN:
SF:src\components\ui\Toast.jsx
FN:14,(anonymous_0)
FN:17,(anonymous_1)
FN:18,(anonymous_2)
FN:20,(anonymous_3)
FN:25,(anonymous_4)
FN:41,(anonymous_5)
FN:55,(anonymous_6)
FN:59,(anonymous_7)
FN:61,(anonymous_8)
FN:66,(anonymous_9)
FN:67,(anonymous_10)
FN:67,(anonymous_11)
FN:70,(anonymous_12)
FN:71,(anonymous_13)
FN:71,(anonymous_14)
FN:76,(anonymous_15)
FN:82,(anonymous_16)
FNF:17
FNH:0
FNDA:0,(anonymous_0)
FNDA:0,(anonymous_1)
FNDA:0,(anonymous_2)
FNDA:0,(anonymous_3)
FNDA:0,(anonymous_4)
FNDA:0,(anonymous_5)
FNDA:0,(anonymous_6)
FNDA:0,(anonymous_7)
FNDA:0,(anonymous_8)
FNDA:0,(anonymous_9)
FNDA:0,(anonymous_10)
FNDA:0,(anonymous_11)
FNDA:0,(anonymous_12)
FNDA:0,(anonymous_13)
FNDA:0,(anonymous_14)
FNDA:0,(anonymous_15)
FNDA:0,(anonymous_16)
DA:14,0
DA:15,0
DA:17,0
DA:18,0
DA:19,0
DA:20,0
DA:21,0
DA:25,0
DA:26,0
DA:30,0
DA:36,0
DA:41,0
DA:55,0
DA:56,0
DA:59,0
DA:60,0
DA:61,0
DA:62,0
DA:66,0
DA:67,0
DA:70,0
DA:71,0
DA:74,0
DA:77,0
DA:82,0
LF:25
LH:0
BRDA:14,0,0,0
BRDA:14,1,0,0
BRDA:33,2,0,0
BRDA:33,2,1,0
BRDA:59,3,0,0
BRDA:59,4,0,0
BRF:6
BRH:0
end_of_record
TN:
SF:src\components\ui\Avatar\Avatar.jsx
FN:16,(anonymous_0)
FN:27,(anonymous_1)
FN:32,(anonymous_2)
FN:35,(anonymous_3)
FN:46,(anonymous_4)
FN:49,(anonymous_5)
FNF:6
FNH:6
FNDA:11,(anonymous_0)
FNDA:1,(anonymous_1)
FNDA:9,(anonymous_2)
FNDA:15,(anonymous_3)
FNDA:9,(anonymous_4)
FNDA:101,(anonymous_5)
DA:16,1
DA:24,11
DA:27,11
DA:28,1
DA:32,11
DA:33,9
DA:35,15
DA:36,8
DA:38,8
DA:39,1
DA:42,7
DA:46,11
DA:47,9
DA:49,101
DA:50,8
DA:56,8
DA:59,11
DA:65,11
DA:67,11
LF:19
LH:19
BRDA:19,0,0,9
BRDA:20,1,0,1
BRDA:33,2,0,1
BRDA:33,2,1,8
BRDA:36,3,0,0
BRDA:36,3,1,8
BRDA:38,4,0,1
BRDA:38,4,1,7
BRDA:47,5,0,1
BRDA:47,5,1,8
BRDA:62,6,0,1
BRDA:62,6,1,10
BRDA:65,7,0,2
BRDA:65,7,1,9
BRDA:73,8,0,2
BRDA:73,8,1,9
BRDA:73,9,0,11
BRDA:73,9,1,10
BRDA:76,10,0,2
BRDA:76,10,1,1
BRDA:76,10,2,0
BRDA:89,11,0,11
BRDA:89,11,1,2
BRF:23
BRH:21
end_of_record
TN:
SF:src\components\ui\Badge\Badge.jsx
FN:16,(anonymous_0)
FN:33,(anonymous_1)
FNF:2
FNH:2
FNDA:7,(anonymous_0)
FNDA:2,(anonymous_1)
DA:16,1
DA:24,7
DA:33,7
DA:34,2
DA:35,2
DA:39,7
LF:6
LH:6
BRDA:18,0,0,5
BRDA:19,1,0,5
BRDA:20,2,0,5
BRDA:21,3,0,5
BRDA:28,4,0,2
BRDA:28,4,1,5
BRDA:29,5,0,2
BRDA:29,5,1,5
BRDA:30,6,0,2
BRDA:30,6,1,5
BRDA:34,7,0,2
BRDA:34,7,1,0
BRDA:43,8,0,2
BRDA:43,8,1,5
BRDA:44,9,0,2
BRDA:44,9,1,5
BRF:16
BRH:15
end_of_record
TN:
SF:src\components\ui\Form\Form.jsx
FN:16,(anonymous_0)
FN:24,(anonymous_1)
FNF:2
FNH:1
FNDA:8,(anonymous_0)
FNDA:0,(anonymous_1)
DA:16,1
DA:24,8
DA:25,0
DA:26,0
DA:27,0
DA:31,8
LF:6
LH:3
BRDA:19,0,0,6
BRDA:20,1,0,7
BRDA:21,2,0,6
BRDA:22,3,0,6
BRDA:26,4,0,0
BRDA:26,4,1,0
BRDA:26,5,0,0
BRDA:26,5,1,0
BRDA:33,6,0,8
BRDA:33,6,1,2
BRDA:39,7,0,8
BRDA:39,7,1,2
BRDA:55,8,0,2
BRDA:55,8,1,6
BRF:14
BRH:10
end_of_record
TN:
SF:src\components\ui\Loader\Loader.jsx
FN:14,(anonymous_0)
FNF:1
FNH:1
FNDA:8,(anonymous_0)
DA:14,1
DA:20,8
DA:27,8
LF:3
LH:3
BRDA:15,0,0,5
BRDA:16,1,0,6
BRDA:17,2,0,6
BRDA:18,3,0,6
BRDA:24,4,0,2
BRDA:24,4,1,6
BRDA:34,5,0,8
BRDA:34,5,1,2
BRF:8
BRH:8
end_of_record
TN:
SF:src\components\ui\Modal\Modal.jsx
FN:16,(anonymous_0)
FN:27,(anonymous_1)
FN:28,(anonymous_2)
FN:41,(anonymous_3)
FN:48,(anonymous_4)
FNF:5
FNH:5
FNDA:9,(anonymous_0)
FNDA:7,(anonymous_1)
FNDA:1,(anonymous_2)
FNDA:7,(anonymous_3)
FNDA:1,(anonymous_4)
DA:16,1
DA:24,9
DA:27,9
DA:28,7
DA:29,1
DA:30,1
DA:34,7
DA:37,7
DA:38,6
DA:41,7
DA:42,7
DA:43,7
DA:48,9
DA:49,1
DA:50,0
DA:54,9
DA:56,8
LF:17
LH:16
BRDA:21,0,0,6
BRDA:22,1,0,7
BRDA:29,2,0,1
BRDA:29,2,1,0
BRDA:29,3,0,1
BRDA:29,3,1,1
BRDA:37,4,0,6
BRDA:37,4,1,1
BRDA:49,5,0,0
BRDA:49,5,1,1
BRDA:49,6,0,1
BRDA:49,6,1,1
BRDA:49,6,2,1
BRDA:54,7,0,1
BRDA:54,7,1,8
BRF:15
BRH:13
end_of_record
TN:
SF:src\components\ui\Table\Table.jsx
FN:15,(anonymous_0)
FN:25,(anonymous_1)
FN:28,(anonymous_2)
FN:50,(anonymous_3)
FN:51,(anonymous_4)
FN:63,(anonymous_5)
FN:74,(anonymous_6)
FN:102,(anonymous_7)
FN:106,(anonymous_8)
FN:116,(anonymous_9)
FN:119,(anonymous_10)
FN:122,(anonymous_11)
FNF:12
FNH:12
FNDA:9,(anonymous_0)
FNDA:9,(anonymous_1)
FNDA:7,(anonymous_2)
FNDA:2,(anonymous_3)
FNDA:2,(anonymous_4)
FNDA:14,(anonymous_5)
FNDA:1,(anonymous_6)
FNDA:21,(anonymous_7)
FNDA:2,(anonymous_8)
FNDA:21,(anonymous_9)
FNDA:1,(anonymous_10)
FNDA:63,(anonymous_11)
DA:15,1
DA:22,9
DA:25,9
DA:26,9
DA:28,2
DA:29,7
DA:30,7
DA:33,7
DA:34,7
DA:37,7
DA:38,0
DA:43,7
DA:50,9
DA:51,2
DA:52,2
DA:53,1
DA:58,1
DA:63,9
DA:64,14
DA:66,2
DA:74,9
DA:75,1
DA:76,1
DA:81,9
DA:82,1
DA:89,8
DA:90,1
DA:97,7
DA:103,21
DA:106,2
DA:117,21
DA:119,1
DA:123,63
LF:33
LH:32
BRDA:16,0,0,0
BRDA:17,1,0,0
BRDA:19,2,0,8
BRDA:20,3,0,8
BRDA:26,4,0,7
BRDA:26,4,1,2
BRDA:33,5,0,0
BRDA:33,5,1,7
BRDA:33,6,0,7
BRDA:33,6,1,7
BRDA:34,7,0,0
BRDA:34,7,1,7
BRDA:34,8,0,7
BRDA:34,8,1,7
BRDA:37,9,0,0
BRDA:37,9,1,7
BRDA:37,10,0,7
BRDA:37,10,1,0
BRDA:38,11,0,0
BRDA:38,11,1,0
BRDA:43,12,0,3
BRDA:43,12,1,4
BRDA:52,13,0,1
BRDA:52,13,1,1
BRDA:55,14,0,1
BRDA:55,14,1,0
BRDA:64,15,0,12
BRDA:64,15,1,2
BRDA:68,16,0,1
BRDA:68,16,1,1
BRDA:75,17,0,1
BRDA:75,17,1,0
BRDA:81,18,0,1
BRDA:81,18,1,8
BRDA:89,19,0,1
BRDA:89,19,1,7
BRDA:105,20,0,7
BRDA:105,20,1,14
BRDA:106,21,0,14
BRDA:106,21,1,7
BRDA:107,22,0,14
BRDA:107,22,1,7
BRDA:110,23,0,21
BRDA:110,23,1,14
BRDA:118,24,0,21
BRDA:118,24,1,0
BRDA:120,25,0,3
BRDA:120,25,1,18
BRDA:124,26,0,63
BRDA:124,26,1,0
BRDA:125,27,0,21
BRDA:125,27,1,42
BRF:52
BRH:40
end_of_record
TN:
SF:src\context_old\AuthContext.jsx
FN:16,authReducer
FN:65,(anonymous_1)
FN:69,(anonymous_2)
FN:95,(anonymous_3)
FN:117,(anonymous_4)
FN:139,(anonymous_5)
FN:148,(anonymous_6)
FN:165,(anonymous_7)
FN:183,(anonymous_8)
FNF:9
FNH:0
FNDA:0,authReducer
FNDA:0,(anonymous_1)
FNDA:0,(anonymous_2)
FNDA:0,(anonymous_3)
FNDA:0,(anonymous_4)
FNDA:0,(anonymous_5)
FNDA:0,(anonymous_6)
FNDA:0,(anonymous_7)
FNDA:0,(anonymous_8)
DA:5,0
DA:8,0
DA:17,0
DA:19,0
DA:25,0
DA:33,0
DA:41,0
DA:49,0
DA:54,0
DA:65,0
DA:66,0
DA:69,0
DA:70,0
DA:72,0
DA:73,0
DA:75,0
DA:76,0
DA:77,0
DA:80,0
DA:81,0
DA:83,0
DA:84,0
DA:88,0
DA:89,0
DA:90,0
DA:95,0
DA:96,0
DA:98,0
DA:99,0
DA:100,0
DA:101,0
DA:102,0
DA:104,0
DA:105,0
DA:107,0
DA:108,0
DA:112,0
DA:117,0
DA:118,0
DA:120,0
DA:121,0
DA:122,0
DA:123,0
DA:124,0
DA:126,0
DA:127,0
DA:129,0
DA:130,0
DA:134,0
DA:139,0
DA:140,0
DA:141,0
DA:142,0
DA:144,0
DA:148,0
DA:149,0
DA:151,0
DA:152,0
DA:153,0
DA:155,0
DA:156,0
DA:160,0
DA:165,0
DA:166,0
DA:168,0
DA:169,0
DA:170,0
DA:171,0
DA:173,0
DA:174,0
DA:178,0
DA:183,0
DA:184,0
DA:188,0
DA:198,0
LF:75
LH:0
BRDA:17,0,0,0
BRDA:17,0,1,0
BRDA:17,0,2,0
BRDA:17,0,3,0
BRDA:17,0,4,0
BRDA:17,0,5,0
BRDA:75,1,0,0
BRDA:75,1,1,0
BRDA:86,2,0,0
BRDA:86,2,1,0
BRDA:110,3,0,0
BRDA:110,3,1,0
BRDA:132,4,0,0
BRDA:132,4,1,0
BRDA:158,5,0,0
BRDA:158,5,1,0
BRDA:176,6,0,0
BRDA:176,6,1,0
BRF:18
BRH:0
end_of_record
TN:
SF:src\context_old\QueryContext.jsx
FN:11,(anonymous_0)
FNF:1
FNH:0
FNDA:0,(anonymous_0)
DA:11,0
DA:13,0
DA:23,0
LF:3
LH:0
BRF:0
BRH:0
end_of_record
TN:
SF:src\contexts\AuthContext.jsx
FN:16,authReducer
FN:33,(anonymous_1)
FN:37,(anonymous_2)
FN:59,(anonymous_3)
FN:78,(anonymous_4)
FN:97,(anonymous_5)
FN:105,(anonymous_6)
FN:118,(anonymous_7)
FN:132,(anonymous_8)
FNF:9
FNH:0
FNDA:0,authReducer
FNDA:0,(anonymous_1)
FNDA:0,(anonymous_2)
FNDA:0,(anonymous_3)
FNDA:0,(anonymous_4)
FNDA:0,(anonymous_5)
FNDA:0,(anonymous_6)
FNDA:0,(anonymous_7)
FNDA:0,(anonymous_8)
DA:5,0
DA:8,0
DA:17,0
DA:19,0
DA:21,0
DA:23,0
DA:25,0
DA:27,0
DA:29,0
DA:33,0
DA:34,0
DA:37,0
DA:38,0
DA:40,0
DA:41,0
DA:42,0
DA:43,0
DA:44,0
DA:47,0
DA:48,0
DA:50,0
DA:51,0
DA:52,0
DA:53,0
DA:54,0
DA:59,0
DA:60,0
DA:62,0
DA:63,0
DA:64,0
DA:65,0
DA:66,0
DA:68,0
DA:69,0
DA:71,0
DA:72,0
DA:73,0
DA:78,0
DA:79,0
DA:81,0
DA:82,0
DA:83,0
DA:84,0
DA:85,0
DA:87,0
DA:88,0
DA:90,0
DA:91,0
DA:92,0
DA:97,0
DA:98,0
DA:99,0
DA:100,0
DA:101,0
DA:105,0
DA:106,0
DA:107,0
DA:108,0
DA:109,0
DA:111,0
DA:112,0
DA:113,0
DA:118,0
DA:119,0
DA:120,0
DA:121,0
DA:122,0
DA:123,0
DA:125,0
DA:126,0
DA:127,0
DA:132,0
DA:133,0
DA:136,0
DA:146,0
LF:75
LH:0
BRDA:17,0,0,0
BRDA:17,0,1,0
BRDA:17,0,2,0
BRDA:17,0,3,0
BRDA:17,0,4,0
BRDA:17,0,5,0
BRDA:42,1,0,0
BRDA:42,1,1,0
BRDA:51,2,0,0
BRDA:51,2,1,0
BRDA:72,3,0,0
BRDA:72,3,1,0
BRDA:91,4,0,0
BRDA:91,4,1,0
BRDA:112,5,0,0
BRDA:112,5,1,0
BRDA:126,6,0,0
BRDA:126,6,1,0
BRF:18
BRH:0
end_of_record
TN:
SF:src\contexts\QueryContext.jsx
FN:11,(anonymous_0)
FNF:1
FNH:0
FNDA:0,(anonymous_0)
DA:11,0
DA:13,0
DA:23,0
LF:3
LH:0
BRF:0
BRH:0
end_of_record
TN:
SF:src\hooks\useAuth.js
FN:9,useAuth
FNF:1
FNH:1
FNDA:33,useAuth
DA:10,33
DA:12,0
DA:13,0
DA:16,0
LF:4
LH:1
BRDA:12,0,0,0
BRDA:12,0,1,0
BRF:2
BRH:0
end_of_record
TN:
SF:src\hooks\useDashboard.js
FN:8,useDashboardStats
FN:11,(anonymous_1)
FN:23,useUpcomingEvents
FN:26,(anonymous_3)
FN:38,useAttendanceStats
FN:41,(anonymous_5)
FN:55,useTrainerTeamStats
FN:58,(anonymous_7)
FN:71,useNotifications
FN:74,(anonymous_9)
FN:85,useMarkNotificationAsRead
FN:89,(anonymous_11)
FN:93,(anonymous_12)
FN:103,useMarkAllNotificationsAsRead
FN:107,(anonymous_14)
FN:111,(anonymous_15)
FNF:16
FNH:0
FNDA:0,useDashboardStats
FNDA:0,(anonymous_1)
FNDA:0,useUpcomingEvents
FNDA:0,(anonymous_3)
FNDA:0,useAttendanceStats
FNDA:0,(anonymous_5)
FNDA:0,useTrainerTeamStats
FNDA:0,(anonymous_7)
FNDA:0,useNotifications
FNDA:0,(anonymous_9)
FNDA:0,useMarkNotificationAsRead
FNDA:0,(anonymous_11)
FNDA:0,(anonymous_12)
FNDA:0,useMarkAllNotificationsAsRead
FNDA:0,(anonymous_14)
FNDA:0,(anonymous_15)
DA:9,0
DA:12,0
DA:13,0
DA:24,0
DA:27,0
DA:28,0
DA:39,0
DA:42,0
DA:43,0
DA:44,0
DA:56,0
DA:59,0
DA:60,0
DA:72,0
DA:75,0
DA:76,0
DA:86,0
DA:88,0
DA:90,0
DA:91,0
DA:94,0
DA:104,0
DA:106,0
DA:108,0
DA:109,0
DA:112,0
LF:26
LH:0
BRDA:23,0,0,0
BRDA:42,1,0,0
BRDA:42,1,1,0
BRDA:71,2,0,0
BRF:4
BRH:0
end_of_record
TN:
SF:src\hooks\useEvents.js
FN:8,useEvents
FN:19,useFilteredEvents
FN:31,useEvent
FN:34,(anonymous_3)
FN:44,useTeamEvents
FN:47,(anonymous_5)
FN:56,useCreateEvent
FN:60,(anonymous_7)
FN:61,(anonymous_8)
FN:72,useUpdateEvent
FN:76,(anonymous_10)
FN:77,(anonymous_11)
FN:89,useDeleteEvent
FN:93,(anonymous_13)
FN:94,(anonymous_14)
FN:105,useUpdateParticipation
FN:109,(anonymous_16)
FN:111,(anonymous_17)
FN:122,useUpdateChildParticipation
FN:126,(anonymous_19)
FN:128,(anonymous_20)
FNF:21
FNH:0
FNDA:0,useEvents
FNDA:0,useFilteredEvents
FNDA:0,useEvent
FNDA:0,(anonymous_3)
FNDA:0,useTeamEvents
FNDA:0,(anonymous_5)
FNDA:0,useCreateEvent
FNDA:0,(anonymous_7)
FNDA:0,(anonymous_8)
FNDA:0,useUpdateEvent
FNDA:0,(anonymous_10)
FNDA:0,(anonymous_11)
FNDA:0,useDeleteEvent
FNDA:0,(anonymous_13)
FNDA:0,(anonymous_14)
FNDA:0,useUpdateParticipation
FNDA:0,(anonymous_16)
FNDA:0,(anonymous_17)
FNDA:0,useUpdateChildParticipation
FNDA:0,(anonymous_19)
FNDA:0,(anonymous_20)
DA:9,0
DA:20,0
DA:32,0
DA:34,0
DA:45,0
DA:47,0
DA:57,0
DA:59,0
DA:60,0
DA:63,0
DA:73,0
DA:75,0
DA:76,0
DA:79,0
DA:80,0
DA:90,0
DA:92,0
DA:93,0
DA:96,0
DA:106,0
DA:108,0
DA:110,0
DA:113,0
DA:123,0
DA:125,0
DA:127,0
DA:130,0
LF:27
LH:0
BRF:0
BRH:0
end_of_record
TN:
SF:src\hooks\useNotifications.js
FN:9,useNotifications
FN:12,(anonymous_1)
FN:20,useMarkNotificationAsRead
FN:24,(anonymous_3)
FN:25,(anonymous_4)
FN:35,useMarkAllNotificationsAsRead
FN:39,(anonymous_6)
FN:40,(anonymous_7)
FN:50,useDeleteNotification
FN:54,(anonymous_9)
FN:55,(anonymous_10)
FN:65,useDeleteAllNotifications
FN:69,(anonymous_12)
FN:70,(anonymous_13)
FNF:14
FNH:0
FNDA:0,useNotifications
FNDA:0,(anonymous_1)
FNDA:0,useMarkNotificationAsRead
FNDA:0,(anonymous_3)
FNDA:0,(anonymous_4)
FNDA:0,useMarkAllNotificationsAsRead
FNDA:0,(anonymous_6)
FNDA:0,(anonymous_7)
FNDA:0,useDeleteNotification
FNDA:0,(anonymous_9)
FNDA:0,(anonymous_10)
FNDA:0,useDeleteAllNotifications
FNDA:0,(anonymous_12)
FNDA:0,(anonymous_13)
DA:10,0
DA:12,0
DA:21,0
DA:23,0
DA:24,0
DA:26,0
DA:36,0
DA:38,0
DA:39,0
DA:41,0
DA:51,0
DA:53,0
DA:54,0
DA:56,0
DA:66,0
DA:68,0
DA:69,0
DA:71,0
LF:18
LH:0
BRDA:9,0,0,0
BRF:1
BRH:0
end_of_record
TN:
SF:src\hooks\usePlayerEvents.js
FN:9,usePlayerEvents
FN:12,(anonymous_1)
FNF:2
FNH:0
FNDA:0,usePlayerEvents
FNDA:0,(anonymous_1)
DA:10,0
DA:12,0
LF:2
LH:0
BRF:0
BRH:0
end_of_record
TN:
SF:src\hooks\usePlayers.js
FN:8,usePlayers
FN:20,usePlayer
FN:23,(anonymous_2)
FN:33,useTeamPlayers
FN:36,(anonymous_4)
FN:45,useCreatePlayer
FN:49,(anonymous_6)
FN:50,(anonymous_7)
FN:61,useUpdatePlayer
FN:65,(anonymous_9)
FN:66,(anonymous_10)
FN:78,useDeletePlayer
FN:82,(anonymous_12)
FN:83,(anonymous_13)
FN:95,useParentChildren
FN:98,(anonymous_15)
FN:107,useAddTagsToPlayer
FN:111,(anonymous_17)
FN:112,(anonymous_18)
FN:123,useRemoveTagsFromPlayer
FN:127,(anonymous_20)
FN:128,(anonymous_21)
FNF:22
FNH:0
FNDA:0,usePlayers
FNDA:0,usePlayer
FNDA:0,(anonymous_2)
FNDA:0,useTeamPlayers
FNDA:0,(anonymous_4)
FNDA:0,useCreatePlayer
FNDA:0,(anonymous_6)
FNDA:0,(anonymous_7)
FNDA:0,useUpdatePlayer
FNDA:0,(anonymous_9)
FNDA:0,(anonymous_10)
FNDA:0,useDeletePlayer
FNDA:0,(anonymous_12)
FNDA:0,(anonymous_13)
FNDA:0,useParentChildren
FNDA:0,(anonymous_15)
FNDA:0,useAddTagsToPlayer
FNDA:0,(anonymous_17)
FNDA:0,(anonymous_18)
FNDA:0,useRemoveTagsFromPlayer
FNDA:0,(anonymous_20)
FNDA:0,(anonymous_21)
DA:9,0
DA:21,0
DA:23,0
DA:34,0
DA:36,0
DA:46,0
DA:48,0
DA:49,0
DA:52,0
DA:62,0
DA:64,0
DA:65,0
DA:68,0
DA:69,0
DA:79,0
DA:81,0
DA:82,0
DA:85,0
DA:96,0
DA:98,0
DA:108,0
DA:110,0
DA:111,0
DA:114,0
DA:124,0
DA:126,0
DA:127,0
DA:130,0
LF:28
LH:0
BRF:0
BRH:0
end_of_record
TN:
SF:src\hooks\useSeries.js
FN:8,useSeries
FN:20,useSeriesById
FN:23,(anonymous_2)
FN:32,useCreateSeries
FN:36,(anonymous_4)
FN:37,(anonymous_5)
FN:48,useUpdateSeries
FN:52,(anonymous_7)
FN:53,(anonymous_8)
FN:65,useDeleteSeries
FN:69,(anonymous_10)
FN:70,(anonymous_11)
FN:84,useSeriesEvents
FN:87,(anonymous_13)
FN:96,useGenerateSeriesEvents
FN:100,(anonymous_15)
FN:101,(anonymous_16)
FNF:17
FNH:0
FNDA:0,useSeries
FNDA:0,useSeriesById
FNDA:0,(anonymous_2)
FNDA:0,useCreateSeries
FNDA:0,(anonymous_4)
FNDA:0,(anonymous_5)
FNDA:0,useUpdateSeries
FNDA:0,(anonymous_7)
FNDA:0,(anonymous_8)
FNDA:0,useDeleteSeries
FNDA:0,(anonymous_10)
FNDA:0,(anonymous_11)
FNDA:0,useSeriesEvents
FNDA:0,(anonymous_13)
FNDA:0,useGenerateSeriesEvents
FNDA:0,(anonymous_15)
FNDA:0,(anonymous_16)
DA:9,0
DA:21,0
DA:23,0
DA:33,0
DA:35,0
DA:36,0
DA:39,0
DA:49,0
DA:51,0
DA:52,0
DA:55,0
DA:56,0
DA:66,0
DA:68,0
DA:69,0
DA:72,0
DA:74,0
DA:85,0
DA:87,0
DA:97,0
DA:99,0
DA:100,0
DA:103,0
DA:104,0
LF:24
LH:0
BRF:0
BRH:0
end_of_record
TN:
SF:src\hooks\useTags.js
FN:9,useTeamTags
FN:12,(anonymous_1)
FN:21,useCreateTag
FN:25,(anonymous_3)
FN:26,(anonymous_4)
FN:37,useDeleteTag
FN:41,(anonymous_6)
FN:42,(anonymous_7)
FN:53,useAssignTagToPlayers
FN:57,(anonymous_9)
FN:59,(anonymous_10)
FN:63,(anonymous_11)
FN:76,useRemoveTagFromPlayers
FN:80,(anonymous_13)
FN:82,(anonymous_14)
FN:86,(anonymous_15)
FNF:16
FNH:0
FNDA:0,useTeamTags
FNDA:0,(anonymous_1)
FNDA:0,useCreateTag
FNDA:0,(anonymous_3)
FNDA:0,(anonymous_4)
FNDA:0,useDeleteTag
FNDA:0,(anonymous_6)
FNDA:0,(anonymous_7)
FNDA:0,useAssignTagToPlayers
FNDA:0,(anonymous_9)
FNDA:0,(anonymous_10)
FNDA:0,(anonymous_11)
FNDA:0,useRemoveTagFromPlayers
FNDA:0,(anonymous_13)
FNDA:0,(anonymous_14)
FNDA:0,(anonymous_15)
DA:10,0
DA:12,0
DA:22,0
DA:24,0
DA:25,0
DA:28,0
DA:38,0
DA:40,0
DA:41,0
DA:44,0
DA:54,0
DA:56,0
DA:58,0
DA:61,0
DA:63,0
DA:64,0
DA:67,0
DA:77,0
DA:79,0
DA:81,0
DA:84,0
DA:86,0
DA:87,0
DA:90,0
LF:24
LH:0
BRF:0
BRH:0
end_of_record
TN:
SF:src\hooks\useTeams.js
FN:8,useTeams
FN:20,useTeam
FN:23,(anonymous_2)
FN:32,useCreateTeam
FN:36,(anonymous_4)
FN:37,(anonymous_5)
FN:48,useUpdateTeam
FN:52,(anonymous_7)
FN:53,(anonymous_8)
FN:65,useDeleteTeam
FN:69,(anonymous_10)
FN:70,(anonymous_11)
FN:81,useAddTrainerToTeam
FN:85,(anonymous_13)
FN:86,(anonymous_14)
FN:97,useAddPlayerToTeam
FN:101,(anonymous_16)
FN:102,(anonymous_17)
FN:113,useUpdateTeamTrainers
FN:117,(anonymous_19)
FN:118,(anonymous_20)
FN:129,useUpdateTeamPlayers
FN:133,(anonymous_22)
FN:134,(anonymous_23)
FNF:24
FNH:0
FNDA:0,useTeams
FNDA:0,useTeam
FNDA:0,(anonymous_2)
FNDA:0,useCreateTeam
FNDA:0,(anonymous_4)
FNDA:0,(anonymous_5)
FNDA:0,useUpdateTeam
FNDA:0,(anonymous_7)
FNDA:0,(anonymous_8)
FNDA:0,useDeleteTeam
FNDA:0,(anonymous_10)
FNDA:0,(anonymous_11)
FNDA:0,useAddTrainerToTeam
FNDA:0,(anonymous_13)
FNDA:0,(anonymous_14)
FNDA:0,useAddPlayerToTeam
FNDA:0,(anonymous_16)
FNDA:0,(anonymous_17)
FNDA:0,useUpdateTeamTrainers
FNDA:0,(anonymous_19)
FNDA:0,(anonymous_20)
FNDA:0,useUpdateTeamPlayers
FNDA:0,(anonymous_22)
FNDA:0,(anonymous_23)
DA:9,0
DA:21,0
DA:23,0
DA:33,0
DA:35,0
DA:36,0
DA:39,0
DA:49,0
DA:51,0
DA:52,0
DA:55,0
DA:56,0
DA:66,0
DA:68,0
DA:69,0
DA:72,0
DA:82,0
DA:84,0
DA:85,0
DA:88,0
DA:98,0
DA:100,0
DA:101,0
DA:104,0
DA:114,0
DA:116,0
DA:117,0
DA:120,0
DA:130,0
DA:132,0
DA:133,0
DA:136,0
LF:32
LH:0
BRF:0
BRH:0
end_of_record
TN:
SF:src\hooks\useUsers.js
FN:8,useUsers
FN:20,useUser
FN:23,(anonymous_2)
FN:32,useCreateUser
FN:36,(anonymous_4)
FN:37,(anonymous_5)
FN:48,useUpdateUser
FN:52,(anonymous_7)
FN:53,(anonymous_8)
FN:65,useDeleteUser
FN:69,(anonymous_10)
FN:70,(anonymous_11)
FN:81,useChangePassword
FN:83,(anonymous_13)
FN:91,useChangeRole
FN:95,(anonymous_15)
FN:96,(anonymous_16)
FNF:17
FNH:0
FNDA:0,useUsers
FNDA:0,useUser
FNDA:0,(anonymous_2)
FNDA:0,useCreateUser
FNDA:0,(anonymous_4)
FNDA:0,(anonymous_5)
FNDA:0,useUpdateUser
FNDA:0,(anonymous_7)
FNDA:0,(anonymous_8)
FNDA:0,useDeleteUser
FNDA:0,(anonymous_10)
FNDA:0,(anonymous_11)
FNDA:0,useChangePassword
FNDA:0,(anonymous_13)
FNDA:0,useChangeRole
FNDA:0,(anonymous_15)
FNDA:0,(anonymous_16)
DA:9,0
DA:21,0
DA:23,0
DA:33,0
DA:35,0
DA:36,0
DA:39,0
DA:49,0
DA:51,0
DA:52,0
DA:55,0
DA:56,0
DA:66,0
DA:68,0
DA:69,0
DA:72,0
DA:82,0
DA:83,0
DA:92,0
DA:94,0
DA:95,0
DA:98,0
DA:99,0
LF:23
LH:0
BRF:0
BRH:0
end_of_record
TN:
SF:src\layouts\AppLayout.jsx
FN:11,(anonymous_0)
FN:30,(anonymous_1)
FN:69,(anonymous_2)
FNF:3
FNH:0
FNDA:0,(anonymous_0)
FNDA:0,(anonymous_1)
FNDA:0,(anonymous_2)
DA:11,0
DA:12,0
DA:15,0
DA:16,0
DA:25,0
DA:26,0
DA:30,0
DA:31,0
DA:33,0
DA:35,0
DA:41,0
DA:47,0
DA:52,0
DA:57,0
DA:61,0
DA:63,0
DA:70,0
LF:17
LH:0
BRDA:15,0,0,0
BRDA:15,0,1,0
BRDA:25,1,0,0
BRDA:25,1,1,0
BRDA:33,2,0,0
BRDA:33,2,1,0
BRDA:33,2,2,0
BRDA:33,2,3,0
BRDA:33,2,4,0
BRF:9
BRH:0
end_of_record
TN:
SF:src\layouts\AuthLayout.jsx
FN:11,(anonymous_0)
FNF:1
FNH:0
FNDA:0,(anonymous_0)
DA:11,0
DA:12,0
DA:15,0
DA:16,0
DA:25,0
DA:26,0
DA:27,0
DA:29,0
DA:31,0
DA:32,0
DA:34,0
DA:35,0
DA:37,0
DA:38,0
DA:40,0
DA:41,0
DA:43,0
DA:46,0
DA:49,0
LF:19
LH:0
BRDA:15,0,0,0
BRDA:15,0,1,0
BRDA:25,1,0,0
BRDA:25,1,1,0
BRDA:25,2,0,0
BRDA:25,2,1,0
BRDA:29,3,0,0
BRDA:29,3,1,0
BRDA:29,3,2,0
BRDA:29,3,3,0
BRDA:29,3,4,0
BRF:11
BRH:0
end_of_record
TN:
SF:src\pages\AdminDashboardPage.jsx
FN:16,(anonymous_0)
FN:27,(anonymous_1)
FN:28,(anonymous_2)
FN:29,(anonymous_3)
FN:30,(anonymous_4)
FN:32,(anonymous_5)
FN:64,(anonymous_6)
FN:77,(anonymous_7)
FN:124,(anonymous_8)
FN:140,(anonymous_9)
FN:158,(anonymous_10)
FN:175,(anonymous_11)
FNF:12
FNH:0
FNDA:0,(anonymous_0)
FNDA:0,(anonymous_1)
FNDA:0,(anonymous_2)
FNDA:0,(anonymous_3)
FNDA:0,(anonymous_4)
FNDA:0,(anonymous_5)
FNDA:0,(anonymous_6)
FNDA:0,(anonymous_7)
FNDA:0,(anonymous_8)
FNDA:0,(anonymous_9)
FNDA:0,(anonymous_10)
FNDA:0,(anonymous_11)
DA:16,0
DA:17,0
DA:18,0
DA:19,0
DA:22,0
DA:27,0
DA:28,0
DA:29,0
DA:30,0
DA:32,0
DA:36,0
DA:39,0
DA:40,0
DA:42,0
DA:43,0
DA:46,0
DA:47,0
DA:50,0
DA:64,0
DA:77,0
DA:125,0
DA:140,0
DA:159,0
DA:175,0
LF:24
LH:0
BRDA:17,0,0,0
BRDA:18,1,0,0
BRDA:19,2,0,0
BRDA:36,3,0,0
BRDA:36,3,1,0
BRDA:36,3,2,0
BRDA:39,4,0,0
BRDA:39,4,1,0
BRDA:39,4,2,0
BRDA:40,5,0,0
BRDA:40,5,1,0
BRDA:40,5,2,0
BRDA:42,6,0,0
BRDA:42,6,1,0
BRDA:46,7,0,0
BRDA:46,7,1,0
BRDA:120,8,0,0
BRDA:120,8,1,0
BRDA:125,9,0,0
BRDA:125,9,1,0
BRDA:131,10,0,0
BRDA:131,10,1,0
BRDA:132,11,0,0
BRDA:132,11,1,0
BRDA:136,12,0,0
BRDA:136,12,1,0
BRDA:154,13,0,0
BRDA:154,13,1,0
BRDA:159,14,0,0
BRDA:159,14,1,0
BRDA:171,15,0,0
BRDA:171,15,1,0
BRF:32
BRH:0
end_of_record
TN:
SF:src\pages\ChildEventResponsePage.jsx
FN:16,(anonymous_0)
FN:28,(anonymous_1)
FN:34,(anonymous_2)
FN:37,(anonymous_3)
FN:42,(anonymous_4)
FN:64,(anonymous_5)
FN:100,(anonymous_6)
FN:144,(anonymous_7)
FN:170,(anonymous_8)
FN:178,(anonymous_9)
FN:191,(anonymous_10)
FN:192,(anonymous_11)
FN:197,(anonymous_12)
FNF:13
FNH:0
FNDA:0,(anonymous_0)
FNDA:0,(anonymous_1)
FNDA:0,(anonymous_2)
FNDA:0,(anonymous_3)
FNDA:0,(anonymous_4)
FNDA:0,(anonymous_5)
FNDA:0,(anonymous_6)
FNDA:0,(anonymous_7)
FNDA:0,(anonymous_8)
FNDA:0,(anonymous_9)
FNDA:0,(anonymous_10)
FNDA:0,(anonymous_11)
FNDA:0,(anonymous_12)
DA:16,0
DA:17,0
DA:18,0
DA:19,0
DA:21,0
DA:22,0
DA:23,0
DA:25,0
DA:28,0
DA:29,0
DA:30,0
DA:34,0
DA:35,0
DA:37,0
DA:38,0
DA:42,0
DA:43,0
DA:44,0
DA:50,0
DA:57,0
DA:64,0
DA:65,0
DA:68,0
DA:69,0
DA:71,0
DA:72,0
DA:75,0
DA:76,0
DA:79,0
DA:80,0
DA:83,0
DA:84,0
DA:88,0
DA:89,0
DA:92,0
DA:94,0
DA:100,0
DA:144,0
DA:170,0
DA:178,0
DA:191,0
DA:193,0
DA:197,0
LF:43
LH:0
BRDA:35,0,0,0
BRDA:35,0,1,0
BRDA:35,1,0,0
BRDA:35,1,1,0
BRDA:38,2,0,0
BRDA:38,2,1,0
BRDA:52,3,0,0
BRDA:52,3,1,0
BRDA:68,4,0,0
BRDA:68,4,1,0
BRDA:69,5,0,0
BRDA:69,5,1,0
BRDA:71,6,0,0
BRDA:71,6,1,0
BRDA:75,7,0,0
BRDA:75,7,1,0
BRDA:79,8,0,0
BRDA:79,8,1,0
BRDA:83,9,0,0
BRDA:83,9,1,0
BRDA:88,10,0,0
BRDA:88,10,1,0
BRDA:106,11,0,0
BRDA:106,11,1,0
BRDA:121,12,0,0
BRDA:121,12,1,0
BRDA:124,13,0,0
BRDA:124,13,1,0
BRDA:143,14,0,0
BRDA:143,14,1,0
BRDA:150,15,0,0
BRDA:150,15,1,0
BRDA:162,16,0,0
BRDA:162,16,1,0
BRDA:163,17,0,0
BRDA:163,17,1,0
BRDA:169,18,0,0
BRDA:169,18,1,0
BRDA:177,19,0,0
BRDA:177,19,1,0
BRDA:186,20,0,0
BRDA:186,20,1,0
BRDA:186,20,2,0
BRDA:197,21,0,0
BRDA:197,21,1,0
BRF:45
BRH:0
end_of_record
TN:
SF:src\pages\ChildManagementPage.jsx
FN:16,(anonymous_0)
FN:32,(anonymous_1)
FN:34,(anonymous_2)
FN:40,(anonymous_3)
FN:74,(anonymous_4)
FN:90,(anonymous_5)
FN:95,(anonymous_6)
FN:101,(anonymous_7)
FN:127,(anonymous_8)
FN:174,(anonymous_9)
FN:192,(anonymous_10)
FN:210,(anonymous_11)
FN:249,(anonymous_12)
FN:255,(anonymous_13)
FNF:14
FNH:0
FNDA:0,(anonymous_0)
FNDA:0,(anonymous_1)
FNDA:0,(anonymous_2)
FNDA:0,(anonymous_3)
FNDA:0,(anonymous_4)
FNDA:0,(anonymous_5)
FNDA:0,(anonymous_6)
FNDA:0,(anonymous_7)
FNDA:0,(anonymous_8)
FNDA:0,(anonymous_9)
FNDA:0,(anonymous_10)
FNDA:0,(anonymous_11)
FNDA:0,(anonymous_12)
FNDA:0,(anonymous_13)
DA:16,0
DA:17,0
DA:18,0
DA:19,0
DA:20,0
DA:21,0
DA:23,0
DA:24,0
DA:30,0
DA:32,0
DA:33,0
DA:34,0
DA:40,0
DA:41,0
DA:44,0
DA:45,0
DA:49,0
DA:52,0
DA:53,0
DA:59,0
DA:60,0
DA:61,0
DA:62,0
DA:67,0
DA:74,0
DA:76,0
DA:77,0
DA:78,0
DA:83,0
DA:90,0
DA:91,0
DA:95,0
DA:96,0
DA:97,0
DA:101,0
DA:102,0
DA:103,0
DA:104,0
DA:105,0
DA:107,0
DA:108,0
DA:111,0
DA:114,0
DA:115,0
DA:118,0
DA:119,0
DA:122,0
DA:127,0
DA:175,0
DA:192,0
DA:211,0
DA:249,0
DA:255,0
LF:53
LH:0
BRDA:18,0,0,0
BRDA:19,1,0,0
BRDA:44,2,0,0
BRDA:44,2,1,0
BRDA:44,3,0,0
BRDA:44,3,1,0
BRDA:107,4,0,0
BRDA:107,4,1,0
BRDA:107,5,0,0
BRDA:107,5,1,0
BRDA:107,5,2,0
BRDA:114,6,0,0
BRDA:114,6,1,0
BRDA:118,7,0,0
BRDA:118,7,1,0
BRDA:128,8,0,0
BRDA:128,8,1,0
BRDA:134,9,0,0
BRDA:134,9,1,0
BRDA:143,10,0,0
BRDA:143,10,1,0
BRDA:175,11,0,0
BRDA:175,11,1,0
BRDA:175,12,0,0
BRDA:175,12,1,0
BRDA:187,13,0,0
BRDA:187,13,1,0
BRDA:203,14,0,0
BRDA:203,14,1,0
BRDA:211,15,0,0
BRDA:211,15,1,0
BRDA:228,16,0,0
BRDA:228,16,1,0
BRDA:230,17,0,0
BRDA:230,17,1,0
BRDA:236,18,0,0
BRDA:236,18,1,0
BRDA:238,19,0,0
BRDA:238,19,1,0
BRDA:249,20,0,0
BRDA:249,20,1,0
BRDA:255,21,0,0
BRDA:255,21,1,0
BRDA:258,22,0,0
BRDA:258,22,1,0
BRDA:258,23,0,0
BRDA:258,23,1,0
BRF:47
BRH:0
end_of_record
TN:
SF:src\pages\DashboardPage.jsx
FN:12,(anonymous_0)
FN:20,(anonymous_1)
FN:21,(anonymous_2)
FN:25,(anonymous_3)
FNF:4
FNH:0
FNDA:0,(anonymous_0)
FNDA:0,(anonymous_1)
FNDA:0,(anonymous_2)
FNDA:0,(anonymous_3)
DA:12,0
DA:13,0
DA:14,0
DA:20,0
DA:21,0
DA:25,0
DA:26,0
DA:28,0
DA:30,0
DA:72,0
DA:119,0
DA:163,0
DA:214,0
DA:222,0
LF:14
LH:0
BRDA:28,0,0,0
BRDA:28,0,1,0
BRDA:28,0,2,0
BRDA:28,0,3,0
BRDA:28,0,4,0
BRDA:226,1,0,0
BRDA:226,1,1,0
BRF:7
BRH:0
end_of_record
TN:
SF:src\pages\EventCreationPage.jsx
FN:16,(anonymous_0)
FN:40,(anonymous_1)
FN:42,(anonymous_2)
FN:48,(anonymous_3)
FN:51,(anonymous_4)
FN:52,(anonymous_5)
FN:57,(anonymous_6)
FN:64,(anonymous_7)
FN:103,(anonymous_8)
FN:160,(anonymous_9)
FN:170,(anonymous_10)
FN:194,(anonymous_11)
FN:204,(anonymous_12)
FN:261,(anonymous_13)
FN:364,(anonymous_14)
FN:369,(anonymous_15)
FN:389,(anonymous_16)
FNF:17
FNH:0
FNDA:0,(anonymous_0)
FNDA:0,(anonymous_1)
FNDA:0,(anonymous_2)
FNDA:0,(anonymous_3)
FNDA:0,(anonymous_4)
FNDA:0,(anonymous_5)
FNDA:0,(anonymous_6)
FNDA:0,(anonymous_7)
FNDA:0,(anonymous_8)
FNDA:0,(anonymous_9)
FNDA:0,(anonymous_10)
FNDA:0,(anonymous_11)
FNDA:0,(anonymous_12)
FNDA:0,(anonymous_13)
FNDA:0,(anonymous_14)
FNDA:0,(anonymous_15)
FNDA:0,(anonymous_16)
DA:16,0
DA:17,0
DA:18,0
DA:19,0
DA:21,0
DA:22,0
DA:24,0
DA:40,0
DA:41,0
DA:42,0
DA:48,0
DA:49,0
DA:50,0
DA:51,0
DA:52,0
DA:57,0
DA:64,0
DA:66,0
DA:68,0
DA:72,0
DA:76,0
DA:77,0
DA:78,0
DA:82,0
DA:84,0
DA:85,0
DA:89,0
DA:91,0
DA:92,0
DA:96,0
DA:100,0
DA:103,0
DA:104,0
DA:106,0
DA:107,0
DA:110,0
DA:111,0
DA:113,0
DA:118,0
DA:124,0
DA:130,0
DA:137,0
DA:153,0
DA:160,0
DA:161,0
DA:164,0
DA:170,0
DA:194,0
DA:204,0
DA:262,0
DA:365,0
DA:369,0
DA:389,0
LF:53
LH:0
BRDA:18,0,0,0
BRDA:32,1,0,0
BRDA:32,1,1,0
BRDA:50,2,0,0
BRDA:50,2,1,0
BRDA:66,3,0,0
BRDA:66,3,1,0
BRDA:66,4,0,0
BRDA:66,4,1,0
BRDA:66,4,2,0
BRDA:66,4,3,0
BRDA:66,4,4,0
BRDA:66,4,5,0
BRDA:76,5,0,0
BRDA:76,5,1,0
BRDA:77,6,0,0
BRDA:77,6,1,0
BRDA:84,7,0,0
BRDA:84,7,1,0
BRDA:91,8,0,0
BRDA:91,8,1,0
BRDA:106,9,0,0
BRDA:106,9,1,0
BRDA:111,10,0,0
BRDA:111,10,1,0
BRDA:115,11,0,0
BRDA:115,11,1,0
BRDA:127,12,0,0
BRDA:127,12,1,0
BRDA:145,13,0,0
BRDA:145,13,1,0
BRDA:176,14,0,0
BRDA:176,14,1,0
BRDA:188,15,0,0
BRDA:188,15,1,0
BRDA:198,16,0,0
BRDA:198,16,1,0
BRDA:262,17,0,0
BRDA:262,17,1,0
BRDA:262,18,0,0
BRDA:262,18,1,0
BRDA:330,19,0,0
BRDA:330,19,1,0
BRDA:384,20,0,0
BRDA:384,20,1,0
BRF:45
BRH:0
end_of_record
TN:
SF:src\pages\EventManagementPage.jsx
FN:14,(anonymous_0)
FN:27,(anonymous_1)
FN:29,(anonymous_2)
FN:35,(anonymous_3)
FN:44,(anonymous_4)
FN:60,(anonymous_5)
FN:65,(anonymous_6)
FN:90,(anonymous_7)
FN:107,(anonymous_8)
FN:135,(anonymous_9)
FN:135,(anonymous_10)
FN:195,(anonymous_11)
FN:227,(anonymous_12)
FN:238,(anonymous_13)
FN:244,(anonymous_14)
FNF:15
FNH:0
FNDA:0,(anonymous_0)
FNDA:0,(anonymous_1)
FNDA:0,(anonymous_2)
FNDA:0,(anonymous_3)
FNDA:0,(anonymous_4)
FNDA:0,(anonymous_5)
FNDA:0,(anonymous_6)
FNDA:0,(anonymous_7)
FNDA:0,(anonymous_8)
FNDA:0,(anonymous_9)
FNDA:0,(anonymous_10)
FNDA:0,(anonymous_11)
FNDA:0,(anonymous_12)
FNDA:0,(anonymous_13)
FNDA:0,(anonymous_14)
DA:14,0
DA:15,0
DA:16,0
DA:18,0
DA:25,0
DA:27,0
DA:28,0
DA:29,0
DA:35,0
DA:36,0
DA:44,0
DA:46,0
DA:47,0
DA:48,0
DA:53,0
DA:60,0
DA:61,0
DA:65,0
DA:67,0
DA:68,0
DA:72,0
DA:73,0
DA:77,0
DA:78,0
DA:82,0
DA:83,0
DA:86,0
DA:90,0
DA:91,0
DA:92,0
DA:95,0
DA:96,0
DA:99,0
DA:100,0
DA:103,0
DA:107,0
DA:135,0
DA:136,0
DA:196,0
DA:227,0
DA:238,0
DA:244,0
LF:42
LH:0
BRDA:15,0,0,0
BRDA:67,1,0,0
BRDA:67,1,1,0
BRDA:67,2,0,0
BRDA:67,2,1,0
BRDA:72,3,0,0
BRDA:72,3,1,0
BRDA:72,4,0,0
BRDA:72,4,1,0
BRDA:77,5,0,0
BRDA:77,5,1,0
BRDA:77,6,0,0
BRDA:77,6,1,0
BRDA:82,7,0,0
BRDA:82,7,1,0
BRDA:82,8,0,0
BRDA:82,8,1,0
BRDA:95,9,0,0
BRDA:95,9,1,0
BRDA:99,10,0,0
BRDA:99,10,1,0
BRDA:112,11,0,0
BRDA:112,11,1,0
BRDA:190,12,0,0
BRDA:190,12,1,0
BRDA:196,13,0,0
BRDA:196,13,1,0
BRDA:202,14,0,0
BRDA:202,14,1,0
BRDA:226,15,0,0
BRDA:226,15,1,0
BRDA:238,16,0,0
BRDA:238,16,1,0
BRDA:244,17,0,0
BRDA:244,17,1,0
BRDA:247,18,0,0
BRDA:247,18,1,0
BRDA:247,19,0,0
BRDA:247,19,1,0
BRF:39
BRH:0
end_of_record
TN:
SF:src\pages\EventResponsePage.jsx
FN:15,(anonymous_0)
FN:25,(anonymous_1)
FN:31,(anonymous_2)
FN:34,(anonymous_3)
FN:39,(anonymous_4)
FN:61,(anonymous_5)
FN:85,(anonymous_6)
FN:129,(anonymous_7)
FN:155,(anonymous_8)
FN:163,(anonymous_9)
FN:176,(anonymous_10)
FN:177,(anonymous_11)
FN:182,(anonymous_12)
FNF:13
FNH:0
FNDA:0,(anonymous_0)
FNDA:0,(anonymous_1)
FNDA:0,(anonymous_2)
FNDA:0,(anonymous_3)
FNDA:0,(anonymous_4)
FNDA:0,(anonymous_5)
FNDA:0,(anonymous_6)
FNDA:0,(anonymous_7)
FNDA:0,(anonymous_8)
FNDA:0,(anonymous_9)
FNDA:0,(anonymous_10)
FNDA:0,(anonymous_11)
FNDA:0,(anonymous_12)
DA:15,0
DA:16,0
DA:17,0
DA:18,0
DA:19,0
DA:20,0
DA:22,0
DA:25,0
DA:26,0
DA:27,0
DA:31,0
DA:32,0
DA:34,0
DA:35,0
DA:39,0
DA:40,0
DA:41,0
DA:47,0
DA:54,0
DA:61,0
DA:62,0
DA:65,0
DA:66,0
DA:69,0
DA:70,0
DA:73,0
DA:74,0
DA:77,0
DA:79,0
DA:85,0
DA:129,0
DA:155,0
DA:163,0
DA:176,0
DA:178,0
DA:182,0
LF:36
LH:0
BRDA:32,0,0,0
BRDA:32,0,1,0
BRDA:32,1,0,0
BRDA:32,1,1,0
BRDA:35,2,0,0
BRDA:35,2,1,0
BRDA:49,3,0,0
BRDA:49,3,1,0
BRDA:65,4,0,0
BRDA:65,4,1,0
BRDA:69,5,0,0
BRDA:69,5,1,0
BRDA:73,6,0,0
BRDA:73,6,1,0
BRDA:91,7,0,0
BRDA:91,7,1,0
BRDA:106,8,0,0
BRDA:106,8,1,0
BRDA:109,9,0,0
BRDA:109,9,1,0
BRDA:128,10,0,0
BRDA:128,10,1,0
BRDA:135,11,0,0
BRDA:135,11,1,0
BRDA:147,12,0,0
BRDA:147,12,1,0
BRDA:148,13,0,0
BRDA:148,13,1,0
BRDA:154,14,0,0
BRDA:154,14,1,0
BRDA:162,15,0,0
BRDA:162,15,1,0
BRDA:171,16,0,0
BRDA:171,16,1,0
BRDA:171,16,2,0
BRDA:182,17,0,0
BRDA:182,17,1,0
BRF:37
BRH:0
end_of_record
TN:
SF:src\pages\LoginPage.jsx
FN:9,(anonymous_0)
FN:21,(anonymous_1)
FN:24,(anonymous_2)
FN:30,(anonymous_3)
FN:76,(anonymous_4)
FNF:5
FNH:0
FNDA:0,(anonymous_0)
FNDA:0,(anonymous_1)
FNDA:0,(anonymous_2)
FNDA:0,(anonymous_3)
FNDA:0,(anonymous_4)
DA:9,0
DA:12,0
DA:16,0
DA:17,0
DA:18,0
DA:19,0
DA:21,0
DA:22,0
DA:24,0
DA:30,0
DA:31,0
DA:32,0
DA:33,0
DA:34,0
DA:36,0
DA:37,0
DA:38,0
DA:40,0
DA:41,0
DA:42,0
DA:43,0
DA:46,0
DA:48,0
DA:49,0
DA:51,0
DA:52,0
DA:54,0
DA:55,0
DA:57,0
DA:58,0
DA:60,0
DA:63,0
DA:64,0
DA:66,0
DA:70,0
DA:76,0
LF:36
LH:0
BRDA:40,0,0,0
BRDA:40,0,1,0
BRDA:40,1,0,0
BRDA:40,1,1,0
BRDA:46,2,0,0
BRDA:46,2,1,0
BRDA:46,2,2,0
BRDA:46,2,3,0
BRDA:46,2,4,0
BRDA:64,3,0,0
BRDA:64,3,1,0
BRDA:80,4,0,0
BRDA:80,4,1,0
BRDA:109,5,0,0
BRDA:109,5,1,0
BRF:15
BRH:0
end_of_record
TN:
SF:src\pages\ParentChildManagementPage.jsx
FN:20,(anonymous_0)
FN:41,(anonymous_1)
FN:43,(anonymous_2)
FN:49,(anonymous_3)
FN:63,(anonymous_4)
FN:88,(anonymous_5)
FN:96,(anonymous_6)
FN:104,(anonymous_7)
FN:120,(anonymous_8)
FN:125,(anonymous_9)
FN:131,(anonymous_10)
FN:157,(anonymous_11)
FN:205,(anonymous_12)
FN:223,(anonymous_13)
FN:239,(anonymous_14)
FN:273,(anonymous_15)
FN:279,(anonymous_16)
FN:296,(anonymous_17)
FNF:18
FNH:1
FNDA:33,(anonymous_0)
FNDA:0,(anonymous_1)
FNDA:0,(anonymous_2)
FNDA:0,(anonymous_3)
FNDA:0,(anonymous_4)
FNDA:0,(anonymous_5)
FNDA:0,(anonymous_6)
FNDA:0,(anonymous_7)
FNDA:0,(anonymous_8)
FNDA:0,(anonymous_9)
FNDA:0,(anonymous_10)
FNDA:0,(anonymous_11)
FNDA:0,(anonymous_12)
FNDA:0,(anonymous_13)
FNDA:0,(anonymous_14)
FNDA:0,(anonymous_15)
FNDA:0,(anonymous_16)
FNDA:0,(anonymous_17)
DA:20,1
DA:21,33
DA:22,0
DA:23,0
DA:24,0
DA:25,0
DA:27,0
DA:28,0
DA:34,0
DA:35,0
DA:41,0
DA:42,0
DA:43,0
DA:49,0
DA:50,0
DA:53,0
DA:54,0
DA:58,0
DA:61,0
DA:63,0
DA:65,0
DA:73,0
DA:74,0
DA:75,0
DA:76,0
DA:81,0
DA:88,0
DA:89,0
DA:96,0
DA:97,0
DA:104,0
DA:105,0
DA:106,0
DA:107,0
DA:111,0
DA:113,0
DA:120,0
DA:121,0
DA:125,0
DA:126,0
DA:127,0
DA:131,0
DA:132,0
DA:133,0
DA:134,0
DA:135,0
DA:137,0
DA:138,0
DA:141,0
DA:144,0
DA:145,0
DA:148,0
DA:149,0
DA:152,0
DA:157,0
DA:206,0
DA:223,0
DA:240,0
DA:273,0
DA:279,0
DA:296,0
LF:61
LH:2
BRDA:22,0,0,0
BRDA:23,1,0,0
BRDA:53,2,0,0
BRDA:53,2,1,0
BRDA:53,3,0,0
BRDA:53,3,1,0
BRDA:53,3,2,0
BRDA:63,4,0,0
BRDA:63,4,1,0
BRDA:137,5,0,0
BRDA:137,5,1,0
BRDA:137,6,0,0
BRDA:137,6,1,0
BRDA:137,6,2,0
BRDA:144,7,0,0
BRDA:144,7,1,0
BRDA:148,8,0,0
BRDA:148,8,1,0
BRDA:158,9,0,0
BRDA:158,9,1,0
BRDA:164,10,0,0
BRDA:164,10,1,0
BRDA:173,11,0,0
BRDA:173,11,1,0
BRDA:206,12,0,0
BRDA:206,12,1,0
BRDA:206,13,0,0
BRDA:206,13,1,0
BRDA:218,14,0,0
BRDA:218,14,1,0
BRDA:234,15,0,0
BRDA:234,15,1,0
BRDA:240,16,0,0
BRDA:240,16,1,0
BRDA:258,17,0,0
BRDA:258,17,1,0
BRDA:258,18,0,0
BRDA:258,18,1,0
BRDA:264,19,0,0
BRDA:264,19,1,0
BRDA:264,20,0,0
BRDA:264,20,1,0
BRDA:273,21,0,0
BRDA:273,21,1,0
BRDA:279,22,0,0
BRDA:279,22,1,0
BRDA:282,23,0,0
BRDA:282,23,1,0
BRDA:282,24,0,0
BRDA:282,24,1,0
BRF:50
BRH:0
end_of_record
TN:
SF:src\pages\ParentDashboardPage.jsx
FN:15,(anonymous_0)
FN:22,(anonymous_1)
FN:47,(anonymous_2)
FN:60,(anonymous_3)
FN:71,(anonymous_4)
FN:74,(anonymous_5)
FN:77,(anonymous_6)
FN:90,(anonymous_7)
FN:109,(anonymous_8)
FN:122,(anonymous_9)
FN:134,(anonymous_10)
FN:146,(anonymous_11)
FN:158,(anonymous_12)
FN:171,(anonymous_13)
FN:176,(anonymous_14)
FNF:15
FNH:0
FNDA:0,(anonymous_0)
FNDA:0,(anonymous_1)
FNDA:0,(anonymous_2)
FNDA:0,(anonymous_3)
FNDA:0,(anonymous_4)
FNDA:0,(anonymous_5)
FNDA:0,(anonymous_6)
FNDA:0,(anonymous_7)
FNDA:0,(anonymous_8)
FNDA:0,(anonymous_9)
FNDA:0,(anonymous_10)
FNDA:0,(anonymous_11)
FNDA:0,(anonymous_12)
FNDA:0,(anonymous_13)
FNDA:0,(anonymous_14)
DA:15,0
DA:16,0
DA:17,0
DA:20,0
DA:22,0
DA:25,0
DA:26,0
DA:29,0
DA:30,0
DA:33,0
DA:47,0
DA:60,0
DA:71,0
DA:74,0
DA:77,0
DA:91,0
DA:110,0
DA:122,0
DA:134,0
DA:146,0
DA:158,0
DA:159,0
DA:160,0
DA:161,0
DA:162,0
DA:164,0
DA:165,0
DA:168,0
DA:171,0
DA:172,0
DA:173,0
DA:176,0
DA:177,0
DA:179,0
DA:181,0
DA:183,0
LF:36
LH:0
BRDA:17,0,0,0
BRDA:22,1,0,0
BRDA:22,1,1,0
BRDA:25,2,0,0
BRDA:25,2,1,0
BRDA:29,3,0,0
BRDA:29,3,1,0
BRDA:86,4,0,0
BRDA:86,4,1,0
BRDA:91,5,0,0
BRDA:91,5,1,0
BRDA:101,6,0,0
BRDA:101,6,1,0
BRDA:107,7,0,0
BRDA:107,7,1,0
BRDA:107,8,0,0
BRDA:107,8,1,0
BRDA:110,9,0,0
BRDA:110,9,1,0
BRDA:118,10,0,0
BRDA:118,10,1,0
BRDA:122,11,0,0
BRDA:122,11,1,0
BRDA:134,12,0,0
BRDA:134,12,1,0
BRDA:148,13,0,0
BRDA:148,13,1,0
BRDA:164,14,0,0
BRDA:164,14,1,0
BRDA:164,15,0,0
BRDA:164,15,1,0
BRDA:164,15,2,0
BRDA:177,16,0,0
BRDA:177,16,1,0
BRDA:177,16,2,0
BRF:35
BRH:0
end_of_record
TN:
SF:src\pages\PlayerDashboardPage.jsx
FN:15,(anonymous_0)
FN:22,(anonymous_1)
FN:24,(anonymous_2)
FN:29,(anonymous_3)
FN:35,(anonymous_4)
FN:40,(anonymous_5)
FN:46,(anonymous_6)
FN:67,(anonymous_7)
FN:68,(anonymous_8)
FN:84,(anonymous_9)
FN:108,(anonymous_10)
FN:111,(anonymous_11)
FN:114,(anonymous_12)
FN:127,(anonymous_13)
FN:143,(anonymous_14)
FN:153,(anonymous_15)
FN:167,(anonymous_16)
FN:172,(anonymous_17)
FN:173,(anonymous_18)
FN:175,(anonymous_19)
FNF:20
FNH:0
FNDA:0,(anonymous_0)
FNDA:0,(anonymous_1)
FNDA:0,(anonymous_2)
FNDA:0,(anonymous_3)
FNDA:0,(anonymous_4)
FNDA:0,(anonymous_5)
FNDA:0,(anonymous_6)
FNDA:0,(anonymous_7)
FNDA:0,(anonymous_8)
FNDA:0,(anonymous_9)
FNDA:0,(anonymous_10)
FNDA:0,(anonymous_11)
FNDA:0,(anonymous_12)
FNDA:0,(anonymous_13)
FNDA:0,(anonymous_14)
FNDA:0,(anonymous_15)
FNDA:0,(anonymous_16)
FNDA:0,(anonymous_17)
FNDA:0,(anonymous_18)
FNDA:0,(anonymous_19)
DA:15,0
DA:16,0
DA:17,0
DA:20,0
DA:22,0
DA:24,0
DA:29,0
DA:30,0
DA:31,0
DA:35,0
DA:36,0
DA:40,0
DA:41,0
DA:42,0
DA:46,0
DA:47,0
DA:49,0
DA:51,0
DA:53,0
DA:57,0
DA:58,0
DA:61,0
DA:62,0
DA:66,0
DA:67,0
DA:68,0
DA:70,0
DA:84,0
DA:108,0
DA:111,0
DA:114,0
DA:128,0
DA:143,0
DA:153,0
DA:167,0
DA:172,0
DA:173,0
DA:176,0
LF:38
LH:0
BRDA:17,0,0,0
BRDA:23,1,0,0
BRDA:23,1,1,0
BRDA:41,2,0,0
BRDA:41,2,1,0
BRDA:47,3,0,0
BRDA:47,3,1,0
BRDA:47,3,2,0
BRDA:57,4,0,0
BRDA:57,4,1,0
BRDA:61,5,0,0
BRDA:61,5,1,0
BRDA:123,6,0,0
BRDA:123,6,1,0
BRDA:128,7,0,0
BRDA:128,7,1,0
BRDA:143,8,0,0
BRDA:143,8,1,0
BRDA:149,9,0,0
BRDA:149,9,1,0
BRDA:167,10,0,0
BRDA:167,10,1,0
BRDA:176,11,0,0
BRDA:176,11,1,0
BRF:24
BRH:0
end_of_record
TN:
SF:src\pages\PlayerManagementPage.jsx
FN:16,(anonymous_0)
FN:40,(anonymous_1)
FN:42,(anonymous_2)
FN:48,(anonymous_3)
FN:55,(anonymous_4)
FN:57,(anonymous_5)
FN:63,(anonymous_6)
FN:65,(anonymous_7)
FN:65,(anonymous_8)
FN:67,(anonymous_9)
FN:71,(anonymous_10)
FN:106,(anonymous_11)
FN:122,(anonymous_12)
FN:127,(anonymous_13)
FN:142,(anonymous_14)
FN:148,(anonymous_15)
FN:174,(anonymous_16)
FN:223,(anonymous_17)
FN:227,(anonymous_18)
FN:245,(anonymous_19)
FN:279,(anonymous_20)
FN:302,(anonymous_21)
FN:336,(anonymous_22)
FN:347,(anonymous_23)
FN:353,(anonymous_24)
FNF:25
FNH:0
FNDA:0,(anonymous_0)
FNDA:0,(anonymous_1)
FNDA:0,(anonymous_2)
FNDA:0,(anonymous_3)
FNDA:0,(anonymous_4)
FNDA:0,(anonymous_5)
FNDA:0,(anonymous_6)
FNDA:0,(anonymous_7)
FNDA:0,(anonymous_8)
FNDA:0,(anonymous_9)
FNDA:0,(anonymous_10)
FNDA:0,(anonymous_11)
FNDA:0,(anonymous_12)
FNDA:0,(anonymous_13)
FNDA:0,(anonymous_14)
FNDA:0,(anonymous_15)
FNDA:0,(anonymous_16)
FNDA:0,(anonymous_17)
FNDA:0,(anonymous_18)
FNDA:0,(anonymous_19)
FNDA:0,(anonymous_20)
FNDA:0,(anonymous_21)
FNDA:0,(anonymous_22)
FNDA:0,(anonymous_23)
FNDA:0,(anonymous_24)
DA:16,0
DA:17,0
DA:18,0
DA:19,0
DA:20,0
DA:21,0
DA:23,0
DA:28,0
DA:29,0
DA:36,0
DA:38,0
DA:40,0
DA:41,0
DA:42,0
DA:48,0
DA:49,0
DA:55,0
DA:56,0
DA:57,0
DA:63,0
DA:64,0
DA:65,0
DA:67,0
DA:71,0
DA:72,0
DA:75,0
DA:76,0
DA:80,0
DA:83,0
DA:84,0
DA:90,0
DA:91,0
DA:92,0
DA:93,0
DA:94,0
DA:99,0
DA:106,0
DA:108,0
DA:109,0
DA:110,0
DA:115,0
DA:122,0
DA:123,0
DA:127,0
DA:129,0
DA:130,0
DA:134,0
DA:135,0
DA:138,0
DA:142,0
DA:143,0
DA:144,0
DA:148,0
DA:149,0
DA:150,0
DA:151,0
DA:152,0
DA:154,0
DA:155,0
DA:158,0
DA:161,0
DA:162,0
DA:165,0
DA:166,0
DA:169,0
DA:174,0
DA:224,0
DA:227,0
DA:245,0
DA:280,0
DA:303,0
DA:337,0
DA:347,0
DA:353,0
LF:74
LH:0
BRDA:18,0,0,0
BRDA:19,1,0,0
BRDA:64,2,0,0
BRDA:64,2,1,0
BRDA:75,3,0,0
BRDA:75,3,1,0
BRDA:75,4,0,0
BRDA:75,4,1,0
BRDA:129,5,0,0
BRDA:129,5,1,0
BRDA:129,6,0,0
BRDA:129,6,1,0
BRDA:134,7,0,0
BRDA:134,7,1,0
BRDA:134,8,0,0
BRDA:134,8,1,0
BRDA:154,9,0,0
BRDA:154,9,1,0
BRDA:154,10,0,0
BRDA:154,10,1,0
BRDA:154,10,2,0
BRDA:161,11,0,0
BRDA:161,11,1,0
BRDA:165,12,0,0
BRDA:165,12,1,0
BRDA:175,13,0,0
BRDA:175,13,1,0
BRDA:181,14,0,0
BRDA:181,14,1,0
BRDA:190,15,0,0
BRDA:190,15,1,0
BRDA:225,16,0,0
BRDA:225,16,1,0
BRDA:225,16,2,0
BRDA:226,17,0,0
BRDA:226,17,1,0
BRDA:226,18,0,0
BRDA:226,18,1,0
BRDA:227,19,0,0
BRDA:227,19,1,0
BRDA:229,20,0,0
BRDA:229,20,1,0
BRDA:240,21,0,0
BRDA:240,21,1,0
BRDA:280,22,0,0
BRDA:280,22,1,0
BRDA:280,22,2,0
BRDA:280,23,0,0
BRDA:280,23,1,0
BRDA:281,24,0,0
BRDA:281,24,1,0
BRDA:297,25,0,0
BRDA:297,25,1,0
BRDA:303,26,0,0
BRDA:303,26,1,0
BRDA:320,27,0,0
BRDA:320,27,1,0
BRDA:327,28,0,0
BRDA:327,28,1,0
BRDA:329,29,0,0
BRDA:329,29,1,0
BRDA:336,30,0,0
BRDA:336,30,1,0
BRDA:347,31,0,0
BRDA:347,31,1,0
BRDA:353,32,0,0
BRDA:353,32,1,0
BRDA:356,33,0,0
BRDA:356,33,1,0
BRDA:356,34,0,0
BRDA:356,34,1,0
BRF:71
BRH:0
end_of_record
TN:
SF:src\pages\SignupPage.jsx
FN:9,(anonymous_0)
FN:22,(anonymous_1)
FN:24,(anonymous_2)
FN:30,(anonymous_3)
FN:44,(anonymous_4)
FNF:5
FNH:0
FNDA:0,(anonymous_0)
FNDA:0,(anonymous_1)
FNDA:0,(anonymous_2)
FNDA:0,(anonymous_3)
FNDA:0,(anonymous_4)
DA:9,0
DA:10,0
DA:17,0
DA:18,0
DA:19,0
DA:20,0
DA:22,0
DA:23,0
DA:24,0
DA:30,0
DA:31,0
DA:32,0
DA:33,0
DA:36,0
DA:37,0
DA:38,0
DA:41,0
DA:44,0
DA:45,0
DA:46,0
DA:48,0
DA:49,0
DA:52,0
DA:54,0
DA:56,0
DA:58,0
DA:61,0
DA:63,0
DA:64,0
DA:66,0
DA:67,0
DA:69,0
DA:70,0
DA:72,0
DA:73,0
DA:75,0
DA:78,0
DA:80,0
DA:84,0
LF:39
LH:0
BRDA:31,0,0,0
BRDA:31,0,1,0
BRDA:36,1,0,0
BRDA:36,1,1,0
BRDA:48,2,0,0
BRDA:48,2,1,0
BRDA:61,3,0,0
BRDA:61,3,1,0
BRDA:61,3,2,0
BRDA:61,3,3,0
BRDA:61,3,4,0
BRDA:78,4,0,0
BRDA:78,4,1,0
BRDA:88,5,0,0
BRDA:88,5,1,0
BRDA:163,6,0,0
BRDA:163,6,1,0
BRF:17
BRH:0
end_of_record
TN:
SF:src\pages\TagManagementPage.jsx
FN:4,(anonymous_0)
FN:8,(anonymous_1)
FN:12,(anonymous_2)
FN:24,(anonymous_3)
FN:40,(anonymous_4)
FN:46,(anonymous_5)
FN:60,(anonymous_6)
FN:65,(anonymous_7)
FN:68,(anonymous_8)
FNF:9
FNH:0
FNDA:0,(anonymous_0)
FNDA:0,(anonymous_1)
FNDA:0,(anonymous_2)
FNDA:0,(anonymous_3)
FNDA:0,(anonymous_4)
FNDA:0,(anonymous_5)
FNDA:0,(anonymous_6)
FNDA:0,(anonymous_7)
FNDA:0,(anonymous_8)
DA:4,0
DA:5,0
DA:6,0
DA:8,0
DA:9,0
DA:12,0
DA:13,0
DA:14,0
DA:15,0
DA:18,0
DA:20,0
DA:24,0
DA:25,0
DA:26,0
DA:27,0
DA:28,0
DA:33,0
DA:34,0
DA:36,0
DA:40,0
DA:41,0
DA:42,0
DA:43,0
DA:46,0
DA:48,0
DA:52,0
DA:60,0
DA:66,0
DA:68,0
LF:29
LH:0
BRDA:20,0,0,0
BRDA:20,0,1,0
BRDA:25,1,0,0
BRDA:25,1,1,0
BRDA:36,2,0,0
BRDA:36,2,1,0
BRDA:48,3,0,0
BRDA:48,3,1,0
BRF:8
BRH:0
end_of_record
TN:
SF:src\pages\TeamDetailPage.jsx
FN:17,(anonymous_0)
FN:52,(anonymous_1)
FN:72,(anonymous_2)
FN:74,(anonymous_3)
FN:77,(anonymous_4)
FN:79,(anonymous_5)
FN:84,(anonymous_6)
FN:92,(anonymous_7)
FN:99,(anonymous_8)
FN:101,(anonymous_9)
FN:107,(anonymous_10)
FN:124,(anonymous_11)
FN:135,(anonymous_12)
FN:142,(anonymous_13)
FN:143,(anonymous_14)
FN:145,(anonymous_15)
FN:149,(anonymous_16)
FN:153,(anonymous_17)
FN:186,(anonymous_18)
FN:219,(anonymous_19)
FN:252,(anonymous_20)
FN:267,(anonymous_21)
FN:289,(anonymous_22)
FN:337,(anonymous_23)
FN:340,(anonymous_24)
FN:365,(anonymous_25)
FN:381,(anonymous_26)
FN:388,(anonymous_27)
FN:432,(anonymous_28)
FN:443,(anonymous_29)
FN:448,(anonymous_30)
FN:468,(anonymous_31)
FN:496,(anonymous_32)
FN:513,(anonymous_33)
FN:534,(anonymous_34)
FN:542,(anonymous_35)
FN:549,(anonymous_36)
FN:570,(anonymous_37)
FN:580,(anonymous_38)
FN:603,(anonymous_39)
FN:624,(anonymous_40)
FN:632,(anonymous_41)
FN:639,(anonymous_42)
FN:660,(anonymous_43)
FN:670,(anonymous_44)
FN:693,(anonymous_45)
FNF:46
FNH:0
FNDA:0,(anonymous_0)
FNDA:0,(anonymous_1)
FNDA:0,(anonymous_2)
FNDA:0,(anonymous_3)
FNDA:0,(anonymous_4)
FNDA:0,(anonymous_5)
FNDA:0,(anonymous_6)
FNDA:0,(anonymous_7)
FNDA:0,(anonymous_8)
FNDA:0,(anonymous_9)
FNDA:0,(anonymous_10)
FNDA:0,(anonymous_11)
FNDA:0,(anonymous_12)
FNDA:0,(anonymous_13)
FNDA:0,(anonymous_14)
FNDA:0,(anonymous_15)
FNDA:0,(anonymous_16)
FNDA:0,(anonymous_17)
FNDA:0,(anonymous_18)
FNDA:0,(anonymous_19)
FNDA:0,(anonymous_20)
FNDA:0,(anonymous_21)
FNDA:0,(anonymous_22)
FNDA:0,(anonymous_23)
FNDA:0,(anonymous_24)
FNDA:0,(anonymous_25)
FNDA:0,(anonymous_26)
FNDA:0,(anonymous_27)
FNDA:0,(anonymous_28)
FNDA:0,(anonymous_29)
FNDA:0,(anonymous_30)
FNDA:0,(anonymous_31)
FNDA:0,(anonymous_32)
FNDA:0,(anonymous_33)
FNDA:0,(anonymous_34)
FNDA:0,(anonymous_35)
FNDA:0,(anonymous_36)
FNDA:0,(anonymous_37)
FNDA:0,(anonymous_38)
FNDA:0,(anonymous_39)
FNDA:0,(anonymous_40)
FNDA:0,(anonymous_41)
FNDA:0,(anonymous_42)
FNDA:0,(anonymous_43)
FNDA:0,(anonymous_44)
FNDA:0,(anonymous_45)
DA:17,0
DA:18,0
DA:19,0
DA:20,0
DA:21,0
DA:22,0
DA:23,0
DA:24,0
DA:25,0
DA:27,0
DA:28,0
DA:29,0
DA:30,0
DA:31,0
DA:34,0
DA:35,0
DA:36,0
DA:37,0
DA:38,0
DA:39,0
DA:42,0
DA:52,0
DA:53,0
DA:54,0
DA:59,0
DA:60,0
DA:68,0
DA:69,0
DA:72,0
DA:73,0
DA:74,0
DA:77,0
DA:78,0
DA:79,0
DA:83,0
DA:85,0
DA:91,0
DA:93,0
DA:99,0
DA:100,0
DA:101,0
DA:107,0
DA:108,0
DA:109,0
DA:110,0
DA:111,0
DA:116,0
DA:117,0
DA:124,0
DA:125,0
DA:127,0
DA:128,0
DA:132,0
DA:135,0
DA:139,0
DA:142,0
DA:143,0
DA:145,0
DA:149,0
DA:150,0
DA:153,0
DA:154,0
DA:155,0
DA:159,0
DA:162,0
DA:164,0
DA:169,0
DA:170,0
DA:171,0
DA:173,0
DA:178,0
DA:179,0
DA:186,0
DA:187,0
DA:188,0
DA:192,0
DA:195,0
DA:197,0
DA:202,0
DA:203,0
DA:204,0
DA:206,0
DA:211,0
DA:212,0
DA:219,0
DA:220,0
DA:223,0
DA:224,0
DA:228,0
DA:229,0
DA:231,0
DA:233,0
DA:235,0
DA:237,0
DA:239,0
DA:241,0
DA:243,0
DA:248,0
DA:252,0
DA:253,0
DA:254,0
DA:261,0
DA:262,0
DA:267,0
DA:279,0
DA:280,0
DA:281,0
DA:282,0
DA:284,0
DA:289,0
DA:337,0
DA:340,0
DA:356,0
DA:359,0
DA:360,0
DA:365,0
DA:376,0
DA:381,0
DA:388,0
DA:432,0
DA:444,0
DA:448,0
DA:469,0
DA:470,0
DA:497,0
DA:514,0
DA:515,0
DA:516,0
DA:534,0
DA:542,0
DA:550,0
DA:571,0
DA:582,0
DA:604,0
DA:605,0
DA:606,0
DA:624,0
DA:632,0
DA:640,0
DA:661,0
DA:672,0
DA:695,0
LF:142
LH:0
BRDA:22,0,0,0
BRDA:53,1,0,0
BRDA:53,1,1,0
BRDA:57,2,0,0
BRDA:57,2,1,0
BRDA:59,3,0,0
BRDA:59,3,1,0
BRDA:63,4,0,0
BRDA:63,4,1,0
BRDA:68,5,0,0
BRDA:68,5,1,0
BRDA:69,6,0,0
BRDA:69,6,1,0
BRDA:69,6,2,0
BRDA:73,7,0,0
BRDA:73,7,1,0
BRDA:73,7,2,0
BRDA:74,8,0,0
BRDA:74,8,1,0
BRDA:74,9,0,0
BRDA:74,9,1,0
BRDA:78,10,0,0
BRDA:78,10,1,0
BRDA:79,11,0,0
BRDA:79,11,1,0
BRDA:79,12,0,0
BRDA:79,12,1,0
BRDA:83,13,0,0
BRDA:83,13,1,0
BRDA:85,14,0,0
BRDA:85,14,1,0
BRDA:85,14,2,0
BRDA:91,15,0,0
BRDA:91,15,1,0
BRDA:93,16,0,0
BRDA:93,16,1,0
BRDA:93,16,2,0
BRDA:125,17,0,0
BRDA:125,17,1,0
BRDA:127,18,0,0
BRDA:127,18,1,0
BRDA:154,19,0,0
BRDA:154,19,1,0
BRDA:187,20,0,0
BRDA:187,20,1,0
BRDA:220,21,0,0
BRDA:220,21,1,0
BRDA:223,22,0,0
BRDA:223,22,1,0
BRDA:228,23,0,0
BRDA:228,23,1,0
BRDA:231,24,0,0
BRDA:231,24,1,0
BRDA:231,24,2,0
BRDA:231,24,3,0
BRDA:231,24,4,0
BRDA:231,24,5,0
BRDA:243,25,0,0
BRDA:243,25,1,0
BRDA:248,26,0,0
BRDA:248,26,1,0
BRDA:261,27,0,0
BRDA:261,27,1,0
BRDA:279,28,0,0
BRDA:279,28,1,0
BRDA:279,29,0,0
BRDA:279,29,1,0
BRDA:301,30,0,0
BRDA:301,30,1,0
BRDA:319,31,0,0
BRDA:319,31,1,0
BRDA:343,32,0,0
BRDA:343,32,1,0
BRDA:356,33,0,0
BRDA:356,33,1,0
BRDA:359,34,0,0
BRDA:359,34,1,0
BRDA:385,35,0,0
BRDA:385,35,1,0
BRDA:386,36,0,0
BRDA:386,36,1,0
BRDA:386,36,2,0
BRDA:386,36,3,0
BRDA:395,37,0,0
BRDA:395,37,1,0
BRDA:406,38,0,0
BRDA:406,38,1,0
BRDA:406,39,0,0
BRDA:406,39,1,0
BRDA:454,40,0,0
BRDA:454,40,1,0
BRDA:464,41,0,0
BRDA:464,41,1,0
BRDA:473,42,0,0
BRDA:473,42,1,0
BRDA:495,43,0,0
BRDA:495,43,1,0
BRDA:495,44,0,0
BRDA:495,44,1,0
BRDA:511,45,0,0
BRDA:511,45,1,0
BRDA:511,45,2,0
BRDA:520,46,0,0
BRDA:520,46,1,0
BRDA:525,47,0,0
BRDA:525,47,1,0
BRDA:525,47,2,0
BRDA:546,48,0,0
BRDA:546,48,1,0
BRDA:550,49,0,0
BRDA:550,49,1,0
BRDA:550,50,0,0
BRDA:550,50,1,0
BRDA:551,51,0,0
BRDA:551,51,1,0
BRDA:551,51,2,0
BRDA:551,52,0,0
BRDA:551,52,1,0
BRDA:551,52,2,0
BRDA:551,53,0,0
BRDA:551,53,1,0
BRDA:551,53,2,0
BRDA:560,54,0,0
BRDA:560,54,1,0
BRDA:562,55,0,0
BRDA:562,55,1,0
BRDA:568,56,0,0
BRDA:568,56,1,0
BRDA:568,57,0,0
BRDA:568,57,1,0
BRDA:571,58,0,0
BRDA:571,58,1,0
BRDA:573,59,0,0
BRDA:573,59,1,0
BRDA:573,60,0,0
BRDA:573,60,1,0
BRDA:574,61,0,0
BRDA:574,61,1,0
BRDA:576,62,0,0
BRDA:576,62,1,0
BRDA:576,62,2,0
BRDA:601,63,0,0
BRDA:601,63,1,0
BRDA:601,63,2,0
BRDA:610,64,0,0
BRDA:610,64,1,0
BRDA:615,65,0,0
BRDA:615,65,1,0
BRDA:615,65,2,0
BRDA:636,66,0,0
BRDA:636,66,1,0
BRDA:640,67,0,0
BRDA:640,67,1,0
BRDA:640,68,0,0
BRDA:640,68,1,0
BRDA:641,69,0,0
BRDA:641,69,1,0
BRDA:641,69,2,0
BRDA:641,70,0,0
BRDA:641,70,1,0
BRDA:641,70,2,0
BRDA:641,71,0,0
BRDA:641,71,1,0
BRDA:641,71,2,0
BRDA:650,72,0,0
BRDA:650,72,1,0
BRDA:652,73,0,0
BRDA:652,73,1,0
BRDA:658,74,0,0
BRDA:658,74,1,0
BRDA:658,75,0,0
BRDA:658,75,1,0
BRDA:661,76,0,0
BRDA:661,76,1,0
BRDA:663,77,0,0
BRDA:663,77,1,0
BRDA:663,78,0,0
BRDA:663,78,1,0
BRDA:664,79,0,0
BRDA:664,79,1,0
BRDA:664,79,2,0
BRDA:666,80,0,0
BRDA:666,80,1,0
BRDA:666,80,2,0
BRDA:691,81,0,0
BRDA:691,81,1,0
BRDA:691,81,2,0
BRF:187
BRH:0
end_of_record
TN:
SF:src\pages\TeamManagementPage.jsx
FN:14,(anonymous_0)
FN:23,(anonymous_1)
FN:25,(anonymous_2)
FN:31,(anonymous_3)
FN:59,(anonymous_4)
FN:75,(anonymous_5)
FN:92,(anonymous_6)
FN:139,(anonymous_7)
FN:155,(anonymous_8)
FN:168,(anonymous_9)
FN:183,(anonymous_10)
FN:189,(anonymous_11)
FNF:12
FNH:0
FNDA:0,(anonymous_0)
FNDA:0,(anonymous_1)
FNDA:0,(anonymous_2)
FNDA:0,(anonymous_3)
FNDA:0,(anonymous_4)
FNDA:0,(anonymous_5)
FNDA:0,(anonymous_6)
FNDA:0,(anonymous_7)
FNDA:0,(anonymous_8)
FNDA:0,(anonymous_9)
FNDA:0,(anonymous_10)
FNDA:0,(anonymous_11)
DA:14,0
DA:15,0
DA:16,0
DA:17,0
DA:19,0
DA:20,0
DA:21,0
DA:23,0
DA:24,0
DA:25,0
DA:31,0
DA:32,0
DA:35,0
DA:36,0
DA:40,0
DA:43,0
DA:44,0
DA:45,0
DA:46,0
DA:47,0
DA:52,0
DA:59,0
DA:61,0
DA:62,0
DA:63,0
DA:68,0
DA:75,0
DA:76,0
DA:79,0
DA:80,0
DA:83,0
DA:84,0
DA:87,0
DA:92,0
DA:139,0
DA:156,0
DA:168,0
DA:183,0
DA:189,0
LF:39
LH:0
BRDA:15,0,0,0
BRDA:35,1,0,0
BRDA:35,1,1,0
BRDA:35,2,0,0
BRDA:35,2,1,0
BRDA:79,3,0,0
BRDA:79,3,1,0
BRDA:83,4,0,0
BRDA:83,4,1,0
BRDA:93,5,0,0
BRDA:93,5,1,0
BRDA:99,6,0,0
BRDA:99,6,1,0
BRDA:108,7,0,0
BRDA:108,7,1,0
BRDA:134,8,0,0
BRDA:134,8,1,0
BRDA:150,9,0,0
BRDA:150,9,1,0
BRDA:156,10,0,0
BRDA:156,10,1,0
BRDA:167,11,0,0
BRDA:167,11,1,0
BRDA:167,12,0,0
BRDA:167,12,1,0
BRDA:168,13,0,0
BRDA:168,13,1,0
BRDA:175,14,0,0
BRDA:175,14,1,0
BRDA:183,15,0,0
BRDA:183,15,1,0
BRDA:189,16,0,0
BRDA:189,16,1,0
BRDA:192,17,0,0
BRDA:192,17,1,0
BRDA:192,18,0,0
BRDA:192,18,1,0
BRF:37
BRH:0
end_of_record
TN:
SF:src\pages\TrainerDashboardPage.jsx
FN:16,(anonymous_0)
FN:24,(anonymous_1)
FN:27,(anonymous_2)
FN:39,(anonymous_3)
FN:45,(anonymous_4)
FN:59,(anonymous_5)
FN:60,(anonymous_6)
FN:76,(anonymous_7)
FN:89,(anonymous_8)
FN:113,(anonymous_9)
FN:116,(anonymous_10)
FN:119,(anonymous_11)
FN:132,(anonymous_12)
FN:150,(anonymous_13)
FN:160,(anonymous_14)
FN:179,(anonymous_15)
FN:180,(anonymous_16)
FN:182,(anonymous_17)
FN:196,(anonymous_18)
FN:202,(anonymous_19)
FNF:20
FNH:0
FNDA:0,(anonymous_0)
FNDA:0,(anonymous_1)
FNDA:0,(anonymous_2)
FNDA:0,(anonymous_3)
FNDA:0,(anonymous_4)
FNDA:0,(anonymous_5)
FNDA:0,(anonymous_6)
FNDA:0,(anonymous_7)
FNDA:0,(anonymous_8)
FNDA:0,(anonymous_9)
FNDA:0,(anonymous_10)
FNDA:0,(anonymous_11)
FNDA:0,(anonymous_12)
FNDA:0,(anonymous_13)
FNDA:0,(anonymous_14)
FNDA:0,(anonymous_15)
FNDA:0,(anonymous_16)
FNDA:0,(anonymous_17)
FNDA:0,(anonymous_18)
FNDA:0,(anonymous_19)
DA:16,0
DA:17,0
DA:18,0
DA:19,0
DA:22,0
DA:24,0
DA:27,0
DA:32,0
DA:35,0
DA:36,0
DA:39,0
DA:40,0
DA:41,0
DA:45,0
DA:46,0
DA:49,0
DA:50,0
DA:53,0
DA:54,0
DA:58,0
DA:59,0
DA:60,0
DA:62,0
DA:76,0
DA:89,0
DA:113,0
DA:116,0
DA:119,0
DA:133,0
DA:150,0
DA:160,0
DA:179,0
DA:180,0
DA:183,0
DA:196,0
DA:202,0
LF:36
LH:0
BRDA:18,0,0,0
BRDA:19,1,0,0
BRDA:26,2,0,0
BRDA:26,2,1,0
BRDA:27,3,0,0
BRDA:27,3,1,0
BRDA:32,4,0,0
BRDA:32,4,1,0
BRDA:35,5,0,0
BRDA:35,5,1,0
BRDA:36,6,0,0
BRDA:36,6,1,0
BRDA:49,7,0,0
BRDA:49,7,1,0
BRDA:53,8,0,0
BRDA:53,8,1,0
BRDA:128,9,0,0
BRDA:128,9,1,0
BRDA:133,10,0,0
BRDA:133,10,1,0
BRDA:144,11,0,0
BRDA:144,11,1,0
BRDA:150,12,0,0
BRDA:150,12,1,0
BRDA:156,13,0,0
BRDA:156,13,1,0
BRDA:174,14,0,0
BRDA:174,14,1,0
BRDA:179,15,0,0
BRDA:179,15,1,0
BRDA:180,16,0,0
BRDA:180,16,1,0
BRDA:180,17,0,0
BRDA:180,17,1,0
BRDA:183,18,0,0
BRDA:183,18,1,0
BRDA:186,19,0,0
BRDA:186,19,1,0
BRDA:190,20,0,0
BRDA:190,20,1,0
BRDA:196,21,0,0
BRDA:196,21,1,0
BRDA:196,22,0,0
BRDA:196,22,1,0
BRF:44
BRH:0
end_of_record
TN:
SF:src\pages\UserManagementPage.jsx
FN:14,(anonymous_0)
FN:24,(anonymous_1)
FN:26,(anonymous_2)
FN:32,(anonymous_3)
FN:60,(anonymous_4)
FN:76,(anonymous_5)
FN:91,(anonymous_6)
FN:108,(anonymous_7)
FN:182,(anonymous_8)
FN:211,(anonymous_9)
FN:218,(anonymous_10)
FN:233,(anonymous_11)
FN:240,(anonymous_12)
FNF:13
FNH:0
FNDA:0,(anonymous_0)
FNDA:0,(anonymous_1)
FNDA:0,(anonymous_2)
FNDA:0,(anonymous_3)
FNDA:0,(anonymous_4)
FNDA:0,(anonymous_5)
FNDA:0,(anonymous_6)
FNDA:0,(anonymous_7)
FNDA:0,(anonymous_8)
FNDA:0,(anonymous_9)
FNDA:0,(anonymous_10)
FNDA:0,(anonymous_11)
FNDA:0,(anonymous_12)
DA:14,0
DA:15,0
DA:16,0
DA:17,0
DA:18,0
DA:20,0
DA:21,0
DA:22,0
DA:24,0
DA:25,0
DA:26,0
DA:32,0
DA:33,0
DA:36,0
DA:37,0
DA:41,0
DA:44,0
DA:45,0
DA:46,0
DA:47,0
DA:48,0
DA:53,0
DA:60,0
DA:62,0
DA:63,0
DA:64,0
DA:69,0
DA:76,0
DA:77,0
DA:78,0
DA:79,0
DA:84,0
DA:91,0
DA:92,0
DA:95,0
DA:96,0
DA:99,0
DA:100,0
DA:103,0
DA:108,0
DA:182,0
DA:212,0
DA:218,0
DA:233,0
DA:240,0
LF:45
LH:0
BRDA:15,0,0,0
BRDA:36,1,0,0
BRDA:36,1,1,0
BRDA:36,2,0,0
BRDA:36,2,1,0
BRDA:36,2,2,0
BRDA:36,2,3,0
BRDA:95,3,0,0
BRDA:95,3,1,0
BRDA:99,4,0,0
BRDA:99,4,1,0
BRDA:109,5,0,0
BRDA:109,5,1,0
BRDA:115,6,0,0
BRDA:115,6,1,0
BRDA:124,7,0,0
BRDA:124,7,1,0
BRDA:177,8,0,0
BRDA:177,8,1,0
BRDA:204,9,0,0
BRDA:204,9,1,0
BRDA:212,10,0,0
BRDA:212,10,1,0
BRDA:218,11,0,0
BRDA:218,11,1,0
BRDA:233,12,0,0
BRDA:233,12,1,0
BRDA:240,13,0,0
BRDA:240,13,1,0
BRDA:243,14,0,0
BRDA:243,14,1,0
BRDA:243,15,0,0
BRDA:243,15,1,0
BRF:33
BRH:0
end_of_record
TN:
SF:src\pages\index.js
FN:4,(anonymous_0)
FNF:1
FNH:0
FNDA:0,(anonymous_0)
DA:2,0
DA:4,0
DA:5,0
DA:7,0
DA:8,0
DA:11,0
DA:14,0
DA:16,0
DA:17,0
DA:19,0
DA:20,0
DA:23,0
DA:24,0
DA:25,0
DA:29,0
DA:30,0
DA:33,0
DA:34,0
LF:18
LH:0
BRDA:7,0,0,0
BRDA:7,0,1,0
BRDA:19,1,0,0
BRDA:19,1,1,0
BRDA:23,2,0,0
BRDA:23,2,1,0
BRDA:29,3,0,0
BRDA:29,3,1,0
BRDA:33,4,0,0
BRDA:33,4,1,0
BRDA:33,5,0,0
BRDA:33,5,1,0
BRF:12
BRH:0
end_of_record
TN:
SF:src\pages\parentPaths.js
FN:4,parentPaths
FNF:1
FNH:0
FNDA:0,parentPaths
DA:3,0
DA:4,0
DA:5,0
DA:6,0
DA:8,0
DA:9,0
DA:10,0
DA:11,0
DA:12,0
DA:13,0
DA:14,0
DA:17,0
LF:12
LH:0
BRDA:5,0,0,0
BRDA:5,0,1,0
BRDA:13,1,0,0
BRDA:13,1,1,0
BRF:4
BRH:0
end_of_record
TN:
SF:src\pages\parentheses.js
FN:48,getBinaryPrecedence
FN:56,isTSTypeExpression
FN:59,(anonymous_2)
FN:63,(anonymous_3)
FN:67,NullableTypeAnnotation
FN:70,FunctionTypeAnnotation
FN:75,UpdateExpression
FN:78,needsParenBeforeExpressionBrace
FN:81,ObjectExpression
FN:84,DoExpression
FN:87,Binary
FN:107,UnionTypeAnnotation
FN:111,OptionalIndexedAccessType
FN:114,TSAsExpression
FN:123,TSConditionalType
FN:136,TSUnionType
FN:140,TSIntersectionType
FN:144,TSInferType
FN:156,TSTypeOperator
FN:160,TSInstantiationExpression
FN:164,TSFunctionType
FN:168,BinaryExpression
FN:171,SequenceExpression
FN:187,YieldExpression
FN:191,ClassExpression
FN:194,UnaryLike
FN:197,FunctionExpression
FN:200,ConditionalExpression
FN:207,OptionalMemberExpression
FN:210,AssignmentExpression
FN:217,LogicalExpression
FN:230,Identifier
FNF:32
FNH:0
FNDA:0,getBinaryPrecedence
FNDA:0,isTSTypeExpression
FNDA:0,(anonymous_2)
FNDA:0,(anonymous_3)
FNDA:0,NullableTypeAnnotation
FNDA:0,FunctionTypeAnnotation
FNDA:0,UpdateExpression
FNDA:0,needsParenBeforeExpressionBrace
FNDA:0,ObjectExpression
FNDA:0,DoExpression
FNDA:0,Binary
FNDA:0,UnionTypeAnnotation
FNDA:0,OptionalIndexedAccessType
FNDA:0,TSAsExpression
FNDA:0,TSConditionalType
FNDA:0,TSUnionType
FNDA:0,TSIntersectionType
FNDA:0,TSInferType
FNDA:0,TSTypeOperator
FNDA:0,TSInstantiationExpression
FNDA:0,TSFunctionType
FNDA:0,BinaryExpression
FNDA:0,SequenceExpression
FNDA:0,YieldExpression
FNDA:0,ClassExpression
FNDA:0,UnaryLike
FNDA:0,FunctionExpression
FNDA:0,ConditionalExpression
FNDA:0,OptionalMemberExpression
FNDA:0,AssignmentExpression
FNDA:0,LogicalExpression
FNDA:0,Identifier
DA:3,0
DA:6,0
DA:7,0
DA:8,0
DA:9,0
DA:10,0
DA:11,0
DA:12,0
DA:13,0
DA:14,0
DA:15,0
DA:16,0
DA:17,0
DA:18,0
DA:19,0
DA:20,0
DA:21,0
DA:22,0
DA:23,0
DA:24,0
DA:25,0
DA:26,0
DA:27,0
DA:28,0
DA:29,0
DA:30,0
DA:31,0
DA:32,0
DA:33,0
DA:34,0
DA:46,0
DA:47,0
DA:49,0
DA:50,0
DA:52,0
DA:53,0
DA:57,0
DA:59,0
DA:60,0
DA:61,0
DA:63,0
DA:64,0
DA:65,0
DA:68,0
DA:71,0
DA:72,0
DA:76,0
DA:79,0
DA:82,0
DA:85,0
DA:88,0
DA:89,0
DA:90,0
DA:92,0
DA:93,0
DA:95,0
DA:96,0
DA:98,0
DA:99,0
DA:100,0
DA:101,0
DA:102,0
DA:105,0
DA:108,0
DA:109,0
DA:112,0
DA:115,0
DA:116,0
DA:118,0
DA:119,0
DA:121,0
DA:124,0
DA:125,0
DA:126,0
DA:128,0
DA:129,0
DA:131,0
DA:132,0
DA:134,0
DA:137,0
DA:138,0
DA:141,0
DA:142,0
DA:145,0
DA:146,0
DA:147,0
DA:149,0
DA:150,0
DA:151,0
DA:154,0
DA:157,0
DA:158,0
DA:161,0
DA:162,0
DA:165,0
DA:166,0
DA:169,0
DA:172,0
DA:173,0
DA:174,0
DA:176,0
DA:177,0
DA:179,0
DA:180,0
DA:182,0
DA:183,0
DA:185,0
DA:188,0
DA:189,0
DA:192,0
DA:195,0
DA:198,0
DA:201,0
DA:202,0
DA:203,0
DA:205,0
DA:208,0
DA:211,0
DA:212,0
DA:214,0
DA:218,0
DA:219,0
DA:220,0
DA:221,0
DA:223,0
DA:225,0
DA:227,0
DA:232,0
DA:233,0
DA:234,0
DA:235,0
DA:236,0
DA:239,0
DA:240,0
DA:242,0
DA:243,0
DA:251,0
DA:252,0
DA:254,0
DA:256,0
LF:140
LH:0
BRDA:49,0,0,0
BRDA:49,0,1,0
BRDA:49,1,0,0
BRDA:49,1,1,0
BRDA:52,2,0,0
BRDA:52,2,1,0
BRDA:52,3,0,0
BRDA:52,3,1,0
BRDA:57,4,0,0
BRDA:57,4,1,0
BRDA:57,4,2,0
BRDA:61,5,0,0
BRDA:61,5,1,0
BRDA:61,5,2,0
BRDA:65,6,0,0
BRDA:65,6,1,0
BRDA:65,6,2,0
BRDA:65,6,3,0
BRDA:65,6,4,0
BRDA:65,6,5,0
BRDA:65,6,6,0
BRDA:65,6,7,0
BRDA:65,6,8,0
BRDA:65,6,9,0
BRDA:72,7,0,0
BRDA:72,7,1,0
BRDA:72,7,2,0
BRDA:72,7,3,0
BRDA:76,8,0,0
BRDA:76,8,1,0
BRDA:85,9,0,0
BRDA:85,9,1,0
BRDA:89,10,0,0
BRDA:89,10,1,0
BRDA:89,11,0,0
BRDA:89,11,1,0
BRDA:89,11,2,0
BRDA:89,11,3,0
BRDA:92,12,0,0
BRDA:92,12,1,0
BRDA:95,13,0,0
BRDA:95,13,1,0
BRDA:95,14,0,0
BRDA:95,14,1,0
BRDA:95,14,2,0
BRDA:95,14,3,0
BRDA:99,15,0,0
BRDA:99,15,1,0
BRDA:101,16,0,0
BRDA:101,16,1,0
BRDA:101,17,0,0
BRDA:101,17,1,0
BRDA:101,17,2,0
BRDA:101,17,3,0
BRDA:109,18,0,0
BRDA:109,18,1,0
BRDA:109,18,2,0
BRDA:109,18,3,0
BRDA:112,19,0,0
BRDA:112,19,1,0
BRDA:115,20,0,0
BRDA:115,20,1,0
BRDA:115,21,0,0
BRDA:115,21,1,0
BRDA:115,21,2,0
BRDA:118,22,0,0
BRDA:118,22,1,0
BRDA:118,23,0,0
BRDA:118,23,1,0
BRDA:118,23,2,0
BRDA:118,23,3,0
BRDA:125,24,0,0
BRDA:125,24,1,0
BRDA:125,25,0,0
BRDA:125,25,1,0
BRDA:125,25,2,0
BRDA:125,25,3,0
BRDA:125,25,4,0
BRDA:125,25,5,0
BRDA:128,26,0,0
BRDA:128,26,1,0
BRDA:128,27,0,0
BRDA:128,27,1,0
BRDA:128,27,2,0
BRDA:131,28,0,0
BRDA:131,28,1,0
BRDA:131,29,0,0
BRDA:131,29,1,0
BRDA:131,29,2,0
BRDA:138,30,0,0
BRDA:138,30,1,0
BRDA:138,30,2,0
BRDA:138,30,3,0
BRDA:138,30,4,0
BRDA:138,30,5,0
BRDA:142,31,0,0
BRDA:142,31,1,0
BRDA:142,31,2,0
BRDA:142,31,3,0
BRDA:142,31,4,0
BRDA:146,32,0,0
BRDA:146,32,1,0
BRDA:146,33,0,0
BRDA:146,33,1,0
BRDA:146,33,2,0
BRDA:146,33,3,0
BRDA:149,34,0,0
BRDA:149,34,1,0
BRDA:150,35,0,0
BRDA:150,35,1,0
BRDA:150,36,0,0
BRDA:150,36,1,0
BRDA:150,36,2,0
BRDA:158,37,0,0
BRDA:158,37,1,0
BRDA:158,37,2,0
BRDA:158,37,3,0
BRDA:162,38,0,0
BRDA:162,38,1,0
BRDA:162,38,2,0
BRDA:162,38,3,0
BRDA:162,38,4,0
BRDA:166,39,0,0
BRDA:166,39,1,0
BRDA:166,39,2,0
BRDA:166,39,3,0
BRDA:166,39,4,0
BRDA:166,39,5,0
BRDA:166,39,6,0
BRDA:166,39,7,0
BRDA:166,39,8,0
BRDA:166,39,9,0
BRDA:169,40,0,0
BRDA:169,40,1,0
BRDA:173,41,0,0
BRDA:173,41,1,0
BRDA:173,42,0,0
BRDA:173,42,1,0
BRDA:173,42,2,0
BRDA:173,42,3,0
BRDA:173,42,4,0
BRDA:173,42,5,0
BRDA:173,42,6,0
BRDA:176,43,0,0
BRDA:176,43,1,0
BRDA:179,44,0,0
BRDA:179,44,1,0
BRDA:182,45,0,0
BRDA:182,45,1,0
BRDA:189,46,0,0
BRDA:189,46,1,0
BRDA:189,46,2,0
BRDA:189,46,3,0
BRDA:189,46,4,0
BRDA:189,46,5,0
BRDA:189,46,6,0
BRDA:189,46,7,0
BRDA:189,46,8,0
BRDA:189,46,9,0
BRDA:189,46,10,0
BRDA:195,47,0,0
BRDA:195,47,1,0
BRDA:195,47,2,0
BRDA:195,47,3,0
BRDA:195,47,4,0
BRDA:202,48,0,0
BRDA:202,48,1,0
BRDA:202,49,0,0
BRDA:202,49,1,0
BRDA:202,49,2,0
BRDA:202,49,3,0
BRDA:202,49,4,0
BRDA:202,49,5,0
BRDA:202,49,6,0
BRDA:202,49,7,0
BRDA:208,50,0,0
BRDA:208,50,1,0
BRDA:208,50,2,0
BRDA:208,50,3,0
BRDA:211,51,0,0
BRDA:211,51,1,0
BRDA:211,52,0,0
BRDA:211,52,1,0
BRDA:219,53,0,0
BRDA:219,53,1,0
BRDA:220,54,0,0
BRDA:220,54,1,0
BRDA:221,55,0,0
BRDA:221,55,1,0
BRDA:221,55,2,0
BRDA:223,56,0,0
BRDA:223,56,1,0
BRDA:233,57,0,0
BRDA:233,57,1,0
BRDA:233,58,0,0
BRDA:233,58,1,0
BRDA:233,58,2,0
BRDA:233,58,3,0
BRDA:235,59,0,0
BRDA:235,59,1,0
BRDA:235,60,0,0
BRDA:235,60,1,0
BRDA:235,60,2,0
BRDA:239,61,0,0
BRDA:239,61,1,0
BRDA:239,62,0,0
BRDA:239,62,1,0
BRDA:242,63,0,0
BRDA:242,63,1,0
BRDA:243,64,0,0
BRDA:243,64,1,0
BRDA:251,65,0,0
BRDA:251,65,1,0
BRDA:251,66,0,0
BRDA:251,66,1,0
BRDA:256,67,0,0
BRDA:256,67,1,0
BRF:217
BRH:0
end_of_record
TN:
SF:src\services\api.js
FN:16,(anonymous_0)
FN:23,(anonymous_1)
FN:30,(anonymous_2)
FN:33,(anonymous_3)
FNF:4
FNH:0
FNDA:0,(anonymous_0)
FNDA:0,(anonymous_1)
FNDA:0,(anonymous_2)
FNDA:0,(anonymous_3)
DA:4,0
DA:7,0
DA:15,0
DA:17,0
DA:18,0
DA:19,0
DA:21,0
DA:24,0
DA:29,0
DA:31,0
DA:35,0
DA:36,0
DA:37,0
DA:38,0
DA:39,0
DA:41,0
LF:16
LH:0
BRDA:4,0,0,0
BRDA:4,0,1,0
BRDA:17,1,0,0
BRDA:17,1,1,0
BRDA:18,2,0,0
BRDA:18,2,1,0
BRDA:35,3,0,0
BRDA:35,3,1,0
BRDA:35,4,0,0
BRDA:35,4,1,0
BRF:10
BRH:0
end_of_record
TN:
SF:src\services\authService.js
FN:5,(anonymous_0)
FN:19,(anonymous_1)
FN:33,(anonymous_2)
FN:39,(anonymous_3)
FN:45,(anonymous_4)
FNF:5
FNH:0
FNDA:0,(anonymous_0)
FNDA:0,(anonymous_1)
FNDA:0,(anonymous_2)
FNDA:0,(anonymous_3)
FNDA:0,(anonymous_4)
DA:5,0
DA:6,0
DA:7,0
DA:9,0
DA:19,0
DA:20,0
DA:21,0
DA:23,0
DA:33,0
DA:34,0
DA:35,0
DA:39,0
DA:41,0
DA:45,0
DA:46,0
DA:47,0
LF:16
LH:0
BRF:0
BRH:0
end_of_record
TN:
SF:src\services\dashboardService.js
FN:8,(anonymous_0)
FN:18,(anonymous_1)
FN:28,(anonymous_2)
FN:39,(anonymous_3)
FNF:4
FNH:0
FNDA:0,(anonymous_0)
FNDA:0,(anonymous_1)
FNDA:0,(anonymous_2)
FNDA:0,(anonymous_3)
DA:3,0
DA:9,0
DA:10,0
DA:19,0
DA:20,0
DA:29,0
DA:30,0
DA:31,0
DA:40,0
DA:41,0
LF:10
LH:0
BRDA:18,0,0,0
BRDA:29,1,0,0
BRDA:29,1,1,0
BRF:3
BRH:0
end_of_record
TN:
SF:src\services\eventService.js
FN:8,(anonymous_0)
FN:17,(anonymous_1)
FN:27,(anonymous_2)
FN:37,(anonymous_3)
FN:47,(anonymous_4)
FN:58,(anonymous_5)
FN:68,(anonymous_6)
FN:79,(anonymous_7)
FN:90,(anonymous_8)
FN:102,(anonymous_9)
FN:114,(anonymous_10)
FNF:11
FNH:0
FNDA:0,(anonymous_0)
FNDA:0,(anonymous_1)
FNDA:0,(anonymous_2)
FNDA:0,(anonymous_3)
FNDA:0,(anonymous_4)
FNDA:0,(anonymous_5)
FNDA:0,(anonymous_6)
FNDA:0,(anonymous_7)
FNDA:0,(anonymous_8)
FNDA:0,(anonymous_9)
FNDA:0,(anonymous_10)
DA:3,0
DA:9,0
DA:10,0
DA:18,0
DA:19,0
DA:28,0
DA:29,0
DA:38,0
DA:39,0
DA:48,0
DA:49,0
DA:59,0
DA:60,0
DA:69,0
DA:70,0
DA:80,0
DA:81,0
DA:91,0
DA:92,0
DA:103,0
DA:104,0
DA:115,0
DA:116,0
LF:23
LH:0
BRF:0
BRH:0
end_of_record
TN:
SF:src\services\notificationService.js
FN:9,(anonymous_0)
FN:19,(anonymous_1)
FN:28,(anonymous_2)
FN:38,(anonymous_3)
FN:47,(anonymous_4)
FNF:5
FNH:0
FNDA:0,(anonymous_0)
FNDA:0,(anonymous_1)
FNDA:0,(anonymous_2)
FNDA:0,(anonymous_3)
FNDA:0,(anonymous_4)
DA:3,0
DA:10,0
DA:11,0
DA:20,0
DA:21,0
DA:29,0
DA:30,0
DA:39,0
DA:40,0
DA:48,0
DA:49,0
LF:11
LH:0
BRDA:9,0,0,0
BRF:1
BRH:0
end_of_record
TN:
SF:src\services\playerService.js
FN:8,(anonymous_0)
FN:18,(anonymous_1)
FN:28,(anonymous_2)
FN:38,(anonymous_3)
FN:49,(anonymous_4)
FN:59,(anonymous_5)
FN:69,(anonymous_6)
FN:80,(anonymous_7)
FN:91,(anonymous_8)
FNF:9
FNH:0
FNDA:0,(anonymous_0)
FNDA:0,(anonymous_1)
FNDA:0,(anonymous_2)
FNDA:0,(anonymous_3)
FNDA:0,(anonymous_4)
FNDA:0,(anonymous_5)
FNDA:0,(anonymous_6)
FNDA:0,(anonymous_7)
FNDA:0,(anonymous_8)
DA:3,0
DA:9,0
DA:10,0
DA:19,0
DA:20,0
DA:29,0
DA:30,0
DA:39,0
DA:40,0
DA:50,0
DA:51,0
DA:60,0
DA:61,0
DA:70,0
DA:71,0
DA:81,0
DA:82,0
DA:92,0
DA:93,0
LF:19
LH:0
BRF:0
BRH:0
end_of_record
TN:
SF:src\services\seriesService.js
FN:8,(anonymous_0)
FN:18,(anonymous_1)
FN:28,(anonymous_2)
FN:39,(anonymous_3)
FN:49,(anonymous_4)
FN:59,(anonymous_5)
FN:70,(anonymous_6)
FNF:7
FNH:0
FNDA:0,(anonymous_0)
FNDA:0,(anonymous_1)
FNDA:0,(anonymous_2)
FNDA:0,(anonymous_3)
FNDA:0,(anonymous_4)
FNDA:0,(anonymous_5)
FNDA:0,(anonymous_6)
DA:3,0
DA:9,0
DA:10,0
DA:19,0
DA:20,0
DA:29,0
DA:30,0
DA:40,0
DA:41,0
DA:50,0
DA:51,0
DA:60,0
DA:61,0
DA:71,0
DA:72,0
LF:15
LH:0
BRF:0
BRH:0
end_of_record
TN:
SF:src\services\tagService.js
FN:9,(anonymous_0)
FN:20,(anonymous_1)
FN:31,(anonymous_2)
FN:43,(anonymous_3)
FN:55,(anonymous_4)
FNF:5
FNH:0
FNDA:0,(anonymous_0)
FNDA:0,(anonymous_1)
FNDA:0,(anonymous_2)
FNDA:0,(anonymous_3)
FNDA:0,(anonymous_4)
DA:3,0
DA:10,0
DA:11,0
DA:21,0
DA:22,0
DA:32,0
DA:33,0
DA:44,0
DA:45,0
DA:56,0
DA:57,0
LF:11
LH:0
BRF:0
BRH:0
end_of_record
TN:
SF:src\services\teamService.js
FN:8,(anonymous_0)
FN:18,(anonymous_1)
FN:28,(anonymous_2)
FN:39,(anonymous_3)
FN:49,(anonymous_4)
FN:60,(anonymous_5)
FN:71,(anonymous_6)
FN:82,(anonymous_7)
FN:93,(anonymous_8)
FNF:9
FNH:0
FNDA:0,(anonymous_0)
FNDA:0,(anonymous_1)
FNDA:0,(anonymous_2)
FNDA:0,(anonymous_3)
FNDA:0,(anonymous_4)
FNDA:0,(anonymous_5)
FNDA:0,(anonymous_6)
FNDA:0,(anonymous_7)
FNDA:0,(anonymous_8)
DA:3,0
DA:9,0
DA:10,0
DA:19,0
DA:20,0
DA:29,0
DA:30,0
DA:40,0
DA:41,0
DA:50,0
DA:51,0
DA:61,0
DA:62,0
DA:72,0
DA:73,0
DA:83,0
DA:84,0
DA:94,0
DA:95,0
LF:19
LH:0
BRF:0
BRH:0
end_of_record
TN:
SF:src\services\userService.js
FN:8,(anonymous_0)
FN:18,(anonymous_1)
FN:28,(anonymous_2)
FN:39,(anonymous_3)
FN:49,(anonymous_4)
FN:60,(anonymous_5)
FN:71,(anonymous_6)
FNF:7
FNH:0
FNDA:0,(anonymous_0)
FNDA:0,(anonymous_1)
FNDA:0,(anonymous_2)
FNDA:0,(anonymous_3)
FNDA:0,(anonymous_4)
FNDA:0,(anonymous_5)
FNDA:0,(anonymous_6)
DA:3,0
DA:9,0
DA:10,0
DA:19,0
DA:20,0
DA:29,0
DA:30,0
DA:40,0
DA:41,0
DA:50,0
DA:51,0
DA:61,0
DA:62,0
DA:72,0
DA:73,0
LF:15
LH:0
BRF:0
BRH:0
end_of_record
TN:
SF:src\utils\ErrorBoundary.jsx
FN:8,(anonymous_0)
FN:13,(anonymous_1)
FN:18,(anonymous_2)
FN:26,(anonymous_3)
FN:38,(anonymous_4)
FNF:5
FNH:0
FNDA:0,(anonymous_0)
FNDA:0,(anonymous_1)
FNDA:0,(anonymous_2)
FNDA:0,(anonymous_3)
FNDA:0,(anonymous_4)
DA:9,0
DA:10,0
DA:15,0
DA:20,0
DA:21,0
DA:27,0
DA:29,0
DA:38,0
DA:56,0
LF:9
LH:0
BRDA:27,0,0,0
BRDA:27,0,1,0
BRDA:36,1,0,0
BRDA:36,1,1,0
BRDA:46,2,0,0
BRDA:46,2,1,0
BRDA:46,2,2,0
BRF:7
BRH:0
end_of_record
TN:
SF:src\utils\api.js
FN:14,(anonymous_0)
FN:21,(anonymous_1)
FN:26,(anonymous_2)
FN:27,(anonymous_3)
FNF:4
FNH:0
FNDA:0,(anonymous_0)
FNDA:0,(anonymous_1)
FNDA:0,(anonymous_2)
FNDA:0,(anonymous_3)
DA:3,0
DA:5,0
DA:13,0
DA:15,0
DA:16,0
DA:17,0
DA:19,0
DA:21,0
DA:25,0
DA:26,0
DA:29,0
DA:30,0
DA:31,0
DA:33,0
LF:14
LH:0
BRDA:3,0,0,0
BRDA:3,0,1,0
BRDA:16,1,0,0
BRDA:16,1,1,0
BRDA:29,2,0,0
BRDA:29,2,1,0
BRDA:29,3,0,0
BRDA:29,3,1,0
BRF:8
BRH:0
end_of_record
TN:
SF:src\utils\axios.js
FN:7,(anonymous_0)
FNF:1
FNH:0
FNDA:0,(anonymous_0)
DA:3,0
DA:7,0
DA:8,0
DA:9,0
DA:10,0
DA:12,0
LF:6
LH:0
BRDA:9,0,0,0
BRDA:9,0,1,0
BRF:2
BRH:0
end_of_record
TN:
SF:src\utils\setup.js
FN:5,(anonymous_0)
FN:8,(anonymous_1)
FN:9,(anonymous_2)
FN:12,(anonymous_3)
FN:15,(anonymous_4)
FN:29,(anonymous_5)
FNF:6
FNH:0
FNDA:0,(anonymous_0)
FNDA:0,(anonymous_1)
FNDA:0,(anonymous_2)
FNDA:0,(anonymous_3)
FNDA:0,(anonymous_4)
FNDA:0,(anonymous_5)
DA:5,0
DA:6,0
DA:7,0
DA:8,0
DA:10,0
DA:13,0
DA:16,0
DA:21,0
DA:26,0
DA:29,0
DA:30,0
LF:11
LH:0
BRDA:8,0,0,0
BRDA:8,0,1,0
BRF:2
BRH:0
end_of_record
